Log file open, 01/03/19 20:29:33
LogWindows: Failed to load 'aqProf.dll' (GetLastError=126)
LogWindows: File 'aqProf.dll' does not exist
LogWindows: Failed to load 'VtuneApi.dll' (GetLastError=126)
LogWindows: File 'VtuneApi.dll' does not exist
LogWindows: Failed to load 'VtuneApi32e.dll' (GetLastError=126)
LogWindows: File 'VtuneApi32e.dll' does not exist
LogConsoleResponse: Display: Failed to find resolution value strings in scalability ini. Falling back to default.
LogInit: Display: Running engine for game: BattleTank
LogPakFile: Registered encryption key '00000000000000000000000000000000': 0 pak files mounted, 0 remain pending
LogPlatformFile: Not using cached read wrapper
LogTaskGraph: Started task graph with 5 named threads and 47 total threads with 3 sets of task threads.
LogStats: Stats thread started at 0.547915
LogD3D11RHI: Loaded GFSDK_Aftermath_Lib.x64.dll
LogICUInternationalization: ICU TimeZone Detection - Raw Offset: +9:00, Platform Override: ''
LogPluginManager: Mounting plugin Paper2D
LogPluginManager: Mounting plugin AISupport
LogPluginManager: Mounting plugin LightPropagationVolume
LogPluginManager: Mounting plugin ActorLayerUtilities
LogPluginManager: Mounting plugin CLionSourceCodeAccess
LogPluginManager: Mounting plugin CodeLiteSourceCodeAccess
LogPluginManager: Mounting plugin GitSourceControl
LogPluginManager: Mounting plugin KDevelopSourceCodeAccess
LogPluginManager: Mounting plugin NullSourceCodeAccess
LogPluginManager: Mounting plugin PerforceSourceControl
LogPluginManager: Mounting plugin SubversionSourceControl
LogPluginManager: Mounting plugin UObjectPlugin
LogPluginManager: Mounting plugin VisualStudioCodeSourceCodeAccess
LogPluginManager: Mounting plugin VisualStudioSourceCodeAccess
LogPluginManager: Mounting plugin XCodeSourceCodeAccess
LogPluginManager: Mounting plugin AssetManagerEditor
LogPluginManager: Mounting plugin CryptoKeys
LogPluginManager: Mounting plugin DataValidation
LogPluginManager: Mounting plugin FacialAnimation
LogPluginManager: Mounting plugin GameplayTagsEditor
LogPluginManager: Mounting plugin MacGraphicsSwitching
LogPluginManager: Mounting plugin MeshEditor
LogPluginManager: Mounting plugin MobileLauncherProfileWizard
LogPluginManager: Mounting plugin PluginBrowser
LogPluginManager: Mounting plugin SpeedTreeImporter
LogPluginManager: Mounting plugin DatasmithContent
LogPluginManager: Mounting plugin VariantManagerContent
LogPluginManager: Mounting plugin AlembicImporter
LogPluginManager: Mounting plugin AppleImageUtils
LogPluginManager: Mounting plugin AppleVision
LogPluginManager: Mounting plugin BackChannel
LogPluginManager: Mounting plugin CharacterAI
LogPluginManager: Mounting plugin GeometryCache
LogPluginManager: Mounting plugin HTML5Networking
LogPluginManager: Mounting plugin ProxyLODPlugin
LogPluginManager: Mounting plugin MagicLeap
LogPluginManager: Mounting plugin MagicLeapMedia
LogPluginManager: Mounting plugin AndroidMedia
LogPluginManager: Mounting plugin AvfMedia
LogPluginManager: Mounting plugin ImgMedia
LogPluginManager: Mounting plugin LinearTimecode
LogPluginManager: Mounting plugin MediaCompositing
LogPluginManager: Mounting plugin MediaPlayerEditor
LogPluginManager: Mounting plugin WebMMedia
LogPluginManager: Mounting plugin WmfMedia
LogPluginManager: Mounting plugin TcpMessaging
LogPluginManager: Mounting plugin UdpMessaging
LogPluginManager: Mounting plugin ActorSequence
LogPluginManager: Mounting plugin LevelSequenceEditor
LogPluginManager: Mounting plugin MatineeToLevelSequence
LogPluginManager: Mounting plugin NetcodeUnitTest
LogPluginManager: Mounting plugin NUTUnrealEngine4
LogPluginManager: Mounting plugin OnlineSubsystemGooglePlay
LogPluginManager: Mounting plugin OnlineSubsystemIOS
LogPluginManager: Mounting plugin OnlineSubsystem
LogPluginManager: Mounting plugin OnlineSubsystemNull
LogPluginManager: Mounting plugin OnlineSubsystemUtils
LogPluginManager: Mounting plugin LauncherChunkInstaller
LogPluginManager: Mounting plugin AndroidDeviceProfileSelector
LogPluginManager: Mounting plugin AndroidMoviePlayer
LogPluginManager: Mounting plugin AndroidPermission
LogPluginManager: Mounting plugin AppleMoviePlayer
LogPluginManager: Mounting plugin ArchVisCharacter
LogPluginManager: Mounting plugin AudioCapture
LogPluginManager: Mounting plugin CableComponent
LogPluginManager: Mounting plugin CustomMeshComponent
LogPluginManager: Mounting plugin EditableMesh
LogPluginManager: Mounting plugin ExampleDeviceProfileSelector
LogPluginManager: Mounting plugin Firebase
LogPluginManager: Mounting plugin GoogleCloudMessaging
LogPluginManager: Mounting plugin IOSDeviceProfileSelector
LogPluginManager: Mounting plugin LinuxDeviceProfileSelector
LogPluginManager: Mounting plugin LocationServicesBPLibrary
LogPluginManager: Mounting plugin MobilePatchingUtils
LogPluginManager: Mounting plugin OculusVR
LogPluginManager: Mounting plugin PhysXVehicles
LogPluginManager: Mounting plugin ProceduralMeshComponent
LogPluginManager: Mounting plugin RuntimePhysXCooking
LogPluginManager: Mounting plugin SteamVR
LogPluginManager: Mounting plugin WebMMoviePlayer
LogPluginManager: Mounting plugin WindowsMoviePlayer
LogStreaming: Display: Took  0.061s to configure plugins.
LogInit: Using libcurl 7.55.1-DEV
LogInit:  - built for x86_64-pc-win32
LogInit:  - supports SSL with OpenSSL/1.0.2h
LogInit:  - supports HTTP deflate (compression) using libz 1.2.8
LogInit:  - other features:
LogInit:      CURL_VERSION_SSL
LogInit:      CURL_VERSION_LIBZ
LogInit:      CURL_VERSION_IPV6
LogInit:      CURL_VERSION_ASYNCHDNS
LogInit:      CURL_VERSION_LARGEFILE
LogInit:      CURL_VERSION_IDN
LogInit:  CurlRequestOptions (configurable via config and command line):
LogInit:  - bVerifyPeer = true  - Libcurl will verify peer certificate
LogInit:  - bUseHttpProxy = false  - Libcurl will NOT use HTTP proxy
LogInit:  - bDontReuseConnections = false  - Libcurl will reuse connections
LogInit:  - MaxHostConnections = 16  - Libcurl will limit the number of connections to a host
LogInit:  - LocalHostAddr = Default
LogInit:  - BufferSize = 65536
LogInit: WinSock: version 1.1 (2.2), MaxSocks=32767, MaxUdp=65467
LogInit: Build: ++UE4+Release-4.21-CL-4541578
LogInit: Engine Version: 4.21.0-4541578+++UE4+Release-4.21
LogInit: Compatible Engine Version: 4.21.0-4541578+++UE4+Release-4.21
LogInit: Net CL: 4541578
LogInit: OS: Windows 10 (), CPU: AMD Ryzen 7 2700X Eight-Core Processor         , GPU: NVIDIA GeForce RTX 2080
LogInit: Compiled (64-bit): Nov  6 2018 02:04:24
LogInit: Compiled with Visual C++: 19.13.26129.00
LogInit: Build Configuration: Development
LogInit: Branch Name: ++UE4+Release-4.21
LogInit: Command Line: 
LogInit: Base Directory: C:/Program Files/Epic Games/UE_4.21/Engine/Binaries/Win64/
LogInit: Installed Engine Build: 1
LogDevObjectVersion: Number of dev versions registered: 22
LogDevObjectVersion:   Dev-Blueprints (B0D832E4-1F89-4F0D-ACCF-7EB736FD4AA2): 10
LogDevObjectVersion:   Dev-Build (E1C64328-A22C-4D53-A36C-8E866417BD8C): 0
LogDevObjectVersion:   Dev-Core (375EC13C-06E4-48FB-B500-84F0262A717E): 2
LogDevObjectVersion:   Dev-Editor (E4B068ED-F494-42E9-A231-DA0B2E46BB41): 26
LogDevObjectVersion:   Dev-Framework (CFFC743F-43B0-4480-9391-14DF171D2073): 34
LogDevObjectVersion:   Dev-Mobile (B02B49B5-BB20-44E9-A304-32B752E40360): 2
LogDevObjectVersion:   Dev-Networking (A4E4105C-59A1-49B5-A7C5-40C4547EDFEE): 0
LogDevObjectVersion:   Dev-Online (39C831C9-5AE6-47DC-9A44-9C173E1C8E7C): 0
LogDevObjectVersion:   Dev-Physics (78F01B33-EBEA-4F98-B9B4-84EACCB95AA2): 0
LogDevObjectVersion:   Dev-Platform (6631380F-2D4D-43E0-8009-CF276956A95A): 0
LogDevObjectVersion:   Dev-Rendering (12F88B9F-8875-4AFC-A67C-D90C383ABD29): 27
LogDevObjectVersion:   Dev-Sequencer (7B5AE74C-D270-4C10-A958-57980B212A5A): 9
LogDevObjectVersion:   Dev-VR (D7296918-1DD6-4BDD-9DE2-64A83CC13884): 2
LogDevObjectVersion:   Dev-LoadTimes (C2A15278-BFE7-4AFE-6C17-90FF531DF755): 1
LogDevObjectVersion:   Private-Geometry (6EACA3D4-40EC-4CC1-B786-8BED09428FC5): 3
LogDevObjectVersion:   Dev-AnimPhys (29E575DD-E0A3-4627-9D10-D276232CDCEA): 17
LogDevObjectVersion:   Dev-Anim (AF43A65D-7FD3-4947-9873-3E8ED9C1BB05): 2
LogDevObjectVersion:   Dev-ReflectionCapture (6B266CEC-1EC7-4B8F-A30B-E4D90942FC07): 1
LogDevObjectVersion:   Dev-Automation (0DF73D61-A23F-47EA-B727-89E90C41499A): 1
LogDevObjectVersion:   FortniteMain (601D1886-AC64-4F84-AA16-D3DE0DEAC7D6): 17
LogDevObjectVersion:   Dev-Enterprise (9DFFBCD6-494F-0158-E221-12823C92A888): 4
LogDevObjectVersion:   Dev-Niagara (F2AED0AC-9AFE-416F-8664-AA7FFA26D6FC): 1
LogStreaming: Display: Took  0.001s to delete old logs.
LogInit: Presizing for max 8388607 objects, including 0 objects not considered by GC, pre-allocating 0 bytes for permanent pool.
LogInit: Object subsystem initialized
LogConfig: Setting CVar [[con.DebugEarlyDefault:1]]
LogConfig: Setting CVar [[r.setres:1280x720]]
[2019.01.03-11.29.34:029][  0]LogConfig: Setting CVar [[r.VSync:0]]
[2019.01.03-11.29.34:029][  0]LogConfig: Setting CVar [[r.RHICmdBypass:0]]
[2019.01.03-11.29.34:029][  0]LogConfig: Applying CVar settings from Section [/Script/Engine.RendererSettings] File [E:/Unreal4/Section_04/BattleTank/BattleTank/Saved/Config/Windows/Engine.ini]
[2019.01.03-11.29.34:029][  0]LogConfig: Setting CVar [[r.GPUCrashDebugging:0]]
[2019.01.03-11.29.34:029][  0]LogConfig: Applying CVar settings from Section [/Script/Engine.RendererOverrideSettings] File [E:/Unreal4/Section_04/BattleTank/BattleTank/Saved/Config/Windows/Engine.ini]
[2019.01.03-11.29.34:029][  0]LogConfig: Applying CVar settings from Section [/Script/Engine.StreamingSettings] File [E:/Unreal4/Section_04/BattleTank/BattleTank/Saved/Config/Windows/Engine.ini]
[2019.01.03-11.29.34:029][  0]LogConfig: Setting CVar [[s.MinBulkDataSizeForAsyncLoading:131072]]
[2019.01.03-11.29.34:029][  0]LogConfig: Setting CVar [[s.AsyncLoadingThreadEnabled:0]]
[2019.01.03-11.29.34:029][  0]LogConfig: Setting CVar [[s.EventDrivenLoaderEnabled:1]]
[2019.01.03-11.29.34:029][  0]LogConfig: Setting CVar [[s.WarnIfTimeLimitExceeded:0]]
[2019.01.03-11.29.34:029][  0]LogConfig: Setting CVar [[s.TimeLimitExceededMultiplier:1.5]]
[2019.01.03-11.29.34:029][  0]LogConfig: Setting CVar [[s.TimeLimitExceededMinTime:0.005]]
[2019.01.03-11.29.34:029][  0]LogConfig: Setting CVar [[s.UseBackgroundLevelStreaming:1]]
[2019.01.03-11.29.34:029][  0]LogConfig: Setting CVar [[s.PriorityAsyncLoadingExtraTime:15.0]]
[2019.01.03-11.29.34:029][  0]LogConfig: Setting CVar [[s.LevelStreamingActorsUpdateTimeLimit:5.0]]
[2019.01.03-11.29.34:029][  0]LogConfig: Setting CVar [[s.PriorityLevelStreamingActorsUpdateExtraTime:5.0]]
[2019.01.03-11.29.34:029][  0]LogConfig: Setting CVar [[s.LevelStreamingComponentsRegistrationGranularity:10]]
[2019.01.03-11.29.34:029][  0]LogConfig: Setting CVar [[s.UnregisterComponentsTimeLimit:1.0]]
[2019.01.03-11.29.34:029][  0]LogConfig: Setting CVar [[s.LevelStreamingComponentsUnregistrationGranularity:5]]
[2019.01.03-11.29.34:029][  0]LogConfig: Applying CVar settings from Section [/Script/Engine.GarbageCollectionSettings] File [E:/Unreal4/Section_04/BattleTank/BattleTank/Saved/Config/Windows/Engine.ini]
[2019.01.03-11.29.34:029][  0]LogConfig: Setting CVar [[gc.MaxObjectsNotConsideredByGC:1]]
[2019.01.03-11.29.34:029][  0]LogConfig: Setting CVar [[gc.SizeOfPermanentObjectPool:0]]
[2019.01.03-11.29.34:029][  0]LogConfig: Setting CVar [[gc.FlushStreamingOnGC:0]]
[2019.01.03-11.29.34:029][  0]LogConfig: Setting CVar [[gc.NumRetriesBeforeForcingGC:10]]
[2019.01.03-11.29.34:029][  0]LogConfig: Setting CVar [[gc.AllowParallelGC:1]]
[2019.01.03-11.29.34:029][  0]LogConfig: Setting CVar [[gc.TimeBetweenPurgingPendingKillObjects:61.1]]
[2019.01.03-11.29.34:029][  0]LogConfig: Setting CVar [[gc.MaxObjectsInEditor:8388607]]
[2019.01.03-11.29.34:029][  0]LogConfig: Setting CVar [[gc.IncrementalBeginDestroyEnabled:1]]
[2019.01.03-11.29.34:030][  0]LogConfig: Setting CVar [[gc.CreateGCClusters:1]]
[2019.01.03-11.29.34:030][  0]LogConfig: Setting CVar [[gc.MergeGCClusters:0]]
[2019.01.03-11.29.34:030][  0]LogConfig: Setting CVar [[gc.MinGCClusterSize:5]]
[2019.01.03-11.29.34:030][  0]LogConfig: Setting CVar [[gc.ActorClusteringEnabled:0]]
[2019.01.03-11.29.34:030][  0]LogConfig: Setting CVar [[gc.BlueprintClusteringEnabled:0]]
[2019.01.03-11.29.34:030][  0]LogConfig: Setting CVar [[gc.UseDisregardForGCOnDedicatedServers:0]]
[2019.01.03-11.29.34:030][  0]LogConfig: Applying CVar settings from Section [/Script/Engine.NetworkSettings] File [E:/Unreal4/Section_04/BattleTank/BattleTank/Saved/Config/Windows/Engine.ini]
[2019.01.03-11.29.34:030][  0]LogConfig: Applying CVar settings from Section [/Script/UnrealEd.CookerSettings] File [E:/Unreal4/Section_04/BattleTank/BattleTank/Saved/Config/Windows/Engine.ini]
[2019.01.03-11.29.34:034][  0]LogConfig: Applying CVar settings from Section [ViewDistanceQuality@3] File [E:/Unreal4/Section_04/BattleTank/BattleTank/Saved/Config/Windows/Scalability.ini]
[2019.01.03-11.29.34:034][  0]LogConfig: Setting CVar [[r.SkeletalMeshLODBias:0]]
[2019.01.03-11.29.34:034][  0]LogConfig: Setting CVar [[r.ViewDistanceScale:1.0]]
[2019.01.03-11.29.34:034][  0]LogConfig: Applying CVar settings from Section [AntiAliasingQuality@3] File [E:/Unreal4/Section_04/BattleTank/BattleTank/Saved/Config/Windows/Scalability.ini]
[2019.01.03-11.29.34:034][  0]LogConfig: Setting CVar [[r.PostProcessAAQuality:4]]
[2019.01.03-11.29.34:034][  0]LogConfig: Applying CVar settings from Section [ShadowQuality@3] File [E:/Unreal4/Section_04/BattleTank/BattleTank/Saved/Config/Windows/Scalability.ini]
[2019.01.03-11.29.34:034][  0]LogConfig: Setting CVar [[r.LightFunctionQuality:1]]
[2019.01.03-11.29.34:034][  0]LogConfig: Setting CVar [[r.ShadowQuality:5]]
[2019.01.03-11.29.34:034][  0]LogConfig: Setting CVar [[r.Shadow.CSM.MaxCascades:10]]
[2019.01.03-11.29.34:034][  0]LogConfig: Setting CVar [[r.Shadow.MaxResolution:2048]]
[2019.01.03-11.29.34:034][  0]LogConfig: Setting CVar [[r.Shadow.MaxCSMResolution:2048]]
[2019.01.03-11.29.34:034][  0]LogConfig: Setting CVar [[r.Shadow.RadiusThreshold:0.01]]
[2019.01.03-11.29.34:034][  0]LogConfig: Setting CVar [[r.Shadow.DistanceScale:1.0]]
[2019.01.03-11.29.34:034][  0]LogConfig: Setting CVar [[r.Shadow.CSM.TransitionScale:1.0]]
[2019.01.03-11.29.34:034][  0]LogConfig: Setting CVar [[r.Shadow.PreShadowResolutionFactor:1.0]]
[2019.01.03-11.29.34:034][  0]LogConfig: Setting CVar [[r.DistanceFieldShadowing:1]]
[2019.01.03-11.29.34:034][  0]LogConfig: Setting CVar [[r.DistanceFieldAO:1]]
[2019.01.03-11.29.34:034][  0]LogConfig: Setting CVar [[r.AOQuality:2]]
[2019.01.03-11.29.34:034][  0]LogConfig: Setting CVar [[r.VolumetricFog:1]]
[2019.01.03-11.29.34:034][  0]LogConfig: Setting CVar [[r.VolumetricFog.GridPixelSize:8]]
[2019.01.03-11.29.34:034][  0]LogConfig: Setting CVar [[r.VolumetricFog.GridSizeZ:128]]
[2019.01.03-11.29.34:034][  0]LogConfig: Setting CVar [[r.VolumetricFog.HistoryMissSupersampleCount:4]]
[2019.01.03-11.29.34:034][  0]LogConfig: Setting CVar [[r.LightMaxDrawDistanceScale:1]]
[2019.01.03-11.29.34:034][  0]LogConfig: Setting CVar [[r.CapsuleShadows:1]]
[2019.01.03-11.29.34:034][  0]LogConfig: Applying CVar settings from Section [PostProcessQuality@3] File [E:/Unreal4/Section_04/BattleTank/BattleTank/Saved/Config/Windows/Scalability.ini]
[2019.01.03-11.29.34:034][  0]LogConfig: Setting CVar [[r.MotionBlurQuality:4]]
[2019.01.03-11.29.34:034][  0]LogConfig: Setting CVar [[r.AmbientOcclusionMipLevelFactor:0.4]]
[2019.01.03-11.29.34:034][  0]LogConfig: Setting CVar [[r.AmbientOcclusionMaxQuality:100]]
[2019.01.03-11.29.34:035][  0]LogConfig: Setting CVar [[r.AmbientOcclusionLevels:-1]]
[2019.01.03-11.29.34:035][  0]LogConfig: Setting CVar [[r.AmbientOcclusionRadiusScale:1.0]]
[2019.01.03-11.29.34:035][  0]LogConfig: Setting CVar [[r.DepthOfFieldQuality:2]]
[2019.01.03-11.29.34:035][  0]LogConfig: Setting CVar [[r.RenderTargetPoolMin:400]]
[2019.01.03-11.29.34:035][  0]LogConfig: Setting CVar [[r.LensFlareQuality:2]]
[2019.01.03-11.29.34:035][  0]LogConfig: Setting CVar [[r.SceneColorFringeQuality:1]]
[2019.01.03-11.29.34:035][  0]LogConfig: Setting CVar [[r.EyeAdaptationQuality:2]]
[2019.01.03-11.29.34:035][  0]LogConfig: Setting CVar [[r.BloomQuality:5]]
[2019.01.03-11.29.34:035][  0]LogConfig: Setting CVar [[r.FastBlurThreshold:100]]
[2019.01.03-11.29.34:035][  0]LogConfig: Setting CVar [[r.Upscale.Quality:3]]
[2019.01.03-11.29.34:035][  0]LogConfig: Setting CVar [[r.Tonemapper.GrainQuantization:1]]
[2019.01.03-11.29.34:035][  0]LogConfig: Setting CVar [[r.LightShaftQuality:1]]
[2019.01.03-11.29.34:035][  0]LogConfig: Setting CVar [[r.Filter.SizeScale:1]]
[2019.01.03-11.29.34:035][  0]LogConfig: Setting CVar [[r.Tonemapper.Quality:5]]
[2019.01.03-11.29.34:035][  0]LogConfig: Setting CVar [[r.DOF.Gather.AccumulatorQuality:1        ; higher gathering accumulator quality]]
[2019.01.03-11.29.34:035][  0]LogConfig: Setting CVar [[r.DOF.Gather.PostfilterMethod:1          ; Median3x3 postfilering method]]
[2019.01.03-11.29.34:035][  0]LogConfig: Setting CVar [[r.DOF.Gather.EnableBokehSettings:0       ; no bokeh simulation when gathering]]
[2019.01.03-11.29.34:035][  0]LogConfig: Setting CVar [[r.DOF.Gather.RingCount:4                 ; medium number of samples when gathering]]
[2019.01.03-11.29.34:035][  0]LogConfig: Setting CVar [[r.DOF.Scatter.ForegroundCompositing:1    ; additive foreground scattering]]
[2019.01.03-11.29.34:035][  0]LogConfig: Setting CVar [[r.DOF.Scatter.BackgroundCompositing:2    ; additive background scattering]]
[2019.01.03-11.29.34:035][  0]LogConfig: Setting CVar [[r.DOF.Scatter.EnableBokehSettings:1      ; bokeh simulation when scattering]]
[2019.01.03-11.29.34:035][  0]LogConfig: Setting CVar [[r.DOF.Scatter.MaxSpriteRatio:0.1         ; only a maximum of 10% of scattered bokeh]]
[2019.01.03-11.29.34:035][  0]LogConfig: Setting CVar [[r.DOF.Recombine.Quality:1                ; cheap slight out of focus]]
[2019.01.03-11.29.34:035][  0]LogConfig: Setting CVar [[r.DOF.Recombine.EnableBokehSettings:0    ; no bokeh simulation on slight out of focus]]
[2019.01.03-11.29.34:035][  0]LogConfig: Setting CVar [[r.DOF.TemporalAAQuality:1                ; more stable temporal accumulation]]
[2019.01.03-11.29.34:035][  0]LogConfig: Setting CVar [[r.DOF.Kernel.MaxForegroundRadius:0.025]]
[2019.01.03-11.29.34:035][  0]LogConfig: Setting CVar [[r.DOF.Kernel.MaxBackgroundRadius:0.025]]
[2019.01.03-11.29.34:035][  0]LogConfig: Applying CVar settings from Section [TextureQuality@3] File [E:/Unreal4/Section_04/BattleTank/BattleTank/Saved/Config/Windows/Scalability.ini]
[2019.01.03-11.29.34:035][  0]LogConfig: Setting CVar [[r.Streaming.MipBias:0]]
[2019.01.03-11.29.34:035][  0]LogConfig: Setting CVar [[r.Streaming.AmortizeCPUToGPUCopy:0]]
[2019.01.03-11.29.34:035][  0]LogConfig: Setting CVar [[r.Streaming.MaxNumTexturesToStreamPerFrame:0]]
[2019.01.03-11.29.34:035][  0]LogConfig: Setting CVar [[r.Streaming.Boost:1]]
[2019.01.03-11.29.34:035][  0]LogConfig: Setting CVar [[r.MaxAnisotropy:8]]
[2019.01.03-11.29.34:035][  0]LogConfig: Setting CVar [[r.Streaming.LimitPoolSizeToVRAM:0]]
[2019.01.03-11.29.34:035][  0]LogConfig: Setting CVar [[r.Streaming.PoolSize:1000]]
[2019.01.03-11.29.34:035][  0]LogConfig: Setting CVar [[r.Streaming.MaxEffectiveScreenSize:0]]
[2019.01.03-11.29.34:035][  0]LogConfig: Applying CVar settings from Section [EffectsQuality@3] File [E:/Unreal4/Section_04/BattleTank/BattleTank/Saved/Config/Windows/Scalability.ini]
[2019.01.03-11.29.34:035][  0]LogConfig: Setting CVar [[r.TranslucencyLightingVolumeDim:64]]
[2019.01.03-11.29.34:035][  0]LogConfig: Setting CVar [[r.RefractionQuality:2]]
[2019.01.03-11.29.34:035][  0]LogConfig: Setting CVar [[r.SSR.Quality:3]]
[2019.01.03-11.29.34:035][  0]LogConfig: Setting CVar [[r.SceneColorFormat:4]]
[2019.01.03-11.29.34:035][  0]LogConfig: Setting CVar [[r.DetailMode:2]]
[2019.01.03-11.29.34:035][  0]LogConfig: Setting CVar [[r.TranslucencyVolumeBlur:1]]
[2019.01.03-11.29.34:035][  0]LogConfig: Setting CVar [[r.MaterialQualityLevel:1 ; High quality]]
[2019.01.03-11.29.34:035][  0]LogConfig: Setting CVar [[r.SSS.Scale:1]]
[2019.01.03-11.29.34:035][  0]LogConfig: Setting CVar [[r.SSS.SampleSet:2]]
[2019.01.03-11.29.34:035][  0]LogConfig: Setting CVar [[r.SSS.Quality:1]]
[2019.01.03-11.29.34:035][  0]LogConfig: Setting CVar [[r.SSS.HalfRes:1]]
[2019.01.03-11.29.34:035][  0]LogConfig: Setting CVar [[r.EmitterSpawnRateScale:1.0]]
[2019.01.03-11.29.34:035][  0]LogConfig: Setting CVar [[r.ParticleLightQuality:2]]
[2019.01.03-11.29.34:035][  0]LogConfig: Applying CVar settings from Section [FoliageQuality@3] File [E:/Unreal4/Section_04/BattleTank/BattleTank/Saved/Config/Windows/Scalability.ini]
[2019.01.03-11.29.34:035][  0]LogConfig: Setting CVar [[foliage.DensityScale:1.0]]
[2019.01.03-11.29.34:035][  0]LogConfig: Setting CVar [[grass.DensityScale:1.0]]
[2019.01.03-11.29.34:035][  0]LogInit: Selected Device Profile: [Windows]
[2019.01.03-11.29.34:035][  0]LogInit: Applying CVar settings loaded from the selected device profile: [Windows]
[2019.01.03-11.29.34:050][  0]LogHAL: Display: Platform has ~ 16 GB [17107632128 / 17179869184 / 16], which maps to Larger [LargestMinGB=32, LargerMinGB=12, DefaultMinGB=8, SmallerMinGB=6, SmallestMinGB=0)
[2019.01.03-11.29.34:050][  0]LogConfig: Setting CVar [[r.Vulkan.UseRealUBs:1]]
[2019.01.03-11.29.34:050][  0]LogInit: Going up to parent DeviceProfile []
[2019.01.03-11.29.34:050][  0]LogConfig: Applying CVar settings from Section [ViewDistanceQuality@3] File [E:/Unreal4/Section_04/BattleTank/BattleTank/Saved/Config/Windows/Scalability.ini]
[2019.01.03-11.29.34:050][  0]LogConfig: Setting CVar [[r.SkeletalMeshLODBias:0]]
[2019.01.03-11.29.34:050][  0]LogConfig: Setting CVar [[r.ViewDistanceScale:1.0]]
[2019.01.03-11.29.34:050][  0]LogConfig: Applying CVar settings from Section [AntiAliasingQuality@3] File [E:/Unreal4/Section_04/BattleTank/BattleTank/Saved/Config/Windows/Scalability.ini]
[2019.01.03-11.29.34:050][  0]LogConfig: Setting CVar [[r.PostProcessAAQuality:4]]
[2019.01.03-11.29.34:050][  0]LogConfig: Applying CVar settings from Section [ShadowQuality@3] File [E:/Unreal4/Section_04/BattleTank/BattleTank/Saved/Config/Windows/Scalability.ini]
[2019.01.03-11.29.34:050][  0]LogConfig: Setting CVar [[r.LightFunctionQuality:1]]
[2019.01.03-11.29.34:050][  0]LogConfig: Setting CVar [[r.ShadowQuality:5]]
[2019.01.03-11.29.34:050][  0]LogConfig: Setting CVar [[r.Shadow.CSM.MaxCascades:10]]
[2019.01.03-11.29.34:050][  0]LogConfig: Setting CVar [[r.Shadow.MaxResolution:2048]]
[2019.01.03-11.29.34:050][  0]LogConfig: Setting CVar [[r.Shadow.MaxCSMResolution:2048]]
[2019.01.03-11.29.34:050][  0]LogConfig: Setting CVar [[r.Shadow.RadiusThreshold:0.01]]
[2019.01.03-11.29.34:050][  0]LogConfig: Setting CVar [[r.Shadow.DistanceScale:1.0]]
[2019.01.03-11.29.34:050][  0]LogConfig: Setting CVar [[r.Shadow.CSM.TransitionScale:1.0]]
[2019.01.03-11.29.34:050][  0]LogConfig: Setting CVar [[r.Shadow.PreShadowResolutionFactor:1.0]]
[2019.01.03-11.29.34:050][  0]LogConfig: Setting CVar [[r.DistanceFieldShadowing:1]]
[2019.01.03-11.29.34:050][  0]LogConfig: Setting CVar [[r.DistanceFieldAO:1]]
[2019.01.03-11.29.34:050][  0]LogConfig: Setting CVar [[r.AOQuality:2]]
[2019.01.03-11.29.34:050][  0]LogConfig: Setting CVar [[r.VolumetricFog:1]]
[2019.01.03-11.29.34:050][  0]LogConfig: Setting CVar [[r.VolumetricFog.GridPixelSize:8]]
[2019.01.03-11.29.34:050][  0]LogConfig: Setting CVar [[r.VolumetricFog.GridSizeZ:128]]
[2019.01.03-11.29.34:050][  0]LogConfig: Setting CVar [[r.VolumetricFog.HistoryMissSupersampleCount:4]]
[2019.01.03-11.29.34:050][  0]LogConfig: Setting CVar [[r.LightMaxDrawDistanceScale:1]]
[2019.01.03-11.29.34:050][  0]LogConfig: Setting CVar [[r.CapsuleShadows:1]]
[2019.01.03-11.29.34:050][  0]LogConfig: Applying CVar settings from Section [PostProcessQuality@3] File [E:/Unreal4/Section_04/BattleTank/BattleTank/Saved/Config/Windows/Scalability.ini]
[2019.01.03-11.29.34:050][  0]LogConfig: Setting CVar [[r.MotionBlurQuality:4]]
[2019.01.03-11.29.34:050][  0]LogConfig: Setting CVar [[r.AmbientOcclusionMipLevelFactor:0.4]]
[2019.01.03-11.29.34:050][  0]LogConfig: Setting CVar [[r.AmbientOcclusionMaxQuality:100]]
[2019.01.03-11.29.34:050][  0]LogConfig: Setting CVar [[r.AmbientOcclusionLevels:-1]]
[2019.01.03-11.29.34:051][  0]LogConfig: Setting CVar [[r.AmbientOcclusionRadiusScale:1.0]]
[2019.01.03-11.29.34:051][  0]LogConfig: Setting CVar [[r.DepthOfFieldQuality:2]]
[2019.01.03-11.29.34:051][  0]LogConfig: Setting CVar [[r.RenderTargetPoolMin:400]]
[2019.01.03-11.29.34:051][  0]LogConfig: Setting CVar [[r.LensFlareQuality:2]]
[2019.01.03-11.29.34:051][  0]LogConfig: Setting CVar [[r.SceneColorFringeQuality:1]]
[2019.01.03-11.29.34:051][  0]LogConfig: Setting CVar [[r.EyeAdaptationQuality:2]]
[2019.01.03-11.29.34:051][  0]LogConfig: Setting CVar [[r.BloomQuality:5]]
[2019.01.03-11.29.34:051][  0]LogConfig: Setting CVar [[r.FastBlurThreshold:100]]
[2019.01.03-11.29.34:051][  0]LogConfig: Setting CVar [[r.Upscale.Quality:3]]
[2019.01.03-11.29.34:051][  0]LogConfig: Setting CVar [[r.Tonemapper.GrainQuantization:1]]
[2019.01.03-11.29.34:051][  0]LogConfig: Setting CVar [[r.LightShaftQuality:1]]
[2019.01.03-11.29.34:051][  0]LogConfig: Setting CVar [[r.Filter.SizeScale:1]]
[2019.01.03-11.29.34:051][  0]LogConfig: Setting CVar [[r.Tonemapper.Quality:5]]
[2019.01.03-11.29.34:051][  0]LogConfig: Setting CVar [[r.DOF.Gather.AccumulatorQuality:1        ; higher gathering accumulator quality]]
[2019.01.03-11.29.34:051][  0]LogConfig: Setting CVar [[r.DOF.Gather.PostfilterMethod:1          ; Median3x3 postfilering method]]
[2019.01.03-11.29.34:051][  0]LogConfig: Setting CVar [[r.DOF.Gather.EnableBokehSettings:0       ; no bokeh simulation when gathering]]
[2019.01.03-11.29.34:051][  0]LogConfig: Setting CVar [[r.DOF.Gather.RingCount:4                 ; medium number of samples when gathering]]
[2019.01.03-11.29.34:051][  0]LogConfig: Setting CVar [[r.DOF.Scatter.ForegroundCompositing:1    ; additive foreground scattering]]
[2019.01.03-11.29.34:051][  0]LogConfig: Setting CVar [[r.DOF.Scatter.BackgroundCompositing:2    ; additive background scattering]]
[2019.01.03-11.29.34:051][  0]LogConfig: Setting CVar [[r.DOF.Scatter.EnableBokehSettings:1      ; bokeh simulation when scattering]]
[2019.01.03-11.29.34:051][  0]LogConfig: Setting CVar [[r.DOF.Scatter.MaxSpriteRatio:0.1         ; only a maximum of 10% of scattered bokeh]]
[2019.01.03-11.29.34:051][  0]LogConfig: Setting CVar [[r.DOF.Recombine.Quality:1                ; cheap slight out of focus]]
[2019.01.03-11.29.34:051][  0]LogConfig: Setting CVar [[r.DOF.Recombine.EnableBokehSettings:0    ; no bokeh simulation on slight out of focus]]
[2019.01.03-11.29.34:051][  0]LogConfig: Setting CVar [[r.DOF.TemporalAAQuality:1                ; more stable temporal accumulation]]
[2019.01.03-11.29.34:051][  0]LogConfig: Setting CVar [[r.DOF.Kernel.MaxForegroundRadius:0.025]]
[2019.01.03-11.29.34:051][  0]LogConfig: Setting CVar [[r.DOF.Kernel.MaxBackgroundRadius:0.025]]
[2019.01.03-11.29.34:051][  0]LogConfig: Applying CVar settings from Section [TextureQuality@3] File [E:/Unreal4/Section_04/BattleTank/BattleTank/Saved/Config/Windows/Scalability.ini]
[2019.01.03-11.29.34:051][  0]LogConfig: Setting CVar [[r.Streaming.MipBias:0]]
[2019.01.03-11.29.34:051][  0]LogConfig: Setting CVar [[r.Streaming.AmortizeCPUToGPUCopy:0]]
[2019.01.03-11.29.34:051][  0]LogConfig: Setting CVar [[r.Streaming.MaxNumTexturesToStreamPerFrame:0]]
[2019.01.03-11.29.34:051][  0]LogConfig: Setting CVar [[r.Streaming.Boost:1]]
[2019.01.03-11.29.34:051][  0]LogConfig: Setting CVar [[r.MaxAnisotropy:8]]
[2019.01.03-11.29.34:051][  0]LogConfig: Setting CVar [[r.Streaming.LimitPoolSizeToVRAM:0]]
[2019.01.03-11.29.34:051][  0]LogConfig: Setting CVar [[r.Streaming.PoolSize:1000]]
[2019.01.03-11.29.34:051][  0]LogConfig: Setting CVar [[r.Streaming.MaxEffectiveScreenSize:0]]
[2019.01.03-11.29.34:051][  0]LogConfig: Applying CVar settings from Section [EffectsQuality@3] File [E:/Unreal4/Section_04/BattleTank/BattleTank/Saved/Config/Windows/Scalability.ini]
[2019.01.03-11.29.34:051][  0]LogConfig: Setting CVar [[r.TranslucencyLightingVolumeDim:64]]
[2019.01.03-11.29.34:051][  0]LogConfig: Setting CVar [[r.RefractionQuality:2]]
[2019.01.03-11.29.34:051][  0]LogConfig: Setting CVar [[r.SSR.Quality:3]]
[2019.01.03-11.29.34:051][  0]LogConfig: Setting CVar [[r.SceneColorFormat:4]]
[2019.01.03-11.29.34:051][  0]LogConfig: Setting CVar [[r.DetailMode:2]]
[2019.01.03-11.29.34:051][  0]LogConfig: Setting CVar [[r.TranslucencyVolumeBlur:1]]
[2019.01.03-11.29.34:051][  0]LogConfig: Setting CVar [[r.MaterialQualityLevel:1 ; High quality]]
[2019.01.03-11.29.34:051][  0]LogConfig: Setting CVar [[r.SSS.Scale:1]]
[2019.01.03-11.29.34:051][  0]LogConfig: Setting CVar [[r.SSS.SampleSet:2]]
[2019.01.03-11.29.34:051][  0]LogConfig: Setting CVar [[r.SSS.Quality:1]]
[2019.01.03-11.29.34:051][  0]LogConfig: Setting CVar [[r.SSS.HalfRes:1]]
[2019.01.03-11.29.34:051][  0]LogConfig: Setting CVar [[r.EmitterSpawnRateScale:1.0]]
[2019.01.03-11.29.34:051][  0]LogConfig: Setting CVar [[r.ParticleLightQuality:2]]
[2019.01.03-11.29.34:051][  0]LogConfig: Applying CVar settings from Section [FoliageQuality@3] File [E:/Unreal4/Section_04/BattleTank/BattleTank/Saved/Config/Windows/Scalability.ini]
[2019.01.03-11.29.34:051][  0]LogConfig: Setting CVar [[foliage.DensityScale:1.0]]
[2019.01.03-11.29.34:051][  0]LogConfig: Setting CVar [[grass.DensityScale:1.0]]
[2019.01.03-11.29.34:051][  0]LogConfig: Applying CVar settings from Section [Startup] File [../../../Engine/Config/ConsoleVariables.ini]
[2019.01.03-11.29.34:051][  0]LogConfig: Setting CVar [[net.UseAdaptiveNetUpdateFrequency:0]]
[2019.01.03-11.29.34:051][  0]LogConfig: Applying CVar settings from Section [ConsoleVariables] File [E:/Unreal4/Section_04/BattleTank/BattleTank/Saved/Config/Windows/Engine.ini]
[2019.01.03-11.29.34:051][  0]LogInit: Computer: DESKTOP-2BM5QKQ
[2019.01.03-11.29.34:051][  0]LogInit: User: joshu
[2019.01.03-11.29.34:051][  0]LogInit: CPU Page size=4096, Cores=8
[2019.01.03-11.29.34:051][  0]LogInit: High frequency timer resolution =3.606500 MHz
[2019.01.03-11.29.34:052][  0]LogMemory: Memory total: Physical=15.9GB (16GB approx)
[2019.01.03-11.29.34:052][  0]LogMemory: Platform Memory Stats for Windows
[2019.01.03-11.29.34:052][  0]LogMemory: Process Physical Memory: 105.12 MB used, 105.12 MB peak
[2019.01.03-11.29.34:052][  0]LogMemory: Process Virtual Memory: 91.77 MB used, 91.77 MB peak
[2019.01.03-11.29.34:052][  0]LogMemory: Physical Memory: 5337.31 MB used,  10977.80 MB free, 16315.11 MB total
[2019.01.03-11.29.34:052][  0]LogMemory: Virtual Memory: 4685.97 MB used,  134213040.00 MB free, 134217728.00 MB total
[2019.01.03-11.29.34:076][  0]LogInit: Overriding language with editor language configuration option (en).
[2019.01.03-11.29.34:076][  0]LogInit: Overriding locale with editor locale configuration option (en).
[2019.01.03-11.29.34:412][  0]LogStreaming: Display: Took  0.336s to InitEngineTextLocalization.
[2019.01.03-11.29.34:412][  0]LogInit: Setting process to per monitor DPI aware
[2019.01.03-11.29.34:446][  0]LogSlate: New Slate User Created.  User Index 0, Is Virtual User: 0
[2019.01.03-11.29.34:446][  0]LogSlate: Slate User Registered.  User Index 0, Is Virtual User: 0
[2019.01.03-11.29.34:644][  0]LogHMD: Failed to initialize OpenVR with code 110
[2019.01.03-11.29.34:644][  0]LogD3D11RHI: D3D11 adapters:
[2019.01.03-11.29.34:735][  0]LogD3D11RHI:    0. 'NVIDIA GeForce RTX 2080' (Feature Level 11_0)
[2019.01.03-11.29.34:735][  0]LogD3D11RHI:       8010/0/8157 MB DedicatedVideo/DedicatedSystem/SharedSystem, Outputs:1, VendorId:0x10de
[2019.01.03-11.29.34:737][  0]LogD3D11RHI:    1. 'Microsoft Basic Render Driver' (Feature Level 11_0)
[2019.01.03-11.29.34:737][  0]LogD3D11RHI:       0/0/8157 MB DedicatedVideo/DedicatedSystem/SharedSystem, Outputs:0, VendorId:0x1414
[2019.01.03-11.29.34:737][  0]LogD3D11RHI: Chosen D3D11 Adapter: 0
[2019.01.03-11.29.34:744][  0]LogD3D11RHI: Creating new Direct3DDevice
[2019.01.03-11.29.34:744][  0]LogD3D11RHI:     GPU DeviceId: 0x1e87 (for the marketing name, search the web for "GPU Device Id")
[2019.01.03-11.29.34:744][  0]LogWindows: EnumDisplayDevices:
[2019.01.03-11.29.34:744][  0]LogWindows:    0. 'NVIDIA GeForce RTX 2080' (P:1 D:1)
[2019.01.03-11.29.34:744][  0]LogWindows:    1. 'NVIDIA GeForce RTX 2080' (P:0 D:0)
[2019.01.03-11.29.34:745][  0]LogWindows:    2. 'NVIDIA GeForce RTX 2080' (P:0 D:0)
[2019.01.03-11.29.34:746][  0]LogWindows:    3. 'NVIDIA GeForce RTX 2080' (P:0 D:0)
[2019.01.03-11.29.34:746][  0]LogWindows: DebugString: FoundDriverCount:4 
[2019.01.03-11.29.34:746][  0]LogD3D11RHI:     Adapter Name: NVIDIA GeForce RTX 2080
[2019.01.03-11.29.34:746][  0]LogD3D11RHI:   Driver Version: 417.35 (internal:25.21.14.1735, unified:417.35)
[2019.01.03-11.29.34:746][  0]LogD3D11RHI:      Driver Date: 12-11-2018
[2019.01.03-11.29.34:746][  0]LogRHI: Texture pool is 5607 MB (70% of 8010 MB)
[2019.01.03-11.29.34:804][  0]LogD3D11RHI: Async texture creation enabled
[2019.01.03-11.29.34:830][  0]LogD3D11RHI: GPU Timing Frequency: 1000.000000 (Debug: 2 2)
[2019.01.03-11.29.34:873][  0]LogD3D11RHI: HDR output is supported on display 0 (NvId: 0x80061086).
[2019.01.03-11.29.35:152][  0]LogTemp: Display: Loaded TP AllDesktopTargetPlatform
[2019.01.03-11.29.35:165][  0]LogTemp: Display: Loaded TP MacClientTargetPlatform
[2019.01.03-11.29.35:178][  0]LogTemp: Display: Loaded TP MacNoEditorTargetPlatform
[2019.01.03-11.29.35:191][  0]LogTemp: Display: Loaded TP MacServerTargetPlatform
[2019.01.03-11.29.35:204][  0]LogTemp: Display: Loaded TP MacTargetPlatform
[2019.01.03-11.29.35:218][  0]LogTemp: Display: Loaded TP WindowsClientTargetPlatform
[2019.01.03-11.29.35:231][  0]LogTemp: Display: Loaded TP WindowsNoEditorTargetPlatform
[2019.01.03-11.29.35:244][  0]LogTemp: Display: Loaded TP WindowsServerTargetPlatform
[2019.01.03-11.29.35:251][  0]LogTemp: Display: Loaded TP WindowsTargetPlatform
[2019.01.03-11.29.35:327][  0]LogTemp: Display: Loaded TP AndroidTargetPlatform
[2019.01.03-11.29.35:327][  0]LogTemp: Display: Loaded TP AndroidTargetPlatform
[2019.01.03-11.29.35:327][  0]LogTemp: Display: Loaded TP AndroidTargetPlatform
[2019.01.03-11.29.35:327][  0]LogTemp: Display: Loaded TP AndroidTargetPlatform
[2019.01.03-11.29.35:327][  0]LogTemp: Display: Loaded TP AndroidTargetPlatform
[2019.01.03-11.29.35:327][  0]LogTemp: Display: Loaded TP AndroidTargetPlatform
[2019.01.03-11.29.35:327][  0]LogTemp: Display: Loaded TP AndroidTargetPlatform
[2019.01.03-11.29.35:327][  0]LogTemp: Display: Loaded TP AndroidTargetPlatform
[2019.01.03-11.29.35:327][  0]LogTemp: Display: Loaded TP AndroidTargetPlatform
[2019.01.03-11.29.35:327][  0]LogTemp: Display: Loaded TP AndroidTargetPlatform
[2019.01.03-11.29.35:327][  0]LogTemp: Display: Loaded TP AndroidTargetPlatform
[2019.01.03-11.29.35:327][  0]LogTemp: Display: Loaded TP AndroidTargetPlatform
[2019.01.03-11.29.35:327][  0]LogTemp: Display: Loaded TP AndroidTargetPlatform
[2019.01.03-11.29.35:327][  0]LogTemp: Display: Loaded TP AndroidTargetPlatform
[2019.01.03-11.29.35:327][  0]LogTemp: Display: Loaded TP AndroidTargetPlatform
[2019.01.03-11.29.35:327][  0]LogTemp: Display: Loaded TP AndroidTargetPlatform
[2019.01.03-11.29.35:327][  0]LogTemp: Display: Loaded TP AndroidTargetPlatform
[2019.01.03-11.29.35:327][  0]LogTemp: Display: Loaded TP AndroidTargetPlatform
[2019.01.03-11.29.35:328][  0]LogTemp: Display: Loaded TP HTML5TargetPlatform
[2019.01.03-11.29.35:388][  0]LogTemp: Display: Loaded TP IOSTargetPlatform
[2019.01.03-11.29.35:388][  0]LogTemp: Display: Loaded TP IOSTargetPlatform
[2019.01.03-11.29.35:411][  0]LogTemp: Display: Loaded TP TVOSTargetPlatform
[2019.01.03-11.29.35:411][  0]LogTemp: Display: Loaded TP TVOSTargetPlatform
[2019.01.03-11.29.35:424][  0]LogTemp: Display: Loaded TP LinuxClientTargetPlatform
[2019.01.03-11.29.35:436][  0]LogTemp: Display: Loaded TP LinuxNoEditorTargetPlatform
[2019.01.03-11.29.35:447][  0]LogTemp: Display: Loaded TP LinuxServerTargetPlatform
[2019.01.03-11.29.35:460][  0]LogTemp: Display: Loaded TP LinuxTargetPlatform
[2019.01.03-11.29.35:502][  0]LogTemp: Display: Loaded TP LuminTargetPlatform
[2019.01.03-11.29.35:502][  0]LogTemp: Display: Loaded TP LuminTargetPlatform
[2019.01.03-11.29.35:502][  0]LogTargetPlatformManager: Display: Building Assets For Windows
[2019.01.03-11.29.35:563][  0]LogShaderCompilers: Guid format shader working directory is 3 characters bigger than the processId version (E:/Unreal4/Section_04/BattleTank/BattleTank/Intermediate/Shaders/WorkingDirectory/8020/).
[2019.01.03-11.29.35:563][  0]LogShaderCompilers: Cleaned the shader compiler working directory 'C:/Users/joshu/AppData/Local/Temp/UnrealShaderWorkingDir/1ABA7B664EA9BCB9B9521B9A598730EE/'.
[2019.01.03-11.29.35:566][  0]LogXGEController: Cannot use XGE Controller as Incredibuild is not installed on this machine.
[2019.01.03-11.29.35:566][  0]LogShaderCompilers: Cannot use XGE Shader Compiler as Incredibuild is not installed on this machine.
[2019.01.03-11.29.35:566][  0]LogShaderCompilers: Display: Using Local Shader Compiler.
[2019.01.03-11.29.35:998][  0]LogDerivedDataCache: Display: Max Cache Size: 512 MB
[2019.01.03-11.29.36:036][  0]LogDerivedDataCache: Loaded boot cache 0.04s 71MB C:/Users/joshu/AppData/Local/UnrealEngine/4.21/DerivedDataCache/Boot.ddc.
[2019.01.03-11.29.36:036][  0]LogDerivedDataCache: Display: Loaded Boot cache: C:/Users/joshu/AppData/Local/UnrealEngine/4.21/DerivedDataCache/Boot.ddc
[2019.01.03-11.29.36:036][  0]LogDerivedDataCache: FDerivedDataBackendGraph:  Pak pak cache file E:/Unreal4/Section_04/BattleTank/BattleTank/DerivedDataCache/DDC.ddp not found, will not use a pak cache.
[2019.01.03-11.29.36:036][  0]LogDerivedDataCache: Unable to find inner node Pak for hierarchical cache Hierarchy.
[2019.01.03-11.29.36:036][  0]LogDerivedDataCache: FDerivedDataBackendGraph:  CompressedPak pak cache file E:/Unreal4/Section_04/BattleTank/BattleTank/DerivedDataCache/Compressed.ddp not found, will not use a pak cache.
[2019.01.03-11.29.36:036][  0]LogDerivedDataCache: Unable to find inner node CompressedPak for hierarchical cache Hierarchy.
[2019.01.03-11.29.36:048][  0]LogDerivedDataCache: Display: Pak cache opened for reading ../../../Engine/DerivedDataCache/Compressed.ddp.
[2019.01.03-11.29.36:048][  0]LogDerivedDataCache: FDerivedDataBackendGraph:  EnterprisePak pak cache file ../../../Enterprise/DerivedDataCache/Compressed.ddp not found, will not use a pak cache.
[2019.01.03-11.29.36:048][  0]LogDerivedDataCache: Unable to find inner node EnterprisePak for hierarchical cache Hierarchy.
[2019.01.03-11.29.36:060][  0]LogDerivedDataCache: Using Local data cache path C:/Users/joshu/AppData/Local/UnrealEngine/Common/DerivedDataCache: Writable
[2019.01.03-11.29.36:060][  0]LogDerivedDataCache: Shared data cache path not found in *engine.ini, will not use an Shared cache.
[2019.01.03-11.29.36:060][  0]LogDerivedDataCache: Unable to find inner node Shared for hierarchical cache Hierarchy.
[2019.01.03-11.29.36:080][  0]LogMaterial: Verifying Global Shaders for PCD3D_SM5
[2019.01.03-11.29.36:081][  0]LogSlate: Using FreeType 2.6.0
[2019.01.03-11.29.36:082][  0]LogSlate: SlateFontServices - WITH_FREETYPE: 1, WITH_HARFBUZZ: 1
[2019.01.03-11.29.36:163][  0]LogAssetRegistry: FAssetRegistry took 0.0330 seconds to start up
[2019.01.03-11.29.36:458][  0]LogInit: Selected Device Profile: [Windows]
[2019.01.03-11.29.36:520][  0]LogSimplygon: Simplygon DLL not present - disabling.
[2019.01.03-11.29.36:523][  0]LogMeshReduction: Using SimplygonSwarm for distributed automatic mesh merging
[2019.01.03-11.29.36:523][  0]LogMeshReduction: Using ProxyLODMeshReduction for automatic mesh merging
[2019.01.03-11.29.36:523][  0]LogMeshReduction: Using QuadricMeshReduction for automatic static mesh reduction
[2019.01.03-11.29.36:523][  0]LogMeshReduction: No automatic skeletal mesh reduction module available
[2019.01.03-11.29.36:597][  0]LogNetVersion: BattleTank 1.0.0, NetCL: 4541578, EngineNetVer: 5, GameNetVer: 0 (Checksum: 1064757075)
[2019.01.03-11.29.36:981][  0]LogPackageLocalizationCache: Processed 11 localized package path(s) for 1 prioritized culture(s) in 0.044399 seconds
[2019.01.03-11.29.36:986][  0]LogUObjectArray: 39775 objects as part of root set at end of initial load.
[2019.01.03-11.29.36:986][  0]LogUObjectAllocator: 6914664 out of 0 bytes used by permanent object pool.
[2019.01.03-11.29.36:986][  0]LogUObjectArray: CloseDisregardForGC: 0/0 objects in disregard for GC pool
[2019.01.03-11.29.37:742][  0]LogTcpMessaging: Initializing TcpMessaging bridge
[2019.01.03-11.29.37:756][  0]LogUdpMessaging: Initializing bridge on interface 0.0.0.0:0 to multicast group 230.0.0.1:6666.
[2019.01.03-11.29.38:378][  0]SourceControl: Source control is disabled
[2019.01.03-11.29.38:378][  0]SourceControl: Source control is disabled
[2019.01.03-11.29.38:379][  0]SourceControl: Source control is disabled
[2019.01.03-11.29.38:380][  0]SourceControl: Source control is disabled
[2019.01.03-11.29.38:540][  0]LogAndroidPermission: UAndroidPermissionCallbackProxy::GetInstance
[2019.01.03-11.29.38:658][  0]LogOcInput: OculusInput pre-init called
[2019.01.03-11.29.38:789][  0]LogEngine: Initializing Engine...
[2019.01.03-11.29.38:790][  0]LogHMD: Failed to initialize OpenVR with code 110
[2019.01.03-11.29.38:791][  0]LogStats: UGameplayTagsManager::ConstructGameplayTagTree: ImportINI prefixes -  0.000 s
[2019.01.03-11.29.38:791][  0]LogStats: UGameplayTagsManager::ConstructGameplayTagTree: Construct from data asset -  0.000 s
[2019.01.03-11.29.38:791][  0]LogStats: UGameplayTagsManager::ConstructGameplayTagTree: ImportINI -  0.000 s
[2019.01.03-11.29.38:791][  0]LogStats: UGameplayTagsManager::ConstructGameplayTagTree: GameplayTagTreeChangedEvent.Broadcast -  0.000 s
[2019.01.03-11.29.38:980][  0]LogInit: Initializing FReadOnlyCVARCache
[2019.01.03-11.29.38:996][  0]LogAIModule: Creating AISystem for world Untitled
[2019.01.03-11.29.39:037][  0]LogInit: XAudio2 using '헤드셋 이어폰(Corsair VOID PRO Surround USB Sound Adapter)' : 6 channels at 48 kHz using 16 bits per sample (channel mask 0x3f)
[2019.01.03-11.29.39:164][  0]LogInit: FAudioDevice initialized.
[2019.01.03-11.29.39:165][  0]LogNetVersion: Set ProjectVersion to 1.0.0.0. Version Checksum will be recalculated on next use.
[2019.01.03-11.29.39:240][  0]LogDerivedDataCache: Saved boot cache 0.07s 71MB C:/Users/joshu/AppData/Local/UnrealEngine/4.21/DerivedDataCache/Boot.ddc.
[2019.01.03-11.29.39:245][  0]LogInit: Texture streaming: Enabled
[2019.01.03-11.29.39:263][  0]LogEngineSessionManager: EngineSessionManager initialized
[2019.01.03-11.29.39:276][  0]LogInit: Transaction tracking system initialized
[2019.01.03-11.29.39:298][  0]BlueprintLog: New page: Editor Load
[2019.01.03-11.29.39:372][  0]LocalizationService: Localization service is disabled
[2019.01.03-11.29.39:846][  0]LogFileCache: Scanning file cache for directory 'E:/Unreal4/Section_04/BattleTank/BattleTank/Content/' took 0.02s
[2019.01.03-11.29.39:846][  0]LogCook: Display: Max memory allowance for cook 16384mb min free memory 0mb
[2019.01.03-11.29.39:846][  0]LogCook: Display: Mobile HDR setting 1
[2019.01.03-11.29.39:846][  0]LogGameplayTags: Display: UGameplayTagsManager::DoneAddingNativeTags. DelegateIsBound: 0
[2019.01.03-11.29.39:846][  0]LogStats: UGameplayTagsManager::ConstructGameplayTagTree: ImportINI prefixes -  0.000 s
[2019.01.03-11.29.39:846][  0]LogStats: UGameplayTagsManager::ConstructGameplayTagTree: Construct from data asset -  0.000 s
[2019.01.03-11.29.39:846][  0]LogStats: UGameplayTagsManager::ConstructGameplayTagTree: ImportINI -  0.000 s
[2019.01.03-11.29.39:846][  0]LogStats: UGameplayTagsManager::ConstructGameplayTagTree: GameplayTagTreeChangedEvent.Broadcast -  0.000 s
[2019.01.03-11.29.39:971][  0]SourceControl: Source control is disabled
[2019.01.03-11.29.39:971][  0]Cmd: MAP LOAD FILE="E:/Unreal4/Section_04/BattleTank/BattleTank/Content/FlatShading/BattleGround_FlatShading.umap" TEMPLATE=0 SHOWPROGRESS=1 FEATURELEVEL=3
[2019.01.03-11.29.39:971][  0]LightingResults: New page: Lighting Build
[2019.01.03-11.29.39:974][  0]MapCheck: New page: Map Check
[2019.01.03-11.29.39:974][  0]LightingResults: New page: Lighting Build
[2019.01.03-11.29.40:807][  0]LogAIModule: Creating AISystem for world BattleGround_FlatShading
[2019.01.03-11.29.41:121][  0]LogEditorServer: Finished looking for orphan Actors (0.000 secs)
[2019.01.03-11.29.41:151][  0]Cmd: MAP CHECKDEP NOCLEARLOG
[2019.01.03-11.29.41:151][  0]MapCheck: Map check complete: 0 Error(s), 0 Warning(s), took 0.09ms to complete.
[2019.01.03-11.29.41:151][  0]LogFileHelpers: Loading map 'BattleGround_FlatShading' took 1.180
[2019.01.03-11.29.41:318][  0]LogSlate: Updating window title bar state: overlay mode, drag disabled, window buttons hidden, title bar hidden
[2019.01.03-11.29.41:325][  0]LogSlate: Updating window title bar state: overlay mode, drag disabled, window buttons hidden, title bar hidden
[2019.01.03-11.29.41:332][  0]LogSlate: Updating window title bar state: overlay mode, drag disabled, window buttons hidden, title bar hidden
[2019.01.03-11.29.41:339][  0]LogSlate: Updating window title bar state: overlay mode, drag disabled, window buttons hidden, title bar hidden
[2019.01.03-11.29.41:351][  0]LogCollectionManager: Loaded 0 collections in 0.001593 seconds
[2019.01.03-11.29.41:389][  0]LogFileCache: Scanning file cache for directory 'E:/Unreal4/Section_04/BattleTank/BattleTank/Saved/Collections/' took 0.01s
[2019.01.03-11.29.41:389][  0]LogFileCache: Scanning file cache for directory 'E:/Unreal4/Section_04/BattleTank/BattleTank/Content/Developers/joshu/Collections/' took 0.00s
[2019.01.03-11.29.41:389][  0]LogFileCache: Scanning file cache for directory 'E:/Unreal4/Section_04/BattleTank/BattleTank/Content/Collections/' took 0.01s
[2019.01.03-11.29.41:389][  0]LogCollectionManager: Rebuilt the GUID cache for 0 collections in 0.000001 seconds
[2019.01.03-11.29.41:399][  0]LogContentBrowser: Native class hierarchy populated in 0.0091 seconds. Added 2652 classes and 622 folders.
[2019.01.03-11.29.41:410][  0]LogContentBrowser: Native class hierarchy updated for 'WidgetCarousel' in 0.0002 seconds. Added 0 classes and 0 folders.
[2019.01.03-11.29.41:417][  0]LogPakFile: Registered encryption key '00000000000000000000000000000000': 0 pak files mounted, 0 remain pending
[2019.01.03-11.29.41:424][  0]LogPakFile: Registered encryption key '00000000000000000000000000000000': 0 pak files mounted, 0 remain pending
[2019.01.03-11.29.41:450][  0]LogPakFile: Registered encryption key '00000000000000000000000000000000': 0 pak files mounted, 0 remain pending
[2019.01.03-11.29.41:455][  0]LogPakFile: Registered encryption key '00000000000000000000000000000000': 0 pak files mounted, 0 remain pending
[2019.01.03-11.29.41:460][  0]LogPakFile: Registered encryption key '00000000000000000000000000000000': 0 pak files mounted, 0 remain pending
[2019.01.03-11.29.41:465][  0]LogPakFile: Registered encryption key '00000000000000000000000000000000': 0 pak files mounted, 0 remain pending
[2019.01.03-11.29.41:470][  0]LogPakFile: Registered encryption key '00000000000000000000000000000000': 0 pak files mounted, 0 remain pending
[2019.01.03-11.29.41:474][  0]LogPakFile: Registered encryption key '00000000000000000000000000000000': 0 pak files mounted, 0 remain pending
[2019.01.03-11.29.41:480][  0]LogPakFile: Registered encryption key '00000000000000000000000000000000': 0 pak files mounted, 0 remain pending
[2019.01.03-11.29.41:485][  0]LogPakFile: Registered encryption key '00000000000000000000000000000000': 0 pak files mounted, 0 remain pending
[2019.01.03-11.29.41:490][  0]LogPakFile: Registered encryption key '00000000000000000000000000000000': 0 pak files mounted, 0 remain pending
[2019.01.03-11.29.41:494][  0]LogPakFile: Registered encryption key '00000000000000000000000000000000': 0 pak files mounted, 0 remain pending
[2019.01.03-11.29.41:499][  0]LogPakFile: Registered encryption key '00000000000000000000000000000000': 0 pak files mounted, 0 remain pending
[2019.01.03-11.29.41:504][  0]LogPakFile: Registered encryption key '00000000000000000000000000000000': 0 pak files mounted, 0 remain pending
[2019.01.03-11.29.41:508][  0]LogPakFile: Registered encryption key '00000000000000000000000000000000': 0 pak files mounted, 0 remain pending
[2019.01.03-11.29.41:513][  0]LogPakFile: Registered encryption key '00000000000000000000000000000000': 0 pak files mounted, 0 remain pending
[2019.01.03-11.29.41:543][  0]LogPakFile: Registered encryption key '00000000000000000000000000000000': 0 pak files mounted, 0 remain pending
[2019.01.03-11.29.41:548][  0]LogPakFile: Registered encryption key '00000000000000000000000000000000': 0 pak files mounted, 0 remain pending
[2019.01.03-11.29.41:553][  0]LogPakFile: Registered encryption key '00000000000000000000000000000000': 0 pak files mounted, 0 remain pending
[2019.01.03-11.29.41:557][  0]LogPakFile: Registered encryption key '00000000000000000000000000000000': 0 pak files mounted, 0 remain pending
[2019.01.03-11.29.41:595][  0]LogPakFile: Registered encryption key '00000000000000000000000000000000': 0 pak files mounted, 0 remain pending
[2019.01.03-11.29.41:600][  0]LogPakFile: Registered encryption key '00000000000000000000000000000000': 0 pak files mounted, 0 remain pending
[2019.01.03-11.29.41:605][  0]LogPakFile: Registered encryption key '00000000000000000000000000000000': 0 pak files mounted, 0 remain pending
[2019.01.03-11.29.41:611][  0]LogPakFile: Registered encryption key '00000000000000000000000000000000': 0 pak files mounted, 0 remain pending
[2019.01.03-11.29.41:616][  0]LogPakFile: Registered encryption key '00000000000000000000000000000000': 0 pak files mounted, 0 remain pending
[2019.01.03-11.29.41:620][  0]LogPakFile: Registered encryption key '00000000000000000000000000000000': 0 pak files mounted, 0 remain pending
[2019.01.03-11.29.41:777][  0]LogContentBrowser: Native class hierarchy updated for 'AddContentDialog' in 0.0002 seconds. Added 0 classes and 0 folders.
[2019.01.03-11.29.41:786][  0]LogSlate: Took 0.000175 seconds to synchronously load lazily loaded font '../../../Engine/Content/Slate/Fonts/Roboto-Regular.ttf' (155K)
[2019.01.03-11.29.41:790][  0]LogSlate: Took 0.000133 seconds to synchronously load lazily loaded font '../../../Engine/Content/Slate/Fonts/Roboto-Bold.ttf' (160K)
[2019.01.03-11.29.41:798][  0]LogSlate: Took 0.004592 seconds to synchronously load lazily loaded font '../../../Engine/Content/Editor/Slate/Fonts/FontAwesome.ttf' (139K)
[2019.01.03-11.29.41:880][  0]LogRenderer: Reallocating scene render targets to support 2144x1040 Format 10 NumSamples 1 (Frame:1).
[2019.01.03-11.29.42:080][  0]LogContentBrowser: Native class hierarchy updated for 'HierarchicalLODOutliner' in 0.0002 seconds. Added 0 classes and 0 folders.
[2019.01.03-11.29.42:080][  0]LogLoad: (Engine Initialization) Total time: 10.32 seconds
[2019.01.03-11.29.42:080][  0]LogLoad: (Engine Initialization) Total Blueprint compile time: 0.00 seconds
[2019.01.03-11.29.42:091][  0]LogWindowsTextInputMethodSystem: Display: IME system now activated using TSF (Microsoft 입력기).
[2019.01.03-11.29.42:154][  0]LogContentStreaming: Texture pool size now 1000 MB
[2019.01.03-11.29.42:187][  1]LogAssetRegistry: Asset discovery search completed in 6.0464 seconds
[2019.01.03-11.29.42:189][  1]LogCollectionManager: Rebuilt the object cache for 0 collections in 0.000000 seconds (found 0 objects)
[2019.01.03-11.29.42:189][  1]LogCollectionManager: Fixed up redirectors for 0 collections in 0.000042 seconds (updated 0 objects)
[2019.01.03-11.29.44:576][256]LogSlate: FSceneViewport::OnFocusLost() reason 0
[2019.01.03-11.29.44:651][265]LogTemp: Repeating last play command: New Editor Window (PIE)
[2019.01.03-11.29.44:665][265]LogBlueprintUserMessages: Early PlayInEditor Detection: Level '/Game/FlatShading/BattleGround_FlatShading.BattleGround_FlatShading:PersistentLevel' has LevelScriptBlueprint '/Game/FlatShading/BattleGround_FlatShading.BattleGround_FlatShading:PersistentLevel.BattleGround_FlatShading' with GeneratedClass '/Game/FlatShading/BattleGround_FlatShading.BattleGround_FlatShading_C' with ClassGeneratedBy '/Game/FlatShading/BattleGround_FlatShading.BattleGround_FlatShading:PersistentLevel.BattleGround_FlatShading'
[2019.01.03-11.29.44:665][265]LogPlayLevel: PlayLevel: No blueprints needed recompiling
[2019.01.03-11.29.44:666][265]PIE: New page: PIE session: BattleGround_FlatShading (Jan 4, 2019, 5:29:44 AM)
[2019.01.03-11.29.44:678][265]LogPlayLevel: Creating play world package: /Game/FlatShading/UEDPIE_0_BattleGround_FlatShading
[2019.01.03-11.29.44:724][265]LogPlayLevel: PIE: StaticDuplicateObject took: (0.045963s)
[2019.01.03-11.29.44:725][265]LogAIModule: Creating AISystem for world BattleGround_FlatShading
[2019.01.03-11.29.44:725][265]LogPlayLevel: PIE: World Init took: (0.000505s)
[2019.01.03-11.29.44:725][265]LogPlayLevel: PIE: Created PIE world by copying editor world from /Game/FlatShading/BattleGround_FlatShading.BattleGround_FlatShading to /Game/FlatShading/UEDPIE_0_BattleGround_FlatShading.BattleGround_FlatShading (0.046728s)
[2019.01.03-11.29.44:789][265]LogInit: XAudio2 using '헤드셋 이어폰(Corsair VOID PRO Surround USB Sound Adapter)' : 6 channels at 48 kHz using 16 bits per sample (channel mask 0x3f)
[2019.01.03-11.29.44:912][265]LogInit: FAudioDevice initialized.
[2019.01.03-11.29.44:917][265]LogSlate: Updating window title bar state: overlay mode, drag disabled, window buttons hidden, title bar hidden
[2019.01.03-11.29.44:957][265]LogLoad: Game class is 'BattleTankGameMode_BP_C'
[2019.01.03-11.29.44:960][265]LogWorld: Bringing World /Game/FlatShading/UEDPIE_0_BattleGround_FlatShading.BattleGround_FlatShading up for play (max tick rate 0) at 2019.01.03-20.29.44
[2019.01.03-11.29.44:961][265]LogWorld: Bringing up level for play took: 0.002872
[2019.01.03-11.29.44:982][265]LogContentBrowser: Native class hierarchy updated for 'MovieSceneCapture' in 0.0003 seconds. Added 20 classes and 0 folders.
[2019.01.03-11.29.44:989][265]PIE: Play in editor start time for /Game/FlatShading/UEDPIE_0_BattleGround_FlatShading 1.011
[2019.01.03-11.29.44:990][265]LogBlueprintUserMessages: Late PlayInEditor Detection: Level '/Game/FlatShading/BattleGround_FlatShading.BattleGround_FlatShading:PersistentLevel' has LevelScriptBlueprint '/Game/FlatShading/BattleGround_FlatShading.BattleGround_FlatShading:PersistentLevel.BattleGround_FlatShading' with GeneratedClass '/Game/FlatShading/BattleGround_FlatShading.BattleGround_FlatShading_C' with ClassGeneratedBy '/Game/FlatShading/BattleGround_FlatShading.BattleGround_FlatShading:PersistentLevel.BattleGround_FlatShading'
[2019.01.03-11.29.52:811][196]LogSlate: FSceneViewport::OnFocusLost() reason 2
[2019.01.03-11.30.06:212][310]LogSlate: Window 'BattleTank Game Preview Standalone (64-bit/PCD3D_SM5)' being destroyed
[2019.01.03-11.30.06:483][310]LogBlueprintUserMessages: Early EndPlayMap Detection: Level '/Game/FlatShading/BattleGround_FlatShading.BattleGround_FlatShading:PersistentLevel' has LevelScriptBlueprint '/Game/FlatShading/BattleGround_FlatShading.BattleGround_FlatShading:PersistentLevel.BattleGround_FlatShading' with GeneratedClass '/Game/FlatShading/BattleGround_FlatShading.BattleGround_FlatShading_C' with ClassGeneratedBy '/Game/FlatShading/BattleGround_FlatShading.BattleGround_FlatShading:PersistentLevel.BattleGround_FlatShading'
[2019.01.03-11.30.06:514][310]LogPlayLevel: Display: Shutting down PIE online subsystems
[2019.01.03-11.30.06:514][310]LogBlueprintUserMessages: Late EndPlayMap Detection: Level '/Game/FlatShading/BattleGround_FlatShading.BattleGround_FlatShading:PersistentLevel' has LevelScriptBlueprint '/Game/FlatShading/BattleGround_FlatShading.BattleGround_FlatShading:PersistentLevel.BattleGround_FlatShading' with GeneratedClass '/Game/FlatShading/BattleGround_FlatShading.BattleGround_FlatShading_C' with ClassGeneratedBy '/Game/FlatShading/BattleGround_FlatShading.BattleGround_FlatShading:PersistentLevel.BattleGround_FlatShading'
[2019.01.03-11.30.06:816][311]LogPlayLevel: Display: Destroying online subsystem :Context_1
[2019.01.03-11.30.09:892][588]LogSlate: Took 0.012592 seconds to synchronously load lazily loaded font '../../../Engine/Content/Slate/Fonts/DroidSansFallback.ttf' (3848K)
[2019.01.03-11.30.11:421][759]LogSlate: Took 0.004730 seconds to synchronously load lazily loaded font '../../../Engine/Content/Slate/Fonts/Roboto-Light.ttf' (167K)
[2019.01.03-11.30.11:467][759]LogAssetEditorManager: Opening Asset editor for WidgetBlueprint /Game/UI/MainMenuUI.MainMenuUI
[2019.01.03-11.30.12:022][759]LogContentBrowser: Native class hierarchy updated for 'BlueprintGraph' in 0.0005 seconds. Added 117 classes and 0 folders.
[2019.01.03-11.30.12:828][759]LogSlate: Took 0.004280 seconds to synchronously load lazily loaded font '../../../Engine/Content/Slate/Fonts/Roboto-BoldCondensed.ttf' (158K)
[2019.01.03-11.32.29:023][799]BlueprintLog: New page: Compile MainMenuUI
[2019.01.03-11.32.29:505][845]Cmd: OBJ SAVEPACKAGE PACKAGE="/Game/UI/MainMenuUI" FILE="E:/Unreal4/Section_04/BattleTank/BattleTank/Content/UI/MainMenuUI.uasset" SILENT=true
[2019.01.03-11.32.29:529][845]LogSavePackage: Moving 'E:/Unreal4/Section_04/BattleTank/BattleTank/Saved/MainMenuUID0D38A3C427FB7CE1C146CA2B91E89A4.tmp' to 'E:/Unreal4/Section_04/BattleTank/BattleTank/Content/UI/MainMenuUI.uasset'
[2019.01.03-11.32.31:586][ 86]LogTemp: Repeating last play command: New Editor Window (PIE)
[2019.01.03-11.32.31:603][ 86]LogBlueprintUserMessages: Early PlayInEditor Detection: Level '/Game/FlatShading/BattleGround_FlatShading.BattleGround_FlatShading:PersistentLevel' has LevelScriptBlueprint '/Game/FlatShading/BattleGround_FlatShading.BattleGround_FlatShading:PersistentLevel.BattleGround_FlatShading' with GeneratedClass '/Game/FlatShading/BattleGround_FlatShading.BattleGround_FlatShading_C' with ClassGeneratedBy '/Game/FlatShading/BattleGround_FlatShading.BattleGround_FlatShading:PersistentLevel.BattleGround_FlatShading'
[2019.01.03-11.32.31:604][ 86]LogPlayLevel: PlayLevel: No blueprints needed recompiling
[2019.01.03-11.32.31:604][ 86]PIE: New page: PIE session: BattleGround_FlatShading (Jan 4, 2019, 5:32:31 AM)
[2019.01.03-11.32.31:604][ 86]LogPlayLevel: Creating play world package: /Game/FlatShading/UEDPIE_0_BattleGround_FlatShading
[2019.01.03-11.32.31:645][ 86]LogPlayLevel: PIE: StaticDuplicateObject took: (0.041310s)
[2019.01.03-11.32.31:646][ 86]LogAIModule: Creating AISystem for world BattleGround_FlatShading
[2019.01.03-11.32.31:646][ 86]LogPlayLevel: PIE: World Init took: (0.000501s)
[2019.01.03-11.32.31:646][ 86]LogPlayLevel: PIE: Created PIE world by copying editor world from /Game/FlatShading/BattleGround_FlatShading.BattleGround_FlatShading to /Game/FlatShading/UEDPIE_0_BattleGround_FlatShading.BattleGround_FlatShading (0.041955s)
[2019.01.03-11.32.31:710][ 86]LogInit: XAudio2 using '헤드셋 이어폰(Corsair VOID PRO Surround USB Sound Adapter)' : 6 channels at 48 kHz using 16 bits per sample (channel mask 0x3f)
[2019.01.03-11.32.31:834][ 86]LogInit: FAudioDevice initialized.
[2019.01.03-11.32.31:839][ 86]LogSlate: Updating window title bar state: overlay mode, drag disabled, window buttons hidden, title bar hidden
[2019.01.03-11.32.31:869][ 86]LogLoad: Game class is 'BattleTankGameMode_BP_C'
[2019.01.03-11.32.31:871][ 86]LogWorld: Bringing World /Game/FlatShading/UEDPIE_0_BattleGround_FlatShading.BattleGround_FlatShading up for play (max tick rate 0) at 2019.01.03-20.32.31
[2019.01.03-11.32.31:872][ 86]LogWorld: Bringing up level for play took: 0.002418
[2019.01.03-11.32.31:888][ 86]PIE: Play in editor start time for /Game/FlatShading/UEDPIE_0_BattleGround_FlatShading -0.09
[2019.01.03-11.32.31:888][ 86]LogBlueprintUserMessages: Late PlayInEditor Detection: Level '/Game/FlatShading/BattleGround_FlatShading.BattleGround_FlatShading:PersistentLevel' has LevelScriptBlueprint '/Game/FlatShading/BattleGround_FlatShading.BattleGround_FlatShading:PersistentLevel.BattleGround_FlatShading' with GeneratedClass '/Game/FlatShading/BattleGround_FlatShading.BattleGround_FlatShading_C' with ClassGeneratedBy '/Game/FlatShading/BattleGround_FlatShading.BattleGround_FlatShading:PersistentLevel.BattleGround_FlatShading'
[2019.01.03-11.32.33:484][271]LogSlate: Window 'BattleTank Game Preview Standalone (64-bit/PCD3D_SM5)' being destroyed
[2019.01.03-11.32.33:528][271]LogBlueprintUserMessages: Early EndPlayMap Detection: Level '/Game/FlatShading/BattleGround_FlatShading.BattleGround_FlatShading:PersistentLevel' has LevelScriptBlueprint '/Game/FlatShading/BattleGround_FlatShading.BattleGround_FlatShading:PersistentLevel.BattleGround_FlatShading' with GeneratedClass '/Game/FlatShading/BattleGround_FlatShading.BattleGround_FlatShading_C' with ClassGeneratedBy '/Game/FlatShading/BattleGround_FlatShading.BattleGround_FlatShading:PersistentLevel.BattleGround_FlatShading'
[2019.01.03-11.32.33:561][271]LogPlayLevel: Display: Shutting down PIE online subsystems
[2019.01.03-11.32.33:561][271]LogBlueprintUserMessages: Late EndPlayMap Detection: Level '/Game/FlatShading/BattleGround_FlatShading.BattleGround_FlatShading:PersistentLevel' has LevelScriptBlueprint '/Game/FlatShading/BattleGround_FlatShading.BattleGround_FlatShading:PersistentLevel.BattleGround_FlatShading' with GeneratedClass '/Game/FlatShading/BattleGround_FlatShading.BattleGround_FlatShading_C' with ClassGeneratedBy '/Game/FlatShading/BattleGround_FlatShading.BattleGround_FlatShading:PersistentLevel.BattleGround_FlatShading'
[2019.01.03-11.32.33:635][272]LogPlayLevel: Display: Destroying online subsystem :Context_5
[2019.01.03-11.32.36:595][620]LogAIModule: Creating AISystem for world MainMenu
[2019.01.03-11.32.36:596][620]LogAssetEditorManager: Opening Asset editor for World /Game/Levels_/MainMenu.MainMenu
[2019.01.03-11.32.36:626][620]Cmd: MAP LOAD FILE="E:/Unreal4/Section_04/BattleTank/BattleTank/Content/Levels_/MainMenu.umap" TEMPLATE=0 SHOWPROGRESS=1 FEATURELEVEL=3
[2019.01.03-11.32.36:626][620]LightingResults: New page: Lighting Build
[2019.01.03-11.32.36:627][620]LoadErrors: New page: Loading map: MainMenu.umap
[2019.01.03-11.32.36:627][620]MapCheck: New page: Map Check
[2019.01.03-11.32.36:627][620]LightingResults: New page: Lighting Build
[2019.01.03-11.32.36:663][620]LogEditorServer: Finished looking for orphan Actors (0.000 secs)
[2019.01.03-11.32.36:721][620]Cmd: MAP CHECKDEP NOCLEARLOG
[2019.01.03-11.32.36:721][620]MapCheck: Map check complete: 0 Error(s), 0 Warning(s), took 0.064ms to complete.
[2019.01.03-11.32.36:721][620]LogFileHelpers: Loading map 'MainMenu' took 0.095
[2019.01.03-11.32.37:996][764]LogTemp: Repeating last play command: New Editor Window (PIE)
[2019.01.03-11.32.38:013][764]LogBlueprintUserMessages: Early PlayInEditor Detection: Level '/Game/Levels_/MainMenu.MainMenu:PersistentLevel' has LevelScriptBlueprint '/Game/Levels_/MainMenu.MainMenu:PersistentLevel.MainMenu' with GeneratedClass '/Game/Levels_/MainMenu.MainMenu_C' with ClassGeneratedBy '/Game/Levels_/MainMenu.MainMenu:PersistentLevel.MainMenu'
[2019.01.03-11.32.38:013][764]LogPlayLevel: PlayLevel: No blueprints needed recompiling
[2019.01.03-11.32.38:013][764]PIE: New page: PIE session: MainMenu (Jan 4, 2019, 5:32:38 AM)
[2019.01.03-11.32.38:014][764]LogPlayLevel: Creating play world package: /Game/Levels_/UEDPIE_0_MainMenu
[2019.01.03-11.32.38:014][764]LogPlayLevel: PIE: StaticDuplicateObject took: (0.000863s)
[2019.01.03-11.32.38:015][764]LogAIModule: Creating AISystem for world MainMenu
[2019.01.03-11.32.38:015][764]LogPlayLevel: PIE: World Init took: (0.000438s)
[2019.01.03-11.32.38:015][764]LogPlayLevel: PIE: Created PIE world by copying editor world from /Game/Levels_/MainMenu.MainMenu to /Game/Levels_/UEDPIE_0_MainMenu.MainMenu (0.001486s)
[2019.01.03-11.32.38:079][764]LogInit: XAudio2 using '헤드셋 이어폰(Corsair VOID PRO Surround USB Sound Adapter)' : 6 channels at 48 kHz using 16 bits per sample (channel mask 0x3f)
[2019.01.03-11.32.38:208][764]LogInit: FAudioDevice initialized.
[2019.01.03-11.32.38:212][764]LogSlate: Updating window title bar state: overlay mode, drag disabled, window buttons hidden, title bar hidden
[2019.01.03-11.32.38:245][764]LogLoad: Game class is 'GameModeBase'
[2019.01.03-11.32.38:245][764]LogWorld: Bringing World /Game/Levels_/UEDPIE_0_MainMenu.MainMenu up for play (max tick rate 0) at 2019.01.03-20.32.38
[2019.01.03-11.32.38:246][764]LogWorld: Bringing up level for play took: 0.000294
[2019.01.03-11.32.38:261][764]PIE: Play in editor start time for /Game/Levels_/UEDPIE_0_MainMenu 0.283
[2019.01.03-11.32.38:261][764]LogBlueprintUserMessages: Late PlayInEditor Detection: Level '/Game/Levels_/MainMenu.MainMenu:PersistentLevel' has LevelScriptBlueprint '/Game/Levels_/MainMenu.MainMenu:PersistentLevel.MainMenu' with GeneratedClass '/Game/Levels_/MainMenu.MainMenu_C' with ClassGeneratedBy '/Game/Levels_/MainMenu.MainMenu:PersistentLevel.MainMenu'
[2019.01.03-11.32.39:544][914]LogNet: Browse: /Game/FlatShading/BattleGround_FlatShading
[2019.01.03-11.32.39:544][914]LogLoad: LoadMap: /Game/FlatShading/BattleGround_FlatShading
[2019.01.03-11.32.39:883][914]LogAIModule: Creating AISystem for world BattleGround_FlatShading
[2019.01.03-11.32.39:883][914]LogLoad: Game class is 'BattleTankGameMode_BP_C'
[2019.01.03-11.32.39:889][914]LogWorld: Bringing World /Game/FlatShading/UEDPIE_0_BattleGround_FlatShading.BattleGround_FlatShading up for play (max tick rate 0) at 2019.01.03-20.32.39
[2019.01.03-11.32.39:890][914]LogWorld: Bringing up level for play took: 0.005953
[2019.01.03-11.32.39:891][914]LogLoad: Took 0.347153 seconds to LoadMap(/Game/FlatShading/BattleGround_FlatShading)
[2019.01.03-11.32.46:421][379]LogBlueprintUserMessages: Early EndPlayMap Detection: Level '/Game/Levels_/MainMenu.MainMenu:PersistentLevel' has LevelScriptBlueprint '/Game/Levels_/MainMenu.MainMenu:PersistentLevel.MainMenu' with GeneratedClass '/Game/Levels_/MainMenu.MainMenu_C' with ClassGeneratedBy '/Game/Levels_/MainMenu.MainMenu:PersistentLevel.MainMenu'
[2019.01.03-11.32.46:421][379]LogSlate: Updating window title bar state: overlay mode, drag disabled, window buttons hidden, title bar hidden
[2019.01.03-11.32.46:439][379]LogSlate: Window 'BattleTank Game Preview Standalone (64-bit/PCD3D_SM5)' being destroyed
[2019.01.03-11.32.46:511][379]LogPlayLevel: Display: Shutting down PIE online subsystems
[2019.01.03-11.32.46:511][379]LogBlueprintUserMessages: Late EndPlayMap Detection: Level '/Game/Levels_/MainMenu.MainMenu:PersistentLevel' has LevelScriptBlueprint '/Game/Levels_/MainMenu.MainMenu:PersistentLevel.MainMenu' with GeneratedClass '/Game/Levels_/MainMenu.MainMenu_C' with ClassGeneratedBy '/Game/Levels_/MainMenu.MainMenu:PersistentLevel.MainMenu'
[2019.01.03-11.32.46:554][380]LogPlayLevel: Display: Destroying online subsystem :Context_6
[2019.01.03-11.33.47:400][618]LogAssetEditorManager: Opening Asset editor for LevelScriptBlueprint /Game/Levels_/MainMenu.MainMenu:PersistentLevel.MainMenu
[2019.01.03-11.33.47:707][619]LogSlate: Took 0.003810 seconds to synchronously load lazily loaded font '../../../Engine/Content/Slate/Fonts/Roboto-Italic.ttf' (157K)
[2019.01.03-11.37.18:131][521]LogAssetEditorManager: Opening Asset editor for LevelScriptBlueprint /Game/Levels_/MainMenu.MainMenu:PersistentLevel.MainMenu
[2019.01.03-11.37.52:453][623]Cmd: OBJ SAVEPACKAGE PACKAGE="/Game/UI/MainMenuUI" FILE="E:/Unreal4/Section_04/BattleTank/BattleTank/Content/UI/MainMenuUI.uasset" SILENT=true
[2019.01.03-11.37.52:473][623]LogSavePackage: Moving 'E:/Unreal4/Section_04/BattleTank/BattleTank/Saved/MainMenuUI250696854C6A5838EF33ACA485B14CE4.tmp' to 'E:/Unreal4/Section_04/BattleTank/BattleTank/Content/UI/MainMenuUI.uasset'
[2019.01.03-11.37.52:799][656]BlueprintLog: New page: Compile MainMenuUI
[2019.01.03-11.38.30:557][333]Cmd: OBJ SAVEPACKAGE PACKAGE="/Game/Levels_/MainMenu" FILE="E:/Unreal4/Section_04/BattleTank/BattleTank/Content/Levels_/MainMenu.umap" SILENT=true AUTOSAVING=false KEEPDIRTY=false
[2019.01.03-11.38.30:732][333]LogSavePackage: Moving 'E:/Unreal4/Section_04/BattleTank/BattleTank/Saved/MainMenu924CFA8A429EB5F5FB9DA886D7F7C194.tmp' to 'E:/Unreal4/Section_04/BattleTank/BattleTank/Content/Levels_/MainMenu.umap'
[2019.01.03-11.38.30:763][333]LogFileHelpers: Saving map 'MainMenu' took 0.206
[2019.01.03-11.38.31:099][367]BlueprintLog: New page: Compile MainMenu
[2019.01.03-11.39.37:011][654]BlueprintLog: New page: Compile MainMenuUI
[2019.01.03-11.39.37:955][745]Cmd: OBJ SAVEPACKAGE PACKAGE="/Game/UI/MainMenuUI" FILE="E:/Unreal4/Section_04/BattleTank/BattleTank/Content/UI/MainMenuUI.uasset" SILENT=true
[2019.01.03-11.39.37:973][745]LogSavePackage: Moving 'E:/Unreal4/Section_04/BattleTank/BattleTank/Saved/MainMenuUIAC4068A0465CAA40FD84C2A0E4D49A0A.tmp' to 'E:/Unreal4/Section_04/BattleTank/BattleTank/Content/UI/MainMenuUI.uasset'
[2019.01.03-11.39.40:712][ 48]LogTemp: Repeating last play command: New Editor Window (PIE)
[2019.01.03-11.39.40:730][ 48]LogBlueprintUserMessages: Early PlayInEditor Detection: Level '/Game/Levels_/MainMenu.MainMenu:PersistentLevel' has LevelScriptBlueprint '/Game/Levels_/MainMenu.MainMenu:PersistentLevel.MainMenu' with GeneratedClass '/Game/Levels_/MainMenu.MainMenu_C' with ClassGeneratedBy '/Game/Levels_/MainMenu.MainMenu:PersistentLevel.MainMenu'
[2019.01.03-11.39.40:730][ 48]LogPlayLevel: PlayLevel: No blueprints needed recompiling
[2019.01.03-11.39.40:730][ 48]PIE: New page: PIE session: MainMenu (Jan 4, 2019, 5:39:40 AM)
[2019.01.03-11.39.40:730][ 48]LogPlayLevel: Creating play world package: /Game/Levels_/UEDPIE_0_MainMenu
[2019.01.03-11.39.40:731][ 48]LogPlayLevel: PIE: StaticDuplicateObject took: (0.000949s)
[2019.01.03-11.39.40:732][ 48]LogAIModule: Creating AISystem for world MainMenu
[2019.01.03-11.39.40:732][ 48]LogPlayLevel: PIE: World Init took: (0.000459s)
[2019.01.03-11.39.40:732][ 48]LogPlayLevel: PIE: Created PIE world by copying editor world from /Game/Levels_/MainMenu.MainMenu to /Game/Levels_/UEDPIE_0_MainMenu.MainMenu (0.001513s)
[2019.01.03-11.39.40:798][ 48]LogInit: XAudio2 using '헤드셋 이어폰(Corsair VOID PRO Surround USB Sound Adapter)' : 6 channels at 48 kHz using 16 bits per sample (channel mask 0x3f)
[2019.01.03-11.39.40:920][ 48]LogInit: FAudioDevice initialized.
[2019.01.03-11.39.40:926][ 48]LogSlate: Updating window title bar state: overlay mode, drag disabled, window buttons hidden, title bar hidden
[2019.01.03-11.39.40:955][ 48]LogLoad: Game class is 'GameModeBase'
[2019.01.03-11.39.40:955][ 48]LogWorld: Bringing World /Game/Levels_/UEDPIE_0_MainMenu.MainMenu up for play (max tick rate 0) at 2019.01.03-20.39.40
[2019.01.03-11.39.40:955][ 48]LogWorld: Bringing up level for play took: 0.000284
[2019.01.03-11.39.40:971][ 48]PIE: Play in editor start time for /Game/Levels_/UEDPIE_0_MainMenu 0.993
[2019.01.03-11.39.40:971][ 48]LogBlueprintUserMessages: Late PlayInEditor Detection: Level '/Game/Levels_/MainMenu.MainMenu:PersistentLevel' has LevelScriptBlueprint '/Game/Levels_/MainMenu.MainMenu:PersistentLevel.MainMenu' with GeneratedClass '/Game/Levels_/MainMenu.MainMenu_C' with ClassGeneratedBy '/Game/Levels_/MainMenu.MainMenu:PersistentLevel.MainMenu'
[2019.01.03-11.39.44:579][475]LogNet: Browse: /Game/FlatShading/BattleGround_FlatShading
[2019.01.03-11.39.44:579][475]LogLoad: LoadMap: /Game/FlatShading/BattleGround_FlatShading
[2019.01.03-11.39.44:923][475]LogAIModule: Creating AISystem for world BattleGround_FlatShading
[2019.01.03-11.39.44:923][475]LogLoad: Game class is 'BattleTankGameMode_BP_C'
[2019.01.03-11.39.44:929][475]LogWorld: Bringing World /Game/FlatShading/UEDPIE_0_BattleGround_FlatShading.BattleGround_FlatShading up for play (max tick rate 0) at 2019.01.03-20.39.44
[2019.01.03-11.39.44:930][475]LogWorld: Bringing up level for play took: 0.006145
[2019.01.03-11.39.44:931][475]LogLoad: Took 0.352562 seconds to LoadMap(/Game/FlatShading/BattleGround_FlatShading)
[2019.01.03-11.40.03:479][165]LogSlate: FSceneViewport::OnFocusLost() reason 2
[2019.01.03-11.40.09:303][537]LogBlueprintUserMessages: Early EndPlayMap Detection: Level '/Game/Levels_/MainMenu.MainMenu:PersistentLevel' has LevelScriptBlueprint '/Game/Levels_/MainMenu.MainMenu:PersistentLevel.MainMenu' with GeneratedClass '/Game/Levels_/MainMenu.MainMenu_C' with ClassGeneratedBy '/Game/Levels_/MainMenu.MainMenu:PersistentLevel.MainMenu'
[2019.01.03-11.40.09:303][537]LogSlate: Updating window title bar state: overlay mode, drag disabled, window buttons hidden, title bar hidden
[2019.01.03-11.40.09:321][537]LogSlate: Window 'BattleTank Game Preview Standalone (64-bit/PCD3D_SM5)' being destroyed
[2019.01.03-11.40.09:395][537]LogPlayLevel: Display: Shutting down PIE online subsystems
[2019.01.03-11.40.09:395][537]LogBlueprintUserMessages: Late EndPlayMap Detection: Level '/Game/Levels_/MainMenu.MainMenu:PersistentLevel' has LevelScriptBlueprint '/Game/Levels_/MainMenu.MainMenu:PersistentLevel.MainMenu' with GeneratedClass '/Game/Levels_/MainMenu.MainMenu_C' with ClassGeneratedBy '/Game/Levels_/MainMenu.MainMenu:PersistentLevel.MainMenu'
[2019.01.03-11.40.09:647][538]LogPlayLevel: Display: Destroying online subsystem :Context_9
[2019.01.03-11.40.26:667][251]Cmd: OBJ SAVEPACKAGE PACKAGE="/Game/Levels_/MainMenu" FILE="E:/Unreal4/Section_04/BattleTank/BattleTank/Content/Levels_/MainMenu.umap" SILENT=true AUTOSAVING=false KEEPDIRTY=false
[2019.01.03-11.40.26:835][251]LogSavePackage: Moving 'E:/Unreal4/Section_04/BattleTank/BattleTank/Saved/MainMenu69683D8B4DDA8EB7E25F62B636E5ADDB.tmp' to 'E:/Unreal4/Section_04/BattleTank/BattleTank/Content/Levels_/MainMenu.umap'
[2019.01.03-11.40.37:696][499]LogAIModule: Creating AISystem for world BattleGround_FlatShading
[2019.01.03-11.40.37:703][499]LogAssetEditorManager: Opening Asset editor for World /Game/FlatShading/BattleGround_FlatShading.BattleGround_FlatShading
[2019.01.03-11.40.37:735][499]Cmd: MAP LOAD FILE="E:/Unreal4/Section_04/BattleTank/BattleTank/Content/FlatShading/BattleGround_FlatShading.umap" TEMPLATE=0 SHOWPROGRESS=1 FEATURELEVEL=3
[2019.01.03-11.40.37:735][499]LightingResults: New page: Lighting Build
[2019.01.03-11.40.37:735][499]LoadErrors: New page: Loading map: BattleGround_FlatShading.umap
[2019.01.03-11.40.37:769][499]MapCheck: New page: Map Check
[2019.01.03-11.40.37:769][499]LightingResults: New page: Lighting Build
[2019.01.03-11.40.37:820][499]LogEditorServer: Finished looking for orphan Actors (0.000 secs)
[2019.01.03-11.40.37:875][499]Cmd: MAP CHECKDEP NOCLEARLOG
[2019.01.03-11.40.37:876][499]MapCheck: Map check complete: 0 Error(s), 0 Warning(s), took 0.1ms to complete.
[2019.01.03-11.40.37:876][499]LogFileHelpers: Loading map 'BattleGround_FlatShading' took 0.141
[2019.01.03-11.40.42:014][702]LogSlate: FSceneViewport::OnFocusLost() reason 2
[2019.01.03-11.40.44:403][828]LogSlate: Only BGRA pngs, bmps or icos are supported in by External Image Picker
[2019.01.03-11.40.44:473][829]LogTemp: Executing iPhonePackager certificates Engine -bundlename com.YourCompany.BattleTank
[2019.01.03-11.40.44:473][829]LogTemp: CWD: C:\Program Files\Epic Games\UE_4.21\Engine\Binaries\DotNET\IOS
[2019.01.03-11.40.44:473][829]LogTemp: Initial Dir: C:\Program Files\Epic Games\UE_4.21
[2019.01.03-11.40.44:473][829]LogTemp: Env CWD: C:\Program Files\Epic Games\UE_4.21\Engine\Binaries\DotNET\IOS
[2019.01.03-11.40.44:473][829]LogTemp: BranchPath = DESKTOP-2BM5QKQ/C/Program Files/Epic Games/UE_4.21/Engine/Binaries --- GameBranchPath = DESKTOP-2BM5QKQ/C/Program Files/Epic Games/UE_4.21/Engine/Binaries
[2019.01.03-11.40.44:473][829]LogTemp: IPP ERROR: Could not find provision directory 'C:\Users\joshu\AppData\Local/Apple Computer/MobileDevice/Provisioning Profiles/'.
[2019.01.03-11.41.38:628][357]LogSlate: Window 'Project Settings' being destroyed
[2019.01.03-11.41.38:672][357]LogSlate: Window 'Project Settings' being destroyed
[2019.01.03-11.41.43:330][828]LogSavePackage: Moving 'E:/Unreal4/Section_04/BattleTank/BattleTank/Saved/BattleGround_FlatShading0FF2B9844FC0A25D0068FF86BFAC5042.tmp' to 'E:/Unreal4/Section_04/BattleTank/BattleTank/Content/FlatShading/BattleGround_FlatShading.umap'
[2019.01.03-11.41.43:399][828]LogSavePackage: Moving 'E:/Unreal4/Section_04/BattleTank/BattleTank/Saved/BattleGround_FlatShading_BuiltDaF2C7178C4F05598497368C88356A1FFD.tmp' to 'E:/Unreal4/Section_04/BattleTank/BattleTank/Content/FlatShading/BattleGround_FlatShading_BuiltData.uasset'
[2019.01.03-11.41.51:959][824]LogAIModule: Creating AISystem for world MainMenu
[2019.01.03-11.41.51:960][824]LogAssetEditorManager: Opening Asset editor for World /Game/Levels_/MainMenu.MainMenu
[2019.01.03-11.41.51:990][824]Cmd: MAP LOAD FILE="E:/Unreal4/Section_04/BattleTank/BattleTank/Content/Levels_/MainMenu.umap" TEMPLATE=0 SHOWPROGRESS=1 FEATURELEVEL=3
[2019.01.03-11.41.51:990][824]LightingResults: New page: Lighting Build
[2019.01.03-11.41.51:990][824]LoadErrors: New page: Loading map: MainMenu.umap
[2019.01.03-11.41.51:991][824]MapCheck: New page: Map Check
[2019.01.03-11.41.51:991][824]LightingResults: New page: Lighting Build
[2019.01.03-11.41.52:024][824]LogEditorServer: Finished looking for orphan Actors (0.000 secs)
[2019.01.03-11.41.52:084][824]Cmd: MAP CHECKDEP NOCLEARLOG
[2019.01.03-11.41.52:084][824]MapCheck: Map check complete: 0 Error(s), 0 Warning(s), took 0.068ms to complete.
[2019.01.03-11.41.52:084][824]LogFileHelpers: Loading map 'MainMenu' took 0.095
[2019.01.03-11.41.53:457][978]LogTemp: Repeating last play command: New Editor Window (PIE)
[2019.01.03-11.41.53:475][978]LogBlueprintUserMessages: Early PlayInEditor Detection: Level '/Game/Levels_/MainMenu.MainMenu:PersistentLevel' has LevelScriptBlueprint '/Game/Levels_/MainMenu.MainMenu:PersistentLevel.MainMenu' with GeneratedClass '/Game/Levels_/MainMenu.MainMenu_C' with ClassGeneratedBy '/Game/Levels_/MainMenu.MainMenu:PersistentLevel.MainMenu'
[2019.01.03-11.41.53:475][978]LogPlayLevel: PlayLevel: No blueprints needed recompiling
[2019.01.03-11.41.53:475][978]PIE: New page: PIE session: MainMenu (Jan 4, 2019, 5:41:53 AM)
[2019.01.03-11.41.53:475][978]LogPlayLevel: Creating play world package: /Game/Levels_/UEDPIE_0_MainMenu
[2019.01.03-11.41.53:476][978]LogPlayLevel: PIE: StaticDuplicateObject took: (0.000928s)
[2019.01.03-11.41.53:477][978]LogAIModule: Creating AISystem for world MainMenu
[2019.01.03-11.41.53:477][978]LogPlayLevel: PIE: World Init took: (0.000451s)
[2019.01.03-11.41.53:477][978]LogPlayLevel: PIE: Created PIE world by copying editor world from /Game/Levels_/MainMenu.MainMenu to /Game/Levels_/UEDPIE_0_MainMenu.MainMenu (0.001482s)
[2019.01.03-11.41.53:542][978]LogInit: XAudio2 using '헤드셋 이어폰(Corsair VOID PRO Surround USB Sound Adapter)' : 6 channels at 48 kHz using 16 bits per sample (channel mask 0x3f)
[2019.01.03-11.41.53:661][978]LogInit: FAudioDevice initialized.
[2019.01.03-11.41.53:665][978]LogSlate: Updating window title bar state: overlay mode, drag disabled, window buttons hidden, title bar hidden
[2019.01.03-11.41.53:699][978]LogLoad: Game class is 'GameModeBase'
[2019.01.03-11.41.53:699][978]LogWorld: Bringing World /Game/Levels_/UEDPIE_0_MainMenu.MainMenu up for play (max tick rate 0) at 2019.01.03-20.41.53
[2019.01.03-11.41.53:700][978]LogWorld: Bringing up level for play took: 0.000323
[2019.01.03-11.41.53:715][978]PIE: Play in editor start time for /Game/Levels_/UEDPIE_0_MainMenu -0.263
[2019.01.03-11.41.53:715][978]LogBlueprintUserMessages: Late PlayInEditor Detection: Level '/Game/Levels_/MainMenu.MainMenu:PersistentLevel' has LevelScriptBlueprint '/Game/Levels_/MainMenu.MainMenu:PersistentLevel.MainMenu' with GeneratedClass '/Game/Levels_/MainMenu.MainMenu_C' with ClassGeneratedBy '/Game/Levels_/MainMenu.MainMenu:PersistentLevel.MainMenu'
[2019.01.03-11.41.55:459][180]LogNet: Browse: /Game/FlatShading/BattleGround_FlatShading
[2019.01.03-11.41.55:459][180]LogLoad: LoadMap: /Game/FlatShading/BattleGround_FlatShading
[2019.01.03-11.41.55:796][180]LogAIModule: Creating AISystem for world BattleGround_FlatShading
[2019.01.03-11.41.55:796][180]LogLoad: Game class is 'BattleTankGameMode_BP_C'
[2019.01.03-11.41.55:802][180]LogWorld: Bringing World /Game/FlatShading/UEDPIE_0_BattleGround_FlatShading.BattleGround_FlatShading up for play (max tick rate 0) at 2019.01.03-20.41.55
[2019.01.03-11.41.55:802][180]LogWorld: Bringing up level for play took: 0.005834
[2019.01.03-11.41.55:804][180]LogLoad: Took 0.345485 seconds to LoadMap(/Game/FlatShading/BattleGround_FlatShading)
[2019.01.03-11.42.05:905][389]LogSlate: Window 'BattleTank Game Preview Standalone (64-bit/PCD3D_SM5)' being destroyed
[2019.01.03-11.42.05:949][389]LogBlueprintUserMessages: Early EndPlayMap Detection: Level '/Game/Levels_/MainMenu.MainMenu:PersistentLevel' has LevelScriptBlueprint '/Game/Levels_/MainMenu.MainMenu:PersistentLevel.MainMenu' with GeneratedClass '/Game/Levels_/MainMenu.MainMenu_C' with ClassGeneratedBy '/Game/Levels_/MainMenu.MainMenu:PersistentLevel.MainMenu'
[2019.01.03-11.42.05:980][389]LogPlayLevel: Display: Shutting down PIE online subsystems
[2019.01.03-11.42.05:980][389]LogBlueprintUserMessages: Late EndPlayMap Detection: Level '/Game/Levels_/MainMenu.MainMenu:PersistentLevel' has LevelScriptBlueprint '/Game/Levels_/MainMenu.MainMenu:PersistentLevel.MainMenu' with GeneratedClass '/Game/Levels_/MainMenu.MainMenu_C' with ClassGeneratedBy '/Game/Levels_/MainMenu.MainMenu:PersistentLevel.MainMenu'
[2019.01.03-11.42.06:037][390]LogPlayLevel: Display: Destroying online subsystem :Context_12
[2019.01.03-11.42.42:930][761]LogSlate: Window 'MainMenuUI' being destroyed
[2019.01.03-11.42.42:973][761]LogSlate: Window 'MainMenuUI' being destroyed
[2019.01.03-11.42.47:150][217]LogAIModule: Creating AISystem for world BattleGround_FlatShading
[2019.01.03-11.42.47:156][217]LogAssetEditorManager: Opening Asset editor for World /Game/FlatShading/BattleGround_FlatShading.BattleGround_FlatShading
[2019.01.03-11.42.47:185][217]Cmd: MAP LOAD FILE="E:/Unreal4/Section_04/BattleTank/BattleTank/Content/FlatShading/BattleGround_FlatShading.umap" TEMPLATE=0 SHOWPROGRESS=1 FEATURELEVEL=3
[2019.01.03-11.42.47:185][217]LightingResults: New page: Lighting Build
[2019.01.03-11.42.47:186][217]LoadErrors: New page: Loading map: BattleGround_FlatShading.umap
[2019.01.03-11.42.47:186][217]MapCheck: New page: Map Check
[2019.01.03-11.42.47:186][217]LightingResults: New page: Lighting Build
[2019.01.03-11.42.47:238][217]LogEditorServer: Finished looking for orphan Actors (0.000 secs)
[2019.01.03-11.42.47:296][217]Cmd: MAP CHECKDEP NOCLEARLOG
[2019.01.03-11.42.47:296][217]MapCheck: Map check complete: 0 Error(s), 0 Warning(s), took 0.071ms to complete.
[2019.01.03-11.42.47:296][217]LogFileHelpers: Loading map 'BattleGround_FlatShading' took 0.112
[2019.01.03-11.42.50:767][588]LogAssetEditorManager: Opening Asset editor for LevelScriptBlueprint /Game/FlatShading/BattleGround_FlatShading.BattleGround_FlatShading:PersistentLevel.BattleGround_FlatShading
[2019.01.03-11.44.20:322][201]LogSavePackage: Moving 'E:/Unreal4/Section_04/BattleTank/BattleTank/Saved/BattleGround_FlatShadingCA68C8814EDC28EAEAAD0F87CD6FEA57.tmp' to 'E:/Unreal4/Section_04/BattleTank/BattleTank/Content/FlatShading/BattleGround_FlatShading.umap'
[2019.01.03-11.44.20:353][201]LogFileHelpers: Saving map 'BattleGround_FlatShading' took 0.566
[2019.01.03-11.44.21:532][336]LogTemp: Repeating last play command: New Editor Window (PIE)
[2019.01.03-11.44.21:546][336]LogBlueprintUserMessages: Early PlayInEditor Detection: Level '/Game/FlatShading/BattleGround_FlatShading.BattleGround_FlatShading:PersistentLevel' has LevelScriptBlueprint '/Game/FlatShading/BattleGround_FlatShading.BattleGround_FlatShading:PersistentLevel.BattleGround_FlatShading' with GeneratedClass '/Game/FlatShading/BattleGround_FlatShading.BattleGround_FlatShading_C' with ClassGeneratedBy '/Game/FlatShading/BattleGround_FlatShading.BattleGround_FlatShading:PersistentLevel.BattleGround_FlatShading'
[2019.01.03-11.44.21:547][336]LogPlayLevel: PlayLevel: No blueprints needed recompiling
[2019.01.03-11.44.21:547][336]PIE: New page: PIE session: BattleGround_FlatShading (Jan 4, 2019, 5:44:21 AM)
[2019.01.03-11.44.21:547][336]LogPlayLevel: Creating play world package: /Game/FlatShading/UEDPIE_0_BattleGround_FlatShading
[2019.01.03-11.44.21:589][336]LogPlayLevel: PIE: StaticDuplicateObject took: (0.042655s)
[2019.01.03-11.44.21:590][336]LogAIModule: Creating AISystem for world BattleGround_FlatShading
[2019.01.03-11.44.21:590][336]LogPlayLevel: PIE: World Init took: (0.000885s)
[2019.01.03-11.44.21:590][336]LogPlayLevel: PIE: Created PIE world by copying editor world from /Game/FlatShading/BattleGround_FlatShading.BattleGround_FlatShading to /Game/FlatShading/UEDPIE_0_BattleGround_FlatShading.BattleGround_FlatShading (0.043763s)
[2019.01.03-11.44.21:656][336]LogInit: XAudio2 using '헤드셋 이어폰(Corsair VOID PRO Surround USB Sound Adapter)' : 6 channels at 48 kHz using 16 bits per sample (channel mask 0x3f)
[2019.01.03-11.44.21:774][336]LogInit: FAudioDevice initialized.
[2019.01.03-11.44.21:778][336]LogSlate: Updating window title bar state: overlay mode, drag disabled, window buttons hidden, title bar hidden
[2019.01.03-11.44.21:809][336]LogLoad: Game class is 'BattleTankGameMode_BP_C'
[2019.01.03-11.44.21:811][336]LogWorld: Bringing World /Game/FlatShading/UEDPIE_0_BattleGround_FlatShading.BattleGround_FlatShading up for play (max tick rate 0) at 2019.01.03-20.44.21
[2019.01.03-11.44.21:812][336]LogWorld: Bringing up level for play took: 0.002476
[2019.01.03-11.44.21:827][336]PIE: Play in editor start time for /Game/FlatShading/UEDPIE_0_BattleGround_FlatShading -0.15
[2019.01.03-11.44.21:828][336]LogBlueprintUserMessages: Late PlayInEditor Detection: Level '/Game/FlatShading/BattleGround_FlatShading.BattleGround_FlatShading:PersistentLevel' has LevelScriptBlueprint '/Game/FlatShading/BattleGround_FlatShading.BattleGround_FlatShading:PersistentLevel.BattleGround_FlatShading' with GeneratedClass '/Game/FlatShading/BattleGround_FlatShading.BattleGround_FlatShading_C' with ClassGeneratedBy '/Game/FlatShading/BattleGround_FlatShading.BattleGround_FlatShading:PersistentLevel.BattleGround_FlatShading'
[2019.01.03-11.44.33:890][778]LogSlate: Updating window title bar state: overlay mode, drag disabled, window buttons hidden, title bar hidden
[2019.01.03-11.44.33:890][778]LogBlueprintUserMessages: Early EndPlayMap Detection: Level '/Game/FlatShading/BattleGround_FlatShading.BattleGround_FlatShading:PersistentLevel' has LevelScriptBlueprint '/Game/FlatShading/BattleGround_FlatShading.BattleGround_FlatShading:PersistentLevel.BattleGround_FlatShading' with GeneratedClass '/Game/FlatShading/BattleGround_FlatShading.BattleGround_FlatShading_C' with ClassGeneratedBy '/Game/FlatShading/BattleGround_FlatShading.BattleGround_FlatShading:PersistentLevel.BattleGround_FlatShading'
[2019.01.03-11.44.33:908][778]LogSlate: Window 'BattleTank Game Preview Standalone (64-bit/PCD3D_SM5)' being destroyed
[2019.01.03-11.44.33:985][778]LogPlayLevel: Display: Shutting down PIE online subsystems
[2019.01.03-11.44.33:985][778]LogBlueprintUserMessages: Late EndPlayMap Detection: Level '/Game/FlatShading/BattleGround_FlatShading.BattleGround_FlatShading:PersistentLevel' has LevelScriptBlueprint '/Game/FlatShading/BattleGround_FlatShading.BattleGround_FlatShading:PersistentLevel.BattleGround_FlatShading' with GeneratedClass '/Game/FlatShading/BattleGround_FlatShading.BattleGround_FlatShading_C' with ClassGeneratedBy '/Game/FlatShading/BattleGround_FlatShading.BattleGround_FlatShading:PersistentLevel.BattleGround_FlatShading'
[2019.01.03-11.44.34:039][779]LogPlayLevel: Display: Destroying online subsystem :Context_14
[2019.01.03-11.44.35:822][993]LogSlate: Window 'BattleGround_FlatShading - Level Blueprint Editor' being destroyed
[2019.01.03-11.44.35:866][993]LogSlate: Window 'BattleGround_FlatShading - Level Blueprint Editor' being destroyed
[2019.01.03-11.44.47:029][772]LogSavePackage: Moving 'E:/Unreal4/Section_04/BattleTank/BattleTank/Saved/BattleGround_FlatShading27F225914963D17571D25C8E9295AA5F.tmp' to 'E:/Unreal4/Section_04/BattleTank/BattleTank/Content/FlatShading/BattleGround_FlatShading.umap'
[2019.01.03-11.44.47:092][772]LogSavePackage: Moving 'E:/Unreal4/Section_04/BattleTank/BattleTank/Saved/BattleGround_FlatShading_BuiltDaCBCF8202477D38E7A496929D25FEB400.tmp' to 'E:/Unreal4/Section_04/BattleTank/BattleTank/Content/FlatShading/BattleGround_FlatShading_BuiltData.uasset'
