Log file open, 02/07/19 20:45:31
LogWindows: Failed to load 'aqProf.dll' (GetLastError=126)
LogWindows: File 'aqProf.dll' does not exist
LogWindows: Failed to load 'VtuneApi.dll' (GetLastError=126)
LogWindows: File 'VtuneApi.dll' does not exist
LogWindows: Failed to load 'VtuneApi32e.dll' (GetLastError=126)
LogWindows: File 'VtuneApi32e.dll' does not exist
LogConsoleResponse: Display: Failed to find resolution value strings in scalability ini. Falling back to default.
LogInit: Display: Running engine for game: BattleTank
LogPakFile: Registered encryption key '00000000000000000000000000000000': 0 pak files mounted, 0 remain pending
LogPlatformFile: Not using cached read wrapper
LogTaskGraph: Started task graph with 5 named threads and 47 total threads with 3 sets of task threads.
LogStats: Stats thread started at 0.535944
LogD3D11RHI: Loaded GFSDK_Aftermath_Lib.x64.dll
LogICUInternationalization: ICU TimeZone Detection - Raw Offset: +9:00, Platform Override: ''
LogPluginManager: Mounting plugin Paper2D
LogPluginManager: Mounting plugin AISupport
LogPluginManager: Mounting plugin LightPropagationVolume
LogPluginManager: Mounting plugin ActorLayerUtilities
LogPluginManager: Mounting plugin CLionSourceCodeAccess
LogPluginManager: Mounting plugin CodeLiteSourceCodeAccess
LogPluginManager: Mounting plugin GitSourceControl
LogPluginManager: Mounting plugin KDevelopSourceCodeAccess
LogPluginManager: Mounting plugin NullSourceCodeAccess
LogPluginManager: Mounting plugin PerforceSourceControl
LogPluginManager: Mounting plugin SubversionSourceControl
LogPluginManager: Mounting plugin UObjectPlugin
LogPluginManager: Mounting plugin VisualStudioCodeSourceCodeAccess
LogPluginManager: Mounting plugin VisualStudioSourceCodeAccess
LogPluginManager: Mounting plugin XCodeSourceCodeAccess
LogPluginManager: Mounting plugin AssetManagerEditor
LogPluginManager: Mounting plugin CryptoKeys
LogPluginManager: Mounting plugin DataValidation
LogPluginManager: Mounting plugin FacialAnimation
LogPluginManager: Mounting plugin GameplayTagsEditor
LogPluginManager: Mounting plugin MacGraphicsSwitching
LogPluginManager: Mounting plugin MeshEditor
LogPluginManager: Mounting plugin MobileLauncherProfileWizard
LogPluginManager: Mounting plugin PluginBrowser
LogPluginManager: Mounting plugin SpeedTreeImporter
LogPluginManager: Mounting plugin DatasmithContent
LogPluginManager: Mounting plugin VariantManagerContent
LogPluginManager: Mounting plugin AlembicImporter
LogPluginManager: Mounting plugin AppleImageUtils
LogPluginManager: Mounting plugin AppleVision
LogPluginManager: Mounting plugin BackChannel
LogPluginManager: Mounting plugin CharacterAI
LogPluginManager: Mounting plugin GeometryCache
LogPluginManager: Mounting plugin HTML5Networking
LogPluginManager: Mounting plugin ProxyLODPlugin
LogPluginManager: Mounting plugin MagicLeap
LogPluginManager: Mounting plugin MagicLeapMedia
LogPluginManager: Mounting plugin AndroidMedia
LogPluginManager: Mounting plugin AvfMedia
LogPluginManager: Mounting plugin ImgMedia
LogPluginManager: Mounting plugin LinearTimecode
LogPluginManager: Mounting plugin MediaCompositing
LogPluginManager: Mounting plugin MediaPlayerEditor
LogPluginManager: Mounting plugin WebMMedia
LogPluginManager: Mounting plugin WmfMedia
LogPluginManager: Mounting plugin TcpMessaging
LogPluginManager: Mounting plugin UdpMessaging
LogPluginManager: Mounting plugin ActorSequence
LogPluginManager: Mounting plugin LevelSequenceEditor
LogPluginManager: Mounting plugin MatineeToLevelSequence
LogPluginManager: Mounting plugin NetcodeUnitTest
LogPluginManager: Mounting plugin NUTUnrealEngine4
LogPluginManager: Mounting plugin OnlineSubsystemGooglePlay
LogPluginManager: Mounting plugin OnlineSubsystemIOS
LogPluginManager: Mounting plugin OnlineSubsystem
LogPluginManager: Mounting plugin OnlineSubsystemNull
LogPluginManager: Mounting plugin OnlineSubsystemUtils
LogPluginManager: Mounting plugin LauncherChunkInstaller
LogPluginManager: Mounting plugin AndroidDeviceProfileSelector
LogPluginManager: Mounting plugin AndroidMoviePlayer
LogPluginManager: Mounting plugin AndroidPermission
LogPluginManager: Mounting plugin AppleMoviePlayer
LogPluginManager: Mounting plugin ArchVisCharacter
LogPluginManager: Mounting plugin AudioCapture
LogPluginManager: Mounting plugin CableComponent
LogPluginManager: Mounting plugin CustomMeshComponent
LogPluginManager: Mounting plugin EditableMesh
LogPluginManager: Mounting plugin ExampleDeviceProfileSelector
LogPluginManager: Mounting plugin Firebase
LogPluginManager: Mounting plugin GoogleCloudMessaging
LogPluginManager: Mounting plugin IOSDeviceProfileSelector
LogPluginManager: Mounting plugin LinuxDeviceProfileSelector
LogPluginManager: Mounting plugin LocationServicesBPLibrary
LogPluginManager: Mounting plugin MobilePatchingUtils
LogPluginManager: Mounting plugin OculusVR
LogPluginManager: Mounting plugin PhysXVehicles
LogPluginManager: Mounting plugin ProceduralMeshComponent
LogPluginManager: Mounting plugin RuntimePhysXCooking
LogPluginManager: Mounting plugin SteamVR
LogPluginManager: Mounting plugin WebMMoviePlayer
LogPluginManager: Mounting plugin WindowsMoviePlayer
LogStreaming: Display: Took  0.080s to configure plugins.
LogInit: Using libcurl 7.55.1-DEV
LogInit:  - built for x86_64-pc-win32
LogInit:  - supports SSL with OpenSSL/1.0.2h
LogInit:  - supports HTTP deflate (compression) using libz 1.2.8
LogInit:  - other features:
LogInit:      CURL_VERSION_SSL
LogInit:      CURL_VERSION_LIBZ
LogInit:      CURL_VERSION_IPV6
LogInit:      CURL_VERSION_ASYNCHDNS
LogInit:      CURL_VERSION_LARGEFILE
LogInit:      CURL_VERSION_IDN
LogInit:  CurlRequestOptions (configurable via config and command line):
LogInit:  - bVerifyPeer = true  - Libcurl will verify peer certificate
LogInit:  - bUseHttpProxy = false  - Libcurl will NOT use HTTP proxy
LogInit:  - bDontReuseConnections = false  - Libcurl will reuse connections
LogInit:  - MaxHostConnections = 16  - Libcurl will limit the number of connections to a host
LogInit:  - LocalHostAddr = Default
LogInit:  - BufferSize = 65536
LogInit: WinSock: version 1.1 (2.2), MaxSocks=32767, MaxUdp=65467
LogInit: Build: ++UE4+Release-4.21-CL-4541578
LogInit: Engine Version: 4.21.0-4541578+++UE4+Release-4.21
LogInit: Compatible Engine Version: 4.21.0-4541578+++UE4+Release-4.21
LogInit: Net CL: 4541578
LogInit: OS: Windows 10 (), CPU: AMD Ryzen 7 2700X Eight-Core Processor         , GPU: NVIDIA GeForce RTX 2080
LogInit: Compiled (64-bit): Nov  6 2018 02:04:24
LogInit: Compiled with Visual C++: 19.13.26129.00
LogInit: Build Configuration: Development
LogInit: Branch Name: ++UE4+Release-4.21
LogInit: Command Line: 
LogInit: Base Directory: C:/Program Files/Epic Games/UE_4.21/Engine/Binaries/Win64/
LogInit: Installed Engine Build: 1
LogDevObjectVersion: Number of dev versions registered: 22
LogDevObjectVersion:   Dev-Blueprints (B0D832E4-1F89-4F0D-ACCF-7EB736FD4AA2): 10
LogDevObjectVersion:   Dev-Build (E1C64328-A22C-4D53-A36C-8E866417BD8C): 0
LogDevObjectVersion:   Dev-Core (375EC13C-06E4-48FB-B500-84F0262A717E): 2
LogDevObjectVersion:   Dev-Editor (E4B068ED-F494-42E9-A231-DA0B2E46BB41): 26
LogDevObjectVersion:   Dev-Framework (CFFC743F-43B0-4480-9391-14DF171D2073): 34
LogDevObjectVersion:   Dev-Mobile (B02B49B5-BB20-44E9-A304-32B752E40360): 2
LogDevObjectVersion:   Dev-Networking (A4E4105C-59A1-49B5-A7C5-40C4547EDFEE): 0
LogDevObjectVersion:   Dev-Online (39C831C9-5AE6-47DC-9A44-9C173E1C8E7C): 0
LogDevObjectVersion:   Dev-Physics (78F01B33-EBEA-4F98-B9B4-84EACCB95AA2): 0
LogDevObjectVersion:   Dev-Platform (6631380F-2D4D-43E0-8009-CF276956A95A): 0
LogDevObjectVersion:   Dev-Rendering (12F88B9F-8875-4AFC-A67C-D90C383ABD29): 27
LogDevObjectVersion:   Dev-Sequencer (7B5AE74C-D270-4C10-A958-57980B212A5A): 9
LogDevObjectVersion:   Dev-VR (D7296918-1DD6-4BDD-9DE2-64A83CC13884): 2
LogDevObjectVersion:   Dev-LoadTimes (C2A15278-BFE7-4AFE-6C17-90FF531DF755): 1
LogDevObjectVersion:   Private-Geometry (6EACA3D4-40EC-4CC1-B786-8BED09428FC5): 3
LogDevObjectVersion:   Dev-AnimPhys (29E575DD-E0A3-4627-9D10-D276232CDCEA): 17
LogDevObjectVersion:   Dev-Anim (AF43A65D-7FD3-4947-9873-3E8ED9C1BB05): 2
LogDevObjectVersion:   Dev-ReflectionCapture (6B266CEC-1EC7-4B8F-A30B-E4D90942FC07): 1
LogDevObjectVersion:   Dev-Automation (0DF73D61-A23F-47EA-B727-89E90C41499A): 1
LogDevObjectVersion:   FortniteMain (601D1886-AC64-4F84-AA16-D3DE0DEAC7D6): 17
LogDevObjectVersion:   Dev-Enterprise (9DFFBCD6-494F-0158-E221-12823C92A888): 4
LogDevObjectVersion:   Dev-Niagara (F2AED0AC-9AFE-416F-8664-AA7FFA26D6FC): 1
LogStreaming: Display: Took  0.000s to delete old logs.
LogInit: Presizing for max 8388607 objects, including 0 objects not considered by GC, pre-allocating 0 bytes for permanent pool.
LogInit: Object subsystem initialized
LogConfig: Setting CVar [[con.DebugEarlyDefault:1]]
LogConfig: Setting CVar [[r.setres:1280x720]]
[2019.02.07-11.45.31:683][  0]LogConfig: Setting CVar [[r.VSync:0]]
[2019.02.07-11.45.31:683][  0]LogConfig: Setting CVar [[r.RHICmdBypass:0]]
[2019.02.07-11.45.31:683][  0]LogConfig: Applying CVar settings from Section [/Script/Engine.RendererSettings] File [E:/Unreal4/Section_04/BattleTank-1/BattleTank/BattleTank/Saved/Config/Windows/Engine.ini]
[2019.02.07-11.45.31:683][  0]LogConfig: Setting CVar [[r.GPUCrashDebugging:0]]
[2019.02.07-11.45.31:683][  0]LogConfig: Applying CVar settings from Section [/Script/Engine.RendererOverrideSettings] File [E:/Unreal4/Section_04/BattleTank-1/BattleTank/BattleTank/Saved/Config/Windows/Engine.ini]
[2019.02.07-11.45.31:683][  0]LogConfig: Applying CVar settings from Section [/Script/Engine.StreamingSettings] File [E:/Unreal4/Section_04/BattleTank-1/BattleTank/BattleTank/Saved/Config/Windows/Engine.ini]
[2019.02.07-11.45.31:683][  0]LogConfig: Setting CVar [[s.MinBulkDataSizeForAsyncLoading:131072]]
[2019.02.07-11.45.31:683][  0]LogConfig: Setting CVar [[s.AsyncLoadingThreadEnabled:0]]
[2019.02.07-11.45.31:683][  0]LogConfig: Setting CVar [[s.EventDrivenLoaderEnabled:1]]
[2019.02.07-11.45.31:683][  0]LogConfig: Setting CVar [[s.WarnIfTimeLimitExceeded:0]]
[2019.02.07-11.45.31:683][  0]LogConfig: Setting CVar [[s.TimeLimitExceededMultiplier:1.5]]
[2019.02.07-11.45.31:683][  0]LogConfig: Setting CVar [[s.TimeLimitExceededMinTime:0.005]]
[2019.02.07-11.45.31:683][  0]LogConfig: Setting CVar [[s.UseBackgroundLevelStreaming:1]]
[2019.02.07-11.45.31:683][  0]LogConfig: Setting CVar [[s.PriorityAsyncLoadingExtraTime:15.0]]
[2019.02.07-11.45.31:683][  0]LogConfig: Setting CVar [[s.LevelStreamingActorsUpdateTimeLimit:5.0]]
[2019.02.07-11.45.31:683][  0]LogConfig: Setting CVar [[s.PriorityLevelStreamingActorsUpdateExtraTime:5.0]]
[2019.02.07-11.45.31:683][  0]LogConfig: Setting CVar [[s.LevelStreamingComponentsRegistrationGranularity:10]]
[2019.02.07-11.45.31:683][  0]LogConfig: Setting CVar [[s.UnregisterComponentsTimeLimit:1.0]]
[2019.02.07-11.45.31:683][  0]LogConfig: Setting CVar [[s.LevelStreamingComponentsUnregistrationGranularity:5]]
[2019.02.07-11.45.31:683][  0]LogConfig: Applying CVar settings from Section [/Script/Engine.GarbageCollectionSettings] File [E:/Unreal4/Section_04/BattleTank-1/BattleTank/BattleTank/Saved/Config/Windows/Engine.ini]
[2019.02.07-11.45.31:683][  0]LogConfig: Setting CVar [[gc.MaxObjectsNotConsideredByGC:1]]
[2019.02.07-11.45.31:683][  0]LogConfig: Setting CVar [[gc.SizeOfPermanentObjectPool:0]]
[2019.02.07-11.45.31:683][  0]LogConfig: Setting CVar [[gc.FlushStreamingOnGC:0]]
[2019.02.07-11.45.31:683][  0]LogConfig: Setting CVar [[gc.NumRetriesBeforeForcingGC:10]]
[2019.02.07-11.45.31:683][  0]LogConfig: Setting CVar [[gc.AllowParallelGC:1]]
[2019.02.07-11.45.31:683][  0]LogConfig: Setting CVar [[gc.TimeBetweenPurgingPendingKillObjects:61.1]]
[2019.02.07-11.45.31:684][  0]LogConfig: Setting CVar [[gc.MaxObjectsInEditor:8388607]]
[2019.02.07-11.45.31:684][  0]LogConfig: Setting CVar [[gc.IncrementalBeginDestroyEnabled:1]]
[2019.02.07-11.45.31:684][  0]LogConfig: Setting CVar [[gc.CreateGCClusters:1]]
[2019.02.07-11.45.31:684][  0]LogConfig: Setting CVar [[gc.MergeGCClusters:0]]
[2019.02.07-11.45.31:684][  0]LogConfig: Setting CVar [[gc.MinGCClusterSize:5]]
[2019.02.07-11.45.31:684][  0]LogConfig: Setting CVar [[gc.ActorClusteringEnabled:0]]
[2019.02.07-11.45.31:684][  0]LogConfig: Setting CVar [[gc.BlueprintClusteringEnabled:0]]
[2019.02.07-11.45.31:684][  0]LogConfig: Setting CVar [[gc.UseDisregardForGCOnDedicatedServers:0]]
[2019.02.07-11.45.31:684][  0]LogConfig: Applying CVar settings from Section [/Script/Engine.NetworkSettings] File [E:/Unreal4/Section_04/BattleTank-1/BattleTank/BattleTank/Saved/Config/Windows/Engine.ini]
[2019.02.07-11.45.31:684][  0]LogConfig: Applying CVar settings from Section [/Script/UnrealEd.CookerSettings] File [E:/Unreal4/Section_04/BattleTank-1/BattleTank/BattleTank/Saved/Config/Windows/Engine.ini]
[2019.02.07-11.45.31:687][  0]LogConfig: Applying CVar settings from Section [ViewDistanceQuality@3] File [E:/Unreal4/Section_04/BattleTank-1/BattleTank/BattleTank/Saved/Config/Windows/Scalability.ini]
[2019.02.07-11.45.31:687][  0]LogConfig: Setting CVar [[r.SkeletalMeshLODBias:0]]
[2019.02.07-11.45.31:687][  0]LogConfig: Setting CVar [[r.ViewDistanceScale:1.0]]
[2019.02.07-11.45.31:687][  0]LogConfig: Applying CVar settings from Section [AntiAliasingQuality@3] File [E:/Unreal4/Section_04/BattleTank-1/BattleTank/BattleTank/Saved/Config/Windows/Scalability.ini]
[2019.02.07-11.45.31:687][  0]LogConfig: Setting CVar [[r.PostProcessAAQuality:4]]
[2019.02.07-11.45.31:687][  0]LogConfig: Applying CVar settings from Section [ShadowQuality@3] File [E:/Unreal4/Section_04/BattleTank-1/BattleTank/BattleTank/Saved/Config/Windows/Scalability.ini]
[2019.02.07-11.45.31:687][  0]LogConfig: Setting CVar [[r.LightFunctionQuality:1]]
[2019.02.07-11.45.31:687][  0]LogConfig: Setting CVar [[r.ShadowQuality:5]]
[2019.02.07-11.45.31:687][  0]LogConfig: Setting CVar [[r.Shadow.CSM.MaxCascades:10]]
[2019.02.07-11.45.31:687][  0]LogConfig: Setting CVar [[r.Shadow.MaxResolution:2048]]
[2019.02.07-11.45.31:687][  0]LogConfig: Setting CVar [[r.Shadow.MaxCSMResolution:2048]]
[2019.02.07-11.45.31:687][  0]LogConfig: Setting CVar [[r.Shadow.RadiusThreshold:0.01]]
[2019.02.07-11.45.31:687][  0]LogConfig: Setting CVar [[r.Shadow.DistanceScale:1.0]]
[2019.02.07-11.45.31:688][  0]LogConfig: Setting CVar [[r.Shadow.CSM.TransitionScale:1.0]]
[2019.02.07-11.45.31:688][  0]LogConfig: Setting CVar [[r.Shadow.PreShadowResolutionFactor:1.0]]
[2019.02.07-11.45.31:688][  0]LogConfig: Setting CVar [[r.DistanceFieldShadowing:1]]
[2019.02.07-11.45.31:688][  0]LogConfig: Setting CVar [[r.DistanceFieldAO:1]]
[2019.02.07-11.45.31:688][  0]LogConfig: Setting CVar [[r.AOQuality:2]]
[2019.02.07-11.45.31:688][  0]LogConfig: Setting CVar [[r.VolumetricFog:1]]
[2019.02.07-11.45.31:688][  0]LogConfig: Setting CVar [[r.VolumetricFog.GridPixelSize:8]]
[2019.02.07-11.45.31:688][  0]LogConfig: Setting CVar [[r.VolumetricFog.GridSizeZ:128]]
[2019.02.07-11.45.31:688][  0]LogConfig: Setting CVar [[r.VolumetricFog.HistoryMissSupersampleCount:4]]
[2019.02.07-11.45.31:688][  0]LogConfig: Setting CVar [[r.LightMaxDrawDistanceScale:1]]
[2019.02.07-11.45.31:688][  0]LogConfig: Setting CVar [[r.CapsuleShadows:1]]
[2019.02.07-11.45.31:688][  0]LogConfig: Applying CVar settings from Section [PostProcessQuality@3] File [E:/Unreal4/Section_04/BattleTank-1/BattleTank/BattleTank/Saved/Config/Windows/Scalability.ini]
[2019.02.07-11.45.31:688][  0]LogConfig: Setting CVar [[r.MotionBlurQuality:4]]
[2019.02.07-11.45.31:688][  0]LogConfig: Setting CVar [[r.AmbientOcclusionMipLevelFactor:0.4]]
[2019.02.07-11.45.31:688][  0]LogConfig: Setting CVar [[r.AmbientOcclusionMaxQuality:100]]
[2019.02.07-11.45.31:688][  0]LogConfig: Setting CVar [[r.AmbientOcclusionLevels:-1]]
[2019.02.07-11.45.31:688][  0]LogConfig: Setting CVar [[r.AmbientOcclusionRadiusScale:1.0]]
[2019.02.07-11.45.31:688][  0]LogConfig: Setting CVar [[r.DepthOfFieldQuality:2]]
[2019.02.07-11.45.31:688][  0]LogConfig: Setting CVar [[r.RenderTargetPoolMin:400]]
[2019.02.07-11.45.31:688][  0]LogConfig: Setting CVar [[r.LensFlareQuality:2]]
[2019.02.07-11.45.31:688][  0]LogConfig: Setting CVar [[r.SceneColorFringeQuality:1]]
[2019.02.07-11.45.31:688][  0]LogConfig: Setting CVar [[r.EyeAdaptationQuality:2]]
[2019.02.07-11.45.31:688][  0]LogConfig: Setting CVar [[r.BloomQuality:5]]
[2019.02.07-11.45.31:688][  0]LogConfig: Setting CVar [[r.FastBlurThreshold:100]]
[2019.02.07-11.45.31:688][  0]LogConfig: Setting CVar [[r.Upscale.Quality:3]]
[2019.02.07-11.45.31:688][  0]LogConfig: Setting CVar [[r.Tonemapper.GrainQuantization:1]]
[2019.02.07-11.45.31:688][  0]LogConfig: Setting CVar [[r.LightShaftQuality:1]]
[2019.02.07-11.45.31:688][  0]LogConfig: Setting CVar [[r.Filter.SizeScale:1]]
[2019.02.07-11.45.31:688][  0]LogConfig: Setting CVar [[r.Tonemapper.Quality:5]]
[2019.02.07-11.45.31:688][  0]LogConfig: Setting CVar [[r.DOF.Gather.AccumulatorQuality:1        ; higher gathering accumulator quality]]
[2019.02.07-11.45.31:688][  0]LogConfig: Setting CVar [[r.DOF.Gather.PostfilterMethod:1          ; Median3x3 postfilering method]]
[2019.02.07-11.45.31:688][  0]LogConfig: Setting CVar [[r.DOF.Gather.EnableBokehSettings:0       ; no bokeh simulation when gathering]]
[2019.02.07-11.45.31:688][  0]LogConfig: Setting CVar [[r.DOF.Gather.RingCount:4                 ; medium number of samples when gathering]]
[2019.02.07-11.45.31:688][  0]LogConfig: Setting CVar [[r.DOF.Scatter.ForegroundCompositing:1    ; additive foreground scattering]]
[2019.02.07-11.45.31:688][  0]LogConfig: Setting CVar [[r.DOF.Scatter.BackgroundCompositing:2    ; additive background scattering]]
[2019.02.07-11.45.31:688][  0]LogConfig: Setting CVar [[r.DOF.Scatter.EnableBokehSettings:1      ; bokeh simulation when scattering]]
[2019.02.07-11.45.31:688][  0]LogConfig: Setting CVar [[r.DOF.Scatter.MaxSpriteRatio:0.1         ; only a maximum of 10% of scattered bokeh]]
[2019.02.07-11.45.31:688][  0]LogConfig: Setting CVar [[r.DOF.Recombine.Quality:1                ; cheap slight out of focus]]
[2019.02.07-11.45.31:688][  0]LogConfig: Setting CVar [[r.DOF.Recombine.EnableBokehSettings:0    ; no bokeh simulation on slight out of focus]]
[2019.02.07-11.45.31:688][  0]LogConfig: Setting CVar [[r.DOF.TemporalAAQuality:1                ; more stable temporal accumulation]]
[2019.02.07-11.45.31:688][  0]LogConfig: Setting CVar [[r.DOF.Kernel.MaxForegroundRadius:0.025]]
[2019.02.07-11.45.31:688][  0]LogConfig: Setting CVar [[r.DOF.Kernel.MaxBackgroundRadius:0.025]]
[2019.02.07-11.45.31:688][  0]LogConfig: Applying CVar settings from Section [TextureQuality@3] File [E:/Unreal4/Section_04/BattleTank-1/BattleTank/BattleTank/Saved/Config/Windows/Scalability.ini]
[2019.02.07-11.45.31:688][  0]LogConfig: Setting CVar [[r.Streaming.MipBias:0]]
[2019.02.07-11.45.31:688][  0]LogConfig: Setting CVar [[r.Streaming.AmortizeCPUToGPUCopy:0]]
[2019.02.07-11.45.31:688][  0]LogConfig: Setting CVar [[r.Streaming.MaxNumTexturesToStreamPerFrame:0]]
[2019.02.07-11.45.31:688][  0]LogConfig: Setting CVar [[r.Streaming.Boost:1]]
[2019.02.07-11.45.31:688][  0]LogConfig: Setting CVar [[r.MaxAnisotropy:8]]
[2019.02.07-11.45.31:688][  0]LogConfig: Setting CVar [[r.Streaming.LimitPoolSizeToVRAM:0]]
[2019.02.07-11.45.31:688][  0]LogConfig: Setting CVar [[r.Streaming.PoolSize:1000]]
[2019.02.07-11.45.31:688][  0]LogConfig: Setting CVar [[r.Streaming.MaxEffectiveScreenSize:0]]
[2019.02.07-11.45.31:688][  0]LogConfig: Applying CVar settings from Section [EffectsQuality@3] File [E:/Unreal4/Section_04/BattleTank-1/BattleTank/BattleTank/Saved/Config/Windows/Scalability.ini]
[2019.02.07-11.45.31:688][  0]LogConfig: Setting CVar [[r.TranslucencyLightingVolumeDim:64]]
[2019.02.07-11.45.31:688][  0]LogConfig: Setting CVar [[r.RefractionQuality:2]]
[2019.02.07-11.45.31:688][  0]LogConfig: Setting CVar [[r.SSR.Quality:3]]
[2019.02.07-11.45.31:688][  0]LogConfig: Setting CVar [[r.SceneColorFormat:4]]
[2019.02.07-11.45.31:688][  0]LogConfig: Setting CVar [[r.DetailMode:2]]
[2019.02.07-11.45.31:688][  0]LogConfig: Setting CVar [[r.TranslucencyVolumeBlur:1]]
[2019.02.07-11.45.31:688][  0]LogConfig: Setting CVar [[r.MaterialQualityLevel:1 ; High quality]]
[2019.02.07-11.45.31:688][  0]LogConfig: Setting CVar [[r.SSS.Scale:1]]
[2019.02.07-11.45.31:688][  0]LogConfig: Setting CVar [[r.SSS.SampleSet:2]]
[2019.02.07-11.45.31:688][  0]LogConfig: Setting CVar [[r.SSS.Quality:1]]
[2019.02.07-11.45.31:688][  0]LogConfig: Setting CVar [[r.SSS.HalfRes:1]]
[2019.02.07-11.45.31:688][  0]LogConfig: Setting CVar [[r.EmitterSpawnRateScale:1.0]]
[2019.02.07-11.45.31:688][  0]LogConfig: Setting CVar [[r.ParticleLightQuality:2]]
[2019.02.07-11.45.31:688][  0]LogConfig: Applying CVar settings from Section [FoliageQuality@3] File [E:/Unreal4/Section_04/BattleTank-1/BattleTank/BattleTank/Saved/Config/Windows/Scalability.ini]
[2019.02.07-11.45.31:688][  0]LogConfig: Setting CVar [[foliage.DensityScale:1.0]]
[2019.02.07-11.45.31:688][  0]LogConfig: Setting CVar [[grass.DensityScale:1.0]]
[2019.02.07-11.45.31:688][  0]LogInit: Selected Device Profile: [Windows]
[2019.02.07-11.45.31:688][  0]LogInit: Applying CVar settings loaded from the selected device profile: [Windows]
[2019.02.07-11.45.31:705][  0]LogHAL: Display: Platform has ~ 16 GB [17107632128 / 17179869184 / 16], which maps to Larger [LargestMinGB=32, LargerMinGB=12, DefaultMinGB=8, SmallerMinGB=6, SmallestMinGB=0)
[2019.02.07-11.45.31:705][  0]LogConfig: Setting CVar [[r.Vulkan.UseRealUBs:1]]
[2019.02.07-11.45.31:705][  0]LogInit: Going up to parent DeviceProfile []
[2019.02.07-11.45.31:705][  0]LogConfig: Applying CVar settings from Section [ViewDistanceQuality@3] File [E:/Unreal4/Section_04/BattleTank-1/BattleTank/BattleTank/Saved/Config/Windows/Scalability.ini]
[2019.02.07-11.45.31:705][  0]LogConfig: Setting CVar [[r.SkeletalMeshLODBias:0]]
[2019.02.07-11.45.31:705][  0]LogConfig: Setting CVar [[r.ViewDistanceScale:1.0]]
[2019.02.07-11.45.31:705][  0]LogConfig: Applying CVar settings from Section [AntiAliasingQuality@3] File [E:/Unreal4/Section_04/BattleTank-1/BattleTank/BattleTank/Saved/Config/Windows/Scalability.ini]
[2019.02.07-11.45.31:705][  0]LogConfig: Setting CVar [[r.PostProcessAAQuality:4]]
[2019.02.07-11.45.31:705][  0]LogConfig: Applying CVar settings from Section [ShadowQuality@3] File [E:/Unreal4/Section_04/BattleTank-1/BattleTank/BattleTank/Saved/Config/Windows/Scalability.ini]
[2019.02.07-11.45.31:705][  0]LogConfig: Setting CVar [[r.LightFunctionQuality:1]]
[2019.02.07-11.45.31:705][  0]LogConfig: Setting CVar [[r.ShadowQuality:5]]
[2019.02.07-11.45.31:705][  0]LogConfig: Setting CVar [[r.Shadow.CSM.MaxCascades:10]]
[2019.02.07-11.45.31:705][  0]LogConfig: Setting CVar [[r.Shadow.MaxResolution:2048]]
[2019.02.07-11.45.31:705][  0]LogConfig: Setting CVar [[r.Shadow.MaxCSMResolution:2048]]
[2019.02.07-11.45.31:705][  0]LogConfig: Setting CVar [[r.Shadow.RadiusThreshold:0.01]]
[2019.02.07-11.45.31:705][  0]LogConfig: Setting CVar [[r.Shadow.DistanceScale:1.0]]
[2019.02.07-11.45.31:705][  0]LogConfig: Setting CVar [[r.Shadow.CSM.TransitionScale:1.0]]
[2019.02.07-11.45.31:705][  0]LogConfig: Setting CVar [[r.Shadow.PreShadowResolutionFactor:1.0]]
[2019.02.07-11.45.31:705][  0]LogConfig: Setting CVar [[r.DistanceFieldShadowing:1]]
[2019.02.07-11.45.31:705][  0]LogConfig: Setting CVar [[r.DistanceFieldAO:1]]
[2019.02.07-11.45.31:705][  0]LogConfig: Setting CVar [[r.AOQuality:2]]
[2019.02.07-11.45.31:705][  0]LogConfig: Setting CVar [[r.VolumetricFog:1]]
[2019.02.07-11.45.31:705][  0]LogConfig: Setting CVar [[r.VolumetricFog.GridPixelSize:8]]
[2019.02.07-11.45.31:705][  0]LogConfig: Setting CVar [[r.VolumetricFog.GridSizeZ:128]]
[2019.02.07-11.45.31:705][  0]LogConfig: Setting CVar [[r.VolumetricFog.HistoryMissSupersampleCount:4]]
[2019.02.07-11.45.31:705][  0]LogConfig: Setting CVar [[r.LightMaxDrawDistanceScale:1]]
[2019.02.07-11.45.31:705][  0]LogConfig: Setting CVar [[r.CapsuleShadows:1]]
[2019.02.07-11.45.31:705][  0]LogConfig: Applying CVar settings from Section [PostProcessQuality@3] File [E:/Unreal4/Section_04/BattleTank-1/BattleTank/BattleTank/Saved/Config/Windows/Scalability.ini]
[2019.02.07-11.45.31:706][  0]LogConfig: Setting CVar [[r.MotionBlurQuality:4]]
[2019.02.07-11.45.31:706][  0]LogConfig: Setting CVar [[r.AmbientOcclusionMipLevelFactor:0.4]]
[2019.02.07-11.45.31:706][  0]LogConfig: Setting CVar [[r.AmbientOcclusionMaxQuality:100]]
[2019.02.07-11.45.31:706][  0]LogConfig: Setting CVar [[r.AmbientOcclusionLevels:-1]]
[2019.02.07-11.45.31:706][  0]LogConfig: Setting CVar [[r.AmbientOcclusionRadiusScale:1.0]]
[2019.02.07-11.45.31:706][  0]LogConfig: Setting CVar [[r.DepthOfFieldQuality:2]]
[2019.02.07-11.45.31:706][  0]LogConfig: Setting CVar [[r.RenderTargetPoolMin:400]]
[2019.02.07-11.45.31:706][  0]LogConfig: Setting CVar [[r.LensFlareQuality:2]]
[2019.02.07-11.45.31:706][  0]LogConfig: Setting CVar [[r.SceneColorFringeQuality:1]]
[2019.02.07-11.45.31:706][  0]LogConfig: Setting CVar [[r.EyeAdaptationQuality:2]]
[2019.02.07-11.45.31:706][  0]LogConfig: Setting CVar [[r.BloomQuality:5]]
[2019.02.07-11.45.31:706][  0]LogConfig: Setting CVar [[r.FastBlurThreshold:100]]
[2019.02.07-11.45.31:706][  0]LogConfig: Setting CVar [[r.Upscale.Quality:3]]
[2019.02.07-11.45.31:706][  0]LogConfig: Setting CVar [[r.Tonemapper.GrainQuantization:1]]
[2019.02.07-11.45.31:706][  0]LogConfig: Setting CVar [[r.LightShaftQuality:1]]
[2019.02.07-11.45.31:706][  0]LogConfig: Setting CVar [[r.Filter.SizeScale:1]]
[2019.02.07-11.45.31:706][  0]LogConfig: Setting CVar [[r.Tonemapper.Quality:5]]
[2019.02.07-11.45.31:706][  0]LogConfig: Setting CVar [[r.DOF.Gather.AccumulatorQuality:1        ; higher gathering accumulator quality]]
[2019.02.07-11.45.31:706][  0]LogConfig: Setting CVar [[r.DOF.Gather.PostfilterMethod:1          ; Median3x3 postfilering method]]
[2019.02.07-11.45.31:706][  0]LogConfig: Setting CVar [[r.DOF.Gather.EnableBokehSettings:0       ; no bokeh simulation when gathering]]
[2019.02.07-11.45.31:706][  0]LogConfig: Setting CVar [[r.DOF.Gather.RingCount:4                 ; medium number of samples when gathering]]
[2019.02.07-11.45.31:706][  0]LogConfig: Setting CVar [[r.DOF.Scatter.ForegroundCompositing:1    ; additive foreground scattering]]
[2019.02.07-11.45.31:706][  0]LogConfig: Setting CVar [[r.DOF.Scatter.BackgroundCompositing:2    ; additive background scattering]]
[2019.02.07-11.45.31:706][  0]LogConfig: Setting CVar [[r.DOF.Scatter.EnableBokehSettings:1      ; bokeh simulation when scattering]]
[2019.02.07-11.45.31:706][  0]LogConfig: Setting CVar [[r.DOF.Scatter.MaxSpriteRatio:0.1         ; only a maximum of 10% of scattered bokeh]]
[2019.02.07-11.45.31:706][  0]LogConfig: Setting CVar [[r.DOF.Recombine.Quality:1                ; cheap slight out of focus]]
[2019.02.07-11.45.31:706][  0]LogConfig: Setting CVar [[r.DOF.Recombine.EnableBokehSettings:0    ; no bokeh simulation on slight out of focus]]
[2019.02.07-11.45.31:706][  0]LogConfig: Setting CVar [[r.DOF.TemporalAAQuality:1                ; more stable temporal accumulation]]
[2019.02.07-11.45.31:706][  0]LogConfig: Setting CVar [[r.DOF.Kernel.MaxForegroundRadius:0.025]]
[2019.02.07-11.45.31:706][  0]LogConfig: Setting CVar [[r.DOF.Kernel.MaxBackgroundRadius:0.025]]
[2019.02.07-11.45.31:706][  0]LogConfig: Applying CVar settings from Section [TextureQuality@3] File [E:/Unreal4/Section_04/BattleTank-1/BattleTank/BattleTank/Saved/Config/Windows/Scalability.ini]
[2019.02.07-11.45.31:706][  0]LogConfig: Setting CVar [[r.Streaming.MipBias:0]]
[2019.02.07-11.45.31:706][  0]LogConfig: Setting CVar [[r.Streaming.AmortizeCPUToGPUCopy:0]]
[2019.02.07-11.45.31:706][  0]LogConfig: Setting CVar [[r.Streaming.MaxNumTexturesToStreamPerFrame:0]]
[2019.02.07-11.45.31:706][  0]LogConfig: Setting CVar [[r.Streaming.Boost:1]]
[2019.02.07-11.45.31:706][  0]LogConfig: Setting CVar [[r.MaxAnisotropy:8]]
[2019.02.07-11.45.31:706][  0]LogConfig: Setting CVar [[r.Streaming.LimitPoolSizeToVRAM:0]]
[2019.02.07-11.45.31:706][  0]LogConfig: Setting CVar [[r.Streaming.PoolSize:1000]]
[2019.02.07-11.45.31:706][  0]LogConfig: Setting CVar [[r.Streaming.MaxEffectiveScreenSize:0]]
[2019.02.07-11.45.31:706][  0]LogConfig: Applying CVar settings from Section [EffectsQuality@3] File [E:/Unreal4/Section_04/BattleTank-1/BattleTank/BattleTank/Saved/Config/Windows/Scalability.ini]
[2019.02.07-11.45.31:706][  0]LogConfig: Setting CVar [[r.TranslucencyLightingVolumeDim:64]]
[2019.02.07-11.45.31:706][  0]LogConfig: Setting CVar [[r.RefractionQuality:2]]
[2019.02.07-11.45.31:706][  0]LogConfig: Setting CVar [[r.SSR.Quality:3]]
[2019.02.07-11.45.31:706][  0]LogConfig: Setting CVar [[r.SceneColorFormat:4]]
[2019.02.07-11.45.31:706][  0]LogConfig: Setting CVar [[r.DetailMode:2]]
[2019.02.07-11.45.31:706][  0]LogConfig: Setting CVar [[r.TranslucencyVolumeBlur:1]]
[2019.02.07-11.45.31:706][  0]LogConfig: Setting CVar [[r.MaterialQualityLevel:1 ; High quality]]
[2019.02.07-11.45.31:706][  0]LogConfig: Setting CVar [[r.SSS.Scale:1]]
[2019.02.07-11.45.31:706][  0]LogConfig: Setting CVar [[r.SSS.SampleSet:2]]
[2019.02.07-11.45.31:706][  0]LogConfig: Setting CVar [[r.SSS.Quality:1]]
[2019.02.07-11.45.31:706][  0]LogConfig: Setting CVar [[r.SSS.HalfRes:1]]
[2019.02.07-11.45.31:706][  0]LogConfig: Setting CVar [[r.EmitterSpawnRateScale:1.0]]
[2019.02.07-11.45.31:706][  0]LogConfig: Setting CVar [[r.ParticleLightQuality:2]]
[2019.02.07-11.45.31:706][  0]LogConfig: Applying CVar settings from Section [FoliageQuality@3] File [E:/Unreal4/Section_04/BattleTank-1/BattleTank/BattleTank/Saved/Config/Windows/Scalability.ini]
[2019.02.07-11.45.31:706][  0]LogConfig: Setting CVar [[foliage.DensityScale:1.0]]
[2019.02.07-11.45.31:706][  0]LogConfig: Setting CVar [[grass.DensityScale:1.0]]
[2019.02.07-11.45.31:706][  0]LogConfig: Applying CVar settings from Section [Startup] File [../../../Engine/Config/ConsoleVariables.ini]
[2019.02.07-11.45.31:706][  0]LogConfig: Setting CVar [[net.UseAdaptiveNetUpdateFrequency:0]]
[2019.02.07-11.45.31:706][  0]LogConfig: Applying CVar settings from Section [ConsoleVariables] File [E:/Unreal4/Section_04/BattleTank-1/BattleTank/BattleTank/Saved/Config/Windows/Engine.ini]
[2019.02.07-11.45.31:707][  0]LogInit: Computer: DESKTOP-2BM5QKQ
[2019.02.07-11.45.31:707][  0]LogInit: User: joshu
[2019.02.07-11.45.31:707][  0]LogInit: CPU Page size=4096, Cores=8
[2019.02.07-11.45.31:707][  0]LogInit: High frequency timer resolution =10.000000 MHz
[2019.02.07-11.45.31:707][  0]LogMemory: Memory total: Physical=15.9GB (16GB approx)
[2019.02.07-11.45.31:707][  0]LogMemory: Platform Memory Stats for Windows
[2019.02.07-11.45.31:707][  0]LogMemory: Process Physical Memory: 105.46 MB used, 105.47 MB peak
[2019.02.07-11.45.31:707][  0]LogMemory: Process Virtual Memory: 91.44 MB used, 91.44 MB peak
[2019.02.07-11.45.31:707][  0]LogMemory: Physical Memory: 6047.90 MB used,  10267.21 MB free, 16315.11 MB total
[2019.02.07-11.45.31:707][  0]LogMemory: Virtual Memory: 4683.21 MB used,  134213048.00 MB free, 134217728.00 MB total
[2019.02.07-11.45.31:725][  0]LogInit: Overriding language with editor language configuration option (en).
[2019.02.07-11.45.31:725][  0]LogInit: Overriding locale with editor locale configuration option (en).
[2019.02.07-11.45.32:078][  0]LogStreaming: Display: Took  0.353s to InitEngineTextLocalization.
[2019.02.07-11.45.32:078][  0]LogInit: Setting process to per monitor DPI aware
[2019.02.07-11.45.32:116][  0]LogSlate: New Slate User Created.  User Index 0, Is Virtual User: 0
[2019.02.07-11.45.32:116][  0]LogSlate: Slate User Registered.  User Index 0, Is Virtual User: 0
[2019.02.07-11.45.32:321][  0]LogHMD: Failed to initialize OpenVR with code 110
[2019.02.07-11.45.32:321][  0]LogD3D11RHI: D3D11 adapters:
[2019.02.07-11.45.32:436][  0]LogD3D11RHI:    0. 'NVIDIA GeForce RTX 2080' (Feature Level 11_0)
[2019.02.07-11.45.32:436][  0]LogD3D11RHI:       8010/0/8157 MB DedicatedVideo/DedicatedSystem/SharedSystem, Outputs:1, VendorId:0x10de
[2019.02.07-11.45.32:439][  0]LogD3D11RHI:    1. 'Microsoft Basic Render Driver' (Feature Level 11_0)
[2019.02.07-11.45.32:439][  0]LogD3D11RHI:       0/0/8157 MB DedicatedVideo/DedicatedSystem/SharedSystem, Outputs:0, VendorId:0x1414
[2019.02.07-11.45.32:439][  0]LogD3D11RHI: Chosen D3D11 Adapter: 0
[2019.02.07-11.45.32:449][  0]LogD3D11RHI: Creating new Direct3DDevice
[2019.02.07-11.45.32:449][  0]LogD3D11RHI:     GPU DeviceId: 0x1e87 (for the marketing name, search the web for "GPU Device Id")
[2019.02.07-11.45.32:449][  0]LogWindows: EnumDisplayDevices:
[2019.02.07-11.45.32:449][  0]LogWindows:    0. 'NVIDIA GeForce RTX 2080' (P:1 D:1)
[2019.02.07-11.45.32:450][  0]LogWindows:    1. 'NVIDIA GeForce RTX 2080' (P:0 D:0)
[2019.02.07-11.45.32:451][  0]LogWindows:    2. 'NVIDIA GeForce RTX 2080' (P:0 D:0)
[2019.02.07-11.45.32:451][  0]LogWindows:    3. 'NVIDIA GeForce RTX 2080' (P:0 D:0)
[2019.02.07-11.45.32:452][  0]LogWindows: DebugString: FoundDriverCount:4 
[2019.02.07-11.45.32:452][  0]LogD3D11RHI:     Adapter Name: NVIDIA GeForce RTX 2080
[2019.02.07-11.45.32:452][  0]LogD3D11RHI:   Driver Version: 418.81 (internal:25.21.14.1881, unified:418.81)
[2019.02.07-11.45.32:452][  0]LogD3D11RHI:      Driver Date: 1-30-2019
[2019.02.07-11.45.32:452][  0]LogRHI: Texture pool is 5607 MB (70% of 8010 MB)
[2019.02.07-11.45.32:509][  0]LogD3D11RHI: Async texture creation enabled
[2019.02.07-11.45.32:532][  0]LogD3D11RHI: GPU Timing Frequency: 1000.000000 (Debug: 2 1)
[2019.02.07-11.45.32:576][  0]LogD3D11RHI: HDR output is supported on display 0 (NvId: 0x80061086).
[2019.02.07-11.45.32:919][  0]LogTemp: Display: Loaded TP AllDesktopTargetPlatform
[2019.02.07-11.45.32:933][  0]LogTemp: Display: Loaded TP MacClientTargetPlatform
[2019.02.07-11.45.32:946][  0]LogTemp: Display: Loaded TP MacNoEditorTargetPlatform
[2019.02.07-11.45.32:963][  0]LogTemp: Display: Loaded TP MacServerTargetPlatform
[2019.02.07-11.45.32:978][  0]LogTemp: Display: Loaded TP MacTargetPlatform
[2019.02.07-11.45.32:991][  0]LogTemp: Display: Loaded TP WindowsClientTargetPlatform
[2019.02.07-11.45.33:004][  0]LogTemp: Display: Loaded TP WindowsNoEditorTargetPlatform
[2019.02.07-11.45.33:018][  0]LogTemp: Display: Loaded TP WindowsServerTargetPlatform
[2019.02.07-11.45.33:024][  0]LogTemp: Display: Loaded TP WindowsTargetPlatform
[2019.02.07-11.45.33:099][  0]LogTemp: Display: Loaded TP AndroidTargetPlatform
[2019.02.07-11.45.33:099][  0]LogTemp: Display: Loaded TP AndroidTargetPlatform
[2019.02.07-11.45.33:099][  0]LogTemp: Display: Loaded TP AndroidTargetPlatform
[2019.02.07-11.45.33:099][  0]LogTemp: Display: Loaded TP AndroidTargetPlatform
[2019.02.07-11.45.33:099][  0]LogTemp: Display: Loaded TP AndroidTargetPlatform
[2019.02.07-11.45.33:099][  0]LogTemp: Display: Loaded TP AndroidTargetPlatform
[2019.02.07-11.45.33:099][  0]LogTemp: Display: Loaded TP AndroidTargetPlatform
[2019.02.07-11.45.33:099][  0]LogTemp: Display: Loaded TP AndroidTargetPlatform
[2019.02.07-11.45.33:099][  0]LogTemp: Display: Loaded TP AndroidTargetPlatform
[2019.02.07-11.45.33:099][  0]LogTemp: Display: Loaded TP AndroidTargetPlatform
[2019.02.07-11.45.33:099][  0]LogTemp: Display: Loaded TP AndroidTargetPlatform
[2019.02.07-11.45.33:099][  0]LogTemp: Display: Loaded TP AndroidTargetPlatform
[2019.02.07-11.45.33:099][  0]LogTemp: Display: Loaded TP AndroidTargetPlatform
[2019.02.07-11.45.33:099][  0]LogTemp: Display: Loaded TP AndroidTargetPlatform
[2019.02.07-11.45.33:099][  0]LogTemp: Display: Loaded TP AndroidTargetPlatform
[2019.02.07-11.45.33:099][  0]LogTemp: Display: Loaded TP AndroidTargetPlatform
[2019.02.07-11.45.33:099][  0]LogTemp: Display: Loaded TP AndroidTargetPlatform
[2019.02.07-11.45.33:099][  0]LogTemp: Display: Loaded TP AndroidTargetPlatform
[2019.02.07-11.45.33:101][  0]LogTemp: Display: Loaded TP HTML5TargetPlatform
[2019.02.07-11.45.33:160][  0]LogTemp: Display: Loaded TP IOSTargetPlatform
[2019.02.07-11.45.33:160][  0]LogTemp: Display: Loaded TP IOSTargetPlatform
[2019.02.07-11.45.33:184][  0]LogTemp: Display: Loaded TP TVOSTargetPlatform
[2019.02.07-11.45.33:184][  0]LogTemp: Display: Loaded TP TVOSTargetPlatform
[2019.02.07-11.45.33:198][  0]LogTemp: Display: Loaded TP LinuxClientTargetPlatform
[2019.02.07-11.45.33:209][  0]LogTemp: Display: Loaded TP LinuxNoEditorTargetPlatform
[2019.02.07-11.45.33:221][  0]LogTemp: Display: Loaded TP LinuxServerTargetPlatform
[2019.02.07-11.45.33:234][  0]LogTemp: Display: Loaded TP LinuxTargetPlatform
[2019.02.07-11.45.33:278][  0]LogTemp: Display: Loaded TP LuminTargetPlatform
[2019.02.07-11.45.33:278][  0]LogTemp: Display: Loaded TP LuminTargetPlatform
[2019.02.07-11.45.33:278][  0]LogTargetPlatformManager: Display: Building Assets For Windows
[2019.02.07-11.45.33:347][  0]LogShaderCompilers: Guid format shader working directory is -10 characters bigger than the processId version (E:/Unreal4/Section_04/BattleTank-1/BattleTank/BattleTank/Intermediate/Shaders/WorkingDirectory/3452/).
[2019.02.07-11.45.33:348][  0]LogShaderCompilers: Cleaned the shader compiler working directory 'C:/Users/joshu/AppData/Local/Temp/UnrealShaderWorkingDir/6F467B11413EC673FE2640B28A26F5EF/'.
[2019.02.07-11.45.33:350][  0]LogXGEController: Cannot use XGE Controller as Incredibuild is not installed on this machine.
[2019.02.07-11.45.33:350][  0]LogShaderCompilers: Cannot use XGE Shader Compiler as Incredibuild is not installed on this machine.
[2019.02.07-11.45.33:350][  0]LogShaderCompilers: Display: Using Local Shader Compiler.
[2019.02.07-11.45.33:805][  0]LogDerivedDataCache: Display: Max Cache Size: 512 MB
[2019.02.07-11.45.33:847][  0]LogDerivedDataCache: Loaded boot cache 0.04s 71MB C:/Users/joshu/AppData/Local/UnrealEngine/4.21/DerivedDataCache/Boot.ddc.
[2019.02.07-11.45.33:847][  0]LogDerivedDataCache: Display: Loaded Boot cache: C:/Users/joshu/AppData/Local/UnrealEngine/4.21/DerivedDataCache/Boot.ddc
[2019.02.07-11.45.33:847][  0]LogDerivedDataCache: FDerivedDataBackendGraph:  Pak pak cache file E:/Unreal4/Section_04/BattleTank-1/BattleTank/BattleTank/DerivedDataCache/DDC.ddp not found, will not use a pak cache.
[2019.02.07-11.45.33:847][  0]LogDerivedDataCache: Unable to find inner node Pak for hierarchical cache Hierarchy.
[2019.02.07-11.45.33:847][  0]LogDerivedDataCache: FDerivedDataBackendGraph:  CompressedPak pak cache file E:/Unreal4/Section_04/BattleTank-1/BattleTank/BattleTank/DerivedDataCache/Compressed.ddp not found, will not use a pak cache.
[2019.02.07-11.45.33:847][  0]LogDerivedDataCache: Unable to find inner node CompressedPak for hierarchical cache Hierarchy.
[2019.02.07-11.45.33:859][  0]LogDerivedDataCache: Display: Pak cache opened for reading ../../../Engine/DerivedDataCache/Compressed.ddp.
[2019.02.07-11.45.33:859][  0]LogDerivedDataCache: FDerivedDataBackendGraph:  EnterprisePak pak cache file ../../../Enterprise/DerivedDataCache/Compressed.ddp not found, will not use a pak cache.
[2019.02.07-11.45.33:859][  0]LogDerivedDataCache: Unable to find inner node EnterprisePak for hierarchical cache Hierarchy.
[2019.02.07-11.45.33:871][  0]LogDerivedDataCache: Using Local data cache path C:/Users/joshu/AppData/Local/UnrealEngine/Common/DerivedDataCache: Writable
[2019.02.07-11.45.33:871][  0]LogDerivedDataCache: Shared data cache path not found in *engine.ini, will not use an Shared cache.
[2019.02.07-11.45.33:871][  0]LogDerivedDataCache: Unable to find inner node Shared for hierarchical cache Hierarchy.
[2019.02.07-11.45.33:891][  0]LogMaterial: Verifying Global Shaders for PCD3D_SM5
[2019.02.07-11.45.33:893][  0]LogSlate: Using FreeType 2.6.0
[2019.02.07-11.45.33:893][  0]LogSlate: SlateFontServices - WITH_FREETYPE: 1, WITH_HARFBUZZ: 1
[2019.02.07-11.45.33:980][  0]LogAssetRegistry: FAssetRegistry took 0.0335 seconds to start up
[2019.02.07-11.45.34:309][  0]LogInit: Selected Device Profile: [Windows]
[2019.02.07-11.45.34:438][  0]LogSimplygon: Simplygon DLL not present - disabling.
[2019.02.07-11.45.34:442][  0]LogMeshReduction: Using SimplygonSwarm for distributed automatic mesh merging
[2019.02.07-11.45.34:442][  0]LogMeshReduction: Using ProxyLODMeshReduction for automatic mesh merging
[2019.02.07-11.45.34:442][  0]LogMeshReduction: Using QuadricMeshReduction for automatic static mesh reduction
[2019.02.07-11.45.34:442][  0]LogMeshReduction: No automatic skeletal mesh reduction module available
[2019.02.07-11.45.34:459][  0]LogNetVersion: BattleTank 1.0.0, NetCL: 4541578, EngineNetVer: 5, GameNetVer: 0 (Checksum: 1064757075)
[2019.02.07-11.45.34:922][  0]LogPackageLocalizationCache: Processed 11 localized package path(s) for 1 prioritized culture(s) in 0.049918 seconds
[2019.02.07-11.45.34:928][  0]LogUObjectArray: 39775 objects as part of root set at end of initial load.
[2019.02.07-11.45.34:928][  0]LogUObjectAllocator: 6914656 out of 0 bytes used by permanent object pool.
[2019.02.07-11.45.34:928][  0]LogUObjectArray: CloseDisregardForGC: 0/0 objects in disregard for GC pool
[2019.02.07-11.45.35:759][  0]LogTcpMessaging: Initializing TcpMessaging bridge
[2019.02.07-11.45.35:772][  0]LogUdpMessaging: Initializing bridge on interface 0.0.0.0:0 to multicast group 230.0.0.1:6666.
[2019.02.07-11.45.36:447][  0]SourceControl: Source control is disabled
[2019.02.07-11.45.36:447][  0]SourceControl: Source control is disabled
[2019.02.07-11.45.36:449][  0]SourceControl: Source control is disabled
[2019.02.07-11.45.36:450][  0]SourceControl: Source control is disabled
[2019.02.07-11.45.36:615][  0]LogAndroidPermission: UAndroidPermissionCallbackProxy::GetInstance
[2019.02.07-11.45.36:772][  0]LogOcInput: OculusInput pre-init called
[2019.02.07-11.45.36:901][  0]LogEngine: Initializing Engine...
[2019.02.07-11.45.36:902][  0]LogHMD: Failed to initialize OpenVR with code 110
[2019.02.07-11.45.36:903][  0]LogStats: UGameplayTagsManager::ConstructGameplayTagTree: ImportINI prefixes -  0.000 s
[2019.02.07-11.45.36:903][  0]LogStats: UGameplayTagsManager::ConstructGameplayTagTree: Construct from data asset -  0.000 s
[2019.02.07-11.45.36:903][  0]LogStats: UGameplayTagsManager::ConstructGameplayTagTree: ImportINI -  0.000 s
[2019.02.07-11.45.36:903][  0]LogStats: UGameplayTagsManager::ConstructGameplayTagTree: GameplayTagTreeChangedEvent.Broadcast -  0.000 s
[2019.02.07-11.45.37:116][  0]LogInit: Initializing FReadOnlyCVARCache
[2019.02.07-11.45.37:127][  0]LogAIModule: Creating AISystem for world Untitled
[2019.02.07-11.45.37:240][  0]LogInit: XAudio2 using '헤드셋 이어폰(Corsair VOID PRO Surround USB Sound Adapter)' : 6 channels at 48 kHz using 16 bits per sample (channel mask 0x3f)
[2019.02.07-11.45.37:423][  0]LogInit: FAudioDevice initialized.
[2019.02.07-11.45.37:424][  0]LogNetVersion: Set ProjectVersion to 1.0.0.0. Version Checksum will be recalculated on next use.
[2019.02.07-11.45.37:502][  0]LogDerivedDataCache: Saved boot cache 0.08s 71MB C:/Users/joshu/AppData/Local/UnrealEngine/4.21/DerivedDataCache/Boot.ddc.
[2019.02.07-11.45.37:510][  0]LogInit: Texture streaming: Enabled
[2019.02.07-11.45.37:529][  0]LogEngineSessionManager: EngineSessionManager initialized
[2019.02.07-11.45.37:544][  0]LogInit: Transaction tracking system initialized
[2019.02.07-11.45.37:567][  0]BlueprintLog: New page: Editor Load
[2019.02.07-11.45.37:639][  0]LocalizationService: Localization service is disabled
[2019.02.07-11.45.38:142][  0]LogFileCache: Scanning file cache for directory 'E:/Unreal4/Section_04/BattleTank-1/BattleTank/BattleTank/Content/' took 0.02s
[2019.02.07-11.45.38:142][  0]LogCook: Display: Max memory allowance for cook 16384mb min free memory 0mb
[2019.02.07-11.45.38:142][  0]LogCook: Display: Mobile HDR setting 1
[2019.02.07-11.45.38:142][  0]LogGameplayTags: Display: UGameplayTagsManager::DoneAddingNativeTags. DelegateIsBound: 0
[2019.02.07-11.45.38:142][  0]LogStats: UGameplayTagsManager::ConstructGameplayTagTree: ImportINI prefixes -  0.000 s
[2019.02.07-11.45.38:142][  0]LogStats: UGameplayTagsManager::ConstructGameplayTagTree: Construct from data asset -  0.000 s
[2019.02.07-11.45.38:142][  0]LogStats: UGameplayTagsManager::ConstructGameplayTagTree: ImportINI -  0.000 s
[2019.02.07-11.45.38:142][  0]LogStats: UGameplayTagsManager::ConstructGameplayTagTree: GameplayTagTreeChangedEvent.Broadcast -  0.000 s
[2019.02.07-11.45.38:272][  0]SourceControl: Source control is disabled
[2019.02.07-11.45.38:272][  0]Cmd: MAP LOAD FILE="E:/Unreal4/Section_04/BattleTank-1/BattleTank/BattleTank/Content/FlatShading/BattleGround_FlatShading.umap" TEMPLATE=0 SHOWPROGRESS=1 FEATURELEVEL=3
[2019.02.07-11.45.38:272][  0]LightingResults: New page: Lighting Build
[2019.02.07-11.45.38:274][  0]MapCheck: New page: Map Check
[2019.02.07-11.45.38:274][  0]LightingResults: New page: Lighting Build
[2019.02.07-11.45.39:222][  0]LogAIModule: Creating AISystem for world BattleGround_FlatShading
[2019.02.07-11.45.39:661][  0]LogEditorServer: Finished looking for orphan Actors (0.000 secs)
[2019.02.07-11.45.39:694][  0]Cmd: MAP CHECKDEP NOCLEARLOG
[2019.02.07-11.45.39:694][  0]MapCheck: Map check complete: 0 Error(s), 0 Warning(s), took 0.089ms to complete.
[2019.02.07-11.45.39:694][  0]LogFileHelpers: Loading map 'BattleGround_FlatShading' took 1.423
[2019.02.07-11.45.39:829][  0]LogSlate: Updating window title bar state: overlay mode, drag disabled, window buttons hidden, title bar hidden
[2019.02.07-11.45.39:836][  0]LogSlate: Updating window title bar state: overlay mode, drag disabled, window buttons hidden, title bar hidden
[2019.02.07-11.45.39:843][  0]LogSlate: Updating window title bar state: overlay mode, drag disabled, window buttons hidden, title bar hidden
[2019.02.07-11.45.39:850][  0]LogSlate: Updating window title bar state: overlay mode, drag disabled, window buttons hidden, title bar hidden
[2019.02.07-11.45.39:890][  0]LogCollectionManager: Loaded 0 collections in 0.001377 seconds
[2019.02.07-11.45.39:938][  0]LogFileCache: Scanning file cache for directory 'E:/Unreal4/Section_04/BattleTank-1/BattleTank/BattleTank/Saved/Collections/' took 0.01s
[2019.02.07-11.45.39:938][  0]LogFileCache: Scanning file cache for directory 'E:/Unreal4/Section_04/BattleTank-1/BattleTank/BattleTank/Content/Developers/joshu/Collections/' took 0.00s
[2019.02.07-11.45.39:938][  0]LogFileCache: Scanning file cache for directory 'E:/Unreal4/Section_04/BattleTank-1/BattleTank/BattleTank/Content/Collections/' took 0.00s
[2019.02.07-11.45.39:938][  0]LogCollectionManager: Rebuilt the GUID cache for 0 collections in 0.000000 seconds
[2019.02.07-11.45.39:949][  0]LogContentBrowser: Native class hierarchy populated in 0.0101 seconds. Added 2661 classes and 625 folders.
[2019.02.07-11.45.39:960][  0]LogContentBrowser: Native class hierarchy updated for 'WidgetCarousel' in 0.0003 seconds. Added 0 classes and 0 folders.
[2019.02.07-11.45.39:968][  0]LogPakFile: Registered encryption key '00000000000000000000000000000000': 0 pak files mounted, 0 remain pending
[2019.02.07-11.45.39:976][  0]LogPakFile: Registered encryption key '00000000000000000000000000000000': 0 pak files mounted, 0 remain pending
[2019.02.07-11.45.40:002][  0]LogPakFile: Registered encryption key '00000000000000000000000000000000': 0 pak files mounted, 0 remain pending
[2019.02.07-11.45.40:007][  0]LogPakFile: Registered encryption key '00000000000000000000000000000000': 0 pak files mounted, 0 remain pending
[2019.02.07-11.45.40:012][  0]LogPakFile: Registered encryption key '00000000000000000000000000000000': 0 pak files mounted, 0 remain pending
[2019.02.07-11.45.40:017][  0]LogPakFile: Registered encryption key '00000000000000000000000000000000': 0 pak files mounted, 0 remain pending
[2019.02.07-11.45.40:023][  0]LogPakFile: Registered encryption key '00000000000000000000000000000000': 0 pak files mounted, 0 remain pending
[2019.02.07-11.45.40:028][  0]LogPakFile: Registered encryption key '00000000000000000000000000000000': 0 pak files mounted, 0 remain pending
[2019.02.07-11.45.40:034][  0]LogPakFile: Registered encryption key '00000000000000000000000000000000': 0 pak files mounted, 0 remain pending
[2019.02.07-11.45.40:040][  0]LogPakFile: Registered encryption key '00000000000000000000000000000000': 0 pak files mounted, 0 remain pending
[2019.02.07-11.45.40:046][  0]LogPakFile: Registered encryption key '00000000000000000000000000000000': 0 pak files mounted, 0 remain pending
[2019.02.07-11.45.40:051][  0]LogPakFile: Registered encryption key '00000000000000000000000000000000': 0 pak files mounted, 0 remain pending
[2019.02.07-11.45.40:057][  0]LogPakFile: Registered encryption key '00000000000000000000000000000000': 0 pak files mounted, 0 remain pending
[2019.02.07-11.45.40:062][  0]LogPakFile: Registered encryption key '00000000000000000000000000000000': 0 pak files mounted, 0 remain pending
[2019.02.07-11.45.40:067][  0]LogPakFile: Registered encryption key '00000000000000000000000000000000': 0 pak files mounted, 0 remain pending
[2019.02.07-11.45.40:072][  0]LogPakFile: Registered encryption key '00000000000000000000000000000000': 0 pak files mounted, 0 remain pending
[2019.02.07-11.45.40:103][  0]LogPakFile: Registered encryption key '00000000000000000000000000000000': 0 pak files mounted, 0 remain pending
[2019.02.07-11.45.40:108][  0]LogPakFile: Registered encryption key '00000000000000000000000000000000': 0 pak files mounted, 0 remain pending
[2019.02.07-11.45.40:113][  0]LogPakFile: Registered encryption key '00000000000000000000000000000000': 0 pak files mounted, 0 remain pending
[2019.02.07-11.45.40:118][  0]LogPakFile: Registered encryption key '00000000000000000000000000000000': 0 pak files mounted, 0 remain pending
[2019.02.07-11.45.40:157][  0]LogPakFile: Registered encryption key '00000000000000000000000000000000': 0 pak files mounted, 0 remain pending
[2019.02.07-11.45.40:162][  0]LogPakFile: Registered encryption key '00000000000000000000000000000000': 0 pak files mounted, 0 remain pending
[2019.02.07-11.45.40:167][  0]LogPakFile: Registered encryption key '00000000000000000000000000000000': 0 pak files mounted, 0 remain pending
[2019.02.07-11.45.40:173][  0]LogPakFile: Registered encryption key '00000000000000000000000000000000': 0 pak files mounted, 0 remain pending
[2019.02.07-11.45.40:178][  0]LogPakFile: Registered encryption key '00000000000000000000000000000000': 0 pak files mounted, 0 remain pending
[2019.02.07-11.45.40:183][  0]LogPakFile: Registered encryption key '00000000000000000000000000000000': 0 pak files mounted, 0 remain pending
[2019.02.07-11.45.40:345][  0]LogContentBrowser: Native class hierarchy updated for 'AddContentDialog' in 0.0003 seconds. Added 0 classes and 0 folders.
[2019.02.07-11.45.40:356][  0]LogSlate: Took 0.000163 seconds to synchronously load lazily loaded font '../../../Engine/Content/Slate/Fonts/Roboto-Regular.ttf' (155K)
[2019.02.07-11.45.40:360][  0]LogSlate: Took 0.000187 seconds to synchronously load lazily loaded font '../../../Engine/Content/Slate/Fonts/Roboto-Bold.ttf' (160K)
[2019.02.07-11.45.40:368][  0]LogSlate: Took 0.004793 seconds to synchronously load lazily loaded font '../../../Engine/Content/Editor/Slate/Fonts/FontAwesome.ttf' (139K)
[2019.02.07-11.45.40:374][  0]LogSlate: Took 0.004974 seconds to synchronously load lazily loaded font '../../../Engine/Content/Slate/Fonts/DroidSansMono.ttf' (77K)
[2019.02.07-11.45.40:420][  0]LogSlate: Took 0.012531 seconds to synchronously load lazily loaded font '../../../Engine/Content/Slate/Fonts/DroidSansFallback.ttf' (3848K)
[2019.02.07-11.45.40:519][  0]LogRenderer: Reallocating scene render targets to support 1680x1044 Format 10 NumSamples 1 (Frame:1).
[2019.02.07-11.45.40:696][  0]LogContentBrowser: Native class hierarchy updated for 'HierarchicalLODOutliner' in 0.0003 seconds. Added 0 classes and 0 folders.
[2019.02.07-11.45.40:696][  0]LogLoad: (Engine Initialization) Total time: 11.16 seconds
[2019.02.07-11.45.40:696][  0]LogLoad: (Engine Initialization) Total Blueprint compile time: 0.00 seconds
[2019.02.07-11.45.40:775][  0]LogContentStreaming: Texture pool size now 1000 MB
[2019.02.07-11.45.40:816][  1]LogAssetRegistry: Asset discovery search completed in 6.8590 seconds
[2019.02.07-11.45.40:818][  1]LogCollectionManager: Rebuilt the object cache for 0 collections in 0.000000 seconds (found 0 objects)
[2019.02.07-11.45.40:818][  1]LogCollectionManager: Fixed up redirectors for 0 collections in 0.000189 seconds (updated 0 objects)
[2019.02.07-11.47.46:231][556]LogSlate: FSceneViewport::OnFocusLost() reason 0
[2019.02.07-11.47.47:655][622]LogSlate: Took 0.005116 seconds to synchronously load lazily loaded font '../../../Engine/Content/Slate/Fonts/Roboto-Light.ttf' (167K)
[2019.02.07-11.47.47:702][622]LogAssetEditorManager: Opening Asset editor for Blueprint /Game/Tank-1/Tank_BP.Tank_BP
[2019.02.07-11.47.48:659][622]LogContentBrowser: Native class hierarchy updated for 'BlueprintGraph' in 0.0006 seconds. Added 117 classes and 0 folders.
[2019.02.07-11.47.49:588][622]LogSlate: Took 0.008006 seconds to synchronously load lazily loaded font '../../../Engine/Content/Slate/Fonts/Roboto-BoldCondensed.ttf' (158K)
[2019.02.07-11.47.49:729][623]LogSlate: Took 0.005331 seconds to synchronously load lazily loaded font '../../../Engine/Content/Slate/Fonts/Roboto-Italic.ttf' (157K)
[2019.02.07-11.48.26:684][419]LogWindows: Error: === Critical error: ===
[2019.02.07-11.48.26:685][419]LogWindows: Error: 
[2019.02.07-11.48.26:685][419]LogWindows: Error: Fatal error!
[2019.02.07-11.48.26:685][419]LogWindows: Error: 
[2019.02.07-11.48.26:685][419]LogWindows: Error: Unhandled Exception: EXCEPTION_ACCESS_VIOLATION 0x81594b20
[2019.02.07-11.48.26:685][419]LogWindows: Error: 
[2019.02.07-11.48.26:685][419]LogWindows: Error: [Callstack] 0x0000024581594b20 UnknownFunction []
[2019.02.07-11.48.26:685][419]LogWindows: Error: [Callstack] 0x00007ff86e021581 UE4Editor-NavigationSystem.dll!UnknownFunction []
[2019.02.07-11.48.26:685][419]LogWindows: Error: [Callstack] 0x00007ff86e0e133f UE4Editor-NavigationSystem.dll!UnknownFunction []
[2019.02.07-11.48.26:685][419]LogWindows: Error: [Callstack] 0x00007ff86e0e1cb7 UE4Editor-NavigationSystem.dll!UnknownFunction []
[2019.02.07-11.48.26:685][419]LogWindows: Error: [Callstack] 0x00007ff86e0e1a50 UE4Editor-NavigationSystem.dll!UnknownFunction []
[2019.02.07-11.48.26:685][419]LogWindows: Error: [Callstack] 0x00007ff86e0fe726 UE4Editor-NavigationSystem.dll!UnknownFunction []
[2019.02.07-11.48.26:685][419]LogWindows: Error: [Callstack] 0x00007ff86e103150 UE4Editor-NavigationSystem.dll!UnknownFunction []
[2019.02.07-11.48.26:685][419]LogWindows: Error: [Callstack] 0x00007ff86e101379 UE4Editor-NavigationSystem.dll!UnknownFunction []
[2019.02.07-11.48.26:685][419]LogWindows: Error: [Callstack] 0x00007ff8725b85df UE4Editor-Engine.dll!UnknownFunction []
[2019.02.07-11.48.26:685][419]LogWindows: Error: [Callstack] 0x00007ff8725e844a UE4Editor-Engine.dll!UnknownFunction []
[2019.02.07-11.48.26:685][419]LogWindows: Error: [Callstack] 0x00007ff8725e72a5 UE4Editor-Engine.dll!UnknownFunction []
[2019.02.07-11.48.26:685][419]LogWindows: Error: [Callstack] 0x00007ff8731595e4 UE4Editor-Engine.dll!UnknownFunction []
[2019.02.07-11.48.26:685][419]LogWindows: Error: [Callstack] 0x00007ff87309ae74 UE4Editor-Engine.dll!UnknownFunction []
[2019.02.07-11.48.26:685][419]LogWindows: Error: [Callstack] 0x00007ff87309b48a UE4Editor-Engine.dll!UnknownFunction []
[2019.02.07-11.48.26:685][419]LogWindows: Error: [Callstack] 0x00007ff873127ced UE4Editor-Engine.dll!UnknownFunction []
[2019.02.07-11.48.26:685][419]LogWindows: Error: [Callstack] 0x00007ff87217dbe4 UE4Editor-Engine.dll!UnknownFunction []
[2019.02.07-11.48.26:685][419]LogWindows: Error: [Callstack] 0x00007ff8721b303b UE4Editor-Engine.dll!UnknownFunction []
[2019.02.07-11.48.26:685][419]LogWindows: Error: [Callstack] 0x00007ff8725b606b UE4Editor-Engine.dll!UnknownFunction []
[2019.02.07-11.48.26:685][419]LogWindows: Error: [Callstack] 0x00007ff8726b5767 UE4Editor-Engine.dll!UnknownFunction []
[2019.02.07-11.48.26:685][419]LogWindows: Error: [Callstack] 0x00007ff872650570 UE4Editor-Engine.dll!UnknownFunction []
[2019.02.07-11.48.26:685][419]LogWindows: Error: [Callstack] 0x00007ff8790811e3 UE4Editor-CoreUObject.dll!UnknownFunction []
[2019.02.07-11.48.26:685][419]LogWindows: Error: [Callstack] 0x00007ff8725e2fd6 UE4Editor-Engine.dll!UnknownFunction []
[2019.02.07-11.48.26:685][419]LogWindows: Error: [Callstack] 0x00007ff87264ea60 UE4Editor-Engine.dll!UnknownFunction []
[2019.02.07-11.48.26:685][419]LogWindows: Error: [Callstack] 0x00007ff87264e7e8 UE4Editor-Engine.dll!UnknownFunction []
[2019.02.07-11.48.26:685][419]LogWindows: Error: [Callstack] 0x00007ff87908464c UE4Editor-CoreUObject.dll!UnknownFunction []
[2019.02.07-11.48.26:685][419]LogWindows: Error: [Callstack] 0x00007ff879080628 UE4Editor-CoreUObject.dll!UnknownFunction []
[2019.02.07-11.48.26:685][419]LogWindows: Error: [Callstack] 0x00007ff8725e2fd6 UE4Editor-Engine.dll!UnknownFunction []
[2019.02.07-11.48.26:685][419]LogWindows: Error: [Callstack] 0x00007ff87264ea60 UE4Editor-Engine.dll!UnknownFunction []
[2019.02.07-11.48.26:685][419]LogWindows: Error: [Callstack] 0x00007ff87264e7e8 UE4Editor-Engine.dll!UnknownFunction []
[2019.02.07-11.48.26:685][419]LogWindows: Error: [Callstack] 0x00007ff86f602e36 UE4Editor-PropertyEditor.dll!UnknownFunction []
[2019.02.07-11.48.26:685][419]LogWindows: Error: [Callstack] 0x00007ff86f5f6987 UE4Editor-PropertyEditor.dll!UnknownFunction []
[2019.02.07-11.48.26:685][419]LogWindows: Error: [Callstack] 0x00007ff86f5f6efd UE4Editor-PropertyEditor.dll!UnknownFunction []
[2019.02.07-11.48.26:685][419]LogWindows: Error: [Callstack] 0x00007ff86f642e3b UE4Editor-PropertyEditor.dll!UnknownFunction []
[2019.02.07-11.48.26:685][419]LogWindows: Error: [Callstack] 0x00007ff86f6437a8 UE4Editor-PropertyEditor.dll!UnknownFunction []
[2019.02.07-11.48.26:685][419]LogWindows: Error: [Callstack] 0x00007ff86f641b3a UE4Editor-PropertyEditor.dll!UnknownFunction []
[2019.02.07-11.48.26:685][419]LogWindows: Error: [Callstack] 0x00007ff86f720e5a UE4Editor-PropertyEditor.dll!UnknownFunction []
[2019.02.07-11.48.26:685][419]LogWindows: Error: [Callstack] 0x00007ff86f6d7d39 UE4Editor-PropertyEditor.dll!UnknownFunction []
[2019.02.07-11.48.26:685][419]LogWindows: Error: [Callstack] 0x00007ff86f6f8945 UE4Editor-PropertyEditor.dll!UnknownFunction []
[2019.02.07-11.48.26:685][419]LogWindows: Error: [Callstack] 0x00007ff86f6d8e19 UE4Editor-PropertyEditor.dll!UnknownFunction []
[2019.02.07-11.48.26:685][419]LogWindows: Error: [Callstack] 0x00007ff86211e839 UE4Editor-ContentBrowser.dll!UnknownFunction []
[2019.02.07-11.48.26:685][419]LogWindows: Error: [Callstack] 0x00007ff8620cff8b UE4Editor-ContentBrowser.dll!UnknownFunction []
[2019.02.07-11.48.26:685][419]LogWindows: Error: [Callstack] 0x00007ff862120ae4 UE4Editor-ContentBrowser.dll!UnknownFunction []
[2019.02.07-11.48.26:685][419]LogWindows: Error: [Callstack] 0x00007ff86218450a UE4Editor-ContentBrowser.dll!UnknownFunction []
[2019.02.07-11.48.26:685][419]LogWindows: Error: [Callstack] 0x00007ff8621799e9 UE4Editor-ContentBrowser.dll!UnknownFunction []
[2019.02.07-11.48.26:685][419]LogWindows: Error: [Callstack] 0x00007ff879678e25 UE4Editor-Slate.dll!UnknownFunction []
[2019.02.07-11.48.26:685][419]LogWindows: Error: [Callstack] 0x00007ff879712678 UE4Editor-Slate.dll!UnknownFunction []
[2019.02.07-11.48.26:685][419]LogWindows: Error: [Callstack] 0x00007ff8796f857a UE4Editor-Slate.dll!UnknownFunction []
[2019.02.07-11.48.26:685][419]LogWindows: Error: [Callstack] 0x00007ff8796eb44c UE4Editor-Slate.dll!UnknownFunction []
[2019.02.07-11.48.26:685][419]LogWindows: Error: [Callstack] 0x00007ff8b5f1de26 UE4Editor-ApplicationCore.dll!UnknownFunction []
[2019.02.07-11.48.26:685][419]LogWindows: Error: [Callstack] 0x00007ff8b5f10de0 UE4Editor-ApplicationCore.dll!UnknownFunction []
[2019.02.07-11.48.26:685][419]LogWindows: Error: [Callstack] 0x00007ff8b5f201eb UE4Editor-ApplicationCore.dll!UnknownFunction []
[2019.02.07-11.48.26:685][419]LogWindows: Error: [Callstack] 0x00007ff8b5f0ca19 UE4Editor-ApplicationCore.dll!UnknownFunction []
[2019.02.07-11.48.26:685][419]LogWindows: Error: [Callstack] 0x00007ff8e13eca66 USER32.dll!UnknownFunction []
[2019.02.07-11.48.26:685][419]LogWindows: Error: [Callstack] 0x00007ff8e13ec582 USER32.dll!UnknownFunction []
[2019.02.07-11.48.26:685][419]LogWindows: Error: [Callstack] 0x00007ff8b5f21746 UE4Editor-ApplicationCore.dll!UnknownFunction []
[2019.02.07-11.48.26:685][419]LogWindows: Error: [Callstack] 0x00007ff65e1d5546 UE4Editor.exe!UnknownFunction []
[2019.02.07-11.48.26:685][419]LogWindows: Error: [Callstack] 0x00007ff65e1e596c UE4Editor.exe!UnknownFunction []
[2019.02.07-11.48.26:685][419]LogWindows: Error: [Callstack] 0x00007ff65e1e59ea UE4Editor.exe!UnknownFunction []
[2019.02.07-11.48.26:685][419]LogWindows: Error: [Callstack] 0x00007ff65e1f48da UE4Editor.exe!UnknownFunction []
[2019.02.07-11.48.26:685][419]LogWindows: Error: [Callstack] 0x00007ff65e1f659a UE4Editor.exe!UnknownFunction []
[2019.02.07-11.48.26:685][419]LogWindows: Error: [Callstack] 0x00007ff8e07b81f4 KERNEL32.DLL!UnknownFunction []
[2019.02.07-11.48.26:685][419]LogWindows: Error: [Callstack] 0x00007ff8e30ba251 ntdll.dll!UnknownFunction []
[2019.02.07-11.48.26:685][419]LogWindows: Error: 
[2019.02.07-11.48.26:694][419]LogExit: Executing StaticShutdownAfterError
[2019.02.07-11.48.26:697][419]LogWindows: FPlatformMisc::RequestExit(1)
[2019.02.07-11.48.26:732][419]Log file closed, 02/07/19 20:48:26
