Log file open, 02/10/19 21:58:30
LogWindows: Failed to load 'aqProf.dll' (GetLastError=126)
LogWindows: File 'aqProf.dll' does not exist
LogWindows: Failed to load 'VtuneApi.dll' (GetLastError=126)
LogWindows: File 'VtuneApi.dll' does not exist
LogWindows: Failed to load 'VtuneApi32e.dll' (GetLastError=126)
LogWindows: File 'VtuneApi32e.dll' does not exist
LogConsoleResponse: Display: Failed to find resolution value strings in scalability ini. Falling back to default.
LogInit: Display: Running engine for game: BattleTank
LogPakFile: Registered encryption key '00000000000000000000000000000000': 0 pak files mounted, 0 remain pending
LogPlatformFile: Not using cached read wrapper
LogTaskGraph: Started task graph with 5 named threads and 47 total threads with 3 sets of task threads.
LogStats: Stats thread started at 0.530536
LogD3D11RHI: Loaded GFSDK_Aftermath_Lib.x64.dll
LogICUInternationalization: ICU TimeZone Detection - Raw Offset: +9:00, Platform Override: ''
LogPluginManager: Mounting plugin Paper2D
LogPluginManager: Mounting plugin AISupport
LogPluginManager: Mounting plugin LightPropagationVolume
LogPluginManager: Mounting plugin ActorLayerUtilities
LogPluginManager: Mounting plugin CLionSourceCodeAccess
LogPluginManager: Mounting plugin CodeLiteSourceCodeAccess
LogPluginManager: Mounting plugin GitSourceControl
LogPluginManager: Mounting plugin KDevelopSourceCodeAccess
LogPluginManager: Mounting plugin NullSourceCodeAccess
LogPluginManager: Mounting plugin PerforceSourceControl
LogPluginManager: Mounting plugin SubversionSourceControl
LogPluginManager: Mounting plugin UObjectPlugin
LogPluginManager: Mounting plugin VisualStudioCodeSourceCodeAccess
LogPluginManager: Mounting plugin VisualStudioSourceCodeAccess
LogPluginManager: Mounting plugin XCodeSourceCodeAccess
LogPluginManager: Mounting plugin AssetManagerEditor
LogPluginManager: Mounting plugin CryptoKeys
LogPluginManager: Mounting plugin DataValidation
LogPluginManager: Mounting plugin FacialAnimation
LogPluginManager: Mounting plugin GameplayTagsEditor
LogPluginManager: Mounting plugin MacGraphicsSwitching
LogPluginManager: Mounting plugin MeshEditor
LogPluginManager: Mounting plugin MobileLauncherProfileWizard
LogPluginManager: Mounting plugin PluginBrowser
LogPluginManager: Mounting plugin SpeedTreeImporter
LogPluginManager: Mounting plugin DatasmithContent
LogPluginManager: Mounting plugin VariantManagerContent
LogPluginManager: Mounting plugin AlembicImporter
LogPluginManager: Mounting plugin AppleImageUtils
LogPluginManager: Mounting plugin AppleVision
LogPluginManager: Mounting plugin BackChannel
LogPluginManager: Mounting plugin CharacterAI
LogPluginManager: Mounting plugin GeometryCache
LogPluginManager: Mounting plugin HTML5Networking
LogPluginManager: Mounting plugin ProxyLODPlugin
LogPluginManager: Mounting plugin MagicLeap
LogPluginManager: Mounting plugin MagicLeapMedia
LogPluginManager: Mounting plugin AndroidMedia
LogPluginManager: Mounting plugin AvfMedia
LogPluginManager: Mounting plugin ImgMedia
LogPluginManager: Mounting plugin LinearTimecode
LogPluginManager: Mounting plugin MediaCompositing
LogPluginManager: Mounting plugin MediaPlayerEditor
LogPluginManager: Mounting plugin WebMMedia
LogPluginManager: Mounting plugin WmfMedia
LogPluginManager: Mounting plugin TcpMessaging
LogPluginManager: Mounting plugin UdpMessaging
LogPluginManager: Mounting plugin ActorSequence
LogPluginManager: Mounting plugin LevelSequenceEditor
LogPluginManager: Mounting plugin MatineeToLevelSequence
LogPluginManager: Mounting plugin NetcodeUnitTest
LogPluginManager: Mounting plugin NUTUnrealEngine4
LogPluginManager: Mounting plugin OnlineSubsystemGooglePlay
LogPluginManager: Mounting plugin OnlineSubsystemIOS
LogPluginManager: Mounting plugin OnlineSubsystem
LogPluginManager: Mounting plugin OnlineSubsystemNull
LogPluginManager: Mounting plugin OnlineSubsystemUtils
LogPluginManager: Mounting plugin LauncherChunkInstaller
LogPluginManager: Mounting plugin AndroidDeviceProfileSelector
LogPluginManager: Mounting plugin AndroidMoviePlayer
LogPluginManager: Mounting plugin AndroidPermission
LogPluginManager: Mounting plugin AppleMoviePlayer
LogPluginManager: Mounting plugin ArchVisCharacter
LogPluginManager: Mounting plugin AudioCapture
LogPluginManager: Mounting plugin CableComponent
LogPluginManager: Mounting plugin CustomMeshComponent
LogPluginManager: Mounting plugin EditableMesh
LogPluginManager: Mounting plugin ExampleDeviceProfileSelector
LogPluginManager: Mounting plugin Firebase
LogPluginManager: Mounting plugin GoogleCloudMessaging
LogPluginManager: Mounting plugin IOSDeviceProfileSelector
LogPluginManager: Mounting plugin LinuxDeviceProfileSelector
LogPluginManager: Mounting plugin LocationServicesBPLibrary
LogPluginManager: Mounting plugin MobilePatchingUtils
LogPluginManager: Mounting plugin OculusVR
LogPluginManager: Mounting plugin PhysXVehicles
LogPluginManager: Mounting plugin ProceduralMeshComponent
LogPluginManager: Mounting plugin RuntimePhysXCooking
LogPluginManager: Mounting plugin SteamVR
LogPluginManager: Mounting plugin WebMMoviePlayer
LogPluginManager: Mounting plugin WindowsMoviePlayer
LogStreaming: Display: Took  0.052s to configure plugins.
LogInit: Using libcurl 7.55.1-DEV
LogInit:  - built for x86_64-pc-win32
LogInit:  - supports SSL with OpenSSL/1.0.2h
LogInit:  - supports HTTP deflate (compression) using libz 1.2.8
LogInit:  - other features:
LogInit:      CURL_VERSION_SSL
LogInit:      CURL_VERSION_LIBZ
LogInit:      CURL_VERSION_IPV6
LogInit:      CURL_VERSION_ASYNCHDNS
LogInit:      CURL_VERSION_LARGEFILE
LogInit:      CURL_VERSION_IDN
LogInit:  CurlRequestOptions (configurable via config and command line):
LogInit:  - bVerifyPeer = true  - Libcurl will verify peer certificate
LogInit:  - bUseHttpProxy = false  - Libcurl will NOT use HTTP proxy
LogInit:  - bDontReuseConnections = false  - Libcurl will reuse connections
LogInit:  - MaxHostConnections = 16  - Libcurl will limit the number of connections to a host
LogInit:  - LocalHostAddr = Default
LogInit:  - BufferSize = 65536
LogInit: WinSock: version 1.1 (2.2), MaxSocks=32767, MaxUdp=65467
LogInit: Build: ++UE4+Release-4.21-CL-4541578
LogInit: Engine Version: 4.21.0-4541578+++UE4+Release-4.21
LogInit: Compatible Engine Version: 4.21.0-4541578+++UE4+Release-4.21
LogInit: Net CL: 4541578
LogInit: OS: Windows 10 (), CPU: AMD Ryzen 7 2700X Eight-Core Processor         , GPU: NVIDIA GeForce RTX 2080
LogInit: Compiled (64-bit): Nov  6 2018 02:04:24
LogInit: Compiled with Visual C++: 19.13.26129.00
LogInit: Build Configuration: Development
LogInit: Branch Name: ++UE4+Release-4.21
LogInit: Command Line: 
LogInit: Base Directory: C:/Program Files/Epic Games/UE_4.21/Engine/Binaries/Win64/
LogInit: Installed Engine Build: 1
LogDevObjectVersion: Number of dev versions registered: 22
LogDevObjectVersion:   Dev-Blueprints (B0D832E4-1F89-4F0D-ACCF-7EB736FD4AA2): 10
LogDevObjectVersion:   Dev-Build (E1C64328-A22C-4D53-A36C-8E866417BD8C): 0
LogDevObjectVersion:   Dev-Core (375EC13C-06E4-48FB-B500-84F0262A717E): 2
LogDevObjectVersion:   Dev-Editor (E4B068ED-F494-42E9-A231-DA0B2E46BB41): 26
LogDevObjectVersion:   Dev-Framework (CFFC743F-43B0-4480-9391-14DF171D2073): 34
LogDevObjectVersion:   Dev-Mobile (B02B49B5-BB20-44E9-A304-32B752E40360): 2
LogDevObjectVersion:   Dev-Networking (A4E4105C-59A1-49B5-A7C5-40C4547EDFEE): 0
LogDevObjectVersion:   Dev-Online (39C831C9-5AE6-47DC-9A44-9C173E1C8E7C): 0
LogDevObjectVersion:   Dev-Physics (78F01B33-EBEA-4F98-B9B4-84EACCB95AA2): 0
LogDevObjectVersion:   Dev-Platform (6631380F-2D4D-43E0-8009-CF276956A95A): 0
LogDevObjectVersion:   Dev-Rendering (12F88B9F-8875-4AFC-A67C-D90C383ABD29): 27
LogDevObjectVersion:   Dev-Sequencer (7B5AE74C-D270-4C10-A958-57980B212A5A): 9
LogDevObjectVersion:   Dev-VR (D7296918-1DD6-4BDD-9DE2-64A83CC13884): 2
LogDevObjectVersion:   Dev-LoadTimes (C2A15278-BFE7-4AFE-6C17-90FF531DF755): 1
LogDevObjectVersion:   Private-Geometry (6EACA3D4-40EC-4CC1-B786-8BED09428FC5): 3
LogDevObjectVersion:   Dev-AnimPhys (29E575DD-E0A3-4627-9D10-D276232CDCEA): 17
LogDevObjectVersion:   Dev-Anim (AF43A65D-7FD3-4947-9873-3E8ED9C1BB05): 2
LogDevObjectVersion:   Dev-ReflectionCapture (6B266CEC-1EC7-4B8F-A30B-E4D90942FC07): 1
LogDevObjectVersion:   Dev-Automation (0DF73D61-A23F-47EA-B727-89E90C41499A): 1
LogDevObjectVersion:   FortniteMain (601D1886-AC64-4F84-AA16-D3DE0DEAC7D6): 17
LogDevObjectVersion:   Dev-Enterprise (9DFFBCD6-494F-0158-E221-12823C92A888): 4
LogDevObjectVersion:   Dev-Niagara (F2AED0AC-9AFE-416F-8664-AA7FFA26D6FC): 1
LogStreaming: Display: Took  0.001s to delete old logs.
LogInit: Presizing for max 8388607 objects, including 0 objects not considered by GC, pre-allocating 0 bytes for permanent pool.
LogInit: Object subsystem initialized
LogConfig: Setting CVar [[con.DebugEarlyDefault:1]]
LogConfig: Setting CVar [[r.setres:1280x720]]
[2019.02.10-12.58.31:002][  0]LogConfig: Setting CVar [[r.VSync:0]]
[2019.02.10-12.58.31:002][  0]LogConfig: Setting CVar [[r.RHICmdBypass:0]]
[2019.02.10-12.58.31:002][  0]LogConfig: Applying CVar settings from Section [/Script/Engine.RendererSettings] File [E:/Unreal4/Section_04/BattleTank-1/BattleTank/BattleTank/Saved/Config/Windows/Engine.ini]
[2019.02.10-12.58.31:002][  0]LogConfig: Setting CVar [[r.GPUCrashDebugging:0]]
[2019.02.10-12.58.31:002][  0]LogConfig: Applying CVar settings from Section [/Script/Engine.RendererOverrideSettings] File [E:/Unreal4/Section_04/BattleTank-1/BattleTank/BattleTank/Saved/Config/Windows/Engine.ini]
[2019.02.10-12.58.31:002][  0]LogConfig: Applying CVar settings from Section [/Script/Engine.StreamingSettings] File [E:/Unreal4/Section_04/BattleTank-1/BattleTank/BattleTank/Saved/Config/Windows/Engine.ini]
[2019.02.10-12.58.31:002][  0]LogConfig: Setting CVar [[s.MinBulkDataSizeForAsyncLoading:131072]]
[2019.02.10-12.58.31:002][  0]LogConfig: Setting CVar [[s.AsyncLoadingThreadEnabled:0]]
[2019.02.10-12.58.31:002][  0]LogConfig: Setting CVar [[s.EventDrivenLoaderEnabled:1]]
[2019.02.10-12.58.31:002][  0]LogConfig: Setting CVar [[s.WarnIfTimeLimitExceeded:0]]
[2019.02.10-12.58.31:002][  0]LogConfig: Setting CVar [[s.TimeLimitExceededMultiplier:1.5]]
[2019.02.10-12.58.31:002][  0]LogConfig: Setting CVar [[s.TimeLimitExceededMinTime:0.005]]
[2019.02.10-12.58.31:002][  0]LogConfig: Setting CVar [[s.UseBackgroundLevelStreaming:1]]
[2019.02.10-12.58.31:002][  0]LogConfig: Setting CVar [[s.PriorityAsyncLoadingExtraTime:15.0]]
[2019.02.10-12.58.31:002][  0]LogConfig: Setting CVar [[s.LevelStreamingActorsUpdateTimeLimit:5.0]]
[2019.02.10-12.58.31:002][  0]LogConfig: Setting CVar [[s.PriorityLevelStreamingActorsUpdateExtraTime:5.0]]
[2019.02.10-12.58.31:002][  0]LogConfig: Setting CVar [[s.LevelStreamingComponentsRegistrationGranularity:10]]
[2019.02.10-12.58.31:002][  0]LogConfig: Setting CVar [[s.UnregisterComponentsTimeLimit:1.0]]
[2019.02.10-12.58.31:002][  0]LogConfig: Setting CVar [[s.LevelStreamingComponentsUnregistrationGranularity:5]]
[2019.02.10-12.58.31:002][  0]LogConfig: Applying CVar settings from Section [/Script/Engine.GarbageCollectionSettings] File [E:/Unreal4/Section_04/BattleTank-1/BattleTank/BattleTank/Saved/Config/Windows/Engine.ini]
[2019.02.10-12.58.31:002][  0]LogConfig: Setting CVar [[gc.MaxObjectsNotConsideredByGC:1]]
[2019.02.10-12.58.31:002][  0]LogConfig: Setting CVar [[gc.SizeOfPermanentObjectPool:0]]
[2019.02.10-12.58.31:002][  0]LogConfig: Setting CVar [[gc.FlushStreamingOnGC:0]]
[2019.02.10-12.58.31:002][  0]LogConfig: Setting CVar [[gc.NumRetriesBeforeForcingGC:10]]
[2019.02.10-12.58.31:002][  0]LogConfig: Setting CVar [[gc.AllowParallelGC:1]]
[2019.02.10-12.58.31:002][  0]LogConfig: Setting CVar [[gc.TimeBetweenPurgingPendingKillObjects:61.1]]
[2019.02.10-12.58.31:003][  0]LogConfig: Setting CVar [[gc.MaxObjectsInEditor:8388607]]
[2019.02.10-12.58.31:003][  0]LogConfig: Setting CVar [[gc.IncrementalBeginDestroyEnabled:1]]
[2019.02.10-12.58.31:003][  0]LogConfig: Setting CVar [[gc.CreateGCClusters:1]]
[2019.02.10-12.58.31:003][  0]LogConfig: Setting CVar [[gc.MergeGCClusters:0]]
[2019.02.10-12.58.31:003][  0]LogConfig: Setting CVar [[gc.MinGCClusterSize:5]]
[2019.02.10-12.58.31:003][  0]LogConfig: Setting CVar [[gc.ActorClusteringEnabled:0]]
[2019.02.10-12.58.31:003][  0]LogConfig: Setting CVar [[gc.BlueprintClusteringEnabled:0]]
[2019.02.10-12.58.31:003][  0]LogConfig: Setting CVar [[gc.UseDisregardForGCOnDedicatedServers:0]]
[2019.02.10-12.58.31:003][  0]LogConfig: Applying CVar settings from Section [/Script/Engine.NetworkSettings] File [E:/Unreal4/Section_04/BattleTank-1/BattleTank/BattleTank/Saved/Config/Windows/Engine.ini]
[2019.02.10-12.58.31:003][  0]LogConfig: Applying CVar settings from Section [/Script/UnrealEd.CookerSettings] File [E:/Unreal4/Section_04/BattleTank-1/BattleTank/BattleTank/Saved/Config/Windows/Engine.ini]
[2019.02.10-12.58.31:006][  0]LogConfig: Applying CVar settings from Section [ViewDistanceQuality@3] File [E:/Unreal4/Section_04/BattleTank-1/BattleTank/BattleTank/Saved/Config/Windows/Scalability.ini]
[2019.02.10-12.58.31:006][  0]LogConfig: Setting CVar [[r.SkeletalMeshLODBias:0]]
[2019.02.10-12.58.31:006][  0]LogConfig: Setting CVar [[r.ViewDistanceScale:1.0]]
[2019.02.10-12.58.31:006][  0]LogConfig: Applying CVar settings from Section [AntiAliasingQuality@3] File [E:/Unreal4/Section_04/BattleTank-1/BattleTank/BattleTank/Saved/Config/Windows/Scalability.ini]
[2019.02.10-12.58.31:006][  0]LogConfig: Setting CVar [[r.PostProcessAAQuality:4]]
[2019.02.10-12.58.31:006][  0]LogConfig: Applying CVar settings from Section [ShadowQuality@3] File [E:/Unreal4/Section_04/BattleTank-1/BattleTank/BattleTank/Saved/Config/Windows/Scalability.ini]
[2019.02.10-12.58.31:006][  0]LogConfig: Setting CVar [[r.LightFunctionQuality:1]]
[2019.02.10-12.58.31:006][  0]LogConfig: Setting CVar [[r.ShadowQuality:5]]
[2019.02.10-12.58.31:006][  0]LogConfig: Setting CVar [[r.Shadow.CSM.MaxCascades:10]]
[2019.02.10-12.58.31:006][  0]LogConfig: Setting CVar [[r.Shadow.MaxResolution:2048]]
[2019.02.10-12.58.31:006][  0]LogConfig: Setting CVar [[r.Shadow.MaxCSMResolution:2048]]
[2019.02.10-12.58.31:006][  0]LogConfig: Setting CVar [[r.Shadow.RadiusThreshold:0.01]]
[2019.02.10-12.58.31:006][  0]LogConfig: Setting CVar [[r.Shadow.DistanceScale:1.0]]
[2019.02.10-12.58.31:006][  0]LogConfig: Setting CVar [[r.Shadow.CSM.TransitionScale:1.0]]
[2019.02.10-12.58.31:006][  0]LogConfig: Setting CVar [[r.Shadow.PreShadowResolutionFactor:1.0]]
[2019.02.10-12.58.31:006][  0]LogConfig: Setting CVar [[r.DistanceFieldShadowing:1]]
[2019.02.10-12.58.31:006][  0]LogConfig: Setting CVar [[r.DistanceFieldAO:1]]
[2019.02.10-12.58.31:006][  0]LogConfig: Setting CVar [[r.AOQuality:2]]
[2019.02.10-12.58.31:006][  0]LogConfig: Setting CVar [[r.VolumetricFog:1]]
[2019.02.10-12.58.31:006][  0]LogConfig: Setting CVar [[r.VolumetricFog.GridPixelSize:8]]
[2019.02.10-12.58.31:006][  0]LogConfig: Setting CVar [[r.VolumetricFog.GridSizeZ:128]]
[2019.02.10-12.58.31:006][  0]LogConfig: Setting CVar [[r.VolumetricFog.HistoryMissSupersampleCount:4]]
[2019.02.10-12.58.31:006][  0]LogConfig: Setting CVar [[r.LightMaxDrawDistanceScale:1]]
[2019.02.10-12.58.31:006][  0]LogConfig: Setting CVar [[r.CapsuleShadows:1]]
[2019.02.10-12.58.31:006][  0]LogConfig: Applying CVar settings from Section [PostProcessQuality@3] File [E:/Unreal4/Section_04/BattleTank-1/BattleTank/BattleTank/Saved/Config/Windows/Scalability.ini]
[2019.02.10-12.58.31:006][  0]LogConfig: Setting CVar [[r.MotionBlurQuality:4]]
[2019.02.10-12.58.31:006][  0]LogConfig: Setting CVar [[r.AmbientOcclusionMipLevelFactor:0.4]]
[2019.02.10-12.58.31:006][  0]LogConfig: Setting CVar [[r.AmbientOcclusionMaxQuality:100]]
[2019.02.10-12.58.31:006][  0]LogConfig: Setting CVar [[r.AmbientOcclusionLevels:-1]]
[2019.02.10-12.58.31:006][  0]LogConfig: Setting CVar [[r.AmbientOcclusionRadiusScale:1.0]]
[2019.02.10-12.58.31:006][  0]LogConfig: Setting CVar [[r.DepthOfFieldQuality:2]]
[2019.02.10-12.58.31:006][  0]LogConfig: Setting CVar [[r.RenderTargetPoolMin:400]]
[2019.02.10-12.58.31:006][  0]LogConfig: Setting CVar [[r.LensFlareQuality:2]]
[2019.02.10-12.58.31:006][  0]LogConfig: Setting CVar [[r.SceneColorFringeQuality:1]]
[2019.02.10-12.58.31:006][  0]LogConfig: Setting CVar [[r.EyeAdaptationQuality:2]]
[2019.02.10-12.58.31:006][  0]LogConfig: Setting CVar [[r.BloomQuality:5]]
[2019.02.10-12.58.31:006][  0]LogConfig: Setting CVar [[r.FastBlurThreshold:100]]
[2019.02.10-12.58.31:006][  0]LogConfig: Setting CVar [[r.Upscale.Quality:3]]
[2019.02.10-12.58.31:006][  0]LogConfig: Setting CVar [[r.Tonemapper.GrainQuantization:1]]
[2019.02.10-12.58.31:006][  0]LogConfig: Setting CVar [[r.LightShaftQuality:1]]
[2019.02.10-12.58.31:006][  0]LogConfig: Setting CVar [[r.Filter.SizeScale:1]]
[2019.02.10-12.58.31:006][  0]LogConfig: Setting CVar [[r.Tonemapper.Quality:5]]
[2019.02.10-12.58.31:006][  0]LogConfig: Setting CVar [[r.DOF.Gather.AccumulatorQuality:1        ; higher gathering accumulator quality]]
[2019.02.10-12.58.31:006][  0]LogConfig: Setting CVar [[r.DOF.Gather.PostfilterMethod:1          ; Median3x3 postfilering method]]
[2019.02.10-12.58.31:006][  0]LogConfig: Setting CVar [[r.DOF.Gather.EnableBokehSettings:0       ; no bokeh simulation when gathering]]
[2019.02.10-12.58.31:006][  0]LogConfig: Setting CVar [[r.DOF.Gather.RingCount:4                 ; medium number of samples when gathering]]
[2019.02.10-12.58.31:006][  0]LogConfig: Setting CVar [[r.DOF.Scatter.ForegroundCompositing:1    ; additive foreground scattering]]
[2019.02.10-12.58.31:006][  0]LogConfig: Setting CVar [[r.DOF.Scatter.BackgroundCompositing:2    ; additive background scattering]]
[2019.02.10-12.58.31:006][  0]LogConfig: Setting CVar [[r.DOF.Scatter.EnableBokehSettings:1      ; bokeh simulation when scattering]]
[2019.02.10-12.58.31:006][  0]LogConfig: Setting CVar [[r.DOF.Scatter.MaxSpriteRatio:0.1         ; only a maximum of 10% of scattered bokeh]]
[2019.02.10-12.58.31:006][  0]LogConfig: Setting CVar [[r.DOF.Recombine.Quality:1                ; cheap slight out of focus]]
[2019.02.10-12.58.31:006][  0]LogConfig: Setting CVar [[r.DOF.Recombine.EnableBokehSettings:0    ; no bokeh simulation on slight out of focus]]
[2019.02.10-12.58.31:006][  0]LogConfig: Setting CVar [[r.DOF.TemporalAAQuality:1                ; more stable temporal accumulation]]
[2019.02.10-12.58.31:006][  0]LogConfig: Setting CVar [[r.DOF.Kernel.MaxForegroundRadius:0.025]]
[2019.02.10-12.58.31:006][  0]LogConfig: Setting CVar [[r.DOF.Kernel.MaxBackgroundRadius:0.025]]
[2019.02.10-12.58.31:006][  0]LogConfig: Applying CVar settings from Section [TextureQuality@3] File [E:/Unreal4/Section_04/BattleTank-1/BattleTank/BattleTank/Saved/Config/Windows/Scalability.ini]
[2019.02.10-12.58.31:006][  0]LogConfig: Setting CVar [[r.Streaming.MipBias:0]]
[2019.02.10-12.58.31:006][  0]LogConfig: Setting CVar [[r.Streaming.AmortizeCPUToGPUCopy:0]]
[2019.02.10-12.58.31:006][  0]LogConfig: Setting CVar [[r.Streaming.MaxNumTexturesToStreamPerFrame:0]]
[2019.02.10-12.58.31:006][  0]LogConfig: Setting CVar [[r.Streaming.Boost:1]]
[2019.02.10-12.58.31:006][  0]LogConfig: Setting CVar [[r.MaxAnisotropy:8]]
[2019.02.10-12.58.31:006][  0]LogConfig: Setting CVar [[r.Streaming.LimitPoolSizeToVRAM:0]]
[2019.02.10-12.58.31:006][  0]LogConfig: Setting CVar [[r.Streaming.PoolSize:1000]]
[2019.02.10-12.58.31:006][  0]LogConfig: Setting CVar [[r.Streaming.MaxEffectiveScreenSize:0]]
[2019.02.10-12.58.31:006][  0]LogConfig: Applying CVar settings from Section [EffectsQuality@3] File [E:/Unreal4/Section_04/BattleTank-1/BattleTank/BattleTank/Saved/Config/Windows/Scalability.ini]
[2019.02.10-12.58.31:006][  0]LogConfig: Setting CVar [[r.TranslucencyLightingVolumeDim:64]]
[2019.02.10-12.58.31:006][  0]LogConfig: Setting CVar [[r.RefractionQuality:2]]
[2019.02.10-12.58.31:006][  0]LogConfig: Setting CVar [[r.SSR.Quality:3]]
[2019.02.10-12.58.31:006][  0]LogConfig: Setting CVar [[r.SceneColorFormat:4]]
[2019.02.10-12.58.31:007][  0]LogConfig: Setting CVar [[r.DetailMode:2]]
[2019.02.10-12.58.31:007][  0]LogConfig: Setting CVar [[r.TranslucencyVolumeBlur:1]]
[2019.02.10-12.58.31:007][  0]LogConfig: Setting CVar [[r.MaterialQualityLevel:1 ; High quality]]
[2019.02.10-12.58.31:007][  0]LogConfig: Setting CVar [[r.SSS.Scale:1]]
[2019.02.10-12.58.31:007][  0]LogConfig: Setting CVar [[r.SSS.SampleSet:2]]
[2019.02.10-12.58.31:007][  0]LogConfig: Setting CVar [[r.SSS.Quality:1]]
[2019.02.10-12.58.31:007][  0]LogConfig: Setting CVar [[r.SSS.HalfRes:1]]
[2019.02.10-12.58.31:007][  0]LogConfig: Setting CVar [[r.EmitterSpawnRateScale:1.0]]
[2019.02.10-12.58.31:007][  0]LogConfig: Setting CVar [[r.ParticleLightQuality:2]]
[2019.02.10-12.58.31:007][  0]LogConfig: Applying CVar settings from Section [FoliageQuality@3] File [E:/Unreal4/Section_04/BattleTank-1/BattleTank/BattleTank/Saved/Config/Windows/Scalability.ini]
[2019.02.10-12.58.31:007][  0]LogConfig: Setting CVar [[foliage.DensityScale:1.0]]
[2019.02.10-12.58.31:007][  0]LogConfig: Setting CVar [[grass.DensityScale:1.0]]
[2019.02.10-12.58.31:007][  0]LogInit: Selected Device Profile: [Windows]
[2019.02.10-12.58.31:007][  0]LogInit: Applying CVar settings loaded from the selected device profile: [Windows]
[2019.02.10-12.58.31:019][  0]LogHAL: Display: Platform has ~ 16 GB [17107632128 / 17179869184 / 16], which maps to Larger [LargestMinGB=32, LargerMinGB=12, DefaultMinGB=8, SmallerMinGB=6, SmallestMinGB=0)
[2019.02.10-12.58.31:019][  0]LogConfig: Setting CVar [[r.Vulkan.UseRealUBs:1]]
[2019.02.10-12.58.31:019][  0]LogInit: Going up to parent DeviceProfile []
[2019.02.10-12.58.31:019][  0]LogConfig: Applying CVar settings from Section [ViewDistanceQuality@3] File [E:/Unreal4/Section_04/BattleTank-1/BattleTank/BattleTank/Saved/Config/Windows/Scalability.ini]
[2019.02.10-12.58.31:019][  0]LogConfig: Setting CVar [[r.SkeletalMeshLODBias:0]]
[2019.02.10-12.58.31:019][  0]LogConfig: Setting CVar [[r.ViewDistanceScale:1.0]]
[2019.02.10-12.58.31:019][  0]LogConfig: Applying CVar settings from Section [AntiAliasingQuality@3] File [E:/Unreal4/Section_04/BattleTank-1/BattleTank/BattleTank/Saved/Config/Windows/Scalability.ini]
[2019.02.10-12.58.31:019][  0]LogConfig: Setting CVar [[r.PostProcessAAQuality:4]]
[2019.02.10-12.58.31:019][  0]LogConfig: Applying CVar settings from Section [ShadowQuality@3] File [E:/Unreal4/Section_04/BattleTank-1/BattleTank/BattleTank/Saved/Config/Windows/Scalability.ini]
[2019.02.10-12.58.31:019][  0]LogConfig: Setting CVar [[r.LightFunctionQuality:1]]
[2019.02.10-12.58.31:019][  0]LogConfig: Setting CVar [[r.ShadowQuality:5]]
[2019.02.10-12.58.31:019][  0]LogConfig: Setting CVar [[r.Shadow.CSM.MaxCascades:10]]
[2019.02.10-12.58.31:019][  0]LogConfig: Setting CVar [[r.Shadow.MaxResolution:2048]]
[2019.02.10-12.58.31:019][  0]LogConfig: Setting CVar [[r.Shadow.MaxCSMResolution:2048]]
[2019.02.10-12.58.31:019][  0]LogConfig: Setting CVar [[r.Shadow.RadiusThreshold:0.01]]
[2019.02.10-12.58.31:019][  0]LogConfig: Setting CVar [[r.Shadow.DistanceScale:1.0]]
[2019.02.10-12.58.31:019][  0]LogConfig: Setting CVar [[r.Shadow.CSM.TransitionScale:1.0]]
[2019.02.10-12.58.31:019][  0]LogConfig: Setting CVar [[r.Shadow.PreShadowResolutionFactor:1.0]]
[2019.02.10-12.58.31:019][  0]LogConfig: Setting CVar [[r.DistanceFieldShadowing:1]]
[2019.02.10-12.58.31:019][  0]LogConfig: Setting CVar [[r.DistanceFieldAO:1]]
[2019.02.10-12.58.31:019][  0]LogConfig: Setting CVar [[r.AOQuality:2]]
[2019.02.10-12.58.31:019][  0]LogConfig: Setting CVar [[r.VolumetricFog:1]]
[2019.02.10-12.58.31:019][  0]LogConfig: Setting CVar [[r.VolumetricFog.GridPixelSize:8]]
[2019.02.10-12.58.31:019][  0]LogConfig: Setting CVar [[r.VolumetricFog.GridSizeZ:128]]
[2019.02.10-12.58.31:019][  0]LogConfig: Setting CVar [[r.VolumetricFog.HistoryMissSupersampleCount:4]]
[2019.02.10-12.58.31:019][  0]LogConfig: Setting CVar [[r.LightMaxDrawDistanceScale:1]]
[2019.02.10-12.58.31:019][  0]LogConfig: Setting CVar [[r.CapsuleShadows:1]]
[2019.02.10-12.58.31:019][  0]LogConfig: Applying CVar settings from Section [PostProcessQuality@3] File [E:/Unreal4/Section_04/BattleTank-1/BattleTank/BattleTank/Saved/Config/Windows/Scalability.ini]
[2019.02.10-12.58.31:019][  0]LogConfig: Setting CVar [[r.MotionBlurQuality:4]]
[2019.02.10-12.58.31:019][  0]LogConfig: Setting CVar [[r.AmbientOcclusionMipLevelFactor:0.4]]
[2019.02.10-12.58.31:020][  0]LogConfig: Setting CVar [[r.AmbientOcclusionMaxQuality:100]]
[2019.02.10-12.58.31:020][  0]LogConfig: Setting CVar [[r.AmbientOcclusionLevels:-1]]
[2019.02.10-12.58.31:020][  0]LogConfig: Setting CVar [[r.AmbientOcclusionRadiusScale:1.0]]
[2019.02.10-12.58.31:020][  0]LogConfig: Setting CVar [[r.DepthOfFieldQuality:2]]
[2019.02.10-12.58.31:020][  0]LogConfig: Setting CVar [[r.RenderTargetPoolMin:400]]
[2019.02.10-12.58.31:020][  0]LogConfig: Setting CVar [[r.LensFlareQuality:2]]
[2019.02.10-12.58.31:020][  0]LogConfig: Setting CVar [[r.SceneColorFringeQuality:1]]
[2019.02.10-12.58.31:020][  0]LogConfig: Setting CVar [[r.EyeAdaptationQuality:2]]
[2019.02.10-12.58.31:020][  0]LogConfig: Setting CVar [[r.BloomQuality:5]]
[2019.02.10-12.58.31:020][  0]LogConfig: Setting CVar [[r.FastBlurThreshold:100]]
[2019.02.10-12.58.31:020][  0]LogConfig: Setting CVar [[r.Upscale.Quality:3]]
[2019.02.10-12.58.31:020][  0]LogConfig: Setting CVar [[r.Tonemapper.GrainQuantization:1]]
[2019.02.10-12.58.31:020][  0]LogConfig: Setting CVar [[r.LightShaftQuality:1]]
[2019.02.10-12.58.31:020][  0]LogConfig: Setting CVar [[r.Filter.SizeScale:1]]
[2019.02.10-12.58.31:020][  0]LogConfig: Setting CVar [[r.Tonemapper.Quality:5]]
[2019.02.10-12.58.31:020][  0]LogConfig: Setting CVar [[r.DOF.Gather.AccumulatorQuality:1        ; higher gathering accumulator quality]]
[2019.02.10-12.58.31:020][  0]LogConfig: Setting CVar [[r.DOF.Gather.PostfilterMethod:1          ; Median3x3 postfilering method]]
[2019.02.10-12.58.31:020][  0]LogConfig: Setting CVar [[r.DOF.Gather.EnableBokehSettings:0       ; no bokeh simulation when gathering]]
[2019.02.10-12.58.31:020][  0]LogConfig: Setting CVar [[r.DOF.Gather.RingCount:4                 ; medium number of samples when gathering]]
[2019.02.10-12.58.31:020][  0]LogConfig: Setting CVar [[r.DOF.Scatter.ForegroundCompositing:1    ; additive foreground scattering]]
[2019.02.10-12.58.31:020][  0]LogConfig: Setting CVar [[r.DOF.Scatter.BackgroundCompositing:2    ; additive background scattering]]
[2019.02.10-12.58.31:020][  0]LogConfig: Setting CVar [[r.DOF.Scatter.EnableBokehSettings:1      ; bokeh simulation when scattering]]
[2019.02.10-12.58.31:020][  0]LogConfig: Setting CVar [[r.DOF.Scatter.MaxSpriteRatio:0.1         ; only a maximum of 10% of scattered bokeh]]
[2019.02.10-12.58.31:020][  0]LogConfig: Setting CVar [[r.DOF.Recombine.Quality:1                ; cheap slight out of focus]]
[2019.02.10-12.58.31:020][  0]LogConfig: Setting CVar [[r.DOF.Recombine.EnableBokehSettings:0    ; no bokeh simulation on slight out of focus]]
[2019.02.10-12.58.31:020][  0]LogConfig: Setting CVar [[r.DOF.TemporalAAQuality:1                ; more stable temporal accumulation]]
[2019.02.10-12.58.31:020][  0]LogConfig: Setting CVar [[r.DOF.Kernel.MaxForegroundRadius:0.025]]
[2019.02.10-12.58.31:020][  0]LogConfig: Setting CVar [[r.DOF.Kernel.MaxBackgroundRadius:0.025]]
[2019.02.10-12.58.31:020][  0]LogConfig: Applying CVar settings from Section [TextureQuality@3] File [E:/Unreal4/Section_04/BattleTank-1/BattleTank/BattleTank/Saved/Config/Windows/Scalability.ini]
[2019.02.10-12.58.31:020][  0]LogConfig: Setting CVar [[r.Streaming.MipBias:0]]
[2019.02.10-12.58.31:020][  0]LogConfig: Setting CVar [[r.Streaming.AmortizeCPUToGPUCopy:0]]
[2019.02.10-12.58.31:020][  0]LogConfig: Setting CVar [[r.Streaming.MaxNumTexturesToStreamPerFrame:0]]
[2019.02.10-12.58.31:020][  0]LogConfig: Setting CVar [[r.Streaming.Boost:1]]
[2019.02.10-12.58.31:020][  0]LogConfig: Setting CVar [[r.MaxAnisotropy:8]]
[2019.02.10-12.58.31:020][  0]LogConfig: Setting CVar [[r.Streaming.LimitPoolSizeToVRAM:0]]
[2019.02.10-12.58.31:020][  0]LogConfig: Setting CVar [[r.Streaming.PoolSize:1000]]
[2019.02.10-12.58.31:020][  0]LogConfig: Setting CVar [[r.Streaming.MaxEffectiveScreenSize:0]]
[2019.02.10-12.58.31:020][  0]LogConfig: Applying CVar settings from Section [EffectsQuality@3] File [E:/Unreal4/Section_04/BattleTank-1/BattleTank/BattleTank/Saved/Config/Windows/Scalability.ini]
[2019.02.10-12.58.31:020][  0]LogConfig: Setting CVar [[r.TranslucencyLightingVolumeDim:64]]
[2019.02.10-12.58.31:020][  0]LogConfig: Setting CVar [[r.RefractionQuality:2]]
[2019.02.10-12.58.31:020][  0]LogConfig: Setting CVar [[r.SSR.Quality:3]]
[2019.02.10-12.58.31:020][  0]LogConfig: Setting CVar [[r.SceneColorFormat:4]]
[2019.02.10-12.58.31:020][  0]LogConfig: Setting CVar [[r.DetailMode:2]]
[2019.02.10-12.58.31:020][  0]LogConfig: Setting CVar [[r.TranslucencyVolumeBlur:1]]
[2019.02.10-12.58.31:020][  0]LogConfig: Setting CVar [[r.MaterialQualityLevel:1 ; High quality]]
[2019.02.10-12.58.31:020][  0]LogConfig: Setting CVar [[r.SSS.Scale:1]]
[2019.02.10-12.58.31:020][  0]LogConfig: Setting CVar [[r.SSS.SampleSet:2]]
[2019.02.10-12.58.31:020][  0]LogConfig: Setting CVar [[r.SSS.Quality:1]]
[2019.02.10-12.58.31:020][  0]LogConfig: Setting CVar [[r.SSS.HalfRes:1]]
[2019.02.10-12.58.31:020][  0]LogConfig: Setting CVar [[r.EmitterSpawnRateScale:1.0]]
[2019.02.10-12.58.31:020][  0]LogConfig: Setting CVar [[r.ParticleLightQuality:2]]
[2019.02.10-12.58.31:020][  0]LogConfig: Applying CVar settings from Section [FoliageQuality@3] File [E:/Unreal4/Section_04/BattleTank-1/BattleTank/BattleTank/Saved/Config/Windows/Scalability.ini]
[2019.02.10-12.58.31:020][  0]LogConfig: Setting CVar [[foliage.DensityScale:1.0]]
[2019.02.10-12.58.31:020][  0]LogConfig: Setting CVar [[grass.DensityScale:1.0]]
[2019.02.10-12.58.31:020][  0]LogConfig: Applying CVar settings from Section [Startup] File [../../../Engine/Config/ConsoleVariables.ini]
[2019.02.10-12.58.31:020][  0]LogConfig: Setting CVar [[net.UseAdaptiveNetUpdateFrequency:0]]
[2019.02.10-12.58.31:020][  0]LogConfig: Applying CVar settings from Section [ConsoleVariables] File [E:/Unreal4/Section_04/BattleTank-1/BattleTank/BattleTank/Saved/Config/Windows/Engine.ini]
[2019.02.10-12.58.31:020][  0]LogInit: Computer: DESKTOP-2BM5QKQ
[2019.02.10-12.58.31:020][  0]LogInit: User: joshu
[2019.02.10-12.58.31:020][  0]LogInit: CPU Page size=4096, Cores=8
[2019.02.10-12.58.31:020][  0]LogInit: High frequency timer resolution =10.000000 MHz
[2019.02.10-12.58.31:021][  0]LogMemory: Memory total: Physical=15.9GB (16GB approx)
[2019.02.10-12.58.31:021][  0]LogMemory: Platform Memory Stats for Windows
[2019.02.10-12.58.31:021][  0]LogMemory: Process Physical Memory: 103.67 MB used, 103.67 MB peak
[2019.02.10-12.58.31:021][  0]LogMemory: Process Virtual Memory: 93.14 MB used, 93.14 MB peak
[2019.02.10-12.58.31:021][  0]LogMemory: Physical Memory: 6376.44 MB used,  9938.67 MB free, 16315.11 MB total
[2019.02.10-12.58.31:021][  0]LogMemory: Virtual Memory: 4684.77 MB used,  134213040.00 MB free, 134217728.00 MB total
[2019.02.10-12.58.31:035][  0]LogInit: Overriding language with editor language configuration option (en).
[2019.02.10-12.58.31:035][  0]LogInit: Overriding locale with editor locale configuration option (en).
[2019.02.10-12.58.31:367][  0]LogStreaming: Display: Took  0.332s to InitEngineTextLocalization.
[2019.02.10-12.58.31:367][  0]LogInit: Setting process to per monitor DPI aware
[2019.02.10-12.58.31:407][  0]LogSlate: New Slate User Created.  User Index 0, Is Virtual User: 0
[2019.02.10-12.58.31:407][  0]LogSlate: Slate User Registered.  User Index 0, Is Virtual User: 0
[2019.02.10-12.58.31:574][  0]LogHMD: Failed to initialize OpenVR with code 110
[2019.02.10-12.58.31:574][  0]LogD3D11RHI: D3D11 adapters:
[2019.02.10-12.58.31:642][  0]LogD3D11RHI:    0. 'NVIDIA GeForce RTX 2080' (Feature Level 11_0)
[2019.02.10-12.58.31:642][  0]LogD3D11RHI:       8010/0/8157 MB DedicatedVideo/DedicatedSystem/SharedSystem, Outputs:1, VendorId:0x10de
[2019.02.10-12.58.31:643][  0]LogD3D11RHI:    1. 'Microsoft Basic Render Driver' (Feature Level 11_0)
[2019.02.10-12.58.31:643][  0]LogD3D11RHI:       0/0/8157 MB DedicatedVideo/DedicatedSystem/SharedSystem, Outputs:0, VendorId:0x1414
[2019.02.10-12.58.31:643][  0]LogD3D11RHI: Chosen D3D11 Adapter: 0
[2019.02.10-12.58.31:652][  0]LogD3D11RHI: Creating new Direct3DDevice
[2019.02.10-12.58.31:652][  0]LogD3D11RHI:     GPU DeviceId: 0x1e87 (for the marketing name, search the web for "GPU Device Id")
[2019.02.10-12.58.31:652][  0]LogWindows: EnumDisplayDevices:
[2019.02.10-12.58.31:652][  0]LogWindows:    0. 'NVIDIA GeForce RTX 2080' (P:1 D:1)
[2019.02.10-12.58.31:652][  0]LogWindows:    1. 'NVIDIA GeForce RTX 2080' (P:0 D:0)
[2019.02.10-12.58.31:653][  0]LogWindows:    2. 'NVIDIA GeForce RTX 2080' (P:0 D:0)
[2019.02.10-12.58.31:653][  0]LogWindows:    3. 'NVIDIA GeForce RTX 2080' (P:0 D:0)
[2019.02.10-12.58.31:654][  0]LogWindows: DebugString: FoundDriverCount:4 
[2019.02.10-12.58.31:654][  0]LogD3D11RHI:     Adapter Name: NVIDIA GeForce RTX 2080
[2019.02.10-12.58.31:654][  0]LogD3D11RHI:   Driver Version: 418.81 (internal:25.21.14.1881, unified:418.81)
[2019.02.10-12.58.31:654][  0]LogD3D11RHI:      Driver Date: 1-30-2019
[2019.02.10-12.58.31:654][  0]LogRHI: Texture pool is 5607 MB (70% of 8010 MB)
[2019.02.10-12.58.31:700][  0]LogD3D11RHI: Async texture creation enabled
[2019.02.10-12.58.31:731][  0]LogD3D11RHI: GPU Timing Frequency: 1000.000000 (Debug: 2 2)
[2019.02.10-12.58.31:774][  0]LogD3D11RHI: HDR output is supported on display 0 (NvId: 0x80061086).
[2019.02.10-12.58.32:067][  0]LogTemp: Display: Loaded TP AllDesktopTargetPlatform
[2019.02.10-12.58.32:079][  0]LogTemp: Display: Loaded TP MacClientTargetPlatform
[2019.02.10-12.58.32:092][  0]LogTemp: Display: Loaded TP MacNoEditorTargetPlatform
[2019.02.10-12.58.32:105][  0]LogTemp: Display: Loaded TP MacServerTargetPlatform
[2019.02.10-12.58.32:118][  0]LogTemp: Display: Loaded TP MacTargetPlatform
[2019.02.10-12.58.32:131][  0]LogTemp: Display: Loaded TP WindowsClientTargetPlatform
[2019.02.10-12.58.32:144][  0]LogTemp: Display: Loaded TP WindowsNoEditorTargetPlatform
[2019.02.10-12.58.32:157][  0]LogTemp: Display: Loaded TP WindowsServerTargetPlatform
[2019.02.10-12.58.32:163][  0]LogTemp: Display: Loaded TP WindowsTargetPlatform
[2019.02.10-12.58.32:236][  0]LogTemp: Display: Loaded TP AndroidTargetPlatform
[2019.02.10-12.58.32:236][  0]LogTemp: Display: Loaded TP AndroidTargetPlatform
[2019.02.10-12.58.32:236][  0]LogTemp: Display: Loaded TP AndroidTargetPlatform
[2019.02.10-12.58.32:236][  0]LogTemp: Display: Loaded TP AndroidTargetPlatform
[2019.02.10-12.58.32:236][  0]LogTemp: Display: Loaded TP AndroidTargetPlatform
[2019.02.10-12.58.32:236][  0]LogTemp: Display: Loaded TP AndroidTargetPlatform
[2019.02.10-12.58.32:236][  0]LogTemp: Display: Loaded TP AndroidTargetPlatform
[2019.02.10-12.58.32:236][  0]LogTemp: Display: Loaded TP AndroidTargetPlatform
[2019.02.10-12.58.32:236][  0]LogTemp: Display: Loaded TP AndroidTargetPlatform
[2019.02.10-12.58.32:236][  0]LogTemp: Display: Loaded TP AndroidTargetPlatform
[2019.02.10-12.58.32:236][  0]LogTemp: Display: Loaded TP AndroidTargetPlatform
[2019.02.10-12.58.32:236][  0]LogTemp: Display: Loaded TP AndroidTargetPlatform
[2019.02.10-12.58.32:236][  0]LogTemp: Display: Loaded TP AndroidTargetPlatform
[2019.02.10-12.58.32:236][  0]LogTemp: Display: Loaded TP AndroidTargetPlatform
[2019.02.10-12.58.32:236][  0]LogTemp: Display: Loaded TP AndroidTargetPlatform
[2019.02.10-12.58.32:236][  0]LogTemp: Display: Loaded TP AndroidTargetPlatform
[2019.02.10-12.58.32:236][  0]LogTemp: Display: Loaded TP AndroidTargetPlatform
[2019.02.10-12.58.32:236][  0]LogTemp: Display: Loaded TP AndroidTargetPlatform
[2019.02.10-12.58.32:237][  0]LogTemp: Display: Loaded TP HTML5TargetPlatform
[2019.02.10-12.58.32:296][  0]LogTemp: Display: Loaded TP IOSTargetPlatform
[2019.02.10-12.58.32:296][  0]LogTemp: Display: Loaded TP IOSTargetPlatform
[2019.02.10-12.58.32:318][  0]LogTemp: Display: Loaded TP TVOSTargetPlatform
[2019.02.10-12.58.32:318][  0]LogTemp: Display: Loaded TP TVOSTargetPlatform
[2019.02.10-12.58.32:330][  0]LogTemp: Display: Loaded TP LinuxClientTargetPlatform
[2019.02.10-12.58.32:342][  0]LogTemp: Display: Loaded TP LinuxNoEditorTargetPlatform
[2019.02.10-12.58.32:354][  0]LogTemp: Display: Loaded TP LinuxServerTargetPlatform
[2019.02.10-12.58.32:368][  0]LogTemp: Display: Loaded TP LinuxTargetPlatform
[2019.02.10-12.58.32:411][  0]LogTemp: Display: Loaded TP LuminTargetPlatform
[2019.02.10-12.58.32:411][  0]LogTemp: Display: Loaded TP LuminTargetPlatform
[2019.02.10-12.58.32:412][  0]LogTargetPlatformManager: Display: Building Assets For Windows
[2019.02.10-12.58.32:459][  0]LogShaderCompilers: Guid format shader working directory is -11 characters bigger than the processId version (E:/Unreal4/Section_04/BattleTank-1/BattleTank/BattleTank/Intermediate/Shaders/WorkingDirectory/10096/).
[2019.02.10-12.58.32:459][  0]LogShaderCompilers: Cleaned the shader compiler working directory 'C:/Users/joshu/AppData/Local/Temp/UnrealShaderWorkingDir/FD86C8E54E22387F97E80C9F67940504/'.
[2019.02.10-12.58.32:467][  0]LogXGEController: Cannot use XGE Controller as Incredibuild is not installed on this machine.
[2019.02.10-12.58.32:467][  0]LogShaderCompilers: Cannot use XGE Shader Compiler as Incredibuild is not installed on this machine.
[2019.02.10-12.58.32:467][  0]LogShaderCompilers: Display: Using Local Shader Compiler.
[2019.02.10-12.58.32:900][  0]LogDerivedDataCache: Display: Max Cache Size: 512 MB
[2019.02.10-12.58.32:939][  0]LogDerivedDataCache: Loaded boot cache 0.04s 71MB C:/Users/joshu/AppData/Local/UnrealEngine/4.21/DerivedDataCache/Boot.ddc.
[2019.02.10-12.58.32:939][  0]LogDerivedDataCache: Display: Loaded Boot cache: C:/Users/joshu/AppData/Local/UnrealEngine/4.21/DerivedDataCache/Boot.ddc
[2019.02.10-12.58.32:939][  0]LogDerivedDataCache: FDerivedDataBackendGraph:  Pak pak cache file E:/Unreal4/Section_04/BattleTank-1/BattleTank/BattleTank/DerivedDataCache/DDC.ddp not found, will not use a pak cache.
[2019.02.10-12.58.32:939][  0]LogDerivedDataCache: Unable to find inner node Pak for hierarchical cache Hierarchy.
[2019.02.10-12.58.32:939][  0]LogDerivedDataCache: FDerivedDataBackendGraph:  CompressedPak pak cache file E:/Unreal4/Section_04/BattleTank-1/BattleTank/BattleTank/DerivedDataCache/Compressed.ddp not found, will not use a pak cache.
[2019.02.10-12.58.32:939][  0]LogDerivedDataCache: Unable to find inner node CompressedPak for hierarchical cache Hierarchy.
[2019.02.10-12.58.32:951][  0]LogDerivedDataCache: Display: Pak cache opened for reading ../../../Engine/DerivedDataCache/Compressed.ddp.
[2019.02.10-12.58.32:951][  0]LogDerivedDataCache: FDerivedDataBackendGraph:  EnterprisePak pak cache file ../../../Enterprise/DerivedDataCache/Compressed.ddp not found, will not use a pak cache.
[2019.02.10-12.58.32:951][  0]LogDerivedDataCache: Unable to find inner node EnterprisePak for hierarchical cache Hierarchy.
[2019.02.10-12.58.32:963][  0]LogDerivedDataCache: Using Local data cache path C:/Users/joshu/AppData/Local/UnrealEngine/Common/DerivedDataCache: Writable
[2019.02.10-12.58.32:963][  0]LogDerivedDataCache: Shared data cache path not found in *engine.ini, will not use an Shared cache.
[2019.02.10-12.58.32:963][  0]LogDerivedDataCache: Unable to find inner node Shared for hierarchical cache Hierarchy.
[2019.02.10-12.58.32:982][  0]LogMaterial: Verifying Global Shaders for PCD3D_SM5
[2019.02.10-12.58.32:984][  0]LogSlate: Using FreeType 2.6.0
[2019.02.10-12.58.32:984][  0]LogSlate: SlateFontServices - WITH_FREETYPE: 1, WITH_HARFBUZZ: 1
[2019.02.10-12.58.33:062][  0]LogAssetRegistry: FAssetRegistry took 0.0329 seconds to start up
[2019.02.10-12.58.33:347][  0]LogInit: Selected Device Profile: [Windows]
[2019.02.10-12.58.33:404][  0]LogSimplygon: Simplygon DLL not present - disabling.
[2019.02.10-12.58.33:406][  0]LogMeshReduction: Using SimplygonSwarm for distributed automatic mesh merging
[2019.02.10-12.58.33:406][  0]LogMeshReduction: Using ProxyLODMeshReduction for automatic mesh merging
[2019.02.10-12.58.33:406][  0]LogMeshReduction: Using QuadricMeshReduction for automatic static mesh reduction
[2019.02.10-12.58.33:407][  0]LogMeshReduction: No automatic skeletal mesh reduction module available
[2019.02.10-12.58.33:480][  0]LogNetVersion: BattleTank 1.0.0, NetCL: 4541578, EngineNetVer: 5, GameNetVer: 0 (Checksum: 1064757075)
[2019.02.10-12.58.33:853][  0]LogPackageLocalizationCache: Processed 11 localized package path(s) for 1 prioritized culture(s) in 0.040118 seconds
[2019.02.10-12.58.33:860][  0]LogUObjectArray: 39775 objects as part of root set at end of initial load.
[2019.02.10-12.58.33:860][  0]LogUObjectAllocator: 6914656 out of 0 bytes used by permanent object pool.
[2019.02.10-12.58.33:860][  0]LogUObjectArray: CloseDisregardForGC: 0/0 objects in disregard for GC pool
[2019.02.10-12.58.34:576][  0]LogTcpMessaging: Initializing TcpMessaging bridge
[2019.02.10-12.58.34:589][  0]LogUdpMessaging: Initializing bridge on interface 0.0.0.0:0 to multicast group 230.0.0.1:6666.
[2019.02.10-12.58.35:171][  0]SourceControl: Source control is disabled
[2019.02.10-12.58.35:171][  0]SourceControl: Source control is disabled
[2019.02.10-12.58.35:172][  0]SourceControl: Source control is disabled
[2019.02.10-12.58.35:172][  0]SourceControl: Source control is disabled
[2019.02.10-12.58.35:320][  0]LogAndroidPermission: UAndroidPermissionCallbackProxy::GetInstance
[2019.02.10-12.58.35:448][  0]LogOcInput: OculusInput pre-init called
[2019.02.10-12.58.35:573][  0]LogEngine: Initializing Engine...
[2019.02.10-12.58.35:573][  0]LogHMD: Failed to initialize OpenVR with code 110
[2019.02.10-12.58.35:574][  0]LogStats: UGameplayTagsManager::ConstructGameplayTagTree: ImportINI prefixes -  0.000 s
[2019.02.10-12.58.35:574][  0]LogStats: UGameplayTagsManager::ConstructGameplayTagTree: Construct from data asset -  0.000 s
[2019.02.10-12.58.35:574][  0]LogStats: UGameplayTagsManager::ConstructGameplayTagTree: ImportINI -  0.000 s
[2019.02.10-12.58.35:574][  0]LogStats: UGameplayTagsManager::ConstructGameplayTagTree: GameplayTagTreeChangedEvent.Broadcast -  0.000 s
[2019.02.10-12.58.35:757][  0]LogInit: Initializing FReadOnlyCVARCache
[2019.02.10-12.58.35:768][  0]LogAIModule: Creating AISystem for world Untitled
[2019.02.10-12.58.35:813][  0]LogInit: XAudio2 using '헤드셋 이어폰(Corsair VOID PRO Surround USB Sound Adapter)' : 6 channels at 48 kHz using 16 bits per sample (channel mask 0x3f)
[2019.02.10-12.58.35:958][  0]LogInit: FAudioDevice initialized.
[2019.02.10-12.58.35:959][  0]LogNetVersion: Set ProjectVersion to 1.0.0.0. Version Checksum will be recalculated on next use.
[2019.02.10-12.58.36:033][  0]LogDerivedDataCache: Saved boot cache 0.07s 71MB C:/Users/joshu/AppData/Local/UnrealEngine/4.21/DerivedDataCache/Boot.ddc.
[2019.02.10-12.58.36:044][  0]LogInit: Texture streaming: Enabled
[2019.02.10-12.58.36:060][  0]LogEngineSessionManager: EngineSessionManager initialized
[2019.02.10-12.58.36:073][  0]LogInit: Transaction tracking system initialized
[2019.02.10-12.58.36:094][  0]BlueprintLog: New page: Editor Load
[2019.02.10-12.58.36:163][  0]LocalizationService: Localization service is disabled
[2019.02.10-12.58.36:624][  0]LogFileCache: Scanning file cache for directory 'E:/Unreal4/Section_04/BattleTank-1/BattleTank/BattleTank/Content/' took 0.01s
[2019.02.10-12.58.36:624][  0]LogCook: Display: Max memory allowance for cook 16384mb min free memory 0mb
[2019.02.10-12.58.36:624][  0]LogCook: Display: Mobile HDR setting 1
[2019.02.10-12.58.36:624][  0]LogGameplayTags: Display: UGameplayTagsManager::DoneAddingNativeTags. DelegateIsBound: 0
[2019.02.10-12.58.36:624][  0]LogStats: UGameplayTagsManager::ConstructGameplayTagTree: ImportINI prefixes -  0.000 s
[2019.02.10-12.58.36:624][  0]LogStats: UGameplayTagsManager::ConstructGameplayTagTree: Construct from data asset -  0.000 s
[2019.02.10-12.58.36:624][  0]LogStats: UGameplayTagsManager::ConstructGameplayTagTree: ImportINI -  0.000 s
[2019.02.10-12.58.36:624][  0]LogStats: UGameplayTagsManager::ConstructGameplayTagTree: GameplayTagTreeChangedEvent.Broadcast -  0.000 s
[2019.02.10-12.58.36:727][  0]SourceControl: Source control is disabled
[2019.02.10-12.58.36:727][  0]Cmd: MAP LOAD FILE="E:/Unreal4/Section_04/BattleTank-1/BattleTank/BattleTank/Content/FlatShading/BattleGround_FlatShading.umap" TEMPLATE=0 SHOWPROGRESS=1 FEATURELEVEL=3
[2019.02.10-12.58.36:727][  0]LightingResults: New page: Lighting Build
[2019.02.10-12.58.36:730][  0]MapCheck: New page: Map Check
[2019.02.10-12.58.36:730][  0]LightingResults: New page: Lighting Build
[2019.02.10-12.58.37:231][  0]LogAIModule: Creating AISystem for world BattleGround_FlatShading
[2019.02.10-12.58.37:270][  0]LogEditorServer: Finished looking for orphan Actors (0.000 secs)
[2019.02.10-12.58.37:301][  0]Cmd: MAP CHECKDEP NOCLEARLOG
[2019.02.10-12.58.37:301][  0]MapCheck: Map check complete: 0 Error(s), 0 Warning(s), took 0.088ms to complete.
[2019.02.10-12.58.37:301][  0]LogFileHelpers: Loading map 'BattleGround_FlatShading' took 0.574
[2019.02.10-12.58.37:388][  0]LogSlate: Updating window title bar state: overlay mode, drag disabled, window buttons hidden, title bar hidden
[2019.02.10-12.58.37:394][  0]LogSlate: Updating window title bar state: overlay mode, drag disabled, window buttons hidden, title bar hidden
[2019.02.10-12.58.37:401][  0]LogSlate: Updating window title bar state: overlay mode, drag disabled, window buttons hidden, title bar hidden
[2019.02.10-12.58.37:407][  0]LogSlate: Updating window title bar state: overlay mode, drag disabled, window buttons hidden, title bar hidden
[2019.02.10-12.58.37:418][  0]LogCollectionManager: Loaded 0 collections in 0.001383 seconds
[2019.02.10-12.58.37:433][  0]LogFileCache: Scanning file cache for directory 'E:/Unreal4/Section_04/BattleTank-1/BattleTank/BattleTank/Saved/Collections/' took 0.01s
[2019.02.10-12.58.37:433][  0]LogFileCache: Scanning file cache for directory 'E:/Unreal4/Section_04/BattleTank-1/BattleTank/BattleTank/Content/Developers/joshu/Collections/' took 0.00s
[2019.02.10-12.58.37:433][  0]LogFileCache: Scanning file cache for directory 'E:/Unreal4/Section_04/BattleTank-1/BattleTank/BattleTank/Content/Collections/' took 0.00s
[2019.02.10-12.58.37:433][  0]LogCollectionManager: Rebuilt the GUID cache for 0 collections in 0.000000 seconds
[2019.02.10-12.58.37:442][  0]LogContentBrowser: Native class hierarchy populated in 0.0085 seconds. Added 2661 classes and 625 folders.
[2019.02.10-12.58.37:447][  0]LogContentBrowser: Native class hierarchy updated for 'WidgetCarousel' in 0.0003 seconds. Added 0 classes and 0 folders.
[2019.02.10-12.58.37:448][  0]LogPakFile: Registered encryption key '00000000000000000000000000000000': 0 pak files mounted, 0 remain pending
[2019.02.10-12.58.37:449][  0]LogPakFile: Registered encryption key '00000000000000000000000000000000': 0 pak files mounted, 0 remain pending
[2019.02.10-12.58.37:449][  0]LogPakFile: Registered encryption key '00000000000000000000000000000000': 0 pak files mounted, 0 remain pending
[2019.02.10-12.58.37:450][  0]LogPakFile: Registered encryption key '00000000000000000000000000000000': 0 pak files mounted, 0 remain pending
[2019.02.10-12.58.37:450][  0]LogPakFile: Registered encryption key '00000000000000000000000000000000': 0 pak files mounted, 0 remain pending
[2019.02.10-12.58.37:450][  0]LogPakFile: Registered encryption key '00000000000000000000000000000000': 0 pak files mounted, 0 remain pending
[2019.02.10-12.58.37:451][  0]LogPakFile: Registered encryption key '00000000000000000000000000000000': 0 pak files mounted, 0 remain pending
[2019.02.10-12.58.37:451][  0]LogPakFile: Registered encryption key '00000000000000000000000000000000': 0 pak files mounted, 0 remain pending
[2019.02.10-12.58.37:451][  0]LogPakFile: Registered encryption key '00000000000000000000000000000000': 0 pak files mounted, 0 remain pending
[2019.02.10-12.58.37:452][  0]LogPakFile: Registered encryption key '00000000000000000000000000000000': 0 pak files mounted, 0 remain pending
[2019.02.10-12.58.37:452][  0]LogPakFile: Registered encryption key '00000000000000000000000000000000': 0 pak files mounted, 0 remain pending
[2019.02.10-12.58.37:452][  0]LogPakFile: Registered encryption key '00000000000000000000000000000000': 0 pak files mounted, 0 remain pending
[2019.02.10-12.58.37:453][  0]LogPakFile: Registered encryption key '00000000000000000000000000000000': 0 pak files mounted, 0 remain pending
[2019.02.10-12.58.37:453][  0]LogPakFile: Registered encryption key '00000000000000000000000000000000': 0 pak files mounted, 0 remain pending
[2019.02.10-12.58.37:453][  0]LogPakFile: Registered encryption key '00000000000000000000000000000000': 0 pak files mounted, 0 remain pending
[2019.02.10-12.58.37:454][  0]LogPakFile: Registered encryption key '00000000000000000000000000000000': 0 pak files mounted, 0 remain pending
[2019.02.10-12.58.37:454][  0]LogPakFile: Registered encryption key '00000000000000000000000000000000': 0 pak files mounted, 0 remain pending
[2019.02.10-12.58.37:455][  0]LogPakFile: Registered encryption key '00000000000000000000000000000000': 0 pak files mounted, 0 remain pending
[2019.02.10-12.58.37:455][  0]LogPakFile: Registered encryption key '00000000000000000000000000000000': 0 pak files mounted, 0 remain pending
[2019.02.10-12.58.37:455][  0]LogPakFile: Registered encryption key '00000000000000000000000000000000': 0 pak files mounted, 0 remain pending
[2019.02.10-12.58.37:456][  0]LogPakFile: Registered encryption key '00000000000000000000000000000000': 0 pak files mounted, 0 remain pending
[2019.02.10-12.58.37:456][  0]LogPakFile: Registered encryption key '00000000000000000000000000000000': 0 pak files mounted, 0 remain pending
[2019.02.10-12.58.37:456][  0]LogPakFile: Registered encryption key '00000000000000000000000000000000': 0 pak files mounted, 0 remain pending
[2019.02.10-12.58.37:457][  0]LogPakFile: Registered encryption key '00000000000000000000000000000000': 0 pak files mounted, 0 remain pending
[2019.02.10-12.58.37:457][  0]LogPakFile: Registered encryption key '00000000000000000000000000000000': 0 pak files mounted, 0 remain pending
[2019.02.10-12.58.37:458][  0]LogPakFile: Registered encryption key '00000000000000000000000000000000': 0 pak files mounted, 0 remain pending
[2019.02.10-12.58.37:487][  0]LogContentBrowser: Native class hierarchy updated for 'AddContentDialog' in 0.0003 seconds. Added 0 classes and 0 folders.
[2019.02.10-12.58.37:520][  0]LogContentBrowser: Native class hierarchy updated for 'HierarchicalLODOutliner' in 0.0003 seconds. Added 0 classes and 0 folders.
[2019.02.10-12.58.37:520][  0]LogLoad: (Engine Initialization) Total time: 8.46 seconds
[2019.02.10-12.58.37:521][  0]LogLoad: (Engine Initialization) Total Blueprint compile time: 0.00 seconds
[2019.02.10-12.58.37:592][  0]LogContentStreaming: Texture pool size now 1000 MB
[2019.02.10-12.58.37:593][  0]LogSlate: Took 0.000157 seconds to synchronously load lazily loaded font '../../../Engine/Content/Slate/Fonts/Roboto-Regular.ttf' (155K)
[2019.02.10-12.58.37:596][  0]LogSlate: Took 0.000141 seconds to synchronously load lazily loaded font '../../../Engine/Content/Slate/Fonts/Roboto-Bold.ttf' (160K)
[2019.02.10-12.58.37:599][  0]LogSlate: Took 0.000131 seconds to synchronously load lazily loaded font '../../../Engine/Content/Editor/Slate/Fonts/FontAwesome.ttf' (139K)
[2019.02.10-12.58.37:690][  1]LogRenderer: Reallocating scene render targets to support 856x460 Format 10 NumSamples 1 (Frame:1).
[2019.02.10-12.58.37:755][  1]LogAssetRegistry: Asset discovery search completed in 4.7163 seconds
[2019.02.10-12.58.37:757][  1]LogCollectionManager: Rebuilt the object cache for 0 collections in 0.000000 seconds (found 0 objects)
[2019.02.10-12.58.37:757][  1]LogCollectionManager: Fixed up redirectors for 0 collections in 0.000048 seconds (updated 0 objects)
[2019.02.10-12.58.38:558][ 72]LogSlate: Took 0.000141 seconds to synchronously load lazily loaded font '../../../Engine/Content/Slate/Fonts/Roboto-Light.ttf' (167K)
[2019.02.10-12.59.15:599][678]LogSlate: FSceneViewport::OnFocusLost() reason 0
[2019.02.10-12.59.15:684][681]Candidate modules for hot reload:
[2019.02.10-12.59.15:685][681]  BattleTank
[2019.02.10-12.59.15:685][681]Launching UnrealBuildTool... [C:/Program Files/Epic Games/UE_4.21/Engine/Binaries/DotNET/UnrealBuildTool.exe  -ModuleWithSuffix=BattleTank,7280 Win64 Development -TargetType=Editor -Project="E:/Unreal4/Section_04/BattleTank-1/BattleTank/BattleTank/BattleTank.uproject" -canskiplink "E:/Unreal4/Section_04/BattleTank-1/BattleTank/BattleTank/BattleTank.uproject" ]
[2019.02.10-12.59.15:686][681]Warning: Starting HotReload took  0.0s.
[2019.02.10-12.59.21:678][ 10]CompilerResultsLog: New page: Compilation - Feb 11, 2019, 6:59:21 AM
[2019.02.10-12.59.21:678][ 10]CompilerResultsLog: Using 'git status' to determine working set for adaptive non-unity build (E:\Unreal4\Section_04\BattleTank-1\BattleTank).
[2019.02.10-12.59.21:678][ 10]CompilerResultsLog: Creating makefile for hot reloading BattleTankEditor (ini files are newer than UBTMakefile)
[2019.02.10-12.59.21:678][ 10]CompilerResultsLog: Compiling game modules for hot reload
[2019.02.10-12.59.21:678][ 10]CompilerResultsLog: Using Visual Studio 2017 14.16.27023 toolchain (C:\Program Files (x86)\Microsoft Visual Studio\2017\Community\VC\Tools\MSVC\14.16.27023) and Windows 10.0.17763.0 SDK (C:\Program Files (x86)\Windows Kits\10).
[2019.02.10-12.59.21:678][ 10]CompilerResultsLog: Building 1 action with 16 processes...
[2019.02.10-12.59.21:678][ 10]CompilerResultsLog:   [1/1] UE4Editor-BattleTank-7280.dll
[2019.02.10-12.59.21:678][ 10]CompilerResultsLog:      E:\Unreal4\Section_04\BattleTank-1\BattleTank\BattleTank\Intermediate\Build\Win64\UE4Editor\Development\BattleTank\UE4Editor-BattleTank-7280.suppressed.lib ???̺귯?? ?? E:\Unreal4\Section_04\BattleTank-1\BattleTank\BattleTank\Intermediate\Build\Win64\UE4Editor\Development\BattleTank\UE4Editor-BattleTank-7280.suppressed.exp ??ü?? ?????ϰ? ?ֽ??ϴ?.
[2019.02.10-12.59.21:678][ 10]CompilerResultsLog: Error:   Tank.cpp.obj : error LNK2019: "public: void __cdecl ATank::SetBarrelReference(class UTankBarrel *)" (?SetBarrelReference@ATank@@QEAAXPEAVUTankBarrel@@@Z) ?ܺ? ??ȣ(???? ??ġ: "public: static void __cdecl ATank::execSetBarrelReference(class UObject *,struct FFrame &,void * const)" (?execSetBarrelReference@ATank@@SAXPEAVUObject@@AEAUFFrame@@QEAX@Z) ?Լ?)???? Ȯ?????? ???߽??ϴ?.
[2019.02.10-12.59.21:678][ 10]CompilerResultsLog: Error:   TankAIController.cpp.obj : error LNK2001: "public: void __cdecl ATank::SetBarrelReference(class UTankBarrel *)" (?SetBarrelReference@ATank@@QEAAXPEAVUTankBarrel@@@Z) ?ܺ? ??ȣ?? Ȯ???? ?? ?????ϴ?.
[2019.02.10-12.59.21:678][ 10]CompilerResultsLog: Error:   TankPlayerController.cpp.obj : error LNK2001: "public: void __cdecl ATank::SetBarrelReference(class UTankBarrel *)" (?SetBarrelReference@ATank@@QEAAXPEAVUTankBarrel@@@Z) ?ܺ? ??ȣ?? Ȯ???? ?? ?????ϴ?.
[2019.02.10-12.59.21:678][ 10]CompilerResultsLog: Error:   Tank.gen.cpp.obj : error LNK2001: "public: void __cdecl ATank::SetBarrelReference(class UTankBarrel *)" (?SetBarrelReference@ATank@@QEAAXPEAVUTankBarrel@@@Z) ?ܺ? ??ȣ?? Ȯ???? ?? ?????ϴ?.
[2019.02.10-12.59.21:678][ 10]CompilerResultsLog: Error:   Tank.cpp.obj : error LNK2019: "public: void __cdecl ATank::SetTurretReference(class UTankTurret *)" (?SetTurretReference@ATank@@QEAAXPEAVUTankTurret@@@Z) ?ܺ? ??ȣ(???? ??ġ: "public: static void __cdecl ATank::execSetTurretReference(class UObject *,struct FFrame &,void * const)" (?execSetTurretReference@ATank@@SAXPEAVUObject@@AEAUFFrame@@QEAX@Z) ?Լ?)???? Ȯ?????? ???߽??ϴ?.
[2019.02.10-12.59.21:678][ 10]CompilerResultsLog: Error:   TankAIController.cpp.obj : error LNK2001: "public: void __cdecl ATank::SetTurretReference(class UTankTurret *)" (?SetTurretReference@ATank@@QEAAXPEAVUTankTurret@@@Z) ?ܺ? ??ȣ?? Ȯ???? ?? ?????ϴ?.
[2019.02.10-12.59.21:678][ 10]CompilerResultsLog: Error:   TankPlayerController.cpp.obj : error LNK2001: "public: void __cdecl ATank::SetTurretReference(class UTankTurret *)" (?SetTurretReference@ATank@@QEAAXPEAVUTankTurret@@@Z) ?ܺ? ??ȣ?? Ȯ???? ?? ?????ϴ?.
[2019.02.10-12.59.21:678][ 10]CompilerResultsLog: Error:   Tank.gen.cpp.obj : error LNK2001: "public: void __cdecl ATank::SetTurretReference(class UTankTurret *)" (?SetTurretReference@ATank@@QEAAXPEAVUTankTurret@@@Z) ?ܺ? ??ȣ?? Ȯ???? ?? ?????ϴ?.
[2019.02.10-12.59.21:678][ 10]CompilerResultsLog: Error:   E:\Unreal4\Section_04\BattleTank-1\BattleTank\BattleTank\Binaries\Win64\UE4Editor-BattleTank-7280.dll : fatal error LNK1120: 2???? Ȯ???? ?? ???? ?ܺ? ?????Դϴ?.
[2019.02.10-12.59.21:678][ 10]CompilerResultsLog: ERROR: UBT ERROR: Failed to produce item: E:\Unreal4\Section_04\BattleTank-1\BattleTank\BattleTank\Binaries\Win64\UE4Editor-BattleTank-7280.dll
[2019.02.10-12.59.21:679][ 10]CompilerResultsLog:        (see ../Programs/UnrealBuildTool/Log.txt for full exception trace)
[2019.02.10-12.59.21:679][ 10]CompilerResultsLog: Total build time: 5.72 seconds (Parallel executor: 0.00 seconds)
[2019.02.10-12.59.21:679][ 10]LogMainFrame: MainFrame: Module compiling took 6.001 seconds
[2019.02.10-12.59.21:679][ 10]Warning: HotReload failed, recompile failed
[2019.02.10-12.59.23:093][107]LogSlate: Took 0.001320 seconds to synchronously load lazily loaded font '../../../Engine/Content/Slate/Fonts/DroidSansFallback.ttf' (3848K)
[2019.02.10-12.59.23:096][107]LogSlate: Took 0.001705 seconds to synchronously load lazily loaded font '../../../Engine/Content/SlateDebug/Fonts/LastResort.ttf' (5269K)
[2019.02.10-12.59.29:568][390]LogSlate: Window 'Message Log' being destroyed
[2019.02.10-12.59.29:634][390]LogSlate: Window 'Message Log' being destroyed
[2019.02.10-13.01.11:035][789]Candidate modules for hot reload:
[2019.02.10-13.01.11:035][789]  BattleTank
[2019.02.10-13.01.11:035][789]Launching UnrealBuildTool... [C:/Program Files/Epic Games/UE_4.21/Engine/Binaries/DotNET/UnrealBuildTool.exe  -ModuleWithSuffix=BattleTank,5033 Win64 Development -TargetType=Editor -Project="E:/Unreal4/Section_04/BattleTank-1/BattleTank/BattleTank/BattleTank.uproject" -canskiplink "E:/Unreal4/Section_04/BattleTank-1/BattleTank/BattleTank/BattleTank.uproject" ]
[2019.02.10-13.01.11:037][789]Warning: Starting HotReload took  0.0s.
[2019.02.10-13.01.26:472][395]CompilerResultsLog: New page: Compilation - Feb 11, 2019, 7:01:26 AM
[2019.02.10-13.01.26:472][395]CompilerResultsLog: Using 'git status' to determine working set for adaptive non-unity build (E:\Unreal4\Section_04\BattleTank-1\BattleTank).
[2019.02.10-13.01.26:472][395]CompilerResultsLog: Creating makefile for hot reloading BattleTankEditor (source directory changed)
[2019.02.10-13.01.26:472][395]CompilerResultsLog: Compiling game modules for hot reload
[2019.02.10-13.01.26:472][395]CompilerResultsLog: Using Visual Studio 2017 14.16.27023 toolchain (C:\Program Files (x86)\Microsoft Visual Studio\2017\Community\VC\Tools\MSVC\14.16.27023) and Windows 10.0.17763.0 SDK (C:\Program Files (x86)\Windows Kits\10).
[2019.02.10-13.01.26:472][395]CompilerResultsLog: Parsing headers for BattleTankEditor
[2019.02.10-13.01.26:472][395]CompilerResultsLog:   Running UnrealHeaderTool "E:\Unreal4\Section_04\BattleTank-1\BattleTank\BattleTank\BattleTank.uproject" "E:\Unreal4\Section_04\BattleTank-1\BattleTank\BattleTank\Intermediate\Build\Win64\BattleTankEditor\Development\BattleTankEditor.uhtmanifest" -LogCmds="loginit warning, logexit warning, logdatabase error" -Unattended -WarningsAsErrors -installed
[2019.02.10-13.01.26:472][395]CompilerResultsLog: Reflection code generated for BattleTankEditor in 8.3527771 seconds
[2019.02.10-13.01.26:472][395]CompilerResultsLog: Building 7 actions with 16 processes...
[2019.02.10-13.01.26:472][395]CompilerResultsLog:   [1/7] BattleTank.init.gen.cpp
[2019.02.10-13.01.26:472][395]CompilerResultsLog:   [2/7] TankPlayerController.cpp
[2019.02.10-13.01.26:472][395]CompilerResultsLog:   [3/7] Tank.gen.cpp
[2019.02.10-13.01.26:472][395]CompilerResultsLog:   [4/7] Tank.cpp
[2019.02.10-13.01.26:472][395]CompilerResultsLog:   [5/7] TankAIController.cpp
[2019.02.10-13.01.26:472][395]CompilerResultsLog:   [6/7] UE4Editor-BattleTank-5033.lib
[2019.02.10-13.01.26:472][395]CompilerResultsLog:      E:\Unreal4\Section_04\BattleTank-1\BattleTank\BattleTank\Intermediate\Build\Win64\UE4Editor\Development\BattleTank\UE4Editor-BattleTank-5033.lib ???̺귯?? ?? E:\Unreal4\Section_04\BattleTank-1\BattleTank\BattleTank\Intermediate\Build\Win64\UE4Editor\Development\BattleTank\UE4Editor-BattleTank-5033.exp ??ü?? ?????ϰ? ?ֽ??ϴ?.
[2019.02.10-13.01.26:472][395]CompilerResultsLog:   [7/7] UE4Editor-BattleTank-5033.dll
[2019.02.10-13.01.26:472][395]CompilerResultsLog:      E:\Unreal4\Section_04\BattleTank-1\BattleTank\BattleTank\Intermediate\Build\Win64\UE4Editor\Development\BattleTank\UE4Editor-BattleTank-5033.suppressed.lib ???̺귯?? ?? E:\Unreal4\Section_04\BattleTank-1\BattleTank\BattleTank\Intermediate\Build\Win64\UE4Editor\Development\BattleTank\UE4Editor-BattleTank-5033.suppressed.exp ??ü?? ?????ϰ? ?ֽ??ϴ?.
[2019.02.10-13.01.26:472][395]CompilerResultsLog: Total build time: 15.07 seconds (Parallel executor: 1.85 seconds)
[2019.02.10-13.01.26:472][395]LogMainFrame: MainFrame: Module compiling took 15.439 seconds
[2019.02.10-13.01.26:514][395]LogClass: Could not find existing class Tank in package /Script/BattleTank for HotReload, assuming new class
[2019.02.10-13.01.26:514][395]LogClass: Function Fire is new.
[2019.02.10-13.01.26:519][395]LogClass: EFiringState HotReload.
[2019.02.10-13.01.26:522][395]LogHotReload: Re-instancing Tank after hot-reload.
[2019.02.10-13.01.26:684][395]LogContentBrowser: Native class hierarchy updated for 'BattleTank' in 0.0004 seconds. Added 9 classes and 3 folders.
[2019.02.10-13.01.26:686][395]Display: HotReload successful (5 functions remapped  0 scriptstructs remapped)
[2019.02.10-13.01.26:898][395]LogContentBrowser: Native class hierarchy populated in 0.0086 seconds. Added 2661 classes and 625 folders.
[2019.02.10-13.01.26:902][395]Display: HotReload took 15.9s.
[2019.02.10-13.01.57:254][540]LogRenderer: Reallocating scene render targets to support 1680x1044 Format 10 NumSamples 1 (Frame:4112).
[2019.02.10-13.02.02:150][910]LogAssetEditorManager: Opening Asset editor for Blueprint /Game/Tank-1/Tank_BP.Tank_BP
[2019.02.10-13.02.02:598][910]LogContentBrowser: Native class hierarchy updated for 'BlueprintGraph' in 0.0006 seconds. Added 117 classes and 0 folders.
[2019.02.10-13.02.03:370][910]LogSlate: Took 0.000158 seconds to synchronously load lazily loaded font '../../../Engine/Content/Slate/Fonts/Roboto-BoldCondensed.ttf' (158K)
[2019.02.10-13.02.03:410][911]LogSlate: Took 0.000168 seconds to synchronously load lazily loaded font '../../../Engine/Content/Slate/Fonts/Roboto-Italic.ttf' (157K)
[2019.02.10-13.08.09:644][856]Candidate modules for hot reload:
[2019.02.10-13.08.09:644][856]  BattleTank
[2019.02.10-13.08.09:644][856]Launching UnrealBuildTool... [C:/Program Files/Epic Games/UE_4.21/Engine/Binaries/DotNET/UnrealBuildTool.exe  -ModuleWithSuffix=BattleTank,2273 Win64 Development -TargetType=Editor -Project="E:/Unreal4/Section_04/BattleTank-1/BattleTank/BattleTank/BattleTank.uproject" -canskiplink "E:/Unreal4/Section_04/BattleTank-1/BattleTank/BattleTank/BattleTank.uproject" ]
[2019.02.10-13.08.09:646][856]Warning: Starting HotReload took  0.0s.
[2019.02.10-13.08.25:085][903]CompilerResultsLog: New page: Compilation - Feb 11, 2019, 7:08:25 AM
[2019.02.10-13.08.25:086][903]CompilerResultsLog: Using 'git status' to determine working set for adaptive non-unity build (E:\Unreal4\Section_04\BattleTank-1\BattleTank).
[2019.02.10-13.08.25:086][903]CompilerResultsLog: Creating makefile for hot reloading BattleTankEditor (source directory changed)
[2019.02.10-13.08.25:086][903]CompilerResultsLog: Compiling game modules for hot reload
[2019.02.10-13.08.25:086][903]CompilerResultsLog: Using Visual Studio 2017 14.16.27023 toolchain (C:\Program Files (x86)\Microsoft Visual Studio\2017\Community\VC\Tools\MSVC\14.16.27023) and Windows 10.0.17763.0 SDK (C:\Program Files (x86)\Windows Kits\10).
[2019.02.10-13.08.25:086][903]CompilerResultsLog: Parsing headers for BattleTankEditor
[2019.02.10-13.08.25:086][903]CompilerResultsLog:   Running UnrealHeaderTool "E:\Unreal4\Section_04\BattleTank-1\BattleTank\BattleTank\BattleTank.uproject" "E:\Unreal4\Section_04\BattleTank-1\BattleTank\BattleTank\Intermediate\Build\Win64\BattleTankEditor\Development\BattleTankEditor.uhtmanifest" -LogCmds="loginit warning, logexit warning, logdatabase error" -Unattended -WarningsAsErrors -installed
[2019.02.10-13.08.25:086][903]CompilerResultsLog: Reflection code generated for BattleTankEditor in 8.8252759 seconds
[2019.02.10-13.08.25:086][903]CompilerResultsLog: Building 9 actions with 16 processes...
[2019.02.10-13.08.25:086][903]CompilerResultsLog:   [1/9] Tank.gen.cpp
[2019.02.10-13.08.25:086][903]CompilerResultsLog:    E:\Unreal4\Section_04\BattleTank-1\BattleTank\BattleTank\Source\BattleTank/Public/Tank.h(50) : error C2144: ???? ????: double'??(??) ';' ?????? ?;? ?մϴ?.
[2019.02.10-13.08.25:086][903]CompilerResultsLog:    E:\Unreal4\Section_04\BattleTank-1\BattleTank\BattleTank\Source\BattleTank/Public/Tank.h(50) : error C2062: ????ġ ???? 'double' ?????Դϴ?.
[2019.02.10-13.08.25:086][903]CompilerResultsLog:    E:\Unreal4\Section_04\BattleTank-1\BattleTank\BattleTank\Source\BattleTank/Public/Tank.h(54) : error C2059: ???? ????: '<L_GRAMMAR_end_class>'
[2019.02.10-13.08.25:086][903]CompilerResultsLog:   [2/9] TankPlayerController.cpp
[2019.02.10-13.08.25:086][903]CompilerResultsLog:    E:\Unreal4\Section_04\BattleTank-1\BattleTank\BattleTank\Source\BattleTank\Public\Tank.h(50) : error C2144: ???? ????: double'??(??) ';' ?????? ?;? ?մϴ?.
[2019.02.10-13.08.25:086][903]CompilerResultsLog:    E:\Unreal4\Section_04\BattleTank-1\BattleTank\BattleTank\Source\BattleTank\Public\Tank.h(50) : error C2062: ????ġ ???? 'double' ?????Դϴ?.
[2019.02.10-13.08.25:086][903]CompilerResultsLog:    E:\Unreal4\Section_04\BattleTank-1\BattleTank\BattleTank\Source\BattleTank\Public\Tank.h(54) : error C2059: ???? ????: '<L_GRAMMAR_end_class>'
[2019.02.10-13.08.25:086][903]CompilerResultsLog:   [3/9] BattleTank.init.gen.cpp
[2019.02.10-13.08.25:086][903]CompilerResultsLog:   [4/9] Tank.cpp
[2019.02.10-13.08.25:086][903]CompilerResultsLog:    E:\Unreal4\Section_04\BattleTank-1\BattleTank\BattleTank\Source\BattleTank\Public\Tank.h(50) : error C2144: ???? ????: double'??(??) ';' ?????? ?;? ?մϴ?.
[2019.02.10-13.08.25:086][903]CompilerResultsLog:    E:\Unreal4\Section_04\BattleTank-1\BattleTank\BattleTank\Source\BattleTank\Public\Tank.h(50) : error C2062: ????ġ ???? 'double' ?????Դϴ?.
[2019.02.10-13.08.25:086][903]CompilerResultsLog:    E:\Unreal4\Section_04\BattleTank-1\BattleTank\BattleTank\Source\BattleTank\Public\Tank.h(54) : error C2059: ???? ????: '<L_GRAMMAR_end_class>'
[2019.02.10-13.08.25:086][903]CompilerResultsLog:    E:\Unreal4\Section_04\BattleTank-1\BattleTank\BattleTank\Source\BattleTank\Private\Tank.cpp(24) : error C2065: 'LastFireTime': ???????? ???? ?ĺ????Դϴ?.
[2019.02.10-13.08.25:086][903]CompilerResultsLog:    E:\Unreal4\Section_04\BattleTank-1\BattleTank\BattleTank\Source\BattleTank\Private\Tank.cpp(37) : error C2065: 'LastFireTime': ???????? ???? ?ĺ????Դϴ?.
[2019.02.10-13.08.25:086][903]CompilerResultsLog:   [5/9] TankAmingComponent.cpp
[2019.02.10-13.08.25:086][903]CompilerResultsLog:   [6/9] TankAmingComponent.gen.cpp
[2019.02.10-13.08.25:086][903]CompilerResultsLog:   [7/9] TankAIController.cpp
[2019.02.10-13.08.25:086][903]CompilerResultsLog:    E:\Unreal4\Section_04\BattleTank-1\BattleTank\BattleTank\Source\BattleTank\Public\Tank.h(50) : error C2144: ???? ????: double'??(??) ';' ?????? ?;? ?մϴ?.
[2019.02.10-13.08.25:086][903]CompilerResultsLog:    E:\Unreal4\Section_04\BattleTank-1\BattleTank\BattleTank\Source\BattleTank\Public\Tank.h(50) : error C2062: ????ġ ???? 'double' ?????Դϴ?.
[2019.02.10-13.08.25:086][903]CompilerResultsLog:    E:\Unreal4\Section_04\BattleTank-1\BattleTank\BattleTank\Source\BattleTank\Public\Tank.h(54) : error C2059: ???? ????: '<L_GRAMMAR_end_class>'
[2019.02.10-13.08.25:086][903]CompilerResultsLog: ERROR: UBT ERROR: Failed to produce item: E:\Unreal4\Section_04\BattleTank-1\BattleTank\BattleTank\Binaries\Win64\UE4Editor-BattleTank-2273.dll
[2019.02.10-13.08.25:086][903]CompilerResultsLog:        (see ../Programs/UnrealBuildTool/Log.txt for full exception trace)
[2019.02.10-13.08.25:086][903]CompilerResultsLog: Total build time: 15.18 seconds (Parallel executor: 0.00 seconds)
[2019.02.10-13.08.25:086][903]LogMainFrame: MainFrame: Module compiling took 15.444 seconds
[2019.02.10-13.08.25:086][903]Warning: HotReload failed, recompile failed
[2019.02.10-13.08.54:009][186]LogSlate: Window 'Message Log' being destroyed
[2019.02.10-13.08.54:051][186]LogSlate: Window 'Message Log' being destroyed
[2019.02.10-13.08.55:590][205]Candidate modules for hot reload:
[2019.02.10-13.08.55:590][205]  BattleTank
[2019.02.10-13.08.55:590][205]Launching UnrealBuildTool... [C:/Program Files/Epic Games/UE_4.21/Engine/Binaries/DotNET/UnrealBuildTool.exe  -ModuleWithSuffix=BattleTank,965 Win64 Development -TargetType=Editor -Project="E:/Unreal4/Section_04/BattleTank-1/BattleTank/BattleTank/BattleTank.uproject" -canskiplink "E:/Unreal4/Section_04/BattleTank-1/BattleTank/BattleTank/BattleTank.uproject" ]
[2019.02.10-13.08.55:592][205]Warning: Starting HotReload took  0.0s.
[2019.02.10-13.09.02:200][402]LogSavePackage: Moving 'E:/Unreal4/Section_04/BattleTank-1/BattleTank/BattleTank/Saved/BattleGround_FlatShading_Auto1DA81AE10471AA2030D0D1E9DDDC6725B.tmp' to 'E:/Unreal4/Section_04/BattleTank-1/BattleTank/BattleTank/Saved/Autosaves/Game/FlatShading/BattleGround_FlatShading_Auto1.umap'
[2019.02.10-13.09.02:205][402]LogFileHelpers: Editor autosave (incl. sublevels) for '/Game/FlatShading/BattleGround_FlatShading' took 0.522
[2019.02.10-13.09.02:205][402]LogFileHelpers: Editor autosave (incl. sublevels) for all levels took 0.522
[2019.02.10-13.09.02:206][402]OBJ SavePackage: Generating thumbnails for [1] asset(s) in package [/Game/Tank-1/Tank_BP] ([1] browsable assets)...
[2019.02.10-13.09.02:215][402]OBJ SavePackage:     Rendered thumbnail for [Blueprint /Game/Tank-1/Tank_BP.Tank_BP]
[2019.02.10-13.09.02:215][402]OBJ SavePackage: Finished generating thumbnails for package [/Game/Tank-1/Tank_BP]
[2019.02.10-13.09.02:215][402]Cmd: OBJ SAVEPACKAGE PACKAGE="/Game/Tank-1/Tank_BP" FILE="E:/Unreal4/Section_04/BattleTank-1/BattleTank/BattleTank/Saved/Autosaves/Game/Tank-1/Tank_BP_Auto1.uasset" SILENT=false AUTOSAVING=true
[2019.02.10-13.09.02:250][402]LogSavePackage: Moving 'E:/Unreal4/Section_04/BattleTank-1/BattleTank/BattleTank/Saved/Tank_BP_Auto1763D3BFD413C698BA2E0E2B488E73C8A.tmp' to 'E:/Unreal4/Section_04/BattleTank-1/BattleTank/BattleTank/Saved/Autosaves/Game/Tank-1/Tank_BP_Auto1.uasset'
[2019.02.10-13.09.02:251][402]LogFileHelpers: Auto-saving content packages took 0.045
[2019.02.10-13.09.10:990][430]CompilerResultsLog: New page: Compilation - Feb 11, 2019, 7:09:10 AM
[2019.02.10-13.09.10:990][430]CompilerResultsLog: Using 'git status' to determine working set for adaptive non-unity build (E:\Unreal4\Section_04\BattleTank-1\BattleTank).
[2019.02.10-13.09.10:990][430]CompilerResultsLog: Creating makefile for hot reloading BattleTankEditor (source directory changed)
[2019.02.10-13.09.10:990][430]CompilerResultsLog: Compiling game modules for hot reload
[2019.02.10-13.09.10:990][430]CompilerResultsLog: Using Visual Studio 2017 14.16.27023 toolchain (C:\Program Files (x86)\Microsoft Visual Studio\2017\Community\VC\Tools\MSVC\14.16.27023) and Windows 10.0.17763.0 SDK (C:\Program Files (x86)\Windows Kits\10).
[2019.02.10-13.09.10:990][430]CompilerResultsLog: Parsing headers for BattleTankEditor
[2019.02.10-13.09.10:990][430]CompilerResultsLog:   Running UnrealHeaderTool "E:\Unreal4\Section_04\BattleTank-1\BattleTank\BattleTank\BattleTank.uproject" "E:\Unreal4\Section_04\BattleTank-1\BattleTank\BattleTank\Intermediate\Build\Win64\BattleTankEditor\Development\BattleTankEditor.uhtmanifest" -LogCmds="loginit warning, logexit warning, logdatabase error" -Unattended -WarningsAsErrors -installed
[2019.02.10-13.09.10:990][430]CompilerResultsLog: Reflection code generated for BattleTankEditor in 8.2086526 seconds
[2019.02.10-13.09.10:990][430]CompilerResultsLog: Building 6 actions with 16 processes...
[2019.02.10-13.09.10:990][430]CompilerResultsLog:   [1/6] TankPlayerController.cpp
[2019.02.10-13.09.10:990][430]CompilerResultsLog:   [2/6] Tank.gen.cpp
[2019.02.10-13.09.10:990][430]CompilerResultsLog:   [3/6] Tank.cpp
[2019.02.10-13.09.10:990][430]CompilerResultsLog:   [4/6] TankAIController.cpp
[2019.02.10-13.09.10:990][430]CompilerResultsLog:   [5/6] UE4Editor-BattleTank-965.lib
[2019.02.10-13.09.10:990][430]CompilerResultsLog:      E:\Unreal4\Section_04\BattleTank-1\BattleTank\BattleTank\Intermediate\Build\Win64\UE4Editor\Development\BattleTank\UE4Editor-BattleTank-965.lib ???̺귯?? ?? E:\Unreal4\Section_04\BattleTank-1\BattleTank\BattleTank\Intermediate\Build\Win64\UE4Editor\Development\BattleTank\UE4Editor-BattleTank-965.exp ??ü?? ?????ϰ? ?ֽ??ϴ?.
[2019.02.10-13.09.10:990][430]CompilerResultsLog:   [6/6] UE4Editor-BattleTank-965.dll
[2019.02.10-13.09.10:990][430]CompilerResultsLog:      E:\Unreal4\Section_04\BattleTank-1\BattleTank\BattleTank\Intermediate\Build\Win64\UE4Editor\Development\BattleTank\UE4Editor-BattleTank-965.suppressed.lib ???̺귯?? ?? E:\Unreal4\Section_04\BattleTank-1\BattleTank\BattleTank\Intermediate\Build\Win64\UE4Editor\Development\BattleTank\UE4Editor-BattleTank-965.suppressed.exp ??ü?? ?????ϰ? ?ֽ??ϴ?.
[2019.02.10-13.09.10:990][430]CompilerResultsLog: Total build time: 15.07 seconds (Parallel executor: 1.90 seconds)
[2019.02.10-13.09.10:990][430]LogMainFrame: MainFrame: Module compiling took 15.424 seconds
[2019.02.10-13.09.11:037][430]LogClass: Could not find existing class TankAmingComponent in package /Script/BattleTank for HotReload, assuming new class
[2019.02.10-13.09.11:037][430]LogClass: Function Initialise is new.
[2019.02.10-13.09.11:045][430]LogClass: EFiringState HotReload.
[2019.02.10-13.09.11:053][430]LogHotReload: Re-instancing TankAmingComponent after hot-reload.
[2019.02.10-13.09.11:187][430]LogContentBrowser: Native class hierarchy updated for 'BattleTank' in 0.0003 seconds. Added 9 classes and 3 folders.
[2019.02.10-13.09.11:191][430]Display: HotReload successful (6 functions remapped  0 scriptstructs remapped)
[2019.02.10-13.09.11:487][430]LogContentBrowser: Native class hierarchy populated in 0.0088 seconds. Added 2661 classes and 625 folders.
[2019.02.10-13.09.11:492][430]Display: HotReload took 15.9s.
[2019.02.10-13.11.51:419][262]BlueprintLog: New page: Compile Tank_BP
[2019.02.10-13.12.06:284][ 85]BlueprintLog: New page: Compile Tank_BP
[2019.02.10-13.12.07:837][126]Cmd: OBJ SAVEPACKAGE PACKAGE="/Game/Tank-1/Tank_BP" FILE="E:/Unreal4/Section_04/BattleTank-1/BattleTank/BattleTank/Content/Tank-1/Tank_BP.uasset" SILENT=true
[2019.02.10-13.12.07:874][126]LogSavePackage: Moving 'E:/Unreal4/Section_04/BattleTank-1/BattleTank/BattleTank/Saved/Tank_BPDEDE62624D2D1467E14B11A9315F8A60.tmp' to 'E:/Unreal4/Section_04/BattleTank-1/BattleTank/BattleTank/Content/Tank-1/Tank_BP.uasset'
[2019.02.10-13.12.09:276][192]LogTemp: Repeating last play command: Selected Viewport
[2019.02.10-13.12.09:293][192]LogBlueprintUserMessages: Early PlayInEditor Detection: Level '/Game/FlatShading/BattleGround_FlatShading.BattleGround_FlatShading:PersistentLevel' has LevelScriptBlueprint '/Game/FlatShading/BattleGround_FlatShading.BattleGround_FlatShading:PersistentLevel.BattleGround_FlatShading' with GeneratedClass '/Game/FlatShading/BattleGround_FlatShading.BattleGround_FlatShading_C' with ClassGeneratedBy '/Game/FlatShading/BattleGround_FlatShading.BattleGround_FlatShading:PersistentLevel.BattleGround_FlatShading'
[2019.02.10-13.12.09:293][192]LogPlayLevel: PlayLevel: No blueprints needed recompiling
[2019.02.10-13.12.09:293][192]PIE: New page: PIE session: BattleGround_FlatShading (Feb 11, 2019, 7:12:09 AM)
[2019.02.10-13.12.09:306][192]LogPlayLevel: Creating play world package: /Game/FlatShading/UEDPIE_0_BattleGround_FlatShading
[2019.02.10-13.12.09:388][192]LogPlayLevel: PIE: StaticDuplicateObject took: (0.081967s)
[2019.02.10-13.12.09:388][192]LogAIModule: Creating AISystem for world BattleGround_FlatShading
[2019.02.10-13.12.09:389][192]LogPlayLevel: PIE: World Init took: (0.000597s)
[2019.02.10-13.12.09:389][192]LogPlayLevel: PIE: Created PIE world by copying editor world from /Game/FlatShading/BattleGround_FlatShading.BattleGround_FlatShading to /Game/FlatShading/UEDPIE_0_BattleGround_FlatShading.BattleGround_FlatShading (0.082861s)
[2019.02.10-13.12.09:462][192]LogInit: XAudio2 using '헤드셋 이어폰(Corsair VOID PRO Surround USB Sound Adapter)' : 6 channels at 48 kHz using 16 bits per sample (channel mask 0x3f)
[2019.02.10-13.12.09:597][192]LogInit: FAudioDevice initialized.
[2019.02.10-13.12.09:643][192]LogLoad: Game class is 'BattleTankGameMode_BP_C'
[2019.02.10-13.12.09:648][192]LogWorld: Bringing World /Game/FlatShading/UEDPIE_0_BattleGround_FlatShading.BattleGround_FlatShading up for play (max tick rate 0) at 2019.02.10-22.12.09
[2019.02.10-13.12.09:648][192]LogWorld: Bringing up level for play took: 0.004137
[2019.02.10-13.12.09:684][192]LogContentBrowser: Native class hierarchy updated for 'MovieSceneCapture' in 0.0004 seconds. Added 20 classes and 0 folders.
[2019.02.10-13.12.09:686][192]LogScript: Warning: Attempted to access missing property 'TankAmingComponent'. If this is a packaged/cooked build, are you attempting to use an editor-only property?
	PlayerController_BP_C /Game/FlatShading/UEDPIE_0_BattleGround_FlatShading.BattleGround_FlatShading:PersistentLevel.PlayerController_BP_C_0
	Function /Game/Tank-1/PlayerController_BP.PlayerController_BP_C:ExecuteUbergraph_PlayerController_BP:00BE
[2019.02.10-13.12.09:686][192]PIE: Error: Blueprint Runtime Error: "Attempted to access missing property 'TankAmingComponent'. If this is a packaged/cooked build, are you attempting to use an editor-only property?". Blueprint:  PlayerController_BP Function:  Execute Ubergraph Player Controller BP Graph:  EventGraph Node:  Set BP_Aming Comp Reference
[2019.02.10-13.12.09:686][192]PIE: Play in editor start time for /Game/FlatShading/UEDPIE_0_BattleGround_FlatShading -0.348
[2019.02.10-13.12.09:686][192]LogBlueprintUserMessages: Late PlayInEditor Detection: Level '/Game/FlatShading/BattleGround_FlatShading.BattleGround_FlatShading:PersistentLevel' has LevelScriptBlueprint '/Game/FlatShading/BattleGround_FlatShading.BattleGround_FlatShading:PersistentLevel.BattleGround_FlatShading' with GeneratedClass '/Game/FlatShading/BattleGround_FlatShading.BattleGround_FlatShading_C' with ClassGeneratedBy '/Game/FlatShading/BattleGround_FlatShading.BattleGround_FlatShading:PersistentLevel.BattleGround_FlatShading'
[2019.02.10-13.12.10:702][192]LogWindows: Error: === Critical error: ===
[2019.02.10-13.12.10:702][192]LogWindows: Error: 
[2019.02.10-13.12.10:702][192]LogWindows: Error: Fatal error!
[2019.02.10-13.12.10:702][192]LogWindows: Error: 
[2019.02.10-13.12.10:702][192]LogWindows: Error: Unhandled Exception: EXCEPTION_ACCESS_VIOLATION reading address 0x00000108
[2019.02.10-13.12.10:702][192]LogWindows: Error: 
[2019.02.10-13.12.10:702][192]LogWindows: Error: [Callstack] 0x00007ff86ddc3f25 UE4Editor-BattleTank-965.dll!UTankAmingComponent::AimAt() [e:\unreal4\section_04\battletank-1\battletank\battletank\source\battletank\private\tankamingcomponent.cpp:25]
[2019.02.10-13.12.10:702][192]LogWindows: Error: [Callstack] 0x00007ff86ddc2c0e UE4Editor-BattleTank-965.dll!ATank::AimAt() [e:\unreal4\section_04\battletank-1\battletank\battletank\source\battletank\private\tank.cpp:20]
[2019.02.10-13.12.10:702][192]LogWindows: Error: [Callstack] 0x00007ff86ddc4e6d UE4Editor-BattleTank-965.dll!ATankPlayerController::AimTowardsCrosshair() [e:\unreal4\section_04\battletank-1\battletank\battletank\source\battletank\private\tankplayercontroller.cpp:35]
[2019.02.10-13.12.10:702][192]LogWindows: Error: [Callstack] 0x00007ff882c84bf9 UE4Editor-Engine.dll!UnknownFunction []
[2019.02.10-13.12.10:702][192]LogWindows: Error: [Callstack] 0x00007ff881e0efd3 UE4Editor-Engine.dll!UnknownFunction []
[2019.02.10-13.12.10:702][192]LogWindows: Error: [Callstack] 0x00007ff8830b3b8d UE4Editor-Engine.dll!UnknownFunction []
[2019.02.10-13.12.10:702][192]LogWindows: Error: [Callstack] 0x00007ff8ade21798 UE4Editor-Core.dll!UnknownFunction []
[2019.02.10-13.12.10:702][192]LogWindows: Error: [Callstack] 0x00007ff8ade21c56 UE4Editor-Core.dll!UnknownFunction []
[2019.02.10-13.12.10:702][192]LogWindows: Error: [Callstack] 0x00007ff8ade35085 UE4Editor-Core.dll!UnknownFunction []
[2019.02.10-13.12.10:702][192]LogWindows: Error: [Callstack] 0x00007ff88310aaa4 UE4Editor-Engine.dll!UnknownFunction []
[2019.02.10-13.12.10:702][192]LogWindows: Error: [Callstack] 0x00007ff88311a812 UE4Editor-Engine.dll!UnknownFunction []
[2019.02.10-13.12.10:702][192]LogWindows: Error: [Callstack] 0x00007ff8827eb8c4 UE4Editor-Engine.dll!UnknownFunction []
[2019.02.10-13.12.10:702][192]LogWindows: Error: [Callstack] 0x00007ff8827f76a2 UE4Editor-Engine.dll!UnknownFunction []
[2019.02.10-13.12.10:702][192]LogWindows: Error: [Callstack] 0x00007ff8808f1fa5 UE4Editor-UnrealEd.dll!UnknownFunction []
[2019.02.10-13.12.10:702][192]LogWindows: Error: [Callstack] 0x00007ff881212256 UE4Editor-UnrealEd.dll!UnknownFunction []
[2019.02.10-13.12.10:702][192]LogWindows: Error: [Callstack] 0x00007ff626ca6225 UE4Editor.exe!UnknownFunction []
[2019.02.10-13.12.10:702][192]LogWindows: Error: [Callstack] 0x00007ff626cb596c UE4Editor.exe!UnknownFunction []
[2019.02.10-13.12.10:702][192]LogWindows: Error: [Callstack] 0x00007ff626cb59ea UE4Editor.exe!UnknownFunction []
[2019.02.10-13.12.10:702][192]LogWindows: Error: [Callstack] 0x00007ff626cc48da UE4Editor.exe!UnknownFunction []
[2019.02.10-13.12.10:702][192]LogWindows: Error: [Callstack] 0x00007ff626cc659a UE4Editor.exe!UnknownFunction []
[2019.02.10-13.12.10:702][192]LogWindows: Error: [Callstack] 0x00007ff8e07b81f4 KERNEL32.DLL!UnknownFunction []
[2019.02.10-13.12.10:702][192]LogWindows: Error: [Callstack] 0x00007ff8e30ba251 ntdll.dll!UnknownFunction []
[2019.02.10-13.12.10:702][192]LogWindows: Error: 
[2019.02.10-13.12.10:714][192]LogExit: Executing StaticShutdownAfterError
[2019.02.10-13.12.10:717][192]LogWindows: FPlatformMisc::RequestExit(1)
[2019.02.10-13.12.10:719][192]Log file closed, 02/10/19 22:12:10
