Log file open, 01/20/19 15:59:59
LogWindows: Failed to load 'aqProf.dll' (GetLastError=126)
LogWindows: File 'aqProf.dll' does not exist
LogWindows: Failed to load 'VtuneApi.dll' (GetLastError=126)
LogWindows: File 'VtuneApi.dll' does not exist
LogWindows: Failed to load 'VtuneApi32e.dll' (GetLastError=126)
LogWindows: File 'VtuneApi32e.dll' does not exist
LogConsoleResponse: Display: Failed to find resolution value strings in scalability ini. Falling back to default.
LogInit: Display: Running engine for game: BattleTank
LogPakFile: Registered encryption key '00000000000000000000000000000000': 0 pak files mounted, 0 remain pending
LogPlatformFile: Not using cached read wrapper
LogTaskGraph: Started task graph with 5 named threads and 47 total threads with 3 sets of task threads.
LogStats: Stats thread started at 0.538028
LogD3D11RHI: Loaded GFSDK_Aftermath_Lib.x64.dll
LogICUInternationalization: ICU TimeZone Detection - Raw Offset: +9:00, Platform Override: ''
LogPluginManager: Mounting plugin Paper2D
LogPluginManager: Mounting plugin AISupport
LogPluginManager: Mounting plugin LightPropagationVolume
LogPluginManager: Mounting plugin ActorLayerUtilities
LogPluginManager: Mounting plugin CLionSourceCodeAccess
LogPluginManager: Mounting plugin CodeLiteSourceCodeAccess
LogPluginManager: Mounting plugin GitSourceControl
LogPluginManager: Mounting plugin KDevelopSourceCodeAccess
LogPluginManager: Mounting plugin NullSourceCodeAccess
LogPluginManager: Mounting plugin PerforceSourceControl
LogPluginManager: Mounting plugin SubversionSourceControl
LogPluginManager: Mounting plugin UObjectPlugin
LogPluginManager: Mounting plugin VisualStudioCodeSourceCodeAccess
LogPluginManager: Mounting plugin VisualStudioSourceCodeAccess
LogPluginManager: Mounting plugin XCodeSourceCodeAccess
LogPluginManager: Mounting plugin AssetManagerEditor
LogPluginManager: Mounting plugin CryptoKeys
LogPluginManager: Mounting plugin DataValidation
LogPluginManager: Mounting plugin FacialAnimation
LogPluginManager: Mounting plugin GameplayTagsEditor
LogPluginManager: Mounting plugin MacGraphicsSwitching
LogPluginManager: Mounting plugin MeshEditor
LogPluginManager: Mounting plugin MobileLauncherProfileWizard
LogPluginManager: Mounting plugin PluginBrowser
LogPluginManager: Mounting plugin SpeedTreeImporter
LogPluginManager: Mounting plugin DatasmithContent
LogPluginManager: Mounting plugin VariantManagerContent
LogPluginManager: Mounting plugin AlembicImporter
LogPluginManager: Mounting plugin AppleImageUtils
LogPluginManager: Mounting plugin AppleVision
LogPluginManager: Mounting plugin BackChannel
LogPluginManager: Mounting plugin CharacterAI
LogPluginManager: Mounting plugin GeometryCache
LogPluginManager: Mounting plugin HTML5Networking
LogPluginManager: Mounting plugin ProxyLODPlugin
LogPluginManager: Mounting plugin MagicLeap
LogPluginManager: Mounting plugin MagicLeapMedia
LogPluginManager: Mounting plugin AndroidMedia
LogPluginManager: Mounting plugin AvfMedia
LogPluginManager: Mounting plugin ImgMedia
LogPluginManager: Mounting plugin LinearTimecode
LogPluginManager: Mounting plugin MediaCompositing
LogPluginManager: Mounting plugin MediaPlayerEditor
LogPluginManager: Mounting plugin WebMMedia
LogPluginManager: Mounting plugin WmfMedia
LogPluginManager: Mounting plugin TcpMessaging
LogPluginManager: Mounting plugin UdpMessaging
LogPluginManager: Mounting plugin ActorSequence
LogPluginManager: Mounting plugin LevelSequenceEditor
LogPluginManager: Mounting plugin MatineeToLevelSequence
LogPluginManager: Mounting plugin NetcodeUnitTest
LogPluginManager: Mounting plugin NUTUnrealEngine4
LogPluginManager: Mounting plugin OnlineSubsystemGooglePlay
LogPluginManager: Mounting plugin OnlineSubsystemIOS
LogPluginManager: Mounting plugin OnlineSubsystem
LogPluginManager: Mounting plugin OnlineSubsystemNull
LogPluginManager: Mounting plugin OnlineSubsystemUtils
LogPluginManager: Mounting plugin LauncherChunkInstaller
LogPluginManager: Mounting plugin AndroidDeviceProfileSelector
LogPluginManager: Mounting plugin AndroidMoviePlayer
LogPluginManager: Mounting plugin AndroidPermission
LogPluginManager: Mounting plugin AppleMoviePlayer
LogPluginManager: Mounting plugin ArchVisCharacter
LogPluginManager: Mounting plugin AudioCapture
LogPluginManager: Mounting plugin CableComponent
LogPluginManager: Mounting plugin CustomMeshComponent
LogPluginManager: Mounting plugin EditableMesh
LogPluginManager: Mounting plugin ExampleDeviceProfileSelector
LogPluginManager: Mounting plugin Firebase
LogPluginManager: Mounting plugin GoogleCloudMessaging
LogPluginManager: Mounting plugin IOSDeviceProfileSelector
LogPluginManager: Mounting plugin LinuxDeviceProfileSelector
LogPluginManager: Mounting plugin LocationServicesBPLibrary
LogPluginManager: Mounting plugin MobilePatchingUtils
LogPluginManager: Mounting plugin OculusVR
LogPluginManager: Mounting plugin PhysXVehicles
LogPluginManager: Mounting plugin ProceduralMeshComponent
LogPluginManager: Mounting plugin RuntimePhysXCooking
LogPluginManager: Mounting plugin SteamVR
LogPluginManager: Mounting plugin WebMMoviePlayer
LogPluginManager: Mounting plugin WindowsMoviePlayer
LogStreaming: Display: Took  0.063s to configure plugins.
LogInit: Using libcurl 7.55.1-DEV
LogInit:  - built for x86_64-pc-win32
LogInit:  - supports SSL with OpenSSL/1.0.2h
LogInit:  - supports HTTP deflate (compression) using libz 1.2.8
LogInit:  - other features:
LogInit:      CURL_VERSION_SSL
LogInit:      CURL_VERSION_LIBZ
LogInit:      CURL_VERSION_IPV6
LogInit:      CURL_VERSION_ASYNCHDNS
LogInit:      CURL_VERSION_LARGEFILE
LogInit:      CURL_VERSION_IDN
LogInit:  CurlRequestOptions (configurable via config and command line):
LogInit:  - bVerifyPeer = true  - Libcurl will verify peer certificate
LogInit:  - bUseHttpProxy = false  - Libcurl will NOT use HTTP proxy
LogInit:  - bDontReuseConnections = false  - Libcurl will reuse connections
LogInit:  - MaxHostConnections = 16  - Libcurl will limit the number of connections to a host
LogInit:  - LocalHostAddr = Default
LogInit:  - BufferSize = 65536
LogInit: WinSock: version 1.1 (2.2), MaxSocks=32767, MaxUdp=65467
LogInit: Build: ++UE4+Release-4.21-CL-4541578
LogInit: Engine Version: 4.21.0-4541578+++UE4+Release-4.21
LogInit: Compatible Engine Version: 4.21.0-4541578+++UE4+Release-4.21
LogInit: Net CL: 4541578
LogInit: OS: Windows 10 (), CPU: AMD Ryzen 7 2700X Eight-Core Processor         , GPU: NVIDIA GeForce RTX 2080
LogInit: Compiled (64-bit): Nov  6 2018 02:04:24
LogInit: Compiled with Visual C++: 19.13.26129.00
LogInit: Build Configuration: Development
LogInit: Branch Name: ++UE4+Release-4.21
LogInit: Command Line: 
LogInit: Base Directory: C:/Program Files/Epic Games/UE_4.21/Engine/Binaries/Win64/
LogInit: Installed Engine Build: 1
LogDevObjectVersion: Number of dev versions registered: 22
LogDevObjectVersion:   Dev-Blueprints (B0D832E4-1F89-4F0D-ACCF-7EB736FD4AA2): 10
LogDevObjectVersion:   Dev-Build (E1C64328-A22C-4D53-A36C-8E866417BD8C): 0
LogDevObjectVersion:   Dev-Core (375EC13C-06E4-48FB-B500-84F0262A717E): 2
LogDevObjectVersion:   Dev-Editor (E4B068ED-F494-42E9-A231-DA0B2E46BB41): 26
LogDevObjectVersion:   Dev-Framework (CFFC743F-43B0-4480-9391-14DF171D2073): 34
LogDevObjectVersion:   Dev-Mobile (B02B49B5-BB20-44E9-A304-32B752E40360): 2
LogDevObjectVersion:   Dev-Networking (A4E4105C-59A1-49B5-A7C5-40C4547EDFEE): 0
LogDevObjectVersion:   Dev-Online (39C831C9-5AE6-47DC-9A44-9C173E1C8E7C): 0
LogDevObjectVersion:   Dev-Physics (78F01B33-EBEA-4F98-B9B4-84EACCB95AA2): 0
LogDevObjectVersion:   Dev-Platform (6631380F-2D4D-43E0-8009-CF276956A95A): 0
LogDevObjectVersion:   Dev-Rendering (12F88B9F-8875-4AFC-A67C-D90C383ABD29): 27
LogDevObjectVersion:   Dev-Sequencer (7B5AE74C-D270-4C10-A958-57980B212A5A): 9
LogDevObjectVersion:   Dev-VR (D7296918-1DD6-4BDD-9DE2-64A83CC13884): 2
LogDevObjectVersion:   Dev-LoadTimes (C2A15278-BFE7-4AFE-6C17-90FF531DF755): 1
LogDevObjectVersion:   Private-Geometry (6EACA3D4-40EC-4CC1-B786-8BED09428FC5): 3
LogDevObjectVersion:   Dev-AnimPhys (29E575DD-E0A3-4627-9D10-D276232CDCEA): 17
LogDevObjectVersion:   Dev-Anim (AF43A65D-7FD3-4947-9873-3E8ED9C1BB05): 2
LogDevObjectVersion:   Dev-ReflectionCapture (6B266CEC-1EC7-4B8F-A30B-E4D90942FC07): 1
LogDevObjectVersion:   Dev-Automation (0DF73D61-A23F-47EA-B727-89E90C41499A): 1
LogDevObjectVersion:   FortniteMain (601D1886-AC64-4F84-AA16-D3DE0DEAC7D6): 17
LogDevObjectVersion:   Dev-Enterprise (9DFFBCD6-494F-0158-E221-12823C92A888): 4
LogDevObjectVersion:   Dev-Niagara (F2AED0AC-9AFE-416F-8664-AA7FFA26D6FC): 1
LogStreaming: Display: Took  0.001s to delete old logs.
LogInit: Presizing for max 8388607 objects, including 0 objects not considered by GC, pre-allocating 0 bytes for permanent pool.
LogInit: Object subsystem initialized
LogConfig: Setting CVar [[con.DebugEarlyDefault:1]]
LogConfig: Setting CVar [[r.setres:1280x720]]
[2019.01.20-07.00.00:144][  0]LogConfig: Setting CVar [[r.VSync:0]]
[2019.01.20-07.00.00:144][  0]LogConfig: Setting CVar [[r.RHICmdBypass:0]]
[2019.01.20-07.00.00:144][  0]LogConfig: Applying CVar settings from Section [/Script/Engine.RendererSettings] File [E:/Unreal4/Section_04/BattleTank-1/BattleTank/BattleTank/Saved/Config/Windows/Engine.ini]
[2019.01.20-07.00.00:144][  0]LogConfig: Setting CVar [[r.GPUCrashDebugging:0]]
[2019.01.20-07.00.00:144][  0]LogConfig: Applying CVar settings from Section [/Script/Engine.RendererOverrideSettings] File [E:/Unreal4/Section_04/BattleTank-1/BattleTank/BattleTank/Saved/Config/Windows/Engine.ini]
[2019.01.20-07.00.00:144][  0]LogConfig: Applying CVar settings from Section [/Script/Engine.StreamingSettings] File [E:/Unreal4/Section_04/BattleTank-1/BattleTank/BattleTank/Saved/Config/Windows/Engine.ini]
[2019.01.20-07.00.00:144][  0]LogConfig: Setting CVar [[s.MinBulkDataSizeForAsyncLoading:131072]]
[2019.01.20-07.00.00:144][  0]LogConfig: Setting CVar [[s.AsyncLoadingThreadEnabled:0]]
[2019.01.20-07.00.00:144][  0]LogConfig: Setting CVar [[s.EventDrivenLoaderEnabled:1]]
[2019.01.20-07.00.00:144][  0]LogConfig: Setting CVar [[s.WarnIfTimeLimitExceeded:0]]
[2019.01.20-07.00.00:144][  0]LogConfig: Setting CVar [[s.TimeLimitExceededMultiplier:1.5]]
[2019.01.20-07.00.00:144][  0]LogConfig: Setting CVar [[s.TimeLimitExceededMinTime:0.005]]
[2019.01.20-07.00.00:144][  0]LogConfig: Setting CVar [[s.UseBackgroundLevelStreaming:1]]
[2019.01.20-07.00.00:144][  0]LogConfig: Setting CVar [[s.PriorityAsyncLoadingExtraTime:15.0]]
[2019.01.20-07.00.00:144][  0]LogConfig: Setting CVar [[s.LevelStreamingActorsUpdateTimeLimit:5.0]]
[2019.01.20-07.00.00:144][  0]LogConfig: Setting CVar [[s.PriorityLevelStreamingActorsUpdateExtraTime:5.0]]
[2019.01.20-07.00.00:144][  0]LogConfig: Setting CVar [[s.LevelStreamingComponentsRegistrationGranularity:10]]
[2019.01.20-07.00.00:144][  0]LogConfig: Setting CVar [[s.UnregisterComponentsTimeLimit:1.0]]
[2019.01.20-07.00.00:144][  0]LogConfig: Setting CVar [[s.LevelStreamingComponentsUnregistrationGranularity:5]]
[2019.01.20-07.00.00:144][  0]LogConfig: Applying CVar settings from Section [/Script/Engine.GarbageCollectionSettings] File [E:/Unreal4/Section_04/BattleTank-1/BattleTank/BattleTank/Saved/Config/Windows/Engine.ini]
[2019.01.20-07.00.00:144][  0]LogConfig: Setting CVar [[gc.MaxObjectsNotConsideredByGC:1]]
[2019.01.20-07.00.00:144][  0]LogConfig: Setting CVar [[gc.SizeOfPermanentObjectPool:0]]
[2019.01.20-07.00.00:144][  0]LogConfig: Setting CVar [[gc.FlushStreamingOnGC:0]]
[2019.01.20-07.00.00:144][  0]LogConfig: Setting CVar [[gc.NumRetriesBeforeForcingGC:10]]
[2019.01.20-07.00.00:144][  0]LogConfig: Setting CVar [[gc.AllowParallelGC:1]]
[2019.01.20-07.00.00:144][  0]LogConfig: Setting CVar [[gc.TimeBetweenPurgingPendingKillObjects:61.1]]
[2019.01.20-07.00.00:145][  0]LogConfig: Setting CVar [[gc.MaxObjectsInEditor:8388607]]
[2019.01.20-07.00.00:145][  0]LogConfig: Setting CVar [[gc.IncrementalBeginDestroyEnabled:1]]
[2019.01.20-07.00.00:145][  0]LogConfig: Setting CVar [[gc.CreateGCClusters:1]]
[2019.01.20-07.00.00:145][  0]LogConfig: Setting CVar [[gc.MergeGCClusters:0]]
[2019.01.20-07.00.00:145][  0]LogConfig: Setting CVar [[gc.MinGCClusterSize:5]]
[2019.01.20-07.00.00:145][  0]LogConfig: Setting CVar [[gc.ActorClusteringEnabled:0]]
[2019.01.20-07.00.00:145][  0]LogConfig: Setting CVar [[gc.BlueprintClusteringEnabled:0]]
[2019.01.20-07.00.00:145][  0]LogConfig: Setting CVar [[gc.UseDisregardForGCOnDedicatedServers:0]]
[2019.01.20-07.00.00:145][  0]LogConfig: Applying CVar settings from Section [/Script/Engine.NetworkSettings] File [E:/Unreal4/Section_04/BattleTank-1/BattleTank/BattleTank/Saved/Config/Windows/Engine.ini]
[2019.01.20-07.00.00:145][  0]LogConfig: Applying CVar settings from Section [/Script/UnrealEd.CookerSettings] File [E:/Unreal4/Section_04/BattleTank-1/BattleTank/BattleTank/Saved/Config/Windows/Engine.ini]
[2019.01.20-07.00.00:149][  0]LogConfig: Applying CVar settings from Section [ViewDistanceQuality@3] File [E:/Unreal4/Section_04/BattleTank-1/BattleTank/BattleTank/Saved/Config/Windows/Scalability.ini]
[2019.01.20-07.00.00:149][  0]LogConfig: Setting CVar [[r.SkeletalMeshLODBias:0]]
[2019.01.20-07.00.00:149][  0]LogConfig: Setting CVar [[r.ViewDistanceScale:1.0]]
[2019.01.20-07.00.00:149][  0]LogConfig: Applying CVar settings from Section [AntiAliasingQuality@3] File [E:/Unreal4/Section_04/BattleTank-1/BattleTank/BattleTank/Saved/Config/Windows/Scalability.ini]
[2019.01.20-07.00.00:149][  0]LogConfig: Setting CVar [[r.PostProcessAAQuality:4]]
[2019.01.20-07.00.00:149][  0]LogConfig: Applying CVar settings from Section [ShadowQuality@3] File [E:/Unreal4/Section_04/BattleTank-1/BattleTank/BattleTank/Saved/Config/Windows/Scalability.ini]
[2019.01.20-07.00.00:149][  0]LogConfig: Setting CVar [[r.LightFunctionQuality:1]]
[2019.01.20-07.00.00:149][  0]LogConfig: Setting CVar [[r.ShadowQuality:5]]
[2019.01.20-07.00.00:149][  0]LogConfig: Setting CVar [[r.Shadow.CSM.MaxCascades:10]]
[2019.01.20-07.00.00:149][  0]LogConfig: Setting CVar [[r.Shadow.MaxResolution:2048]]
[2019.01.20-07.00.00:149][  0]LogConfig: Setting CVar [[r.Shadow.MaxCSMResolution:2048]]
[2019.01.20-07.00.00:149][  0]LogConfig: Setting CVar [[r.Shadow.RadiusThreshold:0.01]]
[2019.01.20-07.00.00:149][  0]LogConfig: Setting CVar [[r.Shadow.DistanceScale:1.0]]
[2019.01.20-07.00.00:149][  0]LogConfig: Setting CVar [[r.Shadow.CSM.TransitionScale:1.0]]
[2019.01.20-07.00.00:149][  0]LogConfig: Setting CVar [[r.Shadow.PreShadowResolutionFactor:1.0]]
[2019.01.20-07.00.00:149][  0]LogConfig: Setting CVar [[r.DistanceFieldShadowing:1]]
[2019.01.20-07.00.00:149][  0]LogConfig: Setting CVar [[r.DistanceFieldAO:1]]
[2019.01.20-07.00.00:149][  0]LogConfig: Setting CVar [[r.AOQuality:2]]
[2019.01.20-07.00.00:149][  0]LogConfig: Setting CVar [[r.VolumetricFog:1]]
[2019.01.20-07.00.00:149][  0]LogConfig: Setting CVar [[r.VolumetricFog.GridPixelSize:8]]
[2019.01.20-07.00.00:149][  0]LogConfig: Setting CVar [[r.VolumetricFog.GridSizeZ:128]]
[2019.01.20-07.00.00:149][  0]LogConfig: Setting CVar [[r.VolumetricFog.HistoryMissSupersampleCount:4]]
[2019.01.20-07.00.00:149][  0]LogConfig: Setting CVar [[r.LightMaxDrawDistanceScale:1]]
[2019.01.20-07.00.00:149][  0]LogConfig: Setting CVar [[r.CapsuleShadows:1]]
[2019.01.20-07.00.00:149][  0]LogConfig: Applying CVar settings from Section [PostProcessQuality@3] File [E:/Unreal4/Section_04/BattleTank-1/BattleTank/BattleTank/Saved/Config/Windows/Scalability.ini]
[2019.01.20-07.00.00:149][  0]LogConfig: Setting CVar [[r.MotionBlurQuality:4]]
[2019.01.20-07.00.00:149][  0]LogConfig: Setting CVar [[r.AmbientOcclusionMipLevelFactor:0.4]]
[2019.01.20-07.00.00:149][  0]LogConfig: Setting CVar [[r.AmbientOcclusionMaxQuality:100]]
[2019.01.20-07.00.00:149][  0]LogConfig: Setting CVar [[r.AmbientOcclusionLevels:-1]]
[2019.01.20-07.00.00:149][  0]LogConfig: Setting CVar [[r.AmbientOcclusionRadiusScale:1.0]]
[2019.01.20-07.00.00:149][  0]LogConfig: Setting CVar [[r.DepthOfFieldQuality:2]]
[2019.01.20-07.00.00:149][  0]LogConfig: Setting CVar [[r.RenderTargetPoolMin:400]]
[2019.01.20-07.00.00:149][  0]LogConfig: Setting CVar [[r.LensFlareQuality:2]]
[2019.01.20-07.00.00:149][  0]LogConfig: Setting CVar [[r.SceneColorFringeQuality:1]]
[2019.01.20-07.00.00:149][  0]LogConfig: Setting CVar [[r.EyeAdaptationQuality:2]]
[2019.01.20-07.00.00:149][  0]LogConfig: Setting CVar [[r.BloomQuality:5]]
[2019.01.20-07.00.00:149][  0]LogConfig: Setting CVar [[r.FastBlurThreshold:100]]
[2019.01.20-07.00.00:149][  0]LogConfig: Setting CVar [[r.Upscale.Quality:3]]
[2019.01.20-07.00.00:149][  0]LogConfig: Setting CVar [[r.Tonemapper.GrainQuantization:1]]
[2019.01.20-07.00.00:149][  0]LogConfig: Setting CVar [[r.LightShaftQuality:1]]
[2019.01.20-07.00.00:149][  0]LogConfig: Setting CVar [[r.Filter.SizeScale:1]]
[2019.01.20-07.00.00:149][  0]LogConfig: Setting CVar [[r.Tonemapper.Quality:5]]
[2019.01.20-07.00.00:149][  0]LogConfig: Setting CVar [[r.DOF.Gather.AccumulatorQuality:1        ; higher gathering accumulator quality]]
[2019.01.20-07.00.00:149][  0]LogConfig: Setting CVar [[r.DOF.Gather.PostfilterMethod:1          ; Median3x3 postfilering method]]
[2019.01.20-07.00.00:149][  0]LogConfig: Setting CVar [[r.DOF.Gather.EnableBokehSettings:0       ; no bokeh simulation when gathering]]
[2019.01.20-07.00.00:149][  0]LogConfig: Setting CVar [[r.DOF.Gather.RingCount:4                 ; medium number of samples when gathering]]
[2019.01.20-07.00.00:149][  0]LogConfig: Setting CVar [[r.DOF.Scatter.ForegroundCompositing:1    ; additive foreground scattering]]
[2019.01.20-07.00.00:149][  0]LogConfig: Setting CVar [[r.DOF.Scatter.BackgroundCompositing:2    ; additive background scattering]]
[2019.01.20-07.00.00:149][  0]LogConfig: Setting CVar [[r.DOF.Scatter.EnableBokehSettings:1      ; bokeh simulation when scattering]]
[2019.01.20-07.00.00:149][  0]LogConfig: Setting CVar [[r.DOF.Scatter.MaxSpriteRatio:0.1         ; only a maximum of 10% of scattered bokeh]]
[2019.01.20-07.00.00:149][  0]LogConfig: Setting CVar [[r.DOF.Recombine.Quality:1                ; cheap slight out of focus]]
[2019.01.20-07.00.00:149][  0]LogConfig: Setting CVar [[r.DOF.Recombine.EnableBokehSettings:0    ; no bokeh simulation on slight out of focus]]
[2019.01.20-07.00.00:150][  0]LogConfig: Setting CVar [[r.DOF.TemporalAAQuality:1                ; more stable temporal accumulation]]
[2019.01.20-07.00.00:150][  0]LogConfig: Setting CVar [[r.DOF.Kernel.MaxForegroundRadius:0.025]]
[2019.01.20-07.00.00:150][  0]LogConfig: Setting CVar [[r.DOF.Kernel.MaxBackgroundRadius:0.025]]
[2019.01.20-07.00.00:150][  0]LogConfig: Applying CVar settings from Section [TextureQuality@3] File [E:/Unreal4/Section_04/BattleTank-1/BattleTank/BattleTank/Saved/Config/Windows/Scalability.ini]
[2019.01.20-07.00.00:150][  0]LogConfig: Setting CVar [[r.Streaming.MipBias:0]]
[2019.01.20-07.00.00:150][  0]LogConfig: Setting CVar [[r.Streaming.AmortizeCPUToGPUCopy:0]]
[2019.01.20-07.00.00:150][  0]LogConfig: Setting CVar [[r.Streaming.MaxNumTexturesToStreamPerFrame:0]]
[2019.01.20-07.00.00:150][  0]LogConfig: Setting CVar [[r.Streaming.Boost:1]]
[2019.01.20-07.00.00:150][  0]LogConfig: Setting CVar [[r.MaxAnisotropy:8]]
[2019.01.20-07.00.00:150][  0]LogConfig: Setting CVar [[r.Streaming.LimitPoolSizeToVRAM:0]]
[2019.01.20-07.00.00:150][  0]LogConfig: Setting CVar [[r.Streaming.PoolSize:1000]]
[2019.01.20-07.00.00:150][  0]LogConfig: Setting CVar [[r.Streaming.MaxEffectiveScreenSize:0]]
[2019.01.20-07.00.00:150][  0]LogConfig: Applying CVar settings from Section [EffectsQuality@3] File [E:/Unreal4/Section_04/BattleTank-1/BattleTank/BattleTank/Saved/Config/Windows/Scalability.ini]
[2019.01.20-07.00.00:150][  0]LogConfig: Setting CVar [[r.TranslucencyLightingVolumeDim:64]]
[2019.01.20-07.00.00:150][  0]LogConfig: Setting CVar [[r.RefractionQuality:2]]
[2019.01.20-07.00.00:150][  0]LogConfig: Setting CVar [[r.SSR.Quality:3]]
[2019.01.20-07.00.00:150][  0]LogConfig: Setting CVar [[r.SceneColorFormat:4]]
[2019.01.20-07.00.00:150][  0]LogConfig: Setting CVar [[r.DetailMode:2]]
[2019.01.20-07.00.00:150][  0]LogConfig: Setting CVar [[r.TranslucencyVolumeBlur:1]]
[2019.01.20-07.00.00:150][  0]LogConfig: Setting CVar [[r.MaterialQualityLevel:1 ; High quality]]
[2019.01.20-07.00.00:150][  0]LogConfig: Setting CVar [[r.SSS.Scale:1]]
[2019.01.20-07.00.00:150][  0]LogConfig: Setting CVar [[r.SSS.SampleSet:2]]
[2019.01.20-07.00.00:150][  0]LogConfig: Setting CVar [[r.SSS.Quality:1]]
[2019.01.20-07.00.00:150][  0]LogConfig: Setting CVar [[r.SSS.HalfRes:1]]
[2019.01.20-07.00.00:150][  0]LogConfig: Setting CVar [[r.EmitterSpawnRateScale:1.0]]
[2019.01.20-07.00.00:150][  0]LogConfig: Setting CVar [[r.ParticleLightQuality:2]]
[2019.01.20-07.00.00:150][  0]LogConfig: Applying CVar settings from Section [FoliageQuality@3] File [E:/Unreal4/Section_04/BattleTank-1/BattleTank/BattleTank/Saved/Config/Windows/Scalability.ini]
[2019.01.20-07.00.00:150][  0]LogConfig: Setting CVar [[foliage.DensityScale:1.0]]
[2019.01.20-07.00.00:150][  0]LogConfig: Setting CVar [[grass.DensityScale:1.0]]
[2019.01.20-07.00.00:150][  0]LogInit: Selected Device Profile: [Windows]
[2019.01.20-07.00.00:150][  0]LogInit: Applying CVar settings loaded from the selected device profile: [Windows]
[2019.01.20-07.00.00:164][  0]LogHAL: Display: Platform has ~ 16 GB [17107632128 / 17179869184 / 16], which maps to Larger [LargestMinGB=32, LargerMinGB=12, DefaultMinGB=8, SmallerMinGB=6, SmallestMinGB=0)
[2019.01.20-07.00.00:164][  0]LogConfig: Setting CVar [[r.Vulkan.UseRealUBs:1]]
[2019.01.20-07.00.00:164][  0]LogInit: Going up to parent DeviceProfile []
[2019.01.20-07.00.00:164][  0]LogConfig: Applying CVar settings from Section [ViewDistanceQuality@3] File [E:/Unreal4/Section_04/BattleTank-1/BattleTank/BattleTank/Saved/Config/Windows/Scalability.ini]
[2019.01.20-07.00.00:164][  0]LogConfig: Setting CVar [[r.SkeletalMeshLODBias:0]]
[2019.01.20-07.00.00:164][  0]LogConfig: Setting CVar [[r.ViewDistanceScale:1.0]]
[2019.01.20-07.00.00:164][  0]LogConfig: Applying CVar settings from Section [AntiAliasingQuality@3] File [E:/Unreal4/Section_04/BattleTank-1/BattleTank/BattleTank/Saved/Config/Windows/Scalability.ini]
[2019.01.20-07.00.00:164][  0]LogConfig: Setting CVar [[r.PostProcessAAQuality:4]]
[2019.01.20-07.00.00:164][  0]LogConfig: Applying CVar settings from Section [ShadowQuality@3] File [E:/Unreal4/Section_04/BattleTank-1/BattleTank/BattleTank/Saved/Config/Windows/Scalability.ini]
[2019.01.20-07.00.00:164][  0]LogConfig: Setting CVar [[r.LightFunctionQuality:1]]
[2019.01.20-07.00.00:164][  0]LogConfig: Setting CVar [[r.ShadowQuality:5]]
[2019.01.20-07.00.00:164][  0]LogConfig: Setting CVar [[r.Shadow.CSM.MaxCascades:10]]
[2019.01.20-07.00.00:164][  0]LogConfig: Setting CVar [[r.Shadow.MaxResolution:2048]]
[2019.01.20-07.00.00:164][  0]LogConfig: Setting CVar [[r.Shadow.MaxCSMResolution:2048]]
[2019.01.20-07.00.00:164][  0]LogConfig: Setting CVar [[r.Shadow.RadiusThreshold:0.01]]
[2019.01.20-07.00.00:164][  0]LogConfig: Setting CVar [[r.Shadow.DistanceScale:1.0]]
[2019.01.20-07.00.00:164][  0]LogConfig: Setting CVar [[r.Shadow.CSM.TransitionScale:1.0]]
[2019.01.20-07.00.00:164][  0]LogConfig: Setting CVar [[r.Shadow.PreShadowResolutionFactor:1.0]]
[2019.01.20-07.00.00:164][  0]LogConfig: Setting CVar [[r.DistanceFieldShadowing:1]]
[2019.01.20-07.00.00:164][  0]LogConfig: Setting CVar [[r.DistanceFieldAO:1]]
[2019.01.20-07.00.00:165][  0]LogConfig: Setting CVar [[r.AOQuality:2]]
[2019.01.20-07.00.00:165][  0]LogConfig: Setting CVar [[r.VolumetricFog:1]]
[2019.01.20-07.00.00:165][  0]LogConfig: Setting CVar [[r.VolumetricFog.GridPixelSize:8]]
[2019.01.20-07.00.00:165][  0]LogConfig: Setting CVar [[r.VolumetricFog.GridSizeZ:128]]
[2019.01.20-07.00.00:165][  0]LogConfig: Setting CVar [[r.VolumetricFog.HistoryMissSupersampleCount:4]]
[2019.01.20-07.00.00:165][  0]LogConfig: Setting CVar [[r.LightMaxDrawDistanceScale:1]]
[2019.01.20-07.00.00:165][  0]LogConfig: Setting CVar [[r.CapsuleShadows:1]]
[2019.01.20-07.00.00:165][  0]LogConfig: Applying CVar settings from Section [PostProcessQuality@3] File [E:/Unreal4/Section_04/BattleTank-1/BattleTank/BattleTank/Saved/Config/Windows/Scalability.ini]
[2019.01.20-07.00.00:165][  0]LogConfig: Setting CVar [[r.MotionBlurQuality:4]]
[2019.01.20-07.00.00:165][  0]LogConfig: Setting CVar [[r.AmbientOcclusionMipLevelFactor:0.4]]
[2019.01.20-07.00.00:165][  0]LogConfig: Setting CVar [[r.AmbientOcclusionMaxQuality:100]]
[2019.01.20-07.00.00:165][  0]LogConfig: Setting CVar [[r.AmbientOcclusionLevels:-1]]
[2019.01.20-07.00.00:165][  0]LogConfig: Setting CVar [[r.AmbientOcclusionRadiusScale:1.0]]
[2019.01.20-07.00.00:165][  0]LogConfig: Setting CVar [[r.DepthOfFieldQuality:2]]
[2019.01.20-07.00.00:165][  0]LogConfig: Setting CVar [[r.RenderTargetPoolMin:400]]
[2019.01.20-07.00.00:165][  0]LogConfig: Setting CVar [[r.LensFlareQuality:2]]
[2019.01.20-07.00.00:165][  0]LogConfig: Setting CVar [[r.SceneColorFringeQuality:1]]
[2019.01.20-07.00.00:165][  0]LogConfig: Setting CVar [[r.EyeAdaptationQuality:2]]
[2019.01.20-07.00.00:165][  0]LogConfig: Setting CVar [[r.BloomQuality:5]]
[2019.01.20-07.00.00:165][  0]LogConfig: Setting CVar [[r.FastBlurThreshold:100]]
[2019.01.20-07.00.00:165][  0]LogConfig: Setting CVar [[r.Upscale.Quality:3]]
[2019.01.20-07.00.00:165][  0]LogConfig: Setting CVar [[r.Tonemapper.GrainQuantization:1]]
[2019.01.20-07.00.00:165][  0]LogConfig: Setting CVar [[r.LightShaftQuality:1]]
[2019.01.20-07.00.00:165][  0]LogConfig: Setting CVar [[r.Filter.SizeScale:1]]
[2019.01.20-07.00.00:165][  0]LogConfig: Setting CVar [[r.Tonemapper.Quality:5]]
[2019.01.20-07.00.00:165][  0]LogConfig: Setting CVar [[r.DOF.Gather.AccumulatorQuality:1        ; higher gathering accumulator quality]]
[2019.01.20-07.00.00:165][  0]LogConfig: Setting CVar [[r.DOF.Gather.PostfilterMethod:1          ; Median3x3 postfilering method]]
[2019.01.20-07.00.00:165][  0]LogConfig: Setting CVar [[r.DOF.Gather.EnableBokehSettings:0       ; no bokeh simulation when gathering]]
[2019.01.20-07.00.00:165][  0]LogConfig: Setting CVar [[r.DOF.Gather.RingCount:4                 ; medium number of samples when gathering]]
[2019.01.20-07.00.00:165][  0]LogConfig: Setting CVar [[r.DOF.Scatter.ForegroundCompositing:1    ; additive foreground scattering]]
[2019.01.20-07.00.00:165][  0]LogConfig: Setting CVar [[r.DOF.Scatter.BackgroundCompositing:2    ; additive background scattering]]
[2019.01.20-07.00.00:165][  0]LogConfig: Setting CVar [[r.DOF.Scatter.EnableBokehSettings:1      ; bokeh simulation when scattering]]
[2019.01.20-07.00.00:165][  0]LogConfig: Setting CVar [[r.DOF.Scatter.MaxSpriteRatio:0.1         ; only a maximum of 10% of scattered bokeh]]
[2019.01.20-07.00.00:165][  0]LogConfig: Setting CVar [[r.DOF.Recombine.Quality:1                ; cheap slight out of focus]]
[2019.01.20-07.00.00:165][  0]LogConfig: Setting CVar [[r.DOF.Recombine.EnableBokehSettings:0    ; no bokeh simulation on slight out of focus]]
[2019.01.20-07.00.00:165][  0]LogConfig: Setting CVar [[r.DOF.TemporalAAQuality:1                ; more stable temporal accumulation]]
[2019.01.20-07.00.00:165][  0]LogConfig: Setting CVar [[r.DOF.Kernel.MaxForegroundRadius:0.025]]
[2019.01.20-07.00.00:165][  0]LogConfig: Setting CVar [[r.DOF.Kernel.MaxBackgroundRadius:0.025]]
[2019.01.20-07.00.00:165][  0]LogConfig: Applying CVar settings from Section [TextureQuality@3] File [E:/Unreal4/Section_04/BattleTank-1/BattleTank/BattleTank/Saved/Config/Windows/Scalability.ini]
[2019.01.20-07.00.00:165][  0]LogConfig: Setting CVar [[r.Streaming.MipBias:0]]
[2019.01.20-07.00.00:165][  0]LogConfig: Setting CVar [[r.Streaming.AmortizeCPUToGPUCopy:0]]
[2019.01.20-07.00.00:165][  0]LogConfig: Setting CVar [[r.Streaming.MaxNumTexturesToStreamPerFrame:0]]
[2019.01.20-07.00.00:165][  0]LogConfig: Setting CVar [[r.Streaming.Boost:1]]
[2019.01.20-07.00.00:165][  0]LogConfig: Setting CVar [[r.MaxAnisotropy:8]]
[2019.01.20-07.00.00:165][  0]LogConfig: Setting CVar [[r.Streaming.LimitPoolSizeToVRAM:0]]
[2019.01.20-07.00.00:165][  0]LogConfig: Setting CVar [[r.Streaming.PoolSize:1000]]
[2019.01.20-07.00.00:165][  0]LogConfig: Setting CVar [[r.Streaming.MaxEffectiveScreenSize:0]]
[2019.01.20-07.00.00:165][  0]LogConfig: Applying CVar settings from Section [EffectsQuality@3] File [E:/Unreal4/Section_04/BattleTank-1/BattleTank/BattleTank/Saved/Config/Windows/Scalability.ini]
[2019.01.20-07.00.00:165][  0]LogConfig: Setting CVar [[r.TranslucencyLightingVolumeDim:64]]
[2019.01.20-07.00.00:165][  0]LogConfig: Setting CVar [[r.RefractionQuality:2]]
[2019.01.20-07.00.00:165][  0]LogConfig: Setting CVar [[r.SSR.Quality:3]]
[2019.01.20-07.00.00:165][  0]LogConfig: Setting CVar [[r.SceneColorFormat:4]]
[2019.01.20-07.00.00:165][  0]LogConfig: Setting CVar [[r.DetailMode:2]]
[2019.01.20-07.00.00:165][  0]LogConfig: Setting CVar [[r.TranslucencyVolumeBlur:1]]
[2019.01.20-07.00.00:165][  0]LogConfig: Setting CVar [[r.MaterialQualityLevel:1 ; High quality]]
[2019.01.20-07.00.00:165][  0]LogConfig: Setting CVar [[r.SSS.Scale:1]]
[2019.01.20-07.00.00:165][  0]LogConfig: Setting CVar [[r.SSS.SampleSet:2]]
[2019.01.20-07.00.00:165][  0]LogConfig: Setting CVar [[r.SSS.Quality:1]]
[2019.01.20-07.00.00:165][  0]LogConfig: Setting CVar [[r.SSS.HalfRes:1]]
[2019.01.20-07.00.00:165][  0]LogConfig: Setting CVar [[r.EmitterSpawnRateScale:1.0]]
[2019.01.20-07.00.00:165][  0]LogConfig: Setting CVar [[r.ParticleLightQuality:2]]
[2019.01.20-07.00.00:165][  0]LogConfig: Applying CVar settings from Section [FoliageQuality@3] File [E:/Unreal4/Section_04/BattleTank-1/BattleTank/BattleTank/Saved/Config/Windows/Scalability.ini]
[2019.01.20-07.00.00:165][  0]LogConfig: Setting CVar [[foliage.DensityScale:1.0]]
[2019.01.20-07.00.00:165][  0]LogConfig: Setting CVar [[grass.DensityScale:1.0]]
[2019.01.20-07.00.00:165][  0]LogConfig: Applying CVar settings from Section [Startup] File [../../../Engine/Config/ConsoleVariables.ini]
[2019.01.20-07.00.00:165][  0]LogConfig: Setting CVar [[net.UseAdaptiveNetUpdateFrequency:0]]
[2019.01.20-07.00.00:165][  0]LogConfig: Applying CVar settings from Section [ConsoleVariables] File [E:/Unreal4/Section_04/BattleTank-1/BattleTank/BattleTank/Saved/Config/Windows/Engine.ini]
[2019.01.20-07.00.00:166][  0]LogInit: Computer: DESKTOP-2BM5QKQ
[2019.01.20-07.00.00:166][  0]LogInit: User: joshu
[2019.01.20-07.00.00:166][  0]LogInit: CPU Page size=4096, Cores=8
[2019.01.20-07.00.00:166][  0]LogInit: High frequency timer resolution =3.606502 MHz
[2019.01.20-07.00.00:166][  0]LogMemory: Memory total: Physical=15.9GB (16GB approx)
[2019.01.20-07.00.00:166][  0]LogMemory: Platform Memory Stats for Windows
[2019.01.20-07.00.00:166][  0]LogMemory: Process Physical Memory: 104.67 MB used, 104.67 MB peak
[2019.01.20-07.00.00:166][  0]LogMemory: Process Virtual Memory: 103.92 MB used, 103.92 MB peak
[2019.01.20-07.00.00:166][  0]LogMemory: Physical Memory: 4295.57 MB used,  12019.54 MB free, 16315.11 MB total
[2019.01.20-07.00.00:166][  0]LogMemory: Virtual Memory: 4698.03 MB used,  134213032.00 MB free, 134217728.00 MB total
[2019.01.20-07.00.00:184][  0]LogInit: Overriding language with editor language configuration option (en).
[2019.01.20-07.00.00:184][  0]LogInit: Overriding locale with editor locale configuration option (en).
[2019.01.20-07.00.00:509][  0]LogStreaming: Display: Took  0.325s to InitEngineTextLocalization.
[2019.01.20-07.00.00:509][  0]LogInit: Setting process to per monitor DPI aware
[2019.01.20-07.00.00:543][  0]LogSlate: New Slate User Created.  User Index 0, Is Virtual User: 0
[2019.01.20-07.00.00:543][  0]LogSlate: Slate User Registered.  User Index 0, Is Virtual User: 0
[2019.01.20-07.00.00:750][  0]LogHMD: Failed to initialize OpenVR with code 110
[2019.01.20-07.00.00:750][  0]LogD3D11RHI: D3D11 adapters:
[2019.01.20-07.00.00:816][  0]LogD3D11RHI:    0. 'NVIDIA GeForce RTX 2080' (Feature Level 11_0)
[2019.01.20-07.00.00:816][  0]LogD3D11RHI:       8010/0/8157 MB DedicatedVideo/DedicatedSystem/SharedSystem, Outputs:1, VendorId:0x10de
[2019.01.20-07.00.00:819][  0]LogD3D11RHI:    1. 'Microsoft Basic Render Driver' (Feature Level 11_0)
[2019.01.20-07.00.00:819][  0]LogD3D11RHI:       0/0/8157 MB DedicatedVideo/DedicatedSystem/SharedSystem, Outputs:0, VendorId:0x1414
[2019.01.20-07.00.00:819][  0]LogD3D11RHI: Chosen D3D11 Adapter: 0
[2019.01.20-07.00.00:825][  0]LogD3D11RHI: Creating new Direct3DDevice
[2019.01.20-07.00.00:825][  0]LogD3D11RHI:     GPU DeviceId: 0x1e87 (for the marketing name, search the web for "GPU Device Id")
[2019.01.20-07.00.00:825][  0]LogWindows: EnumDisplayDevices:
[2019.01.20-07.00.00:825][  0]LogWindows:    0. 'NVIDIA GeForce RTX 2080' (P:1 D:1)
[2019.01.20-07.00.00:826][  0]LogWindows:    1. 'NVIDIA GeForce RTX 2080' (P:0 D:0)
[2019.01.20-07.00.00:826][  0]LogWindows:    2. 'NVIDIA GeForce RTX 2080' (P:0 D:0)
[2019.01.20-07.00.00:827][  0]LogWindows:    3. 'NVIDIA GeForce RTX 2080' (P:0 D:0)
[2019.01.20-07.00.00:827][  0]LogWindows: DebugString: FoundDriverCount:4 
[2019.01.20-07.00.00:827][  0]LogD3D11RHI:     Adapter Name: NVIDIA GeForce RTX 2080
[2019.01.20-07.00.00:827][  0]LogD3D11RHI:   Driver Version: 417.71 (internal:25.21.14.1771, unified:417.71)
[2019.01.20-07.00.00:827][  0]LogD3D11RHI:      Driver Date: 1-11-2019
[2019.01.20-07.00.00:827][  0]LogRHI: Texture pool is 5607 MB (70% of 8010 MB)
[2019.01.20-07.00.00:878][  0]LogD3D11RHI: Async texture creation enabled
[2019.01.20-07.00.00:904][  0]LogD3D11RHI: GPU Timing Frequency: 1000.000000 (Debug: 2 2)
[2019.01.20-07.00.00:947][  0]LogD3D11RHI: HDR output is supported on display 0 (NvId: 0x80061086).
[2019.01.20-07.00.01:241][  0]LogTemp: Display: Loaded TP AllDesktopTargetPlatform
[2019.01.20-07.00.01:255][  0]LogTemp: Display: Loaded TP MacClientTargetPlatform
[2019.01.20-07.00.01:268][  0]LogTemp: Display: Loaded TP MacNoEditorTargetPlatform
[2019.01.20-07.00.01:281][  0]LogTemp: Display: Loaded TP MacServerTargetPlatform
[2019.01.20-07.00.01:294][  0]LogTemp: Display: Loaded TP MacTargetPlatform
[2019.01.20-07.00.01:308][  0]LogTemp: Display: Loaded TP WindowsClientTargetPlatform
[2019.01.20-07.00.01:321][  0]LogTemp: Display: Loaded TP WindowsNoEditorTargetPlatform
[2019.01.20-07.00.01:334][  0]LogTemp: Display: Loaded TP WindowsServerTargetPlatform
[2019.01.20-07.00.01:341][  0]LogTemp: Display: Loaded TP WindowsTargetPlatform
[2019.01.20-07.00.01:417][  0]LogTemp: Display: Loaded TP AndroidTargetPlatform
[2019.01.20-07.00.01:417][  0]LogTemp: Display: Loaded TP AndroidTargetPlatform
[2019.01.20-07.00.01:417][  0]LogTemp: Display: Loaded TP AndroidTargetPlatform
[2019.01.20-07.00.01:417][  0]LogTemp: Display: Loaded TP AndroidTargetPlatform
[2019.01.20-07.00.01:417][  0]LogTemp: Display: Loaded TP AndroidTargetPlatform
[2019.01.20-07.00.01:417][  0]LogTemp: Display: Loaded TP AndroidTargetPlatform
[2019.01.20-07.00.01:417][  0]LogTemp: Display: Loaded TP AndroidTargetPlatform
[2019.01.20-07.00.01:417][  0]LogTemp: Display: Loaded TP AndroidTargetPlatform
[2019.01.20-07.00.01:417][  0]LogTemp: Display: Loaded TP AndroidTargetPlatform
[2019.01.20-07.00.01:417][  0]LogTemp: Display: Loaded TP AndroidTargetPlatform
[2019.01.20-07.00.01:417][  0]LogTemp: Display: Loaded TP AndroidTargetPlatform
[2019.01.20-07.00.01:417][  0]LogTemp: Display: Loaded TP AndroidTargetPlatform
[2019.01.20-07.00.01:417][  0]LogTemp: Display: Loaded TP AndroidTargetPlatform
[2019.01.20-07.00.01:417][  0]LogTemp: Display: Loaded TP AndroidTargetPlatform
[2019.01.20-07.00.01:417][  0]LogTemp: Display: Loaded TP AndroidTargetPlatform
[2019.01.20-07.00.01:417][  0]LogTemp: Display: Loaded TP AndroidTargetPlatform
[2019.01.20-07.00.01:417][  0]LogTemp: Display: Loaded TP AndroidTargetPlatform
[2019.01.20-07.00.01:417][  0]LogTemp: Display: Loaded TP AndroidTargetPlatform
[2019.01.20-07.00.01:419][  0]LogTemp: Display: Loaded TP HTML5TargetPlatform
[2019.01.20-07.00.01:481][  0]LogTemp: Display: Loaded TP IOSTargetPlatform
[2019.01.20-07.00.01:481][  0]LogTemp: Display: Loaded TP IOSTargetPlatform
[2019.01.20-07.00.01:506][  0]LogTemp: Display: Loaded TP TVOSTargetPlatform
[2019.01.20-07.00.01:506][  0]LogTemp: Display: Loaded TP TVOSTargetPlatform
[2019.01.20-07.00.01:518][  0]LogTemp: Display: Loaded TP LinuxClientTargetPlatform
[2019.01.20-07.00.01:530][  0]LogTemp: Display: Loaded TP LinuxNoEditorTargetPlatform
[2019.01.20-07.00.01:542][  0]LogTemp: Display: Loaded TP LinuxServerTargetPlatform
[2019.01.20-07.00.01:555][  0]LogTemp: Display: Loaded TP LinuxTargetPlatform
[2019.01.20-07.00.01:598][  0]LogTemp: Display: Loaded TP LuminTargetPlatform
[2019.01.20-07.00.01:598][  0]LogTemp: Display: Loaded TP LuminTargetPlatform
[2019.01.20-07.00.01:598][  0]LogTargetPlatformManager: Display: Building Assets For Windows
[2019.01.20-07.00.01:658][  0]LogShaderCompilers: Guid format shader working directory is -10 characters bigger than the processId version (E:/Unreal4/Section_04/BattleTank-1/BattleTank/BattleTank/Intermediate/Shaders/WorkingDirectory/8560/).
[2019.01.20-07.00.01:658][  0]LogShaderCompilers: Cleaned the shader compiler working directory 'C:/Users/joshu/AppData/Local/Temp/UnrealShaderWorkingDir/22D9BBEC4002D236927927BBD962C501/'.
[2019.01.20-07.00.01:660][  0]LogXGEController: Cannot use XGE Controller as Incredibuild is not installed on this machine.
[2019.01.20-07.00.01:660][  0]LogShaderCompilers: Cannot use XGE Shader Compiler as Incredibuild is not installed on this machine.
[2019.01.20-07.00.01:660][  0]LogShaderCompilers: Display: Using Local Shader Compiler.
[2019.01.20-07.00.02:111][  0]LogDerivedDataCache: Display: Max Cache Size: 512 MB
[2019.01.20-07.00.02:154][  0]LogDerivedDataCache: Loaded boot cache 0.04s 71MB C:/Users/joshu/AppData/Local/UnrealEngine/4.21/DerivedDataCache/Boot.ddc.
[2019.01.20-07.00.02:154][  0]LogDerivedDataCache: Display: Loaded Boot cache: C:/Users/joshu/AppData/Local/UnrealEngine/4.21/DerivedDataCache/Boot.ddc
[2019.01.20-07.00.02:154][  0]LogDerivedDataCache: FDerivedDataBackendGraph:  Pak pak cache file E:/Unreal4/Section_04/BattleTank-1/BattleTank/BattleTank/DerivedDataCache/DDC.ddp not found, will not use a pak cache.
[2019.01.20-07.00.02:154][  0]LogDerivedDataCache: Unable to find inner node Pak for hierarchical cache Hierarchy.
[2019.01.20-07.00.02:154][  0]LogDerivedDataCache: FDerivedDataBackendGraph:  CompressedPak pak cache file E:/Unreal4/Section_04/BattleTank-1/BattleTank/BattleTank/DerivedDataCache/Compressed.ddp not found, will not use a pak cache.
[2019.01.20-07.00.02:154][  0]LogDerivedDataCache: Unable to find inner node CompressedPak for hierarchical cache Hierarchy.
[2019.01.20-07.00.02:166][  0]LogDerivedDataCache: Display: Pak cache opened for reading ../../../Engine/DerivedDataCache/Compressed.ddp.
[2019.01.20-07.00.02:166][  0]LogDerivedDataCache: FDerivedDataBackendGraph:  EnterprisePak pak cache file ../../../Enterprise/DerivedDataCache/Compressed.ddp not found, will not use a pak cache.
[2019.01.20-07.00.02:166][  0]LogDerivedDataCache: Unable to find inner node EnterprisePak for hierarchical cache Hierarchy.
[2019.01.20-07.00.02:178][  0]LogDerivedDataCache: Using Local data cache path C:/Users/joshu/AppData/Local/UnrealEngine/Common/DerivedDataCache: Writable
[2019.01.20-07.00.02:178][  0]LogDerivedDataCache: Shared data cache path not found in *engine.ini, will not use an Shared cache.
[2019.01.20-07.00.02:178][  0]LogDerivedDataCache: Unable to find inner node Shared for hierarchical cache Hierarchy.
[2019.01.20-07.00.02:198][  0]LogMaterial: Verifying Global Shaders for PCD3D_SM5
[2019.01.20-07.00.02:199][  0]LogSlate: Using FreeType 2.6.0
[2019.01.20-07.00.02:200][  0]LogSlate: SlateFontServices - WITH_FREETYPE: 1, WITH_HARFBUZZ: 1
[2019.01.20-07.00.02:284][  0]LogAssetRegistry: FAssetRegistry took 0.0332 seconds to start up
[2019.01.20-07.00.02:590][  0]LogInit: Selected Device Profile: [Windows]
[2019.01.20-07.00.02:656][  0]LogSimplygon: Simplygon DLL not present - disabling.
[2019.01.20-07.00.02:660][  0]LogMeshReduction: Using SimplygonSwarm for distributed automatic mesh merging
[2019.01.20-07.00.02:660][  0]LogMeshReduction: Using ProxyLODMeshReduction for automatic mesh merging
[2019.01.20-07.00.02:660][  0]LogMeshReduction: Using QuadricMeshReduction for automatic static mesh reduction
[2019.01.20-07.00.02:660][  0]LogMeshReduction: No automatic skeletal mesh reduction module available
[2019.01.20-07.00.02:736][  0]LogNetVersion: BattleTank 1.0.0, NetCL: 4541578, EngineNetVer: 5, GameNetVer: 0 (Checksum: 1064757075)
[2019.01.20-07.00.03:126][  0]LogPackageLocalizationCache: Processed 11 localized package path(s) for 1 prioritized culture(s) in 0.043765 seconds
[2019.01.20-07.00.03:133][  0]LogUObjectArray: 39775 objects as part of root set at end of initial load.
[2019.01.20-07.00.03:133][  0]LogUObjectAllocator: 6914656 out of 0 bytes used by permanent object pool.
[2019.01.20-07.00.03:133][  0]LogUObjectArray: CloseDisregardForGC: 0/0 objects in disregard for GC pool
[2019.01.20-07.00.03:915][  0]LogTcpMessaging: Initializing TcpMessaging bridge
[2019.01.20-07.00.03:928][  0]LogUdpMessaging: Initializing bridge on interface 0.0.0.0:0 to multicast group 230.0.0.1:6666.
[2019.01.20-07.00.04:568][  0]SourceControl: Source control is disabled
[2019.01.20-07.00.04:568][  0]SourceControl: Source control is disabled
[2019.01.20-07.00.04:570][  0]SourceControl: Source control is disabled
[2019.01.20-07.00.04:571][  0]SourceControl: Source control is disabled
[2019.01.20-07.00.04:733][  0]LogAndroidPermission: UAndroidPermissionCallbackProxy::GetInstance
[2019.01.20-07.00.04:863][  0]LogOcInput: OculusInput pre-init called
[2019.01.20-07.00.04:990][  0]LogEngine: Initializing Engine...
[2019.01.20-07.00.04:991][  0]LogHMD: Failed to initialize OpenVR with code 110
[2019.01.20-07.00.04:992][  0]LogStats: UGameplayTagsManager::ConstructGameplayTagTree: ImportINI prefixes -  0.000 s
[2019.01.20-07.00.04:992][  0]LogStats: UGameplayTagsManager::ConstructGameplayTagTree: Construct from data asset -  0.000 s
[2019.01.20-07.00.04:992][  0]LogStats: UGameplayTagsManager::ConstructGameplayTagTree: ImportINI -  0.000 s
[2019.01.20-07.00.04:992][  0]LogStats: UGameplayTagsManager::ConstructGameplayTagTree: GameplayTagTreeChangedEvent.Broadcast -  0.000 s
[2019.01.20-07.00.05:182][  0]LogInit: Initializing FReadOnlyCVARCache
[2019.01.20-07.00.05:198][  0]LogAIModule: Creating AISystem for world Untitled
[2019.01.20-07.00.05:247][  0]LogInit: XAudio2 using '헤드셋 이어폰(Corsair VOID PRO Surround USB Sound Adapter)' : 6 channels at 48 kHz using 16 bits per sample (channel mask 0x3f)
[2019.01.20-07.00.05:389][  0]LogInit: FAudioDevice initialized.
[2019.01.20-07.00.05:389][  0]LogNetVersion: Set ProjectVersion to 1.0.0.0. Version Checksum will be recalculated on next use.
[2019.01.20-07.00.05:467][  0]LogDerivedDataCache: Saved boot cache 0.08s 71MB C:/Users/joshu/AppData/Local/UnrealEngine/4.21/DerivedDataCache/Boot.ddc.
[2019.01.20-07.00.05:473][  0]LogInit: Texture streaming: Enabled
[2019.01.20-07.00.05:492][  0]LogEngineSessionManager: EngineSessionManager initialized
[2019.01.20-07.00.05:506][  0]LogInit: Transaction tracking system initialized
[2019.01.20-07.00.05:535][  0]BlueprintLog: New page: Editor Load
[2019.01.20-07.00.05:616][  0]LocalizationService: Localization service is disabled
[2019.01.20-07.00.06:109][  0]LogFileCache: Scanning file cache for directory 'E:/Unreal4/Section_04/BattleTank-1/BattleTank/BattleTank/Content/' took 0.02s
[2019.01.20-07.00.06:110][  0]LogCook: Display: Max memory allowance for cook 16384mb min free memory 0mb
[2019.01.20-07.00.06:110][  0]LogCook: Display: Mobile HDR setting 1
[2019.01.20-07.00.06:110][  0]LogGameplayTags: Display: UGameplayTagsManager::DoneAddingNativeTags. DelegateIsBound: 0
[2019.01.20-07.00.06:110][  0]LogStats: UGameplayTagsManager::ConstructGameplayTagTree: ImportINI prefixes -  0.000 s
[2019.01.20-07.00.06:110][  0]LogStats: UGameplayTagsManager::ConstructGameplayTagTree: Construct from data asset -  0.000 s
[2019.01.20-07.00.06:110][  0]LogStats: UGameplayTagsManager::ConstructGameplayTagTree: ImportINI -  0.000 s
[2019.01.20-07.00.06:110][  0]LogStats: UGameplayTagsManager::ConstructGameplayTagTree: GameplayTagTreeChangedEvent.Broadcast -  0.000 s
[2019.01.20-07.00.06:234][  0]SourceControl: Source control is disabled
[2019.01.20-07.00.06:234][  0]Cmd: MAP LOAD FILE="E:/Unreal4/Section_04/BattleTank-1/BattleTank/BattleTank/Content/FlatShading/BattleGround_FlatShading.umap" TEMPLATE=0 SHOWPROGRESS=1 FEATURELEVEL=3
[2019.01.20-07.00.06:235][  0]LightingResults: New page: Lighting Build
[2019.01.20-07.00.06:237][  0]MapCheck: New page: Map Check
[2019.01.20-07.00.06:237][  0]LightingResults: New page: Lighting Build
[2019.01.20-07.00.07:104][  0]LogAIModule: Creating AISystem for world BattleGround_FlatShading
[2019.01.20-07.00.07:455][  0]LogEditorServer: Finished looking for orphan Actors (0.000 secs)
[2019.01.20-07.00.07:484][  0]Cmd: MAP CHECKDEP NOCLEARLOG
[2019.01.20-07.00.07:485][  0]MapCheck: Map check complete: 0 Error(s), 0 Warning(s), took 0.103ms to complete.
[2019.01.20-07.00.07:485][  0]LogFileHelpers: Loading map 'BattleGround_FlatShading' took 1.250
[2019.01.20-07.00.07:658][  0]LogSlate: Updating window title bar state: overlay mode, drag disabled, window buttons hidden, title bar hidden
[2019.01.20-07.00.07:664][  0]LogSlate: Updating window title bar state: overlay mode, drag disabled, window buttons hidden, title bar hidden
[2019.01.20-07.00.07:671][  0]LogSlate: Updating window title bar state: overlay mode, drag disabled, window buttons hidden, title bar hidden
[2019.01.20-07.00.07:677][  0]LogSlate: Updating window title bar state: overlay mode, drag disabled, window buttons hidden, title bar hidden
[2019.01.20-07.00.07:694][  0]LogCollectionManager: Loaded 0 collections in 0.001810 seconds
[2019.01.20-07.00.07:738][  0]LogFileCache: Scanning file cache for directory 'E:/Unreal4/Section_04/BattleTank-1/BattleTank/BattleTank/Saved/Collections/' took 0.01s
[2019.01.20-07.00.07:738][  0]LogFileCache: Scanning file cache for directory 'E:/Unreal4/Section_04/BattleTank-1/BattleTank/BattleTank/Content/Developers/joshu/Collections/' took 0.00s
[2019.01.20-07.00.07:738][  0]LogFileCache: Scanning file cache for directory 'E:/Unreal4/Section_04/BattleTank-1/BattleTank/BattleTank/Content/Collections/' took 0.01s
[2019.01.20-07.00.07:738][  0]LogCollectionManager: Rebuilt the GUID cache for 0 collections in 0.000000 seconds
[2019.01.20-07.00.07:750][  0]LogContentBrowser: Native class hierarchy populated in 0.0095 seconds. Added 2659 classes and 625 folders.
[2019.01.20-07.00.07:764][  0]LogContentBrowser: Native class hierarchy updated for 'WidgetCarousel' in 0.0003 seconds. Added 0 classes and 0 folders.
[2019.01.20-07.00.07:773][  0]LogPakFile: Registered encryption key '00000000000000000000000000000000': 0 pak files mounted, 0 remain pending
[2019.01.20-07.00.07:782][  0]LogPakFile: Registered encryption key '00000000000000000000000000000000': 0 pak files mounted, 0 remain pending
[2019.01.20-07.00.07:809][  0]LogPakFile: Registered encryption key '00000000000000000000000000000000': 0 pak files mounted, 0 remain pending
[2019.01.20-07.00.07:815][  0]LogPakFile: Registered encryption key '00000000000000000000000000000000': 0 pak files mounted, 0 remain pending
[2019.01.20-07.00.07:821][  0]LogPakFile: Registered encryption key '00000000000000000000000000000000': 0 pak files mounted, 0 remain pending
[2019.01.20-07.00.07:826][  0]LogPakFile: Registered encryption key '00000000000000000000000000000000': 0 pak files mounted, 0 remain pending
[2019.01.20-07.00.07:831][  0]LogPakFile: Registered encryption key '00000000000000000000000000000000': 0 pak files mounted, 0 remain pending
[2019.01.20-07.00.07:836][  0]LogPakFile: Registered encryption key '00000000000000000000000000000000': 0 pak files mounted, 0 remain pending
[2019.01.20-07.00.07:841][  0]LogPakFile: Registered encryption key '00000000000000000000000000000000': 0 pak files mounted, 0 remain pending
[2019.01.20-07.00.07:847][  0]LogPakFile: Registered encryption key '00000000000000000000000000000000': 0 pak files mounted, 0 remain pending
[2019.01.20-07.00.07:852][  0]LogPakFile: Registered encryption key '00000000000000000000000000000000': 0 pak files mounted, 0 remain pending
[2019.01.20-07.00.07:856][  0]LogPakFile: Registered encryption key '00000000000000000000000000000000': 0 pak files mounted, 0 remain pending
[2019.01.20-07.00.07:863][  0]LogPakFile: Registered encryption key '00000000000000000000000000000000': 0 pak files mounted, 0 remain pending
[2019.01.20-07.00.07:870][  0]LogPakFile: Registered encryption key '00000000000000000000000000000000': 0 pak files mounted, 0 remain pending
[2019.01.20-07.00.07:876][  0]LogPakFile: Registered encryption key '00000000000000000000000000000000': 0 pak files mounted, 0 remain pending
[2019.01.20-07.00.07:882][  0]LogPakFile: Registered encryption key '00000000000000000000000000000000': 0 pak files mounted, 0 remain pending
[2019.01.20-07.00.07:914][  0]LogPakFile: Registered encryption key '00000000000000000000000000000000': 0 pak files mounted, 0 remain pending
[2019.01.20-07.00.07:919][  0]LogPakFile: Registered encryption key '00000000000000000000000000000000': 0 pak files mounted, 0 remain pending
[2019.01.20-07.00.07:925][  0]LogPakFile: Registered encryption key '00000000000000000000000000000000': 0 pak files mounted, 0 remain pending
[2019.01.20-07.00.07:931][  0]LogPakFile: Registered encryption key '00000000000000000000000000000000': 0 pak files mounted, 0 remain pending
[2019.01.20-07.00.07:971][  0]LogPakFile: Registered encryption key '00000000000000000000000000000000': 0 pak files mounted, 0 remain pending
[2019.01.20-07.00.07:988][  0]LogPakFile: Registered encryption key '00000000000000000000000000000000': 0 pak files mounted, 0 remain pending
[2019.01.20-07.00.07:993][  0]LogPakFile: Registered encryption key '00000000000000000000000000000000': 0 pak files mounted, 0 remain pending
[2019.01.20-07.00.07:998][  0]LogPakFile: Registered encryption key '00000000000000000000000000000000': 0 pak files mounted, 0 remain pending
[2019.01.20-07.00.08:006][  0]LogPakFile: Registered encryption key '00000000000000000000000000000000': 0 pak files mounted, 0 remain pending
[2019.01.20-07.00.08:011][  0]LogPakFile: Registered encryption key '00000000000000000000000000000000': 0 pak files mounted, 0 remain pending
[2019.01.20-07.00.08:188][  0]LogContentBrowser: Native class hierarchy updated for 'AddContentDialog' in 0.0003 seconds. Added 0 classes and 0 folders.
[2019.01.20-07.00.08:228][  0]LogContentBrowser: Native class hierarchy updated for 'HierarchicalLODOutliner' in 0.0004 seconds. Added 0 classes and 0 folders.
[2019.01.20-07.00.08:228][  0]LogLoad: (Engine Initialization) Total time: 10.36 seconds
[2019.01.20-07.00.08:228][  0]LogLoad: (Engine Initialization) Total Blueprint compile time: 0.00 seconds
[2019.01.20-07.00.08:240][  0]LogWindowsTextInputMethodSystem: Display: IME system now activated using TSF (Microsoft 입력기).
[2019.01.20-07.00.08:313][  0]LogContentStreaming: Texture pool size now 1000 MB
[2019.01.20-07.00.08:314][  0]LogSlate: Took 0.000177 seconds to synchronously load lazily loaded font '../../../Engine/Content/Slate/Fonts/Roboto-Regular.ttf' (155K)
[2019.01.20-07.00.08:318][  0]LogSlate: Took 0.000169 seconds to synchronously load lazily loaded font '../../../Engine/Content/Slate/Fonts/Roboto-Bold.ttf' (160K)
[2019.01.20-07.00.08:326][  0]LogSlate: Took 0.004777 seconds to synchronously load lazily loaded font '../../../Engine/Content/Editor/Slate/Fonts/FontAwesome.ttf' (139K)
[2019.01.20-07.00.08:432][  0]LogRenderer: Reallocating scene render targets to support 1060x460 Format 10 NumSamples 1 (Frame:1).
[2019.01.20-07.00.08:505][  1]LogFileCache: Retrieving MD5 hashes for directory 'E:/Unreal4/Section_04/BattleTank-1/BattleTank/BattleTank/Content/' took 0.25s
[2019.01.20-07.00.08:533][  1]LogAssetRegistry: Asset discovery search completed in 6.2710 seconds
[2019.01.20-07.00.08:534][  1]LogCollectionManager: Rebuilt the object cache for 0 collections in 0.000001 seconds (found 0 objects)
[2019.01.20-07.00.08:534][  1]LogCollectionManager: Fixed up redirectors for 0 collections in 0.000043 seconds (updated 0 objects)
[2019.01.20-07.00.09:256][ 73]LogSlate: Took 0.004704 seconds to synchronously load lazily loaded font '../../../Engine/Content/Slate/Fonts/Roboto-Light.ttf' (167K)
[2019.01.20-07.00.12:558][433]LogSlate: FSceneViewport::OnFocusLost() reason 0
[2019.01.20-07.00.12:709][444]LogAssetEditorManager: Opening Asset editor for Blueprint /Game/Tank-1/Tank_BP.Tank_BP
[2019.01.20-07.00.13:265][444]LogContentBrowser: Native class hierarchy updated for 'BlueprintGraph' in 0.0006 seconds. Added 117 classes and 0 folders.
[2019.01.20-07.00.14:118][444]LogAssetEditorManager: Opening Asset editor for Blueprint /Game/Tank-1/Projectile_BP.Projectile_BP
[2019.01.20-07.00.21:665][274]LogSlate: Took 0.004747 seconds to synchronously load lazily loaded font '../../../Engine/Content/Slate/Fonts/Roboto-BoldCondensed.ttf' (158K)
[2019.01.20-07.00.21:714][275]LogSlate: Took 0.004131 seconds to synchronously load lazily loaded font '../../../Engine/Content/Slate/Fonts/Roboto-Italic.ttf' (157K)
[2019.01.20-07.08.45:913][258]LogAssetEditorManager: Opening Asset editor for Blueprint /Game/Tank-1/Projectile_BP.Projectile_BP
[2019.01.20-07.08.48:811][541]LogRenderer: Reallocating scene render targets to support 2144x1044 Format 10 NumSamples 1 (Frame:4).
[2019.01.20-07.08.50:750][736]LogSlate: FSceneViewport::OnFocusLost() reason 0
[2019.01.20-07.08.55:044][244]LogAssetEditorManager: Opening Asset editor for MapBuildDataRegistry /Game/Levels_/MainMenu_BuiltData.MainMenu_BuiltData
[2019.01.20-07.09.00:252][849]LogSlate: Window 'MainMenu_BuiltData - Generic Asset Editor' being destroyed
[2019.01.20-07.09.00:297][849]LogSlate: Window 'MainMenu_BuiltData - Generic Asset Editor' being destroyed
[2019.01.20-07.09.00:370][849]LogActorComponent: UnregisterComponent: (/Engine/Transient.EditorFloorComp) Not registered. Aborting.
[2019.01.20-07.09.01:252][935]LogAIModule: Creating AISystem for world MainMenu
[2019.01.20-07.09.01:254][935]LogAssetEditorManager: Opening Asset editor for World /Game/Levels_/MainMenu.MainMenu
[2019.01.20-07.09.01:289][935]Cmd: MAP LOAD FILE="E:/Unreal4/Section_04/BattleTank-1/BattleTank/BattleTank/Content/Levels_/MainMenu.umap" TEMPLATE=0 SHOWPROGRESS=1 FEATURELEVEL=3
[2019.01.20-07.09.01:289][935]LightingResults: New page: Lighting Build
[2019.01.20-07.09.01:289][935]LoadErrors: New page: Loading map: MainMenu.umap
[2019.01.20-07.09.01:290][935]MapCheck: New page: Map Check
[2019.01.20-07.09.01:290][935]LightingResults: New page: Lighting Build
[2019.01.20-07.09.01:325][935]LogEditorServer: Finished looking for orphan Actors (0.000 secs)
[2019.01.20-07.09.01:384][935]Cmd: MAP CHECKDEP NOCLEARLOG
[2019.01.20-07.09.01:385][935]MapCheck: Map check complete: 0 Error(s), 0 Warning(s), took 0.082ms to complete.
[2019.01.20-07.09.01:385][935]LogFileHelpers: Loading map 'MainMenu' took 0.096
[2019.01.20-07.09.02:089][ 10]LogTemp: Repeating last play command: Selected Viewport
[2019.01.20-07.09.02:111][ 10]LogBlueprintUserMessages: Early PlayInEditor Detection: Level '/Game/Levels_/MainMenu.MainMenu:PersistentLevel' has LevelScriptBlueprint '/Game/Levels_/MainMenu.MainMenu:PersistentLevel.MainMenu' with GeneratedClass '/Game/Levels_/MainMenu.MainMenu_C' with ClassGeneratedBy '/Game/Levels_/MainMenu.MainMenu:PersistentLevel.MainMenu'
[2019.01.20-07.09.02:111][ 10]LogPlayLevel: PlayLevel: No blueprints needed recompiling
[2019.01.20-07.09.02:111][ 10]PIE: New page: PIE session: MainMenu (Jan 21, 2019, 1:09:02 AM)
[2019.01.20-07.09.02:124][ 10]LogPlayLevel: Creating play world package: /Game/Levels_/UEDPIE_0_MainMenu
[2019.01.20-07.09.02:125][ 10]LogPlayLevel: PIE: StaticDuplicateObject took: (0.000927s)
[2019.01.20-07.09.02:126][ 10]LogAIModule: Creating AISystem for world MainMenu
[2019.01.20-07.09.02:126][ 10]LogPlayLevel: PIE: World Init took: (0.000450s)
[2019.01.20-07.09.02:126][ 10]LogPlayLevel: PIE: Created PIE world by copying editor world from /Game/Levels_/MainMenu.MainMenu to /Game/Levels_/UEDPIE_0_MainMenu.MainMenu (0.001607s)
[2019.01.20-07.09.02:193][ 10]LogInit: XAudio2 using '헤드셋 이어폰(Corsair VOID PRO Surround USB Sound Adapter)' : 6 channels at 48 kHz using 16 bits per sample (channel mask 0x3f)
[2019.01.20-07.09.02:321][ 10]LogInit: FAudioDevice initialized.
[2019.01.20-07.09.02:363][ 10]LogLoad: Game class is 'GameModeBase'
[2019.01.20-07.09.02:364][ 10]LogWorld: Bringing World /Game/Levels_/UEDPIE_0_MainMenu.MainMenu up for play (max tick rate 0) at 2019.01.20-16.09.02
[2019.01.20-07.09.02:364][ 10]LogWorld: Bringing up level for play took: 0.000296
[2019.01.20-07.09.02:385][ 10]LogContentBrowser: Native class hierarchy updated for 'MovieSceneCapture' in 0.0004 seconds. Added 20 classes and 0 folders.
[2019.01.20-07.09.02:389][ 10]PIE: Play in editor start time for /Game/Levels_/UEDPIE_0_MainMenu 0.412
[2019.01.20-07.09.02:389][ 10]LogBlueprintUserMessages: Late PlayInEditor Detection: Level '/Game/Levels_/MainMenu.MainMenu:PersistentLevel' has LevelScriptBlueprint '/Game/Levels_/MainMenu.MainMenu:PersistentLevel.MainMenu' with GeneratedClass '/Game/Levels_/MainMenu.MainMenu_C' with ClassGeneratedBy '/Game/Levels_/MainMenu.MainMenu:PersistentLevel.MainMenu'
[2019.01.20-07.09.02:406][ 10]LogSlate: Took 0.013120 seconds to synchronously load lazily loaded font '../../../Engine/Content/Slate/Fonts/DroidSansFallback.ttf' (3848K)
[2019.01.20-07.09.03:625][153]LogNet: Browse: /Game/FlatShading/BattleGround_FlatShading
[2019.01.20-07.09.03:625][153]LogLoad: LoadMap: /Game/FlatShading/BattleGround_FlatShading
[2019.01.20-07.09.03:972][153]LogAIModule: Creating AISystem for world BattleGround_FlatShading
[2019.01.20-07.09.03:972][153]LogLoad: Game class is 'BattleTankGameMode_BP_C'
[2019.01.20-07.09.03:981][153]LogWorld: Bringing World /Game/FlatShading/UEDPIE_0_BattleGround_FlatShading.BattleGround_FlatShading up for play (max tick rate 0) at 2019.01.20-16.09.03
[2019.01.20-07.09.03:982][153]LogWorld: Bringing up level for play took: 0.009528
[2019.01.20-07.09.03:984][153]LogTemp: Warning: AI Tank_BP_C_0 find the playertank
[2019.01.20-07.09.03:984][153]LogTemp: Warning: AI Tank_BP_C_0 find the playertank
[2019.01.20-07.09.03:984][153]LogTemp: Warning: AI Tank_BP_C_0 find the playertank
[2019.01.20-07.09.03:985][153]LogTemp: Warning: PlayerTank was possessed : Tank_BP_C_0
[2019.01.20-07.09.03:985][153]LogLoad: Took 0.360207 seconds to LoadMap(/Game/FlatShading/BattleGround_FlatShading)
[2019.01.20-07.09.35:903][982]LogBlueprintUserMessages: Early EndPlayMap Detection: Level '/Game/Levels_/MainMenu.MainMenu:PersistentLevel' has LevelScriptBlueprint '/Game/Levels_/MainMenu.MainMenu:PersistentLevel.MainMenu' with GeneratedClass '/Game/Levels_/MainMenu.MainMenu_C' with ClassGeneratedBy '/Game/Levels_/MainMenu.MainMenu:PersistentLevel.MainMenu'
[2019.01.20-07.09.35:903][982]LogSlate: Updating window title bar state: overlay mode, drag disabled, window buttons hidden, title bar hidden
[2019.01.20-07.09.35:939][982]LogPlayLevel: Display: Shutting down PIE online subsystems
[2019.01.20-07.09.35:940][982]LogBlueprintUserMessages: Late EndPlayMap Detection: Level '/Game/Levels_/MainMenu.MainMenu:PersistentLevel' has LevelScriptBlueprint '/Game/Levels_/MainMenu.MainMenu:PersistentLevel.MainMenu' with GeneratedClass '/Game/Levels_/MainMenu.MainMenu_C' with ClassGeneratedBy '/Game/Levels_/MainMenu.MainMenu:PersistentLevel.MainMenu'
[2019.01.20-07.09.35:971][982]LogSlate: Updating window title bar state: overlay mode, drag disabled, window buttons hidden, title bar hidden
[2019.01.20-07.09.36:004][984]LogPlayLevel: Display: Destroying online subsystem :Context_6
[2019.01.20-07.09.39:471][400]LogSlate: FSceneViewport::OnFocusLost() reason 0
[2019.01.20-07.09.41:563][608]LogAIModule: Creating AISystem for world BattleGround_FlatShading
[2019.01.20-07.09.41:571][608]LogAssetEditorManager: Opening Asset editor for World /Game/FlatShading/BattleGround_FlatShading.BattleGround_FlatShading
[2019.01.20-07.09.41:598][608]Cmd: MAP LOAD FILE="E:/Unreal4/Section_04/BattleTank-1/BattleTank/BattleTank/Content/FlatShading/BattleGround_FlatShading.umap" TEMPLATE=0 SHOWPROGRESS=1 FEATURELEVEL=3
[2019.01.20-07.09.41:599][608]LightingResults: New page: Lighting Build
[2019.01.20-07.09.41:599][608]LoadErrors: New page: Loading map: BattleGround_FlatShading.umap
[2019.01.20-07.09.41:599][608]MapCheck: New page: Map Check
[2019.01.20-07.09.41:599][608]LightingResults: New page: Lighting Build
[2019.01.20-07.09.41:652][608]LogEditorServer: Finished looking for orphan Actors (0.000 secs)
[2019.01.20-07.09.41:711][608]Cmd: MAP CHECKDEP NOCLEARLOG
[2019.01.20-07.09.41:711][608]MapCheck: Map check complete: 0 Error(s), 0 Warning(s), took 0.093ms to complete.
[2019.01.20-07.09.41:711][608]LogFileHelpers: Loading map 'BattleGround_FlatShading' took 0.113
[2019.01.20-07.09.44:754][953]LogSlate: FSceneViewport::OnFocusLost() reason 0
[2019.01.20-07.09.44:837][963]LogTemp: Repeating last play command: Selected Viewport
[2019.01.20-07.09.44:852][963]LogBlueprintUserMessages: Early PlayInEditor Detection: Level '/Game/FlatShading/BattleGround_FlatShading.BattleGround_FlatShading:PersistentLevel' has LevelScriptBlueprint '/Game/FlatShading/BattleGround_FlatShading.BattleGround_FlatShading:PersistentLevel.BattleGround_FlatShading' with GeneratedClass '/Game/FlatShading/BattleGround_FlatShading.BattleGround_FlatShading_C' with ClassGeneratedBy '/Game/FlatShading/BattleGround_FlatShading.BattleGround_FlatShading:PersistentLevel.BattleGround_FlatShading'
[2019.01.20-07.09.44:853][963]LogPlayLevel: PlayLevel: No blueprints needed recompiling
[2019.01.20-07.09.44:853][963]PIE: New page: PIE session: BattleGround_FlatShading (Jan 21, 2019, 1:09:44 AM)
[2019.01.20-07.09.44:853][963]LogPlayLevel: Creating play world package: /Game/FlatShading/UEDPIE_0_BattleGround_FlatShading
[2019.01.20-07.09.44:900][963]LogPlayLevel: PIE: StaticDuplicateObject took: (0.046916s)
[2019.01.20-07.09.44:900][963]LogAIModule: Creating AISystem for world BattleGround_FlatShading
[2019.01.20-07.09.44:900][963]LogPlayLevel: PIE: World Init took: (0.000511s)
[2019.01.20-07.09.44:900][963]LogPlayLevel: PIE: Created PIE world by copying editor world from /Game/FlatShading/BattleGround_FlatShading.BattleGround_FlatShading to /Game/FlatShading/UEDPIE_0_BattleGround_FlatShading.BattleGround_FlatShading (0.047672s)
[2019.01.20-07.09.44:965][963]LogInit: XAudio2 using '헤드셋 이어폰(Corsair VOID PRO Surround USB Sound Adapter)' : 6 channels at 48 kHz using 16 bits per sample (channel mask 0x3f)
[2019.01.20-07.09.45:091][963]LogInit: FAudioDevice initialized.
[2019.01.20-07.09.45:124][963]LogLoad: Game class is 'BattleTankGameMode_BP_C'
[2019.01.20-07.09.45:127][963]LogWorld: Bringing World /Game/FlatShading/UEDPIE_0_BattleGround_FlatShading.BattleGround_FlatShading up for play (max tick rate 0) at 2019.01.20-16.09.45
[2019.01.20-07.09.45:128][963]LogWorld: Bringing up level for play took: 0.002904
[2019.01.20-07.09.45:141][963]LogTemp: Warning: AI Tank_BP_C_0 find the playertank
[2019.01.20-07.09.45:141][963]LogTemp: Warning: AI Tank_BP_C_0 find the playertank
[2019.01.20-07.09.45:141][963]LogTemp: Warning: AI Tank_BP_C_0 find the playertank
[2019.01.20-07.09.45:142][963]LogTemp: Warning: PlayerTank was possessed : Tank_BP_C_0
[2019.01.20-07.09.45:142][963]PIE: Play in editor start time for /Game/FlatShading/UEDPIE_0_BattleGround_FlatShading 1.165
[2019.01.20-07.09.45:142][963]LogBlueprintUserMessages: Late PlayInEditor Detection: Level '/Game/FlatShading/BattleGround_FlatShading.BattleGround_FlatShading:PersistentLevel' has LevelScriptBlueprint '/Game/FlatShading/BattleGround_FlatShading.BattleGround_FlatShading:PersistentLevel.BattleGround_FlatShading' with GeneratedClass '/Game/FlatShading/BattleGround_FlatShading.BattleGround_FlatShading_C' with ClassGeneratedBy '/Game/FlatShading/BattleGround_FlatShading.BattleGround_FlatShading:PersistentLevel.BattleGround_FlatShading'
[2019.01.20-07.09.45:917][ 55]LogTemp: Warning: 1.087258: tank fires
[2019.01.20-07.10.12:565][250]LogBlueprintUserMessages: Early EndPlayMap Detection: Level '/Game/FlatShading/BattleGround_FlatShading.BattleGround_FlatShading:PersistentLevel' has LevelScriptBlueprint '/Game/FlatShading/BattleGround_FlatShading.BattleGround_FlatShading:PersistentLevel.BattleGround_FlatShading' with GeneratedClass '/Game/FlatShading/BattleGround_FlatShading.BattleGround_FlatShading_C' with ClassGeneratedBy '/Game/FlatShading/BattleGround_FlatShading.BattleGround_FlatShading:PersistentLevel.BattleGround_FlatShading'
[2019.01.20-07.10.12:565][250]LogSlate: Updating window title bar state: overlay mode, drag disabled, window buttons hidden, title bar hidden
[2019.01.20-07.10.12:600][250]LogPlayLevel: Display: Shutting down PIE online subsystems
[2019.01.20-07.10.12:600][250]LogBlueprintUserMessages: Late EndPlayMap Detection: Level '/Game/FlatShading/BattleGround_FlatShading.BattleGround_FlatShading:PersistentLevel' has LevelScriptBlueprint '/Game/FlatShading/BattleGround_FlatShading.BattleGround_FlatShading:PersistentLevel.BattleGround_FlatShading' with GeneratedClass '/Game/FlatShading/BattleGround_FlatShading.BattleGround_FlatShading_C' with ClassGeneratedBy '/Game/FlatShading/BattleGround_FlatShading.BattleGround_FlatShading:PersistentLevel.BattleGround_FlatShading'
[2019.01.20-07.10.12:632][250]LogSlate: Updating window title bar state: overlay mode, drag disabled, window buttons hidden, title bar hidden
[2019.01.20-07.10.12:672][253]LogPlayLevel: Display: Destroying online subsystem :Context_8
[2019.01.20-07.19.59:182][260]LogSlate: FSceneViewport::OnFocusLost() reason 0
[2019.01.20-07.19.59:273][271]LogTemp: Repeating last play command: Selected Viewport
[2019.01.20-07.19.59:289][271]LogBlueprintUserMessages: Early PlayInEditor Detection: Level '/Game/FlatShading/BattleGround_FlatShading.BattleGround_FlatShading:PersistentLevel' has LevelScriptBlueprint '/Game/FlatShading/BattleGround_FlatShading.BattleGround_FlatShading:PersistentLevel.BattleGround_FlatShading' with GeneratedClass '/Game/FlatShading/BattleGround_FlatShading.BattleGround_FlatShading_C' with ClassGeneratedBy '/Game/FlatShading/BattleGround_FlatShading.BattleGround_FlatShading:PersistentLevel.BattleGround_FlatShading'
[2019.01.20-07.19.59:289][271]LogPlayLevel: PlayLevel: No blueprints needed recompiling
[2019.01.20-07.19.59:290][271]PIE: New page: PIE session: BattleGround_FlatShading (Jan 21, 2019, 1:19:59 AM)
[2019.01.20-07.19.59:290][271]LogPlayLevel: Creating play world package: /Game/FlatShading/UEDPIE_0_BattleGround_FlatShading
[2019.01.20-07.19.59:331][271]LogPlayLevel: PIE: StaticDuplicateObject took: (0.041618s)
[2019.01.20-07.19.59:332][271]LogAIModule: Creating AISystem for world BattleGround_FlatShading
[2019.01.20-07.19.59:332][271]LogPlayLevel: PIE: World Init took: (0.000564s)
[2019.01.20-07.19.59:332][271]LogPlayLevel: PIE: Created PIE world by copying editor world from /Game/FlatShading/BattleGround_FlatShading.BattleGround_FlatShading to /Game/FlatShading/UEDPIE_0_BattleGround_FlatShading.BattleGround_FlatShading (0.042335s)
[2019.01.20-07.19.59:398][271]LogInit: XAudio2 using '헤드셋 이어폰(Corsair VOID PRO Surround USB Sound Adapter)' : 6 channels at 48 kHz using 16 bits per sample (channel mask 0x3f)
[2019.01.20-07.19.59:529][271]LogInit: FAudioDevice initialized.
[2019.01.20-07.19.59:561][271]LogLoad: Game class is 'BattleTankGameMode_BP_C'
[2019.01.20-07.19.59:564][271]LogWorld: Bringing World /Game/FlatShading/UEDPIE_0_BattleGround_FlatShading.BattleGround_FlatShading up for play (max tick rate 0) at 2019.01.20-16.19.59
[2019.01.20-07.19.59:565][271]LogWorld: Bringing up level for play took: 0.002827
[2019.01.20-07.19.59:577][271]LogTemp: Warning: AI Tank_BP_C_0 find the playertank
[2019.01.20-07.19.59:577][271]LogTemp: Warning: AI Tank_BP_C_0 find the playertank
[2019.01.20-07.19.59:577][271]LogTemp: Warning: AI Tank_BP_C_0 find the playertank
[2019.01.20-07.19.59:578][271]LogTemp: Warning: PlayerTank was possessed : Tank_BP_C_0
[2019.01.20-07.19.59:578][271]PIE: Play in editor start time for /Game/FlatShading/UEDPIE_0_BattleGround_FlatShading -0.4
[2019.01.20-07.19.59:578][271]LogBlueprintUserMessages: Late PlayInEditor Detection: Level '/Game/FlatShading/BattleGround_FlatShading.BattleGround_FlatShading:PersistentLevel' has LevelScriptBlueprint '/Game/FlatShading/BattleGround_FlatShading.BattleGround_FlatShading:PersistentLevel.BattleGround_FlatShading' with GeneratedClass '/Game/FlatShading/BattleGround_FlatShading.BattleGround_FlatShading_C' with ClassGeneratedBy '/Game/FlatShading/BattleGround_FlatShading.BattleGround_FlatShading:PersistentLevel.BattleGround_FlatShading'
[2019.01.20-07.20.02:296][596]LogTemp: Warning: 3.030284: tank fires
[2019.01.20-07.20.41:005][241]LogBlueprintUserMessages: Early EndPlayMap Detection: Level '/Game/FlatShading/BattleGround_FlatShading.BattleGround_FlatShading:PersistentLevel' has LevelScriptBlueprint '/Game/FlatShading/BattleGround_FlatShading.BattleGround_FlatShading:PersistentLevel.BattleGround_FlatShading' with GeneratedClass '/Game/FlatShading/BattleGround_FlatShading.BattleGround_FlatShading_C' with ClassGeneratedBy '/Game/FlatShading/BattleGround_FlatShading.BattleGround_FlatShading:PersistentLevel.BattleGround_FlatShading'
[2019.01.20-07.20.41:005][241]LogSlate: Updating window title bar state: overlay mode, drag disabled, window buttons hidden, title bar hidden
[2019.01.20-07.20.41:037][241]LogPlayLevel: Display: Shutting down PIE online subsystems
[2019.01.20-07.20.41:038][241]LogBlueprintUserMessages: Late EndPlayMap Detection: Level '/Game/FlatShading/BattleGround_FlatShading.BattleGround_FlatShading:PersistentLevel' has LevelScriptBlueprint '/Game/FlatShading/BattleGround_FlatShading.BattleGround_FlatShading:PersistentLevel.BattleGround_FlatShading' with GeneratedClass '/Game/FlatShading/BattleGround_FlatShading.BattleGround_FlatShading_C' with ClassGeneratedBy '/Game/FlatShading/BattleGround_FlatShading.BattleGround_FlatShading:PersistentLevel.BattleGround_FlatShading'
[2019.01.20-07.20.41:066][241]LogSlate: Updating window title bar state: overlay mode, drag disabled, window buttons hidden, title bar hidden
[2019.01.20-07.20.41:105][244]LogPlayLevel: Display: Destroying online subsystem :Context_9
[2019.01.20-07.20.45:582][508]LogSlate: FSceneViewport::OnFocusLost() reason 0
[2019.01.20-07.20.49:219][939]LogAssetEditorManager: Opening Asset editor for Class /Script/BattleTank.TankTurret
[2019.01.20-07.21.15:925][170]LogFileHelpers: Editor autosave (incl. sublevels) for '/Game/FlatShading/BattleGround_FlatShading' took 0.032
[2019.01.20-07.22.46:320][514]Candidate modules for hot reload:
[2019.01.20-07.22.46:320][514]  BattleTank
[2019.01.20-07.22.46:321][514]Launching UnrealBuildTool... [C:/Program Files/Epic Games/UE_4.21/Engine/Binaries/DotNET/UnrealBuildTool.exe  -ModuleWithSuffix=BattleTank,4941 Win64 Development -TargetType=Editor -Project="E:/Unreal4/Section_04/BattleTank-1/BattleTank/BattleTank/BattleTank.uproject" -canskiplink "E:/Unreal4/Section_04/BattleTank-1/BattleTank/BattleTank/BattleTank.uproject" ]
[2019.01.20-07.22.46:326][514]Warning: Starting HotReload took  0.1s.
[2019.01.20-07.23.32:881][801]CompilerResultsLog: New page: Compilation - Jan 21, 2019, 1:23:32 AM
[2019.01.20-07.23.32:881][801]CompilerResultsLog: Using 'git status' to determine working set for adaptive non-unity build (E:\Unreal4\Section_04\BattleTank-1\BattleTank).
[2019.01.20-07.23.32:881][801]CompilerResultsLog: Creating makefile for hot reloading BattleTankEditor (source directory changed)
[2019.01.20-07.23.32:881][801]CompilerResultsLog: Compiling game modules for hot reload
[2019.01.20-07.23.32:881][801]CompilerResultsLog: Using Visual Studio 2017 14.16.27023 toolchain (C:\Program Files (x86)\Microsoft Visual Studio\2017\Community\VC\Tools\MSVC\14.16.27023) and Windows 10.0.17763.0 SDK (C:\Program Files (x86)\Windows Kits\10).
[2019.01.20-07.23.32:881][801]CompilerResultsLog: Parsing headers for BattleTankEditor
[2019.01.20-07.23.32:881][801]CompilerResultsLog:   Running UnrealHeaderTool "E:\Unreal4\Section_04\BattleTank-1\BattleTank\BattleTank\BattleTank.uproject" "E:\Unreal4\Section_04\BattleTank-1\BattleTank\BattleTank\Intermediate\Build\Win64\BattleTankEditor\Development\BattleTankEditor.uhtmanifest" -LogCmds="loginit warning, logexit warning, logdatabase error" -Unattended -WarningsAsErrors -installed
[2019.01.20-07.23.32:881][801]CompilerResultsLog: Reflection code generated for BattleTankEditor in 8.738111 seconds
[2019.01.20-07.23.32:881][801]CompilerResultsLog: Building 7 actions with 16 processes...
[2019.01.20-07.23.32:881][801]CompilerResultsLog:   [1/7] TankTurret.cpp
[2019.01.20-07.23.32:881][801]CompilerResultsLog:   [2/7] TankBarrel.cpp
[2019.01.20-07.23.32:881][801]CompilerResultsLog:   [3/7] TankAmingComponent.cpp
[2019.01.20-07.23.32:881][801]CompilerResultsLog:   [4/7] TankTurret.gen.cpp
[2019.01.20-07.23.32:881][801]CompilerResultsLog:   [5/7] TankBarrel.gen.cpp
[2019.01.20-07.23.32:881][801]CompilerResultsLog:   [6/7] UE4Editor-BattleTank-4941.lib
[2019.01.20-07.23.32:881][801]CompilerResultsLog:      E:\Unreal4\Section_04\BattleTank-1\BattleTank\BattleTank\Intermediate\Build\Win64\UE4Editor\Development\BattleTank\UE4Editor-BattleTank-4941.lib ???̺귯?? ?? E:\Unreal4\Section_04\BattleTank-1\BattleTank\BattleTank\Intermediate\Build\Win64\UE4Editor\Development\BattleTank\UE4Editor-BattleTank-4941.exp ??ü?? ?????ϰ? ?ֽ??ϴ?.
[2019.01.20-07.23.32:881][801]CompilerResultsLog:   [7/7] UE4Editor-BattleTank-4941.dll
[2019.01.20-07.23.32:881][801]CompilerResultsLog:      E:\Unreal4\Section_04\BattleTank-1\BattleTank\BattleTank\Intermediate\Build\Win64\UE4Editor\Development\BattleTank\UE4Editor-BattleTank-4941.suppressed.lib ???̺귯?? ?? E:\Unreal4\Section_04\BattleTank-1\BattleTank\BattleTank\Intermediate\Build\Win64\UE4Editor\Development\BattleTank\UE4Editor-BattleTank-4941.suppressed.exp ??ü?? ?????ϰ? ?ֽ??ϴ?.
[2019.01.20-07.23.32:881][801]CompilerResultsLog: Total build time: 46.24 seconds (Parallel executor: 4.74 seconds)
[2019.01.20-07.23.32:882][801]LogMainFrame: MainFrame: Module compiling took 46.566 seconds
[2019.01.20-07.23.32:937][801]LogHotReload: Re-instancing TankBarrel after hot-reload.
[2019.01.20-07.23.33:076][801]LogHotReload: Re-instancing TankTurret after hot-reload.
[2019.01.20-07.23.33:201][801]LogOutputDevice: Warning: 

Script Stack (0 frames):

[2019.01.20-07.23.33:201][801]LogWindows: Windows GetLastError: 작업을 완료했습니다. (0)
[2019.01.20-07.23.34:280][801]LogWindows: Error: === Critical error: ===
[2019.01.20-07.23.34:280][801]LogWindows: Error: 
[2019.01.20-07.23.34:280][801]LogWindows: Error: Assertion failed: (ParentComponent != nullptr && !ParentComponent->IsPendingKill()) || (RootTransform != nullptr) [File:D:\Build\++UE4\Sync\Engine\Source\Runtime\Engine\Private\SCS_Node.cpp] [Line: 86] 
[2019.01.20-07.23.34:280][801]LogWindows: Error: 
[2019.01.20-07.23.34:280][801]LogWindows: Error: 
[2019.01.20-07.23.34:280][801]LogWindows: Error: 
[2019.01.20-07.23.34:280][801]LogWindows: Error: [Callstack] 0x00007ffa3e4fa388 KERNELBASE.dll!UnknownFunction []
[2019.01.20-07.23.34:280][801]LogWindows: Error: [Callstack] 0x00007ffa0b79cd1a UE4Editor-Core.dll!UnknownFunction []
[2019.01.20-07.23.34:280][801]LogWindows: Error: [Callstack] 0x00007ffa0b57a967 UE4Editor-Core.dll!UnknownFunction []
[2019.01.20-07.23.34:280][801]LogWindows: Error: [Callstack] 0x00007ffa0b4b0df7 UE4Editor-Core.dll!UnknownFunction []
[2019.01.20-07.23.34:280][801]LogWindows: Error: [Callstack] 0x00007ff9ea4daaad UE4Editor-Engine.dll!UnknownFunction []
[2019.01.20-07.23.34:280][801]LogWindows: Error: [Callstack] 0x00007ff9ea4db48a UE4Editor-Engine.dll!UnknownFunction []
[2019.01.20-07.23.34:280][801]LogWindows: Error: [Callstack] 0x00007ff9ea4db48a UE4Editor-Engine.dll!UnknownFunction []
[2019.01.20-07.23.34:280][801]LogWindows: Error: [Callstack] 0x00007ff9ea567ced UE4Editor-Engine.dll!UnknownFunction []
[2019.01.20-07.23.34:280][801]LogWindows: Error: [Callstack] 0x00007ff9e95bdbe4 UE4Editor-Engine.dll!UnknownFunction []
[2019.01.20-07.23.34:280][801]LogWindows: Error: [Callstack] 0x00007ff9e95f303b UE4Editor-Engine.dll!UnknownFunction []
[2019.01.20-07.23.34:280][801]LogWindows: Error: [Callstack] 0x00007ff9dfd24700 UE4Editor-UnrealEd.dll!UnknownFunction []
[2019.01.20-07.23.34:280][801]LogWindows: Error: [Callstack] 0x00007ff9dfd21936 UE4Editor-UnrealEd.dll!UnknownFunction []
[2019.01.20-07.23.34:280][801]LogWindows: Error: [Callstack] 0x00007ff9dfd1c7a9 UE4Editor-UnrealEd.dll!UnknownFunction []
[2019.01.20-07.23.34:280][801]LogWindows: Error: [Callstack] 0x00007ff9dfd1d992 UE4Editor-UnrealEd.dll!UnknownFunction []
[2019.01.20-07.23.34:280][801]LogWindows: Error: [Callstack] 0x00007ff9d171ab93 UE4Editor-HotReload.dll!UnknownFunction []
[2019.01.20-07.23.34:280][801]LogWindows: Error: [Callstack] 0x00007ff9d171ae75 UE4Editor-HotReload.dll!UnknownFunction []
[2019.01.20-07.23.34:280][801]LogWindows: Error: [Callstack] 0x00007ff9d1712c76 UE4Editor-HotReload.dll!UnknownFunction []
[2019.01.20-07.23.34:280][801]LogWindows: Error: [Callstack] 0x00007ffa0b01e20a UE4Editor-CoreUObject.dll!UnknownFunction []
[2019.01.20-07.23.34:280][801]LogWindows: Error: [Callstack] 0x00007ffa0afffe96 UE4Editor-CoreUObject.dll!UnknownFunction []
[2019.01.20-07.23.34:280][801]LogWindows: Error: [Callstack] 0x00007ffa0ad3e977 UE4Editor-CoreUObject.dll!UnknownFunction []
[2019.01.20-07.23.34:280][801]LogWindows: Error: [Callstack] 0x00007ffa0b3bca7e UE4Editor-Core.dll!UnknownFunction []
[2019.01.20-07.23.34:280][801]LogWindows: Error: [Callstack] 0x00007ffa0b579e66 UE4Editor-Core.dll!UnknownFunction []
[2019.01.20-07.23.34:280][801]LogWindows: Error: [Callstack] 0x00007ffa0b579139 UE4Editor-Core.dll!UnknownFunction []
[2019.01.20-07.23.34:280][801]LogWindows: Error: [Callstack] 0x00007ff9d17105b3 UE4Editor-HotReload.dll!UnknownFunction []
[2019.01.20-07.23.34:280][801]LogWindows: Error: [Callstack] 0x00007ff9d170dfc7 UE4Editor-HotReload.dll!UnknownFunction []
[2019.01.20-07.23.34:280][801]LogWindows: Error: [Callstack] 0x00007ff9d170a04b UE4Editor-HotReload.dll!UnknownFunction []
[2019.01.20-07.23.34:280][801]LogWindows: Error: [Callstack] 0x00007ff9d170e8ff UE4Editor-HotReload.dll!UnknownFunction []
[2019.01.20-07.23.34:280][801]LogWindows: Error: [Callstack] 0x00007ff9d17227c4 UE4Editor-HotReload.dll!UnknownFunction []
[2019.01.20-07.23.34:280][801]LogWindows: Error: [Callstack] 0x00007ffa0b352c22 UE4Editor-Core.dll!UnknownFunction []
[2019.01.20-07.23.34:280][801]LogWindows: Error: [Callstack] 0x00007ff78c358847 UE4Editor.exe!UnknownFunction []
[2019.01.20-07.23.34:280][801]LogWindows: Error: [Callstack] 0x00007ff78c36596c UE4Editor.exe!UnknownFunction []
[2019.01.20-07.23.34:280][801]LogWindows: Error: [Callstack] 0x00007ff78c3659ea UE4Editor.exe!UnknownFunction []
[2019.01.20-07.23.34:280][801]LogWindows: Error: [Callstack] 0x00007ff78c3748da UE4Editor.exe!UnknownFunction []
[2019.01.20-07.23.34:280][801]LogWindows: Error: [Callstack] 0x00007ff78c37659a UE4Editor.exe!UnknownFunction []
[2019.01.20-07.23.34:280][801]LogWindows: Error: [Callstack] 0x00007ffa417e3034 KERNEL32.DLL!UnknownFunction []
[2019.01.20-07.23.34:280][801]LogWindows: Error: [Callstack] 0x00007ffa42093691 ntdll.dll!UnknownFunction []
[2019.01.20-07.23.34:280][801]LogWindows: Error: 
[2019.01.20-07.23.34:290][801]LogExit: Executing StaticShutdownAfterError
[2019.01.20-07.23.34:292][801]LogWindows: FPlatformMisc::RequestExit(1)
[2019.01.20-07.23.34:325][801]Log file closed, 01/20/19 16:23:34
